Parameters - Namespace(K=20000, colonizers=4, colrate=0.001, force=False, meta='metacommunity_LS4.txt', mode='volcanic', nsims=1000000000, octaves=False, outdir='simout/K_20000-C_0.001-1_x4', quiet=False, recording_period=100000)
Raw abundance dist - OrderedDict([(1, 5), (2, 5), (3, 7), (4, 6), (5, 1), (6, 2), (8, 1), (9, 1), (10, 2), (11, 1), (12, 2), (13, 1), (14, 3), (15, 3), (17, 2), (18, 1), (19, 3), (20, 2), (21, 1), (23, 1), (24, 1), (25, 1), (27, 1), (28, 2), (31, 1), (32, 3), (33, 3), (35, 1), (36, 3), (37, 1), (40, 2), (41, 2), (42, 1), (44, 1), (45, 2), (46, 1), (561, 1), (50, 1), (51, 1), (53, 1), (57, 3), (59, 1), (60, 2), (61, 1), (62, 1), (63, 2), (66, 1), (67, 1), (69, 1), (71, 1), (72, 2), (76, 1), (78, 1), (81, 1), (83, 1), (85, 1), (87, 1), (90, 1), (91, 2), (94, 1), (97, 1), (105, 1), (108, 1), (111, 1), (113, 2), (115, 1), (119, 2), (121, 2), (127, 1), (128, 1), (130, 1), (646, 1), (138, 1), (139, 1), (161, 1), (167, 1), (680, 1), (173, 1), (183, 1), (184, 1), (185, 1), (186, 1), (543, 1), (188, 1), (191, 1), (194, 1), (207, 1), (208, 1), (220, 2), (734, 1), (240, 1), (242, 1), (1151, 1), (257, 1), (270, 1), (272, 1), (280, 1), (283, 1), (303, 1), (563, 1), (314, 1), (317, 1), (325, 1), (332, 1), (338, 1), (342, 1), (358, 1), (877, 1), (383, 1), (461, 1), (475, 1), (492, 1)])
Abundance in octaves - OrderedDict([(1, 5), (2, 12), (4, 9), (8, 14), (16, 16), (32, 33), (64, 28)])


Simulated Species Abundance Distribution
###############################################################################
||||||||||||||||||||||||||||||||||||||||||||||||||                      5  1   
||||||||||||||||||||||||||||||||||||||||||||||||||                      5  2   
||||||||||||||||||||||||||||||||||||||||||||||||||||||||||||||||||||||  7  3   
||||||||||||||||||||||||||||||||||||||||||||||||||||||||||||            6  4   
||||||||||                                                              1  5   
||||||||||||||||||||                                                    2  6   
||||||||||                                                              1  8   
||||||||||                                                              1  9   
||||||||||||||||||||                                                    2  10  
||||||||||                                                              1  11  
||||||||||||||||||||                                                    2  12  
||||||||||                                                              1  13  
||||||||||||||||||||||||||||||                                          3  14  
||||||||||||||||||||||||||||||                                          3  15  
||||||||||||||||||||                                                    2  17  
||||||||||                                                              1  18  
||||||||||||||||||||||||||||||                                          3  19  
||||||||||||||||||||                                                    2  20  
||||||||||                                                              1  21  
||||||||||                                                              1  23  
||||||||||                                                              1  24  
||||||||||                                                              1  25  
||||||||||                                                              1  27  
||||||||||||||||||||                                                    2  28  
||||||||||                                                              1  31  
||||||||||||||||||||||||||||||                                          3  32  
||||||||||||||||||||||||||||||                                          3  33  
||||||||||                                                              1  35  
||||||||||||||||||||||||||||||                                          3  36  
||||||||||                                                              1  37  
||||||||||||||||||||                                                    2  40  
||||||||||||||||||||                                                    2  41  
||||||||||                                                              1  42  
||||||||||                                                              1  44  
||||||||||||||||||||                                                    2  45  
||||||||||                                                              1  46  
||||||||||                                                              1  561 
||||||||||                                                              1  50  
||||||||||                                                              1  51  
||||||||||                                                              1  53  
||||||||||||||||||||||||||||||                                          3  57  
||||||||||                                                              1  59  
||||||||||||||||||||                                                    2  60  
||||||||||                                                              1  61  
||||||||||                                                              1  62  
||||||||||||||||||||                                                    2  63  
||||||||||                                                              1  66  
||||||||||                                                              1  67  
||||||||||                                                              1  69  
||||||||||                                                              1  71  
||||||||||||||||||||                                                    2  72  
||||||||||                                                              1  76  
||||||||||                                                              1  78  
||||||||||                                                              1  81  
||||||||||                                                              1  83  
||||||||||                                                              1  85  
||||||||||                                                              1  87  
||||||||||                                                              1  90  
||||||||||||||||||||                                                    2  91  
||||||||||                                                              1  94  
||||||||||                                                              1  97  
||||||||||                                                              1  105 
||||||||||                                                              1  108 
||||||||||                                                              1  111 
||||||||||||||||||||                                                    2  113 
||||||||||                                                              1  115 
||||||||||||||||||||                                                    2  119 
||||||||||||||||||||                                                    2  121 
||||||||||                                                              1  127 
||||||||||                                                              1  128 
||||||||||                                                              1  130 
||||||||||                                                              1  646 
||||||||||                                                              1  138 
||||||||||                                                              1  139 
||||||||||                                                              1  161 
||||||||||                                                              1  167 
||||||||||                                                              1  680 
||||||||||                                                              1  173 
||||||||||                                                              1  183 
||||||||||                                                              1  184 
||||||||||                                                              1  185 
||||||||||                                                              1  186 
||||||||||                                                              1  543 
||||||||||                                                              1  188 
||||||||||                                                              1  191 
||||||||||                                                              1  194 
||||||||||                                                              1  207 
||||||||||                                                              1  208 
||||||||||||||||||||                                                    2  220 
||||||||||                                                              1  734 
||||||||||                                                              1  240 
||||||||||                                                              1  242 
||||||||||                                                              1  1151
||||||||||                                                              1  257 
||||||||||                                                              1  270 
||||||||||                                                              1  272 
||||||||||                                                              1  280 
||||||||||                                                              1  283 
||||||||||                                                              1  303 
||||||||||                                                              1  563 
||||||||||                                                              1  314 
||||||||||                                                              1  317 
||||||||||                                                              1  325 
||||||||||                                                              1  332 
||||||||||                                                              1  338 
||||||||||                                                              1  342 
||||||||||                                                              1  358 
||||||||||                                                              1  877 
||||||||||                                                              1  383 
||||||||||                                                              1  461 
||||||||||                                                              1  475 
||||||||||                                                              1  492 
###############################################################################

Species Name                      Col time    Loc Abund    Meta Abund      pi    pi_net     Dxy    S    S_island    pi_island    S_meta    pi_meta
------------------------------  ----------  -----------  ------------  ------  --------  ------  ---  ----------  -----------  --------  ---------
Erynephala melanderi                  4889           76   158053.1100  0.0094    0.0031  0.0109   38           0       0.0000        38     0.0156
Hypnoidus sticticalis               491266           64    48638.2600  0.0377    0.0456  0.0593   75           0       0.0000        46     0.0273
Euxoa arenaria                      382740           16    14511.2800  0.0213    0.0400  0.0403   34           0       0.0000         2     0.0005
Empoasca ater                        22501          684    63980.1100  0.0125    0.0096  0.0170   34           1       0.0006        33     0.0143
Cryptophagus punctella              142974            8     4692.5100  0.0064    0.0113  0.0117   12           0       0.0000         3     0.0009
Anoplophora betulella                39268           24    50123.1200  0.0111    0.0071  0.0145   29           0       0.0000        27     0.0147
Macrosteles acuminata              1730126           92     8768.7100  0.0961    0.1825  0.1825  146           0       0.0000         0     0.0000
Ptinus ocellus                       62604          168    40926.4400  0.0069    0.0076  0.0105   16           0       0.0000        12     0.0058
Mamestra nigronervosa                43736          284   164411.6400  0.0120    0.0069  0.0152   53           0       0.0000        50     0.0167
Eumorpha laevigatus                 258821           28     5756.4400  0.0167    0.0308  0.0312   26           0       0.0000         3     0.0009
Myndus lectularius                    1989           60    80420.3000  0.0082    0.0033  0.0097   42           0       0.0000        40     0.0128
Loxostege incertus                    1602           64    87222.7500  0.0162    0.0088  0.0204   56           0       0.0000        56     0.0231
Argyresthia exsectoides              54856           84    43906.5600  0.0097    0.0118  0.0153   22           1       0.0003        13     0.0066
Choreutis clarioralis              1452763          132     8928.7000  0.0880    0.1663  0.1668  136           0       0.0000         3     0.0009
Nesogonia richteri                  123118          360    17159.2300  0.0132    0.0202  0.0227   28           1       0.0003        12     0.0049
Maladera florilega                  165888            4    54752.3100  0.0086    0.0098  0.0132   27           0       0.0000        21     0.0069
Dendroctonus caementarium          2907108           36     3467.2100  0.1508    0.2863  0.2864  230           0       0.0000         1     0.0003
Schizotetranychus cerealella        114991            4    42225.6200  0.0202    0.0306  0.0346   44           0       0.0000        21     0.0081
Choreutis maculata                  214941           68    60133.2800  0.0242    0.0268  0.0369   48           0       0.0000        32     0.0201
Pentalonia compactus                 13532            4     5683.0700  0.0002    0.0000  0.0003    1           0       0.0000         1     0.0004
Aedes fagisuga                      267403          140    30865.0700  0.0131    0.0206  0.0229   27           0       0.0000        11     0.0045
Brachycorynella illucens             97243            4    48611.1500  0.0087    0.0132  0.0150   17           0       0.0000         8     0.0036
Anthonomus farinae                   60714           48    19197.8200  0.0051    0.0088  0.0093    9           0       0.0000         2     0.0008
Nesogonia eurytheme                 477686            8     9454.5500  0.0331    0.0625  0.0628   52           0       0.0000         2     0.0005
Synanthedon americana                32772            4    13825.1000  0.0024    0.0034  0.0040    5           0       0.0000         3     0.0013
Euzophera californica               258059          336    63366.5800  0.0317    0.0351  0.0484   60           0       0.0000        48     0.0265
Dryocoetes abietis                   47952          100    44771.7000  0.0030    0.0027  0.0043    7           0       0.0000         6     0.0032
Copris chinensis                    187931          184   186131.2200  0.0247    0.0117  0.0303   79           0       0.0000        75     0.0372
Schreckensteinia cereralis          242536          648    82036.2700  0.0263    0.0409  0.0456   51           0       0.0000        21     0.0095
Dryocosmus tabidus                  310495           32    18045.5500  0.0198    0.0348  0.0362   37           0       0.0000        10     0.0029
Dichomeris odorata                  180962           16    29114.2900  0.0125    0.0238  0.0238   19           0       0.0000         0     0.0000
Haemaphysalis semifuneralis         709540          384    45552.4500  0.0397    0.0714  0.0735   70           0       0.0000        13     0.0041
Stenoma asparagi                    169142           20     9680.2300  0.0085    0.0146  0.0154   15           0       0.0000         4     0.0016
Periplaneta Hough                    30396          224   206069.7300  0.0537    0.0444  0.0748  135           0       0.0000       118     0.0606
Ixodes betulella                    375313          164    36564.3800  0.0251    0.0411  0.0446   49           0       0.0000        17     0.0070
Grylloprociphilus malifoliella      786015           64     5907.2600  0.0430    0.0793  0.0805   68           0       0.0000         5     0.0025
Dolichovespula fagisuga              56053           16    53296.4200  0.0059    0.0051  0.0084   20           0       0.0000        17     0.0065
Aedes pectoralis                    623788           32    13285.7000  0.0319    0.0567  0.0587   54           0       0.0000        10     0.0041
Nuculaspis pariana                 6109782           64     1374.1300  0.3023    0.5738  0.5741  460           0       0.0000         1     0.0006
Nicrophorus varians                 246034           56    64168.6200  0.0230    0.0375  0.0408   45           0       0.0000        17     0.0065
Macrosteles trifolii                  9612         1152   116010.5900  0.0269    0.0443  0.0479   48           0       0.0000        14     0.0071
Dolichovespula caementarium          51698           44    82466.5900  0.0089    0.0042  0.0109   53           0       0.0000        50     0.0133
Tabanus crotchi                     246691           36    11520.1700  0.0135    0.0234  0.0246   23           0       0.0000         5     0.0025
Phyllobius betae                    113375            8    16939.3700  0.0073    0.0123  0.0131   13           0       0.0000         4     0.0016
Clastoptera serratella               51111           16     1917.9300  0.0003    0.0001  0.0004    1           0       0.0000         1     0.0006
Euura sordidus                       84521          116    59673.1300  0.0155    0.0111  0.0208   46           0       0.0000        41     0.0193
Coptosoma suppressalis             4759921          284     4120.2300  0.2377    0.4501  0.4509  363           0       0.0000         3     0.0015
Mezium catenifer                    362377           60    11415.1700  0.0189    0.0350  0.0355   32           0       0.0000         4     0.0010
Colias abietis                      794469            8    12589.2000  0.0383    0.0714  0.0721   60           0       0.0000         3     0.0015
Asphondylia pumila                  255247           44    15024.5000  0.0206    0.0378  0.0385   33           0       0.0000         3     0.0014
Actebia unicolor                    107218          108   127428.3500  0.0287    0.0158  0.0361   80           0       0.0000        74     0.0407
Circulifer tabidus                   15644          564   112240.6300  0.0157    0.0134  0.0220   47           0       0.0000        40     0.0173
Tribolium floridensis               123652           84    46707.2500  0.0099    0.0077  0.0135   23           0       0.0000        20     0.0116
Ataenius pensylvanica               254948           96    15598.0000  0.0240    0.0422  0.0440   41           0       0.0000         8     0.0036
Oligonychus ambiens                 649219          316    40849.6400  0.0398    0.0706  0.0733   66           0       0.0000        11     0.0053
Empoasca mali                         1058            8     4906.3500  0.0002    0.0000  0.0003    1           0       0.0000         1     0.0004
Papilio cassidea                     62029           88    75670.0600  0.0336    0.0431  0.0540   74           0       0.0000        68     0.0218
Copris vexabilis                    255204           92    63403.7400  0.0390    0.0653  0.0699   74           1       0.0006        22     0.0087
Haemaphysalis antennatum             21478           36    22271.6600  0.0040    0.0029  0.0054   14           0       0.0000        12     0.0049
Balclutha acuminata                2598168          140    11696.6000  0.1502    0.2819  0.2838  232           0       0.0000         7     0.0036
Aphis syringae                       17265           80   158449.3700  0.0095    0.0016  0.0102   52           0       0.0000        52     0.0174
Leptothrips saltuella                51459          192    98856.2800  0.0144    0.0128  0.0205   42           0       0.0000        36     0.0153
Brachycaudus conjugella             361693          124    68782.1100  0.0374    0.0617  0.0666   73           0       0.0000        26     0.0099
Enoclerus florilega                 145853           92   100473.8300  0.0159    0.0134  0.0222   51           0       0.0000        42     0.0177
Papilio betulae                     110299           20    52168.5100  0.0133    0.0192  0.0224   32           0       0.0000        20     0.0064
Phyllonorycter audax                  5601          564   146244.9200  0.0203    0.0094  0.0248   56           0       0.0000        55     0.0308
Bombus clitus                       524638           44    32555.1000  0.0276    0.0476  0.0501   47           0       0.0000        11     0.0051
Cosmopolites exigua                  16506          272    57643.0000  0.0050    0.0028  0.0064   17           0       0.0000        17     0.0071
Hypothenemus abietis                 73928          276   141477.3400  0.0172    0.0133  0.0235   51           0       0.0000        45     0.0203
Caliothrips polyxenes                14741           32    47707.0300  0.0027    0.0033  0.0043    9           0       0.0000         8     0.0020
Aedes persicae                      120507           12    28547.0500  0.0078    0.0100  0.0125   23           0       0.0000        16     0.0051
Asphondylia antennatum               27463          176    67270.3600  0.0083    0.0064  0.0114   28           0       0.0000        25     0.0100
Hypothenemus pygmaeella             553110          132     9964.7200  0.0360    0.0671  0.0678   57           0       0.0000         4     0.0014
fly araucariae                       81573           48    45719.8300  0.0110    0.0111  0.0162   29           0       0.0000        22     0.0102
Utetheisa arenaria                    5698           60    19753.8600  0.0033    0.0009  0.0037   12           0       0.0000        12     0.0057
Megachile americanus                143645           16    46128.2400  0.0299    0.0551  0.0560   48           0       0.0000         4     0.0018
Dolichurus tabidus                 1316756          212     1366.0700  0.0774    0.1464  0.1468  118           0       0.0000         1     0.0007
Nuculaspis bicaudatus                 8944            4     5124.3700  0.0006    0.0008  0.0010    1           0       0.0000         1     0.0004
Chilo egena                         130876          340    38701.0500  0.0106    0.0143  0.0174   25           0       0.0000        16     0.0061
Myndus conjugella                    50329            4    21916.1000  0.0078    0.0102  0.0126   20           0       0.0000        13     0.0049
Chrysomela aureocincta              123071            4    30304.8500  0.0134    0.0199  0.0229   27           0       0.0000        12     0.0059
Megachile egena                    1117455          124     8184.3800  0.0661    0.1236  0.1246  105           0       0.0000         7     0.0021
Jonthonota sordidus                 435039          260    20738.0400  0.0232    0.0418  0.0430   41           0       0.0000        10     0.0025
Pegomya aurantii                    275361           64     6411.2400  0.0170    0.0288  0.0306   31           0       0.0000         9     0.0036
Scirtothrips nigronervosa            47391          880   253524.2200  0.0524    0.0599  0.0807  110           0       0.0000       104     0.0417
Mythimna perseae                      2066           80   116299.5100  0.0242    0.0262  0.0366   50           0       0.0000        49     0.0208
Bombus antennatum                    97231          196    99113.9600  0.0141    0.0121  0.0199   35           0       0.0000        29     0.0155
Dendroctonus pomi                    50975           20    64252.9800  0.0132    0.0134  0.0195   28           0       0.0000        24     0.0122
Formica ater                        510684           76     9896.3800  0.0329    0.0607  0.0616   53           0       0.0000         5     0.0019
Spodoptera unicolor                  80444          344    62429.4800  0.0133    0.0120  0.0190   34           1       0.0003        28     0.0137
Vespula nigronervosa                 11484           12    50923.4300  0.0098    0.0064  0.0129   46           0       0.0000        43     0.0129
Podosesia fagisuga                   39369           72    62288.4900  0.0105    0.0101  0.0152   26           0       0.0000        23     0.0104
Stenoma antennatum                   29510           36    62547.0200  0.0077    0.0061  0.0106   27           0       0.0000        26     0.0090
Dichomeris blackburni               271133          120    14910.4900  0.0252    0.0440  0.0460   46           0       0.0000        11     0.0040
Scirtothrips polyxenes              140151            4      467.2900  0.0079    0.0150  0.0150   12           0       0.0000         0     0.0000
Hypera gowdeyi                     1004916           44     5441.8600  0.0447    0.0832  0.0841   70           0       0.0000         4     0.0019
Oligonychus tibialis                361436           48    10119.5900  0.0149    0.0264  0.0274   26           0       0.0000         5     0.0020
Monellia consobrina                 452984           36    28842.5300  0.0216    0.0335  0.0375   44           0       0.0000        18     0.0079
Cacopsylla atratus                  115901            4    21385.2800  0.0096    0.0138  0.0161   21           0       0.0000        12     0.0046
Saissetia cerealella                448394          244   111570.4900  0.0324    0.0466  0.0545   70           0       0.0000        35     0.0158
Sesia catenifer                      96635          188   113189.2000  0.0195    0.0155  0.0269   51           1       0.0006        43     0.0222
Autographa pygmaeella                23954          224    16965.4600  0.0034    0.0024  0.0045   11           1       0.0007         9     0.0035
Erionota ephemeraeformis              5956            8     7411.9900  0.0015    0.0005  0.0017    5           0       0.0000         5     0.0025
Marmara xanthogrammtidae             38812            8    40808.7000  0.0047    0.0013  0.0053   17           0       0.0000        17     0.0080
Neophyllaphis florilega             777468           36     2452.2000  0.0464    0.0875  0.0879   72           0       0.0000         2     0.0007
Myzus vexabilis                     210879           24    10335.7700  0.0171    0.0273  0.0300   32           0       0.0000        14     0.0054
Camponotus Hough                     41271            4   158355.2500  0.0247    0.0329  0.0403   58           0       0.0000        36     0.0147
Utetheisa regina                    535423           40    22969.5300  0.0437    0.0771  0.0802   72           0       0.0000        12     0.0063
Empoasca lecontei                   306396           88    15703.0300  0.0152    0.0275  0.0282   27           0       0.0000         5     0.0014
Acronicta acutangulus               651196           60    21754.8500  0.0346    0.0629  0.0644   57           0       0.0000         7     0.0029
Coleophora laevigatus                20712          476   218547.5400  0.0304    0.0136  0.0369   90           0       0.0000        88     0.0465
Schizotetranychus clarioralis       519631           36     5003.1100  0.0246    0.0463  0.0465   38           0       0.0000         1     0.0004
Eumorpha gowdeyi                   3041133            8      555.3600  0.1732    0.3288  0.3289  264           0       0.0000         1     0.0003
Dioryctria otiosana                 428215           24    30590.5700  0.0265    0.0488  0.0496   46           0       0.0000         7     0.0017
Xenopsylla ipsilon                  535355            4     6622.0900  0.0230    0.0437  0.0437   35           0       0.0000         0     0.0000
Phenacoccus ligustici                92944           16     1983.0200  0.0060    0.0112  0.0114   10           0       0.0000         1     0.0003
Acyrthosiphon melanopygus            64528          112    65073.6100  0.0068    0.0054  0.0094   18           0       0.0000        16     0.0080
Caliothrips pygmaeella               10165          192   141659.1700  0.0470    0.0432  0.0675  120           0       0.0000       107     0.0486
Pheidole fasciatus                  252740           28    34460.8800  0.0155    0.0234  0.0266   31           0       0.0000        16     0.0065
Nicrophorus websteri                450064           72    20706.1800  0.0196    0.0284  0.0330   37           0       0.0000        18     0.0092
Copris cerealella                   110932          328   108686.2800  0.0195    0.0151  0.0266   55           0       0.0000        49     0.0231
Acrobasis spretulus                 192277          208   152044.4600  0.0250    0.0217  0.0352   77           0       0.0000        66     0.0272
Circulifer asparagi                  91057           40    30036.5400  0.0131    0.0104  0.0180   28           0       0.0000        25     0.0152
Thyridopteryx paludatus             734572           16    18402.7300  0.0519    0.0939  0.0964   84           0       0.0000        12     0.0049
Podosesia cereralis                 105512          544    72346.2600  0.0169    0.0136  0.0234   67           1       0.0007        57     0.0189
Nabis humile                        125893           52    58542.9700  0.0148    0.0198  0.0241   32           0       0.0000        22     0.0087
Paradiplosis acuminata              297571          736    56581.8600  0.0126    0.0202  0.0221   26           0       0.0000        12     0.0039
Euzophera americana                 862507          464     9878.2500  0.0428    0.0801  0.0807   67           0       0.0000         3     0.0013
Nicrophorus betae                   400866            4    13358.0600  0.0200    0.0366  0.0374   32           0       0.0000         3     0.0016
Mamestra americana                  216984          320    84730.1300  0.0439    0.0639  0.0741   86           0       0.0000        47     0.0205
Ptinus castanea                      61080           12    33472.7200  0.0077    0.0094  0.0121   16           0       0.0000        10     0.0055
Eumorpha pomonella                   89190          496   122545.1800  0.0346    0.0249  0.0464   90           0       0.0000        78     0.0429
Podosesia trifolii                  220581           12    20135.2000  0.0135    0.0238  0.0248   24           0       0.0000         5     0.0018
Cosmopolites abietis                 38719            4    29484.6100  0.0073    0.0056  0.0100   17           0       0.0000        17     0.0088
Sesia malifoliella                   24742            4    28321.4700  0.0020    0.0014  0.0026    8           0       0.0000         7     0.0024
Podosesia exigua                   5958498           48      639.8100  0.3217    0.6112  0.6112  489           0       0.0000         0     0.0000
Dichomeris clitus                   893767           68     2649.8800  0.0401    0.0762  0.0762   61           0       0.0000         0     0.0000
Ixodes pygmaeella                   103840            4     4039.5700  0.0035    0.0062  0.0065    7           0       0.0000         2     0.0005
Solenopsis retentus                 132122          188    65821.3900  0.0243    0.0318  0.0394   57           0       0.0000        53     0.0152
Vaga odorata                        461827           40    23183.8900  0.0381    0.0661  0.0694   63           0       0.0000        12     0.0066
Dolichurus kondoi                   349108           24    40264.3300  0.0255    0.0430  0.0459   49           0       0.0000        15     0.0058
Mezium pulicaria                   2494508          120     5207.8200  0.1351    0.2563  0.2565  206           0       0.0000         1     0.0004
Acanthoscelides ambiens             123803           16    99273.4800  0.0192    0.0159  0.0267   66           0       0.0000        57     0.0217
Erionota illucens                    46624          116    44642.2300  0.0083    0.0091  0.0126   20           0       0.0000        14     0.0070
Epicauta aurantii                   546948           28     8440.2700  0.0277    0.0517  0.0521   43           0       0.0000         2     0.0009
Colias ambiens                      547531           64     4445.7800  0.0251    0.0475  0.0476   39           0       0.0000         1     0.0003
Circulifer americanum               603632          128    17650.6700  0.0354    0.0643  0.0659   60           0       0.0000        11     0.0031
Sceliphron lectularius               36916           12    47717.8000  0.0168    0.0253  0.0287   29           0       0.0000        25     0.0069
Acronicta ambiens                   324569           16     3001.8200  0.0116    0.0213  0.0217   19           0       0.0000         2     0.0008
Hermetia retentus                  4870620          188     2031.7300  0.2508    0.4763  0.4764  382           0       0.0000         1     0.0003
Dermacentor ipsilon                 164896            8     4263.6300  0.0098    0.0168  0.0177   16           0       0.0000         3     0.0018
Papilio obtusa                      109905           40    38454.1800  0.0089    0.0134  0.0153   17           0       0.0000         7     0.0036
Dolichurus compactus                477107          304    58896.8800  0.0242    0.0363  0.0414   46           0       0.0000        20     0.0101
Trialeurodes lectularius            114264           44    24230.2600  0.0090    0.0110  0.0142   22           0       0.0000        14     0.0065
Aedes asahinai                       14812          244    96598.7200  0.0203    0.0179  0.0287   44           0       0.0000        44     0.0218
Attagenus punicae                   294530           20    37785.7800  0.0160    0.0269  0.0288   30           0       0.0000         9     0.0037
Euzophera americana                 407003           20    11447.5000  0.0251    0.0475  0.0476   39           0       0.0000         1     0.0003
Cryptophagus caryella               283985            4    19985.5900  0.0170    0.0277  0.0301   31           0       0.0000        10     0.0048
Megachile azaleae                     9436          112    68428.8700  0.0119    0.0071  0.0152   37           0       0.0000        36     0.0163
Haemaphysalis aspericollis           68176           20    14574.2100  0.0093    0.0152  0.0165   17           0       0.0000         6     0.0026
Sternechus nigripes                  32384          116    44008.9300  0.0044    0.0045  0.0065   13           0       0.0000        10     0.0040
Liriomyza antennatum                549013           52    15313.1500  0.0369    0.0662  0.0683   61           1       0.0003         9     0.0038