Parameters - Namespace(K=20000, colonizers=4, colrate=0.01, force=False, meta='metacommunity_LS4.txt', mode='volcanic', nsims=1000000000, octaves=False, outdir='simout/K_20000-C_0.01-1_x4', quiet=False, recording_period=100000)
Raw abundance dist - OrderedDict([(1, 6), (2, 13), (3, 12), (4, 10), (5, 10), (6, 9), (7, 5), (8, 4), (9, 9), (10, 1), (11, 2), (12, 7), (13, 5), (14, 2), (15, 4), (16, 3), (17, 5), (18, 3), (19, 3), (20, 4), (21, 3), (22, 3), (23, 4), (24, 7), (25, 2), (26, 2), (27, 6), (28, 5), (29, 2), (30, 4), (31, 8), (32, 1), (34, 2), (36, 1), (37, 2), (38, 2), (39, 3), (40, 1), (41, 3), (43, 3), (44, 5), (45, 2), (46, 3), (47, 1), (48, 3), (49, 2), (50, 4), (51, 2), (52, 4), (55, 1), (56, 2), (57, 1), (58, 2), (59, 1), (60, 2), (63, 1), (65, 1), (66, 3), (67, 1), (69, 1), (70, 3), (71, 1), (72, 2), (73, 1), (74, 1), (75, 1), (77, 1), (78, 1), (79, 2), (80, 1), (81, 2), (83, 1), (84, 2), (87, 2), (88, 1), (90, 1), (91, 2), (94, 2), (97, 3), (99, 1), (100, 2), (101, 1), (102, 2), (103, 1), (104, 1), (106, 1), (111, 1), (112, 1), (113, 1), (114, 2), (118, 1), (120, 2), (121, 1), (125, 1), (126, 1), (129, 2), (133, 1), (139, 1), (145, 1), (146, 1), (148, 2), (152, 1), (158, 1), (159, 1), (172, 1), (177, 1), (179, 1), (181, 1), (184, 1), (193, 1), (194, 2), (200, 1), (207, 1), (215, 1), (216, 1), (218, 1), (234, 2), (238, 1), (262, 1), (267, 1), (271, 1), (275, 1), (286, 1), (296, 1), (322, 1), (327, 1), (334, 1), (339, 1), (461, 1), (477, 1), (488, 1), (499, 1), (502, 1)])
Abundance in octaves - OrderedDict([(1, 6), (2, 25), (4, 34), (8, 34), (16, 64), (32, 54), (64, 56), (128, 27)])


Simulated Species Abundance Distribution
###############################################################################
||||||||||||||||||||||||||||||||                                         6  1  
||||||||||||||||||||||||||||||||||||||||||||||||||||||||||||||||||||||  13  2  
||||||||||||||||||||||||||||||||||||||||||||||||||||||||||||||||        12  3  
|||||||||||||||||||||||||||||||||||||||||||||||||||||                   10  4  
|||||||||||||||||||||||||||||||||||||||||||||||||||||                   10  5  
||||||||||||||||||||||||||||||||||||||||||||||||                         9  6  
||||||||||||||||||||||||||                                               5  7  
|||||||||||||||||||||                                                    4  8  
||||||||||||||||||||||||||||||||||||||||||||||||                         9  9  
|||||                                                                    1  10 
||||||||||                                                               2  11 
|||||||||||||||||||||||||||||||||||||                                    7  12 
||||||||||||||||||||||||||                                               5  13 
||||||||||                                                               2  14 
|||||||||||||||||||||                                                    4  15 
||||||||||||||||                                                         3  16 
||||||||||||||||||||||||||                                               5  17 
||||||||||||||||                                                         3  18 
||||||||||||||||                                                         3  19 
|||||||||||||||||||||                                                    4  20 
||||||||||||||||                                                         3  21 
||||||||||||||||                                                         3  22 
|||||||||||||||||||||                                                    4  23 
|||||||||||||||||||||||||||||||||||||                                    7  24 
||||||||||                                                               2  25 
||||||||||                                                               2  26 
||||||||||||||||||||||||||||||||                                         6  27 
||||||||||||||||||||||||||                                               5  28 
||||||||||                                                               2  29 
|||||||||||||||||||||                                                    4  30 
|||||||||||||||||||||||||||||||||||||||||||                              8  31 
|||||                                                                    1  32 
||||||||||                                                               2  34 
|||||                                                                    1  36 
||||||||||                                                               2  37 
||||||||||                                                               2  38 
||||||||||||||||                                                         3  39 
|||||                                                                    1  40 
||||||||||||||||                                                         3  41 
||||||||||||||||                                                         3  43 
||||||||||||||||||||||||||                                               5  44 
||||||||||                                                               2  45 
||||||||||||||||                                                         3  46 
|||||                                                                    1  47 
||||||||||||||||                                                         3  48 
||||||||||                                                               2  49 
|||||||||||||||||||||                                                    4  50 
||||||||||                                                               2  51 
|||||||||||||||||||||                                                    4  52 
|||||                                                                    1  55 
||||||||||                                                               2  56 
|||||                                                                    1  57 
||||||||||                                                               2  58 
|||||                                                                    1  59 
||||||||||                                                               2  60 
|||||                                                                    1  63 
|||||                                                                    1  65 
||||||||||||||||                                                         3  66 
|||||                                                                    1  67 
|||||                                                                    1  69 
||||||||||||||||                                                         3  70 
|||||                                                                    1  71 
||||||||||                                                               2  72 
|||||                                                                    1  73 
|||||                                                                    1  74 
|||||                                                                    1  75 
|||||                                                                    1  77 
|||||                                                                    1  78 
||||||||||                                                               2  79 
|||||                                                                    1  80 
||||||||||                                                               2  81 
|||||                                                                    1  83 
||||||||||                                                               2  84 
||||||||||                                                               2  87 
|||||                                                                    1  88 
|||||                                                                    1  90 
||||||||||                                                               2  91 
||||||||||                                                               2  94 
||||||||||||||||                                                         3  97 
|||||                                                                    1  99 
||||||||||                                                               2  100
|||||                                                                    1  101
||||||||||                                                               2  102
|||||                                                                    1  103
|||||                                                                    1  104
|||||                                                                    1  106
|||||                                                                    1  111
|||||                                                                    1  112
|||||                                                                    1  113
||||||||||                                                               2  114
|||||                                                                    1  118
||||||||||                                                               2  120
|||||                                                                    1  121
|||||                                                                    1  125
|||||                                                                    1  126
||||||||||                                                               2  129
|||||                                                                    1  133
|||||                                                                    1  139
|||||                                                                    1  145
|||||                                                                    1  146
||||||||||                                                               2  148
|||||                                                                    1  152
|||||                                                                    1  158
|||||                                                                    1  159
|||||                                                                    1  172
|||||                                                                    1  177
|||||                                                                    1  179
|||||                                                                    1  181
|||||                                                                    1  184
|||||                                                                    1  193
||||||||||                                                               2  194
|||||                                                                    1  200
|||||                                                                    1  207
|||||                                                                    1  215
|||||                                                                    1  216
|||||                                                                    1  218
||||||||||                                                               2  234
|||||                                                                    1  238
|||||                                                                    1  262
|||||                                                                    1  267
|||||                                                                    1  271
|||||                                                                    1  275
|||||                                                                    1  286
|||||                                                                    1  296
|||||                                                                    1  322
|||||                                                                    1  327
|||||                                                                    1  334
|||||                                                                    1  339
|||||                                                                    1  461
|||||                                                                    1  477
|||||                                                                    1  488
|||||                                                                    1  499
|||||                                                                    1  502
###############################################################################

Species Name                   Col time    Loc Abund    Meta Abund      pi    pi_net     Dxy    S    S_island    pi_island    S_meta    pi_meta
---------------------------  ----------  -----------  ------------  ------  --------  ------  ---  ----------  -----------  --------  ---------
Actebia crataegella               10608          336   158053.1100  0.0165    0.0092  0.0209   82           0       0.0000        77     0.0233
Bucculatrix castanea              13311          180    48638.2600  0.0012    0.0001  0.0013    6           0       0.0000         6     0.0022
Periplaneta clarioralis           37500          104    14511.2800  0.0057    0.0044  0.0077   11           1       0.0004        10     0.0063
Empoasca lectularius              27482          104    63980.1100  0.0068    0.0090  0.0111   20           0       0.0000        16     0.0042
Erionota fabricii                127361            8     1248.8400  0.0074    0.0138  0.0139   12           0       0.0000         1     0.0003
Ixodes xanthogrammtidae            2079           16    13061.5800  0.0066    0.0066  0.0097   15           0       0.0000        12     0.0063
Oligonychus nigronervosa          88750           16    15571.6000  0.0070    0.0071  0.0104   16           0       0.0000        12     0.0065
Dolichovespula betulae            49767            8     4692.5100  0.0048    0.0079  0.0085    8           0       0.0000         2     0.0013
Phyllonorycter pensylvanica       37687            8      130.5300  0.0020    0.0037  0.0037    3           0       0.0000         0     0.0000
Cacopsylla fennica                 6388          140    50123.1200  0.0083    0.0089  0.0125   20           0       0.0000        18     0.0072
Protocalliphora dentata           31799           20    24969.5500  0.0063    0.0028  0.0076   19           0       0.0000        18     0.0096
Oligonychus auxiliaris             8188           32     6150.6200  0.0011    0.0006  0.0014    4           0       0.0000         4     0.0015
Hypnoidus ipsilon                 25608           72     8768.7100  0.0032    0.0038  0.0050    6           0       0.0000         4     0.0024
Anthonomus farinae                 9715           24    40926.4400  0.0043    0.0042  0.0062   13           0       0.0000        11     0.0042
Leptothrips pygmaeella             2952           76    74015.0500  0.0228    0.0221  0.0332   48           0       0.0000        45     0.0222
Brachycaudus quadrcomyza          40728           56    22859.1800  0.0017    0.0019  0.0026    5           0       0.0000         4     0.0015
Torymus tenellus                   3460          504   164411.6400  0.0174    0.0055  0.0200  100           0       0.0000        99     0.0290
Maladera acuminata               200697           24     9449.2600  0.0083    0.0131  0.0145   16           0       0.0000         6     0.0027
Camponotus laevigatus              8366           88    18817.1100  0.0079    0.0052  0.0104   17           0       0.0000        17     0.0102
Coleophora betulae                18304          112    20536.6300  0.0039    0.0063  0.0069    8           0       0.0000         3     0.0011
Linepithema regina                13156          188    80420.3000  0.0053    0.0037  0.0071   16           0       0.0000        14     0.0068
Thyridopteryx Ophiomyia           26284            8     1371.5700  0.0007    0.0013  0.0013    1           0       0.0000         0     0.0000
Pealius americana                241656           16      354.0600  0.0138    0.0262  0.0262   21           0       0.0000         0     0.0000
Agrotis celarius                  21319            4     4808.8000  0.0014    0.0025  0.0026    3           0       0.0000         1     0.0003
Dichomeris tenellus                1523           76    87222.7500  0.0146    0.0085  0.0186   40           0       0.0000        40     0.0202
Bombus lecontei                   14835           40    43906.5600  0.0063    0.0031  0.0077   21           0       0.0000        20     0.0093
Liriomyza americana               36040           24     8928.7000  0.0036    0.0041  0.0055    8           0       0.0000         6     0.0028
Cryptococcus betulella            14951           28    17159.2300  0.0026    0.0014  0.0033   10           0       0.0000        10     0.0037
Amphicerus ephemeraeformis         1765          160    54752.3100  0.0039    0.0029  0.0053   10           0       0.0000        10     0.0048
Ataenius californica               4220           72    42225.6200  0.0063    0.0044  0.0084   20           0       0.0000        19     0.0080
Dichomeris americanum             17273           32    16112.9600  0.0016    0.0014  0.0023    6           0       0.0000         5     0.0018
Maladera exsectoides              15598          184    60133.2800  0.0055    0.0032  0.0070   15           0       0.0000        14     0.0076
Maruca unicolor                  108006           28     3442.6000  0.0069    0.0126  0.0129   11           0       0.0000         1     0.0006
Liriomyza sulcatus                 2519            8    14531.2300  0.0007    0.0001  0.0008    3           0       0.0000         3     0.0013
Oligonychus americanum           188846           12      289.3900  0.0132    0.0250  0.0250   20           0       0.0000         0     0.0000
Aulacaspis mali                  143658           20     5692.4700  0.0047    0.0078  0.0084    8           0       0.0000         2     0.0011
Melitara sordidus                151940           40     5683.0700  0.0071    0.0129  0.0132   11           0       0.0000         1     0.0007
Delia asahinai                    28474           28    30865.0700  0.0096    0.0064  0.0126   23           0       0.0000        22     0.0124
Colias nigripes                   10760           48    50128.5000  0.0036    0.0017  0.0044   10           0       0.0000        10     0.0054
Sesia maligna                     22314           48    48611.1500  0.0267    0.0174  0.0349   58           0       0.0000        56     0.0350
Monellia quadrcomyza              11562          116    89658.6900  0.0372    0.0401  0.0561   70           0       0.0000        70     0.0321
Autographa roddi                  19111           28    14714.8300  0.0026    0.0034  0.0043    5           0       0.0000         3     0.0017
Delta pariana                     61479           28    19197.8200  0.0093    0.0075  0.0129   23           0       0.0000        19     0.0107
Callidium kondoi                  83639           20     9454.5500  0.0037    0.0053  0.0062    8           0       0.0000         4     0.0018
Dichomeris thuiella                2709           16    13825.1000  0.0026    0.0021  0.0036    5           0       0.0000         5     0.0031
Ischnaspis cautella                5770           20    13692.6600  0.0012    0.0004  0.0014    5           0       0.0000         5     0.0020
Nomia dentata                     49607          148    63366.5800  0.0120    0.0048  0.0142   48           0       0.0000        45     0.0188
Toxoptera maculata                 4874           52    15315.9100  0.0069    0.0078  0.0106   14           0       0.0000        14     0.0056
Cryptococcus lectularius           3978          152    44771.7000  0.0083    0.0066  0.0114   24           0       0.0000        24     0.0096
Myzus blackburni                    847          492   186131.2200  0.0284    0.0397  0.0473   73           0       0.0000        44     0.0151
Delta Ophiomyia                    4385          128    82036.2700  0.0140    0.0074  0.0175   49           1       0.0003        45     0.0200
Spodoptera americana              44467          108    18045.5500  0.0100    0.0161  0.0176   19           0       0.0000         9     0.0030
Cryptophagus obtusa              100355           12     1120.7100  0.0016    0.0025  0.0028    3           0       0.0000         1     0.0004
Dioryctria aspericollis          590371           52     1677.9300  0.0243    0.0462  0.0462   37           0       0.0000         0     0.0000
Formica pennsylvanicus            18057           48    29114.2900  0.0038    0.0034  0.0054   14           0       0.0000        12     0.0040
Euzophera punicae                 65839           12      702.9900  0.0046    0.0088  0.0088    7           0       0.0000         0     0.0000
Circulifer tibialis               57362           88    17341.2500  0.0058    0.0101  0.0106   11           0       0.0000         3     0.0011
fly illucens                     211022           44    10910.9500  0.0128    0.0232  0.0238   20           0       0.0000         2     0.0012
Dolichovespula obtusa             15305            8     6219.7800  0.0018    0.0026  0.0030    4           0       0.0000         2     0.0008
Marmara blackburni                17335           32     5424.4400  0.0016    0.0025  0.0028    3           0       0.0000         1     0.0004
Cadra clitus                     168163           16    12490.2200  0.0085    0.0137  0.0150   15           0       0.0000         6     0.0027
Erynephala chordeilis             28819           24    15008.2100  0.0026    0.0029  0.0040    6           0       0.0000         4     0.0021
Cadra egena                       62222           32     8732.2900  0.0033    0.0052  0.0057    6           0       0.0000         2     0.0012
Colias americana                  24494           68    45552.4500  0.0040    0.0014  0.0046   13           0       0.0000        13     0.0065
Caliothrips melanopygus          382952            4      437.9000  0.0237    0.0450  0.0450   36           0       0.0000         0     0.0000
Loxostege blackburni              36565            8     6289.4200  0.0031    0.0050  0.0055    8           0       0.0000         4     0.0010
Pentalonia fabricii              232403           20     1217.6100  0.0145    0.0275  0.0275   22           0       0.0000         0     0.0000
Ixodes exigua                     38275           20     9680.2300  0.0038    0.0047  0.0060   10           1       0.0003         6     0.0024
Ptinus acuminata                  50303            4     1677.4300  0.0020    0.0037  0.0037    3           0       0.0000         0     0.0000
Nicrophorus puncticollis           8524           12     4129.4100  0.0012    0.0014  0.0019    3           0       0.0000         2     0.0010
Dryocoetes obtusa                  4949           52    10911.9700  0.0027    0.0007  0.0030   13           0       0.0000        13     0.0046
Acrobasis thrax                   16001          464   206069.7300  0.0328    0.0359  0.0498  117           0       0.0000        99     0.0278
Empoasca caryella                 71255           16     1796.7200  0.0033    0.0063  0.0063    5           0       0.0000         0     0.0000
Epiblema configurata               1292           12    36564.3800  0.0041    0.0019  0.0050   15           0       0.0000        15     0.0063
Colias pennsylvanicus              7303           68    45355.8600  0.0079    0.0021  0.0089   34           0       0.0000        34     0.0136
Argyresthia suppressalis          16313          104    53296.4200  0.0105    0.0099  0.0151   24           0       0.0000        20     0.0105
Euxoa citri                      102221           20    13285.7000  0.0051    0.0071  0.0085   14           0       0.0000         9     0.0028
Arge configurata                  64606            4     1374.1300  0.0026    0.0050  0.0050    4           0       0.0000         0     0.0000
Adelphocoris tremuloidiella        7286           64    64168.6200  0.0021    0.0006  0.0024   11           0       0.0000        11     0.0036
Bombus vexabilis                   4028          176   116010.5900  0.0119    0.0021  0.0129   50           0       0.0000        50     0.0215
Cosmopolites asparagi             32283           32    21319.8200  0.0044    0.0030  0.0059   12           0       0.0000        11     0.0057
Bombus acuminata                  12413            4     9268.2000  0.0016    0.0025  0.0028    4           0       0.0000         2     0.0005
Ascalapha serratella              15695          208    82466.5900  0.0092    0.0032  0.0107   40           0       0.0000        40     0.0152
Alniphagus catenifer             279895           16     2481.4500  0.0190    0.0351  0.0356   30           0       0.0000         2     0.0010
Hermetia malifoliella            156418           12      463.3400  0.0112    0.0213  0.0213   17           0       0.0000         0     0.0000
Trachelus thrax                   68529           16    27944.5600  0.0072    0.0097  0.0118   17           0       0.0000        12     0.0041
Epiblema punctella                96401            4    16939.3700  0.0069    0.0122  0.0127   13           0       0.0000         4     0.0010
Trialeurodes canadensisella        6269          116    60557.9900  0.0121    0.0096  0.0166   31           0       0.0000        28     0.0141
Ascalapha intrusus                12881           52    26585.6900  0.0029    0.0050  0.0053    5           0       0.0000         1     0.0004
Agrotis spretulus                210660           40     8526.6500  0.0084    0.0152  0.0156   14           0       0.0000         2     0.0009
Erionota barda                    33111           88    59673.1300  0.0220    0.0257  0.0341   51           0       0.0000        36     0.0169
Cosmopolites nigrifrons            8058            8     5915.5300  0.0021    0.0037  0.0039    4           0       0.0000         1     0.0003
Loxostege fagisuga               286624           12      425.7000  0.0224    0.0425  0.0425   34           0       0.0000         0     0.0000
Protocalliphora ambiens           31692            8     4164.8100  0.0001    0.0000  0.0001    1           0       0.0000         1     0.0003
Toxoptera retentus                54975           24    11011.2200  0.0059    0.0112  0.0112    9           0       0.0000         0     0.0000
Acronicta tibialis                75866            4     1868.8200  0.0026    0.0050  0.0050    4           0       0.0000         0     0.0000
Mezium caryella                   28467           20    12424.8900  0.0025    0.0038  0.0043    6           1       0.0003         2     0.0007
Podosesia californica             52353            4    12589.2000  0.0038    0.0064  0.0069    7           0       0.0000         2     0.0009
Acanthoscelides richteri          10805           48     1921.9100  0.0014    0.0023  0.0025    3           0       0.0000         2     0.0005
Epicauta tremuloidiella            7134          220   127428.3500  0.0237    0.0174  0.0319   65           0       0.0000        63     0.0290
Saissetia blackburni             109881            8     1625.1300  0.0026    0.0050  0.0050    4           0       0.0000         0     0.0000
Tribolium andraemon               11454            4     1855.2600  0.0000    0.0000  0.0000    0           0       0.0000         0     0.0000
Bucculatrix Ophiomyia             10213            8     3488.8000  0.0029    0.0044  0.0050    5           0       0.0000         2     0.0012
Balclutha pyri                   441294           28     2128.3500  0.0263    0.0500  0.0500   40           0       0.0000         0     0.0000
Cacopsylla scapularis              1431          300   112240.6300  0.0169    0.0068  0.0201   85           0       0.0000        85     0.0267
Delta pennsylvanicus              99207            4     8162.3000  0.0088    0.0152  0.0160   15           0       0.0000         3     0.0015
Nuculaspis vexabilis              41130           24     2454.3200  0.0029    0.0050  0.0053    5           0       0.0000         1     0.0004
Amphicerus perseae                19699          180    46707.2500  0.0170    0.0063  0.0200   44           0       0.0000        44     0.0274
Euura stantoni                   321087           32     1451.2400  0.0125    0.0238  0.0238   19           0       0.0000         0     0.0000
Loxostege mali                    54623           24     1924.3200  0.0064    0.0112  0.0117   10           0       0.0000         2     0.0011
Autographa castanea               28284          116    40849.6400  0.0045    0.0065  0.0076   10           0       0.0000         5     0.0023
Periplaneta pensylvanica          48176           16     3265.0900  0.0013    0.0025  0.0025    2           0       0.0000         0     0.0000
Protocalliphora asparagi           8648            4     4906.3500  0.0007    0.0013  0.0013    1           0       0.0000         0     0.0000
Neophyllaphis aceris               2087           92    75670.0600  0.0196    0.0134  0.0260   66           0       0.0000        63     0.0252
Pealius americana                 27845           16    15134.7000  0.0057    0.0043  0.0078   16           0       0.0000        15     0.0069
Phormia canadensisella             6632          120    63403.7400  0.0096    0.0085  0.0136   25           0       0.0000        24     0.0102
Nesogonia uncatoides             352915            4     4280.0300  0.0166    0.0303  0.0310   26           0       0.0000         3     0.0013
Atteva mali                       24349           56    22271.6600  0.0014    0.0013  0.0020    4           0       0.0000         3     0.0013
Dolichovespula americana           1612          340   158449.3700  0.0249    0.0144  0.0318   77           0       0.0000        74     0.0347
Torymus rosarum                   28026          236    98856.2800  0.0164    0.0082  0.0203   50           0       0.0000        47     0.0241
Papilio rosarum                   28832          132    68782.1100  0.0068    0.0023  0.0079   31           0       0.0000        31     0.0111
Hypnoidus catenifer                1878          236   100473.8300  0.0070    0.0060  0.0099   19           1       0.0003        16     0.0075
Dryocoetes unicolor               71026           36     6606.7900  0.0067    0.0109  0.0119   11           0       0.0000         3     0.0019
Argyresthia cerasi                 2332           72    52168.5100  0.0068    0.0067  0.0100   14           0       0.0000        14     0.0067
Callidium semifuneralis            2609          220   146244.9200  0.0164    0.0086  0.0205   54           0       0.0000        54     0.0238
Trialeurodes perseae               1841           76    32555.1000  0.0084    0.0021  0.0094   38           0       0.0000        37     0.0146
Cosmopolites perseae              18154          100    57643.0000  0.0089    0.0069  0.0121   25           0       0.0000        23     0.0105
Epiblema gowdeyi                  23220           32     5372.7400  0.0007    0.0013  0.0013    1           0       0.0000         0     0.0000
Vespula americanus               116001           52     6455.8900  0.0077    0.0139  0.0143   12           0       0.0000         1     0.0007
Anoplophora consobrina             6814          264   141477.3400  0.0428    0.0331  0.0585   90           0       0.0000        88     0.0508
Marmara elotella                 270590           52    18705.0800  0.0109    0.0168  0.0189   18           0       0.0000         7     0.0041
Asphondylia lectularius           85420            8     2037.7500  0.0028    0.0050  0.0051    5           0       0.0000         1     0.0003
Mythimna betulella                80697           12      432.6500  0.0053    0.0100  0.0100    8           0       0.0000         0     0.0000
Alphitobius betulella             14672          108    47707.0300  0.0048    0.0023  0.0059   16           0       0.0000        16     0.0072
Copris ligustici                   9940           92    28547.0500  0.0050    0.0016  0.0058   15           0       0.0000        15     0.0083
Atteva betulella                  55209          100    16036.7200  0.0039    0.0058  0.0066    9           0       0.0000         5     0.0016
Synanthedon egena                120143          124    14741.4600  0.0081    0.0150  0.0152   14           1       0.0003         1     0.0003
Epicauta suppressalis             43828          104     9565.1600  0.0024    0.0038  0.0043    5           0       0.0000         2     0.0008
Tabanus araucariae                20359           44    67270.3600  0.0124    0.0056  0.0150   33           0       0.0000        32     0.0188
Toxoptera fennica                  6515           28    13319.6100  0.0017    0.0027  0.0030    3           0       0.0000         1     0.0007
Pegomya consobrina               149609           28     9964.7200  0.0091    0.0151  0.0163   17           0       0.0000         6     0.0023
Cryptophagus maligna              11995           88    45719.8300  0.0089    0.0047  0.0111   20           0       0.0000        20     0.0129
Cadra fabricii                    10477           48    13156.5800  0.0017    0.0012  0.0023    5           0       0.0000         5     0.0021
Pheidole bicaudatus               22098           48    19753.8600  0.0014    0.0005  0.0016    5           0       0.0000         5     0.0023
Acrobasis aureocincta             23912          124    46128.2400  0.0121    0.0069  0.0154   37           0       0.0000        34     0.0170
Dryocosmus quadrigibbus           13481           24     5969.1200  0.0034    0.0062  0.0064    6           0       0.0000         1     0.0003
Tabanus kondoi                   153522            8    12688.3000  0.0031    0.0038  0.0049    9           0       0.0000         6     0.0021
Thyridopteryx sordidus            87138           24     5124.3700  0.0052    0.0084  0.0091    9           0       0.0000         3     0.0015
Acronicta californica             31167           36     3545.0600  0.0032    0.0051  0.0056    7           0       0.0000         3     0.0011
Grylloprociphilus barda           10488           72    38701.0500  0.0128    0.0183  0.0215   26           0       0.0000        24     0.0064
Hypera ephemeraeformis            56593            4      184.5100  0.0033    0.0063  0.0063    5           0       0.0000         0     0.0000
Myzus achemon                     52981           40    21916.1000  0.0080    0.0117  0.0135   18           0       0.0000        10     0.0036
Monellia caementarium             44856          116    30304.8500  0.0043    0.0054  0.0069   11           0       0.0000         7     0.0029
Attagenus abietis                168036            4     1387.4100  0.0061    0.0106  0.0111   10           0       0.0000         2     0.0010
Blattella cassidea                73028           28     8184.3800  0.0043    0.0076  0.0079    7           0       0.0000         1     0.0006
Pealius pulicaria                370845            4       78.8300  0.0217    0.0413  0.0413   33           0       0.0000         0     0.0000
Kilifia richteri                  34900            4    11424.9300  0.0041    0.0056  0.0067    7           0       0.0000         4     0.0023
Diaphorina mali                    4897           32    20738.0400  0.0034    0.0020  0.0044    8           0       0.0000         8     0.0047
Copris richteri                  100585           12     6411.2400  0.0052    0.0074  0.0088    9           0       0.0000         4     0.0027
Protocalliphora illucens           4555          500   253524.2200  0.1318    0.1570  0.2061  230           0       0.0000       229     0.0982
Diaphorina californica            27739           20    16290.5600  0.0023    0.0025  0.0035   10           0       0.0000         8     0.0020
Dioryctria ocellus                10489          132   116299.5100  0.0172    0.0101  0.0220   51           0       0.0000        49     0.0238
Cosmopolites compactus           492556           16     1147.1200  0.0183    0.0339  0.0344   29           0       0.0000         2     0.0009
Enoclerus blackburni              41687            4     6950.2300  0.0048    0.0075  0.0084   12           0       0.0000         6     0.0017
Callidium Ophiomyia               80825           16     4309.5200  0.0071    0.0120  0.0128   13           0       0.0000         5     0.0014
Choreutis pygmaeella             401877            8     2255.7400  0.0237    0.0450  0.0450   36           0       0.0000         0     0.0000
Dermatophagoides ornatrix        513198            8     7428.5100  0.0340    0.0629  0.0638   53           0       0.0000         3     0.0018
Jonthonota pennsylvanicus          8558          156    99113.9600  0.0106    0.0089  0.0149   29           0       0.0000        29     0.0119
Paradiplosis retentus             10676          196    64252.9800  0.0064    0.0031  0.0079   23           0       0.0000        23     0.0096
Pentalonia thuiella               68398           32    14683.4800  0.0047    0.0087  0.0089    8           0       0.0000         1     0.0003
Delta blackburni                   4285           56     8565.5500  0.0007    0.0006  0.0010    2           0       0.0000         2     0.0008
Anoplophora punicae               84702            4     9896.3800  0.0038    0.0063  0.0068    8           0       0.0000         3     0.0009
Callidium thrax                   14293          136    62429.4800  0.0207    0.0316  0.0356   42           0       0.0000        18     0.0081
Callidium egena                   13787           84    50923.4300  0.0174    0.0122  0.0232   37           0       0.0000        37     0.0220
Colias abietis                    27695           12    23038.5700  0.0042    0.0021  0.0051   20           0       0.0000        20     0.0061
Loxostege mali                     2625          216    62288.4900  0.0120    0.0063  0.0150   36           0       0.0000        35     0.0175
Cimex laevigatus                  12951          128    62547.0200  0.0072    0.0029  0.0086   38           0       0.0000        38     0.0114
Saissetia laevigatus              44535           84    14910.4900  0.0066    0.0079  0.0104   18           0       0.0000        16     0.0049
Acinopterus abietis              127836           56     6216.5500  0.0055    0.0100  0.0102   10           0       0.0000         2     0.0005
Attagenus blackburni              19550            4     5441.8600  0.0018    0.0026  0.0030    4           0       0.0000         2     0.0009
Gonioctena albopictus             17437           68    10119.5900  0.0014    0.0025  0.0026    3           0       0.0000         1     0.0003
Adelphocoris cerasi               34486           60    28842.5300  0.0086    0.0053  0.0111   21           0       0.0000        19     0.0117
Choreutis rosarum                 42860           32    21385.2800  0.0018    0.0005  0.0020    7           0       0.0000         7     0.0030
Aphis azaleae                      6531          196   111570.4900  0.0093    0.0081  0.0131   21           0       0.0000        21     0.0100
Conotrachelus nigronervosa          683           44    29827.4500  0.0031    0.0016  0.0039   16           0       0.0000        15     0.0046
Schreckensteinia kuriphilus       19935          272   113189.2000  0.0102    0.0051  0.0126   44           0       0.0000        41     0.0151
Cacopsylla atratus               406522            8     1595.2100  0.0233    0.0438  0.0440   36           0       0.0000         1     0.0004
Phormia cereralis                138782           16    16965.4600  0.0130    0.0219  0.0234   25           0       0.0000         8     0.0029
Melitara blackburni             1001018           28      518.3600  0.0612    0.1163  0.1163   93           0       0.0000         0     0.0000
Brachycorynella saltuella        141445           32     7411.9900  0.0082    0.0112  0.0135   16           0       0.0000         8     0.0046
Scirtothrips barda                 3462           60    40808.7000  0.0025    0.0012  0.0031   16           0       0.0000        15     0.0038
Corimelaena maligna               97986            4     5883.9500  0.0088    0.0146  0.0158   15           0       0.0000         4     0.0023
Megachile maculata              1119405            8     1715.1500  0.0599    0.1138  0.1138   91           0       0.0000         0     0.0000
Chrysomela megacephala             1367            8    10335.7700  0.0022    0.0017  0.0030    5           0       0.0000         5     0.0027
Ixodes compactus                  24309           44    17684.7500  0.0034    0.0034  0.0050    9           0       0.0000         7     0.0033
Blattella melanderi               42240           68    59994.2300  0.0040    0.0008  0.0044   17           0       0.0000        17     0.0071
Monellia illucens                 23496          268   158355.2500  0.0313    0.0097  0.0359  112           0       0.0000       111     0.0522
Paradiplosis californica          14341           32    22969.5300  0.0063    0.0053  0.0089   15           0       0.0000        13     0.0071
Actebia ligustici                 55559           16    15703.0300  0.0130    0.0224  0.0236   23           0       0.0000         6     0.0024
Kilifia imbricator                49261           48    21754.8500  0.0020    0.0018  0.0029    6           0       0.0000         5     0.0023
Bucculatrix persicae              15605          480   218547.5400  0.0177    0.0120  0.0234   52           0       0.0000        52     0.0227
Bombus chordeilis                422097           28     1216.2100  0.0288    0.0540  0.0544   44           0       0.0000         1     0.0007
Cryptophagus Hough               157127           12       97.1300  0.0092    0.0175  0.0175   14           0       0.0000         0     0.0000
Toxoptera maligna                 29835           32    30590.5700  0.0090    0.0163  0.0167   16           0       0.0000         3     0.0009
Erionota maligna                  22730           32     6394.7500  0.0014    0.0014  0.0021    4           0       0.0000         3     0.0014
Vespula terebrans                124174           28     6622.0900  0.0090    0.0156  0.0164   15           0       0.0000         3     0.0016
Pheidole barbita                   4705           36    12979.4500  0.0007    0.0003  0.0009    3           0       0.0000         3     0.0012
Thyridopteryx americana            3763           52    10503.1200  0.0037    0.0052  0.0061    8           0       0.0000         4     0.0019
Aedes megacephala                 23172            8     1983.0200  0.0000    0.0000  0.0000    0           0       0.0000         0     0.0000
Xenopsylla kuriphilus              9019          104    45496.4500  0.0055    0.0038  0.0072   15           0       0.0000        15     0.0069
Phyllonorycter fagisuga            6888           96    65073.6100  0.0070    0.0011  0.0075   29           0       0.0000        29     0.0128
Formica yothersi                 985470           24       93.7800  0.0520    0.0988  0.0988   79           0       0.0000         0     0.0000
Otiorhynchus lasiolepis           24068          276   141659.1700  0.0258    0.0319  0.0409   49           0       0.0000        42     0.0180
Gonioctena ambiens                 2344           60     7498.2300  0.0021    0.0013  0.0028    6           0       0.0000         6     0.0029
Podosesia ephemeraeformis        220851           76     7737.5900  0.0184    0.0340  0.0345   29           0       0.0000         2     0.0009
Corimelaena ashtoni               18676           60    34460.8800  0.0039    0.0025  0.0051   12           0       0.0000        11     0.0053
Dryocosmus puncticollis           82150           52    20706.1800  0.0047    0.0049  0.0070   11           1       0.0003         7     0.0039
Acrobasis tabidus                 12247           12     2522.4000  0.0013    0.0025  0.0025    2           0       0.0000         0     0.0000
Protocalliphora maculata            293          240   108686.2800  0.0119    0.0089  0.0161   43           0       0.0000        37     0.0145
Sesia ornatrix                    30358           32    24917.0000  0.0021    0.0016  0.0029    7           0       0.0000         7     0.0025
Hypera uncatoides                274115           28     2861.2100  0.0181    0.0338  0.0341   29           0       0.0000         2     0.0007
Jonthonota exsectoides            11770          324   152044.4600  0.0389    0.0215  0.0491  115           0       0.0000       107     0.0552
Alphitobius pensylvanica          56084           40    30036.5400  0.0059    0.0043  0.0079   21           0       0.0000        18     0.0072
Acinopterus tabidus             1108949            8     1755.3300  0.0520    0.0988  0.0988   79           0       0.0000         0     0.0000
Pegomya clarioralis              217923           44     8078.3700  0.0118    0.0225  0.0225   18           0       0.0000         0     0.0000
Ixodes nigronervosa               15873            8     1470.8900  0.0026    0.0040  0.0045    5           0       0.0000         2     0.0009
Maruca pyriforme                  35063           16    18402.7300  0.0047    0.0034  0.0064   14           1       0.0003        12     0.0056
Solenopsis auxiliaris             28305           24     4892.8700  0.0013    0.0025  0.0025    2           0       0.0000         0     0.0000
Hypothenemus rotundata             4226           48    72346.2600  0.0132    0.0098  0.0179   36           0       0.0000        36     0.0161
Epicauta persicae                204228           16     3129.4800  0.0109    0.0201  0.0204   17           0       0.0000         1     0.0006
Chelymorpha yothersi              13853           44    58542.9700  0.0061    0.0050  0.0085   13           0       0.0000        13     0.0069
Neodiprion araucariae             80749           24    16365.6300  0.0062    0.0097  0.0107   12           0       0.0000         5     0.0021
Liriomyza clitus                   3375           84    56581.8600  0.0022    0.0012  0.0028    6           0       0.0000         6     0.0031
fly castanea                     240218            4     2774.4600  0.0085    0.0158  0.0160   13           0       0.0000         1     0.0004
Graminella retentus              288594            8       71.9600  0.0171    0.0325  0.0325   26           0       0.0000         0     0.0000
Marmara cereralis                  4956           60    48190.3000  0.0038    0.0026  0.0050   10           0       0.0000         9     0.0049
Autographa puncticollis           32892           20     7341.3300  0.0014    0.0025  0.0026    3           0       0.0000         1     0.0003
Anthonomus exsectoides           225899           20     9878.2500  0.0146    0.0252  0.0265   27           0       0.0000         7     0.0026
Vespula abietis                  121934            8     1638.5900  0.0100    0.0187  0.0189   16           0       0.0000         1     0.0003
Acronicta pectoralis              36310           52    13358.0600  0.0033    0.0031  0.0048   10           0       0.0000         8     0.0033
Loxostege aceris                   1237          196    84730.1300  0.0257    0.0146  0.0326   62           0       0.0000        61     0.0361
Adelphocoris araucariae           26475           28    33472.7200  0.0093    0.0070  0.0126   35           1       0.0007        31     0.0106
Cimex albopictus                   2590          288   122545.1800  0.0139    0.0039  0.0157   58           0       0.0000        58     0.0237
Pheidole lectularius              35190           92    20478.1700  0.0092    0.0156  0.0166   18           0       0.0000         6     0.0020
Myndus websteri                   23262           20    14356.1200  0.0102    0.0170  0.0182   17           0       0.0000         4     0.0026
Papilio floridensis               29612          100    20135.2000  0.0022    0.0026  0.0035    6           0       0.0000         4     0.0017
Magdalis mali                     15161           76    29484.6100  0.0084    0.0049  0.0107   20           0       0.0000        19     0.0118
Aedes clitus                     103410           80    28321.4700  0.0087    0.0105  0.0136   21           1       0.0004        14     0.0059
Aulacaspis chinensis             218120           28     2649.8800  0.0150    0.0271  0.0279   24           1       0.0007         2     0.0008
Mezium configurata                 6265            4     3982.2100  0.0008    0.0013  0.0014    2           0       0.0000         1     0.0003
Maruca barda                     368508            4     1333.5600  0.0160    0.0300  0.0302   25           0       0.0000         1     0.0004
Magdalis cerasi                   81150           32     5305.7300  0.0097    0.0159  0.0173   16           0       0.0000         4     0.0027
Mythimna rotundata                53417          124    72213.3700  0.0227    0.0247  0.0344   43           0       0.0000        34     0.0194
Paradiplosis quadrigibbus           362          328    65821.3900  0.0166    0.0120  0.0222   56           0       0.0000        54     0.0206
Saissetia aureocincta             15595          100    23183.8900  0.0014    0.0001  0.0015    9           0       0.0000         9     0.0028
Leptothrips californica           51100           48    17127.1700  0.0043    0.0048  0.0066   11           0       0.0000         8     0.0036
Atteva oleae                      57860           32    13055.1000  0.0012    0.0013  0.0018    5           0       0.0000         4     0.0010
Toxoptera pumila                  32483            4      225.7000  0.0013    0.0025  0.0025    2           0       0.0000         0     0.0000
Conotrachelus fasciatus           57946            4     7454.4900  0.0021    0.0032  0.0036    4           0       0.0000         3     0.0008
Dendroctonus paludatus           157710            4    12164.7600  0.0078    0.0123  0.0136   18           0       0.0000         9     0.0026
Otiorhynchus americana            68792           40     9211.7300  0.0053    0.0100  0.0100    8           0       0.0000         0     0.0000
Thyridopteryx cerasi              71612            8    11775.9300  0.0047    0.0065  0.0077    9           0       0.0000         5     0.0025
Epicauta pygmaeella               45563          104    40264.3300  0.0028    0.0020  0.0037    7           0       0.0000         6     0.0035
Euzophera postica                  3691           80    16092.3600  0.0029    0.0023  0.0040   11           0       0.0000        11     0.0033
Solenopsis intrusus               29717            8     6806.0000  0.0010    0.0013  0.0016    4           0       0.0000         3     0.0008
Marmara uncatoides                67694            8     1178.2600  0.0026    0.0050  0.0050    4           0       0.0000         0     0.0000
Pheidole configurata              25267          148    99273.4800  0.0127    0.0078  0.0164   41           0       0.0000        39     0.0171
Megachile exigua                 287540           40     2348.6300  0.0158    0.0300  0.0300   24           0       0.0000         0     0.0000
Bombus eurytheme                  47959           12     7075.5400  0.0073    0.0096  0.0119   15           1       0.0004         9     0.0041
Phenacoccus bicaudatus            38372           80    44642.2300  0.0175    0.0212  0.0275   32           0       0.0000        29     0.0126
Epiblema abbreviatus               8738            8     6336.1300  0.0028    0.0007  0.0031   10           0       0.0000        10     0.0048
Ischnaspis betulella              22923            8     4321.7400  0.0019    0.0017  0.0028    5           0       0.0000         4     0.0021
Marmara perseae                   46718           16     8440.2700  0.0051    0.0085  0.0091   11           0       0.0000         5     0.0013
Anoplophora clarioralis          992226            8     3868.3400  0.0618    0.1175  0.1175   94           0       0.0000         0     0.0000
Dioryctria asparagi                6575           32    25920.8600  0.0020    0.0019  0.0029    4           0       0.0000         3     0.0020
Sesia kuriphilus                 173268          160    17650.6700  0.0146    0.0257  0.0267   25           0       0.0000         5     0.0021
Dendroctonus caryella             93181           24    17578.1400  0.0110    0.0188  0.0199   23           0       0.0000         8     0.0022
Phenacoccus ashtoni               42407           16    14585.2000  0.0070    0.0079  0.0107   15           0       0.0000        11     0.0058
Papilio acuminata                   307           92    47717.8000  0.0110    0.0052  0.0135   29           0       0.0000        29     0.0166
Asphondylia lineolatus           252724            8        8.5800  0.0158    0.0300  0.0300   24           0       0.0000         0     0.0000
Balclutha citri                  287464           44     7334.5400  0.0164    0.0294  0.0304   28           0       0.0000         5     0.0019
Dolichurus californica            24167          152    18102.4400  0.0016    0.0013  0.0022    6           0       0.0000         5     0.0018
Aphis chordeilis                 178986            8     1152.1900  0.0079    0.0150  0.0150   12           0       0.0000         0     0.0000
Coptosoma mali                   113616            4    10984.1100  0.0090    0.0136  0.0155   17           0       0.0000         7     0.0037
Grylloprociphilus barbita         78314            8     3868.8000  0.0081    0.0150  0.0152   14           0       0.0000         2     0.0005
Pritcharanychus aurantii          17751            8    15003.3400  0.0020    0.0016  0.0028    6           0       0.0000         6     0.0023
Dichomeris atratus                50629           40    38454.1800  0.0038    0.0027  0.0051   16           0       0.0000        14     0.0049
Delia exigua                     307455            4     2488.6500  0.0177    0.0333  0.0335   27           0       0.0000         1     0.0004
Fenusa americana                  12262          204    58896.8800  0.0133    0.0156  0.0208   34           0       0.0000        30     0.0102
Anthonomus achemon                55545           68    18829.0200  0.0050    0.0088  0.0091   10           0       0.0000         3     0.0008
Synanthedon americana             90838           12     7326.4000  0.0053    0.0100  0.0100    8           0       0.0000         0     0.0000
Oligonychus sticticalis           39254           60    24230.2600  0.0078    0.0088  0.0120   22           0       0.0000        20     0.0063
Linepithema quadrigibbus         103102           52    21006.1300  0.0061    0.0095  0.0106   11           0       0.0000         4     0.0022
Epiblema atratus                    109           72    16038.7800  0.0007    0.0001  0.0008    4           0       0.0000         4     0.0013
Ips auxiliaris                   262452           28     3103.0200  0.0151    0.0288  0.0288   23           0       0.0000         0     0.0000
Sesia cereralis                   43513           56    23461.3000  0.0049    0.0069  0.0081   13           0       0.0000         8     0.0025
Ischnaspis ambiens                 3382           96    96598.7200  0.0103    0.0096  0.0149   30           0       0.0000        30     0.0106
Phyllonorycter barda                916           84    37785.7800  0.0056    0.0047  0.0079   18           0       0.0000        17     0.0063
Caliothrips tremuloidiella        13271           48    33470.7700  0.0131    0.0156  0.0205   24           0       0.0000        24     0.0099
Xenopsylla regina                 80326           12    13984.4900  0.0084    0.0133  0.0148   16           1       0.0004         5     0.0024
Papilio azaleae                  246440            8     5983.8000  0.0110    0.0201  0.0205   18           0       0.0000         2     0.0008
Pritcharanychus florilega          5283           32    11447.5000  0.0011    0.0002  0.0013    4           0       0.0000         4     0.0021
Tischeria imbricator               3495           24     7068.5100  0.0001    0.0000  0.0001    1           0       0.0000         1     0.0003
Papilio aceris                    19420           20    13564.1800  0.0032    0.0028  0.0045    8           0       0.0000         8     0.0034
Cadra roddi                       48267            4     3648.4100  0.0020    0.0037  0.0037    3           0       0.0000         0     0.0000
Toxoptera pennsylvanicus           5694           80    15685.0000  0.0029    0.0031  0.0044    5           0       0.0000         5     0.0025
Papilio variabilis                28514           28    19985.5900  0.0040    0.0033  0.0056   13           0       0.0000        11     0.0046
Maladera gowdeyi                 123799           20    12378.5100  0.0085    0.0134  0.0149   16           0       0.0000         6     0.0030
Circulifer pulicaria               2497           64    68428.8700  0.0093    0.0054  0.0119   29           0       0.0000        27     0.0130
Pegomya tabidus                    7577           52    15615.2800  0.0011    0.0001  0.0011    7           0       0.0000         7     0.0021
Maladera thuiella                 66955           48    14574.2100  0.0095    0.0131  0.0158   24           0       0.0000        18     0.0052
Tethida fabricii                    444           64    44008.9300  0.0026    0.0001  0.0026   19           0       0.0000        19     0.0051
Delta crotchi                     44787            4    15313.1500  0.0078    0.0086  0.0119   17           0       0.0000        12     0.0065
Attagenus andraemon              209632           12      177.3100  0.0105    0.0200  0.0200   16           0       0.0000         0     0.0000
Euura lectularius                 62610            4     5064.3400  0.0035    0.0053  0.0060    6           0       0.0000         2     0.0013