step 100000
[2 0 0 0 0 0 0 0 0 0]
[176   0   0   0   0   0   0   0   0   2]
[24  0  0  0  0  0  1  0  0  0]
[9 0 0 0 0 0 0 0 0 0]
[0 0 0 0 1 0 0 0 0 0]
[0 0 0 0 0 0 0 0 0 0]
[0 0 0 0 0 0 0 0 0 0]
[0 0 0 0 0 0 0 0 0 0]
[0 0 0 0 0 0 0 0 0 0]
[0 0 0 0 0 0 1 0 0 0]

step 200000
[2 0 0 0 0 0 0 0 0 0]
[159   0   2   0   1   0   0   0   0   0]
[65  0  1  0  0  0  0  0  0  0]
[15  0  0  0  0  0  0  0  0  0]
[5 0 0 0 0 0 0 0 0 0]
[3 0 0 0 0 0 0 0 0 0]
[2 0 0 0 0 0 0 0 0 1]
[0 0 0 0 0 0 0 0 0 0]
[0 0 0 0 0 0 0 0 0 0]
[1 0 0 0 0 0 0 0 0 0]

step 300000
[3 0 0 0 0 0 0 0 0 0]
[212   3   0   0   0   0   0   0   0   1]
[41  0  0  1  0  0  0  0  0  0]
[7 1 0 0 0 0 0 0 0 0]
[0 0 0 0 0 0 0 0 0 0]
[1 0 0 0 0 0 0 0 0 0]
[1 0 0 0 0 0 0 0 0 0]
[0 0 0 0 0 0 0 0 0 0]
[0 0 0 0 0 0 0 0 0 0]
[1 0 1 0 0 0 0 0 0 0]

step 400000
[3 0 0 0 0 0 0 0 0 0]
[168   0   0   0   0   1   0   0   0   0]
[82  0  0  0  0  1  0  0  0  0]
[30  0  0  0  0  0  0  0  0  0]
[9 0 0 0 0 0 0 0 0 0]
[1 0 0 0 0 0 0 0 0 0]
[2 0 0 0 0 0 0 0 0 0]
[0 0 0 0 0 0 0 0 0 1]
[1 0 0 0 0 0 0 0 0 0]
[1 0 0 0 0 0 0 0 0 0]

step 500000
[3 0 0 0 0 0 0 0 0 0]
[121   0   0   0   0   0   0   0   1   0]
[97  0  0  0  0  0  1  0  0  1]
[38  0  0  0  0  0  1  0  0  0]
[25  0  0  0  0  0  0  0  0  0]
[6 0 0 0 0 0 0 0 0 0]
[3 0 0 0 1 0 0 0 0 0]
[6 0 0 0 0 0 0 0 0 0]
[3 0 0 0 0 0 0 0 0 0]
[2 0 0 0 0 0 0 0 0 0]

step 600000
[2 0 0 0 0 0 0 0 0 0]
[210   2   0   0   0   0   0   0   0   0]
[71  0  0  0  0  0  0  0  0  1]
[15  0  0  0  0  0  0  0  0  0]
[3 0 0 0 0 0 0 0 0 0]
[3 0 0 0 0 0 0 0 0 0]
[1 0 0 0 0 0 0 0 0 0]
[0 1 0 0 0 0 0 0 0 0]
[0 0 0 0 0 0 0 0 0 0]
[1 0 0 0 0 0 0 0 0 0]

step 700000
[0 0 0 0 0 0 0 0 0 0]
[208   5   0   0   0   0   0   0   0   0]
[65  3  0  0  0  0  1  0  0  1]
[13  0  0  0  0  0  0  0  0  0]
[5 0 0 0 0 0 0 0 0 0]
[4 0 0 0 0 0 0 0 0 0]
[1 0 0 0 0 0 0 0 0 0]
[0 0 0 0 0 0 0 0 0 0]
[0 0 0 0 0 0 0 0 0 0]
[2 1 0 0 0 0 0 0 0 0]

step 800000
[2 0 0 0 0 0 0 0 0 0]
[196   1   1   1   0   0   0   0   0   0]
[72  1  1  1  0  0  0  0  0  0]
[16  0  0  1  0  0  0  0  0  1]
[12  1  0  0  0  0  0  0  0  0]
[1 0 1 0 0 0 0 0 0 0]
[2 0 0 0 0 0 0 0 0 0]
[1 0 0 0 0 0 0 0 0 0]
[1 0 0 0 0 0 0 0 0 0]
[1 0 0 0 0 0 0 0 0 0]

step 900000
[4 0 0 0 0 0 0 0 0 0]
[261   0   0   1   1   0   0   0   0   1]
[32  0  1  1  0  0  0  0  0  0]
[10  0  0  0  0  0  0  0  0  0]
[2 0 0 0 0 0 0 0 0 0]
[0 0 0 0 0 0 0 0 0 0]
[0 0 0 0 0 0 0 0 0 0]
[0 0 0 0 0 0 0 0 0 0]
[0 0 0 0 0 0 0 0 0 0]
[0 0 0 0 0 0 0 0 0 1]

step 1000000
[7 0 0 0 0 0 0 0 0 0]
[269   5   0   0   0   0   0   0   0   1]
[27  1  0  0  0  0  0  0  0  0]
[7 0 0 0 0 0 0 0 0 0]
[2 0 0 0 0 0 0 0 0 0]
[0 0 0 0 0 0 0 0 0 0]
[0 0 0 0 0 0 0 0 0 0]
[0 0 0 0 0 0 0 0 0 0]
[0 0 0 0 0 0 0 0 0 0]
[0 1 0 0 0 0 0 0 0 0]

step 1100000
[3 0 0 0 0 0 0 0 0 0]
[213   3   0   0   0   0   0   0   0   0]
[55  4  0  0  0  0  1  0  0  1]
[21  1  0  0  0  0  0  0  0  0]
[3 0 0 0 0 0 0 0 0 0]
[6 0 0 0 0 0 0 0 0 0]
[1 0 0 0 0 0 0 0 0 0]
[0 0 0 0 0 0 0 0 0 0]
[0 0 0 0 0 0 0 0 0 0]
[1 0 0 0 0 0 0 0 0 0]

step 1200000
[4 0 0 0 0 0 0 0 0 0]
[265   0   0   0   1   0   4   1   2   1]
[24  0  0  0  0  0  1  0  1  0]
[8 0 0 0 0 0 0 0 0 0]
[3 0 0 0 0 0 0 0 0 0]
[1 0 0 0 0 0 0 0 0 0]
[0 0 0 0 0 0 0 0 0 0]
[0 0 0 0 0 0 0 0 0 0]
[0 0 0 0 0 0 0 0 0 0]
[0 0 0 0 1 0 0 0 0 0]

step 1300000
[2 0 0 0 0 0 0 0 0 0]
[201   8   0   0   0   0   0   0   0   0]
[70  5  0  0  0  0  0  0  0  0]
[20  0  0  0  0  0  0  0  0  0]
[6 0 0 0 0 0 0 0 0 0]
[3 0 0 0 0 0 0 0 0 0]
[1 0 0 0 0 0 0 0 0 1]
[1 0 0 0 0 0 0 0 0 0]
[1 0 0 0 0 0 0 0 0 0]
[0 1 0 0 0 0 0 0 0 0]

step 1400000
[5 0 0 0 0 0 0 0 0 0]
[280   3   2   0   0   0   0   0   0   1]
[24  0  0  0  0  0  0  0  0  0]
[3 1 0 0 0 0 0 0 0 0]
[0 0 0 0 0 0 0 0 0 0]
[0 0 0 0 0 0 0 0 0 0]
[0 0 0 0 0 0 0 0 0 0]
[0 0 0 0 0 0 0 0 0 0]
[0 0 0 0 0 0 0 0 0 0]
[1 0 0 0 0 0 0 0 0 0]

step 1500000
[2 0 0 0 0 0 0 0 0 0]
[242   7   0   0   0   0   0   0   0   0]
[36  2  0  0  0  0  1  0  0  1]
[7 0 0 0 0 0 0 0 0 0]
[3 0 0 0 0 0 0 0 0 0]
[1 0 0 0 0 0 0 0 0 0]
[1 0 0 0 0 0 0 0 0 0]
[0 0 0 0 0 0 0 0 0 0]
[0 0 0 0 0 0 0 0 0 0]
[1 0 0 0 0 0 0 0 0 0]

step 1600000
[4 0 0 0 0 0 0 0 0 0]
[241   8   0   0   0   0   0   0   0   0]
[38  0  0  0  0  0  0  0  0  1]
[6 0 0 0 0 0 0 0 0 0]
[4 0 0 0 0 0 0 0 0 0]
[1 0 0 0 0 0 0 0 0 0]
[1 0 0 0 0 0 0 0 0 0]
[0 0 0 0 0 0 0 0 0 0]
[0 0 0 0 0 0 0 0 0 0]
[0 1 0 0 0 0 0 0 0 0]

step 1700000
[1 0 0 0 0 0 0 0 0 0]
[244   3   0   0   0   0   0   0   0   0]
[39  0  0  0  0  0  0  0  0  1]
[5 0 0 0 0 0 0 0 0 0]
[2 1 1 0 0 0 0 0 0 0]
[1 0 0 0 0 0 0 0 0 0]
[0 0 0 0 0 0 0 0 0 0]
[1 0 0 0 0 0 0 0 0 0]
[0 0 0 0 0 0 0 0 0 0]
[1 0 0 0 0 0 0 0 0 0]

step 1800000
[2 0 0 0 0 0 0 0 0 0]
[246   2   3   1   0   0   0   0   0   1]
[23  0  0  0  0  0  0  0  0  0]
[2 0 0 0 0 0 0 0 0 0]
[4 0 0 0 0 0 0 0 0 0]
[0 0 0 0 0 0 0 0 0 0]
[0 0 0 0 0 0 0 0 0 0]
[0 0 0 0 0 0 0 0 0 0]
[0 0 0 0 0 0 0 0 0 0]
[1 0 0 0 0 0 0 0 0 0]

step 1900000
[0 0 0 0 0 0 0 0 0 0]
[261   0   0   2   0   0   0   1   0   1]
[24  0  1  0  0  1  0  0  0  0]
[6 0 0 0 0 0 0 0 0 0]
[2 0 0 0 0 0 0 0 0 0]
[0 0 0 0 0 0 0 0 0 0]
[0 0 0 0 0 0 0 0 0 0]
[0 0 0 0 0 0 0 0 0 0]
[0 0 0 0 0 0 0 0 0 0]
[1 0 0 0 0 0 0 0 0 0]

step 2000000
[5 0 0 0 0 0 0 0 0 0]
[259   2   2   1   0   0   0   0   0   1]
[30  0  0  0  0  0  0  0  0  0]
[3 0 0 0 0 0 0 0 0 0]
[1 0 0 0 0 0 0 0 0 0]
[2 0 0 0 0 0 0 0 0 0]
[0 0 0 0 0 0 0 0 0 0]
[0 0 0 0 0 0 0 0 0 0]
[0 0 0 0 0 0 0 0 0 0]
[1 0 0 0 0 0 0 0 0 0]

step 2100000
[7 0 0 0 0 0 0 0 0 0]
[283   9   0   0   0   0   0   0   0   1]
[15  0  0  0  0  0  0  0  0  0]
[0 1 0 0 0 0 0 0 0 0]
[1 0 0 0 0 0 0 0 0 0]
[0 0 0 0 0 0 0 0 0 0]
[0 0 0 0 0 0 0 0 0 0]
[0 0 0 0 0 0 0 0 0 0]
[0 0 0 0 0 0 0 0 0 0]
[1 0 0 0 0 0 0 0 0 0]

step 2200000
[2 0 0 0 0 0 0 0 0 0]
[278   0   0   1   0   0   1   0   0   0]
[22  0  0  0  0  0  0  0  0  1]
[1 0 0 0 0 0 0 0 0 0]
[1 0 0 0 0 0 0 0 0 0]
[0 0 0 0 0 0 0 0 0 0]
[0 0 0 0 0 0 0 0 0 0]
[0 0 0 0 0 0 0 0 0 0]
[0 0 0 0 0 0 0 0 0 0]
[1 0 0 0 0 0 0 0 0 0]

step 2300000
[3 0 0 0 0 0 0 0 0 0]
[281   0   0   0   2   0   0   2   0   2]
[18  0  0  0  1  0  0  0  0  0]
[2 0 0 0 0 0 0 0 0 0]
[0 0 0 0 0 0 0 0 0 0]
[1 0 0 0 0 0 0 0 0 0]
[0 0 0 0 0 0 0 0 0 0]
[0 0 0 0 0 0 0 0 0 0]
[0 0 0 0 0 0 0 0 0 0]
[1 0 0 0 0 0 0 0 0 0]

step 2400000
[1 0 0 0 0 0 0 0 0 0]
[253   0   0   0   3   0   0   0   0   2]
[36  0  0  0  0  0  0  0  0  0]
[8 0 0 0 0 0 0 0 0 0]
[3 0 0 0 0 0 0 0 0 0]
[0 0 0 0 1 0 0 0 0 0]
[0 0 0 0 0 0 0 0 0 0]
[1 0 0 0 0 0 0 0 0 0]
[0 0 0 0 0 0 0 0 0 0]
[1 0 0 0 0 0 0 0 0 0]

step 2500000
[5 0 0 0 0 0 0 0 0 0]
[277   6   0   1   0   0   0   0   0   0]
[23  1  0  0  0  0  0  0  0  1]
[3 0 0 0 0 0 0 0 0 0]
[0 0 0 0 0 0 0 0 0 0]
[1 0 0 0 0 0 0 0 0 0]
[0 0 0 0 0 0 0 0 0 0]
[1 0 0 0 0 0 0 0 0 0]
[0 0 0 0 0 0 0 0 0 0]
[1 0 0 0 0 0 0 0 0 0]

step 2600000
[5 0 0 0 0 0 0 0 0 0]
[280   0   0   0   3   0   2   0   3   1]
[21  0  0  0  0  0  0  0  0  0]
[4 0 0 0 0 0 0 0 0 0]
[0 0 0 0 0 0 0 0 0 0]
[0 0 0 0 0 0 0 0 0 0]
[0 0 0 0 0 0 0 0 0 0]
[1 0 0 0 0 0 0 0 0 0]
[0 0 0 0 0 0 0 0 0 0]
[1 0 0 0 0 0 0 0 0 0]

step 2700000
[2 0 0 0 0 0 0 0 0 0]
[273   9   0   0   0   0   0   0   0   1]
[23  1  0  0  0  0  0  0  0  0]
[2 0 0 0 0 0 0 0 0 0]
[1 0 0 0 0 0 0 0 0 0]
[2 0 0 0 0 0 0 0 0 0]
[0 0 0 0 0 0 0 0 0 0]
[0 0 0 0 0 0 0 0 0 0]
[0 0 0 0 0 0 0 0 0 0]
[1 0 0 0 0 0 0 0 0 0]

step 2800000
[3 0 0 0 0 0 0 0 0 0]
[274  14   0   0   0   0   0   0   0   1]
[18  1  0  0  0  0  0  0  0  0]
[3 0 0 0 0 0 0 0 0 0]
[0 0 0 0 0 0 0 0 0 0]
[0 0 0 0 0 0 0 0 0 0]
[1 0 0 0 0 0 0 0 0 0]
[0 0 0 0 0 0 0 0 0 0]
[0 0 0 0 0 0 0 0 0 0]
[1 0 0 0 0 0 0 0 0 0]

step 2900000
[3 0 0 0 0 0 0 0 0 0]
[290   0   1   3   0   0   0   0   0   1]
[21  0  0  1  0  0  0  0  0  0]
[2 0 1 0 0 0 0 0 0 0]
[0 0 0 0 0 0 0 0 0 0]
[0 0 0 0 0 0 0 0 0 0]
[0 0 0 0 0 0 0 0 0 0]
[0 0 0 0 0 0 0 0 0 0]
[0 0 0 0 0 0 0 0 0 0]
[1 0 0 0 0 0 0 0 0 0]

step 3000000
[6 0 0 0 0 0 0 0 0 0]
[286   7   0   0   0   0   0   0   0   1]
[14  1  0  0  0  0  0  0  0  0]
[2 0 0 0 0 0 0 0 0 0]
[0 0 0 0 0 0 0 0 0 0]
[0 0 0 0 0 0 0 0 0 0]
[0 0 0 0 0 0 0 0 0 0]
[0 0 0 0 0 0 0 0 0 0]
[0 0 0 0 0 0 0 0 0 0]
[1 0 0 0 0 0 0 0 0 0]

step 3100000
[2 0 0 0 0 0 0 0 0 0]
[289  13   0   0   0   0   0   0   0   1]
[15  0  0  0  0  0  0  0  0  0]
[3 0 0 0 0 0 0 0 0 0]
[0 0 0 0 0 0 0 0 0 0]
[0 0 0 0 0 0 0 0 0 0]
[0 0 0 0 0 0 0 0 0 0]
[0 0 0 0 0 0 0 0 0 0]
[0 0 0 0 0 0 0 0 0 0]
[1 0 0 0 0 0 0 0 0 0]

step 3200000
[2 0 0 0 0 0 0 0 0 0]
[285   0   0   0   1   0   1   0   3   2]
[19  0  0  0  1  0  1  0  1  0]
[2 0 0 0 0 0 0 0 0 0]
[3 0 0 0 0 0 0 0 0 0]
[0 0 0 0 0 0 0 0 0 0]
[0 0 0 0 0 0 0 0 0 0]
[0 0 0 0 0 0 0 0 0 0]
[0 0 0 0 0 0 0 0 0 0]
[1 0 0 0 0 0 0 0 0 0]

step 3300000
[1 0 0 0 0 0 0 0 0 0]
[291   2   4   0   0   0   0   0   0   1]
[13  0  0  0  0  0  0  0  0  0]
[1 0 0 0 0 0 0 0 0 0]
[1 0 0 0 0 0 0 0 0 0]
[0 0 0 0 0 0 0 0 0 0]
[0 0 0 0 0 0 0 0 0 0]
[0 0 0 0 0 0 0 0 0 0]
[0 0 0 0 0 0 0 0 0 0]
[1 0 0 0 0 0 0 0 0 0]

step 3400000
[1 0 0 0 0 0 0 0 0 0]
[310   0   0   0   2   0   1   0   0   2]
[7 0 0 0 0 0 0 0 0 0]
[2 0 0 0 0 0 0 0 0 0]
[0 0 0 0 0 0 0 0 0 0]
[0 0 0 0 0 0 0 0 0 0]
[0 0 0 0 0 0 0 0 0 0]
[0 0 0 0 0 0 0 0 0 0]
[0 0 0 0 0 0 0 0 0 0]
[0 0 0 0 0 0 1 0 0 0]

step 3500000
[2 0 0 0 0 0 0 0 0 0]
[291   8   0   0   0   0   0   0   0   0]
[12  2  0  0  0  0  0  0  0  1]
[1 0 0 0 0 0 0 0 0 0]
[1 0 0 0 0 0 0 0 0 0]
[0 0 0 0 0 0 0 0 0 0]
[0 0 0 0 0 0 0 0 0 0]
[0 0 0 0 0 0 0 0 0 0]
[0 0 0 0 0 0 0 0 0 0]
[1 0 0 0 0 0 0 0 0 0]

step 3600000
[4 0 0 0 0 0 0 0 0 0]
[285   0   0   0   2   0   2   1   0   1]
[11  0  0  0  0  0  0  0  0  0]
[2 0 0 0 0 0 0 0 0 0]
[0 0 0 0 0 0 0 0 0 0]
[1 0 0 0 0 0 0 0 0 0]
[0 0 0 0 0 0 0 0 0 0]
[0 0 0 0 0 0 0 0 0 0]
[0 0 0 0 0 0 0 0 0 0]
[1 0 0 0 0 0 0 0 0 0]

step 3700000
[4 0 0 0 0 0 0 0 0 0]
[293   0   0   0   4   0   1   0   1   2]
[9 0 0 0 0 0 0 0 0 0]
[2 0 0 0 1 0 0 0 0 0]
[0 0 0 0 1 0 0 0 0 0]
[1 0 0 0 0 0 0 0 0 0]
[0 0 0 0 0 0 0 0 0 0]
[0 0 0 0 0 0 0 0 0 0]
[0 0 0 0 0 0 0 0 0 0]
[1 0 0 0 0 0 0 0 0 0]

step 3800000
[3 0 0 0 0 0 0 0 0 0]
[200   0   0   0   3   0   0   0   0   1]
[5 0 0 0 0 0 0 0 0 0]
[1 0 0 0 0 0 0 0 0 0]
[0 0 0 0 0 0 0 0 0 0]
[0 0 0 0 0 0 0 0 0 0]
[0 0 0 0 0 0 0 0 0 0]
[0 0 0 0 0 0 0 0 0 0]
[0 0 0 0 0 0 0 0 0 0]
[1 0 0 0 0 0 0 0 0 0]

step 3900000
[0 0 0 0 0 0 0 0 0 0]
[244   1   0   0   0   0   0   0   0   1]
[2 0 0 0 0 0 0 0 0 0]
[0 0 0 0 0 0 0 0 0 0]
[0 0 0 0 0 0 0 0 0 0]
[0 0 0 0 0 0 0 0 0 0]
[0 0 0 0 0 0 0 0 0 0]
[0 0 0 0 0 0 0 0 0 0]
[0 0 0 0 0 0 0 0 0 0]
[1 0 0 0 0 0 0 0 0 0]

step 4000000
[6 0 0 0 0 0 0 0 0 0]
[260   0   0   0   1   0   2   0   0   1]
[4 0 0 0 0 0 0 0 0 0]
[1 0 0 0 0 0 0 0 0 0]
[1 0 0 0 0 0 0 0 0 0]
[0 0 0 0 0 0 0 0 0 0]
[0 0 0 0 0 0 0 0 0 0]
[0 0 0 0 0 0 0 0 0 0]
[0 0 0 0 0 0 0 0 0 0]
[1 0 0 0 0 0 0 0 0 0]

step 4100000
[1 0 0 0 0 0 0 0 0 0]
[279   3   0   0   0   0   0   0   0   1]
[3 0 0 0 0 0 0 0 0 0]
[1 0 0 0 0 0 0 0 0 0]
[0 0 0 0 0 0 0 0 0 0]
[0 0 0 0 0 0 0 0 0 0]
[0 0 0 0 0 0 0 0 0 0]
[0 0 0 0 0 0 0 0 0 0]
[0 0 0 0 0 0 0 0 0 0]
[1 0 0 0 0 0 0 0 0 0]

step 4200000
[3 0 0 0 0 0 0 0 0 0]
[271   0   0   2   0   0   2   0   1   1]
[8 0 0 0 0 0 0 0 0 0]
[0 0 0 0 0 0 0 0 0 0]
[0 0 0 0 0 0 0 0 0 0]
[0 0 0 0 0 0 0 0 0 0]
[0 0 0 0 0 0 0 0 0 0]
[0 0 0 0 0 0 0 0 0 0]
[0 0 0 0 0 0 0 0 0 0]
[1 0 0 0 0 0 0 0 0 0]

step 4300000
[7 0 0 0 0 0 0 0 0 0]
[287   0   0   0   3   0   1   0   2   1]
[4 0 0 0 0 0 1 0 0 0]
[0 0 0 0 0 0 0 0 0 0]
[0 0 0 0 0 0 0 0 0 0]
[0 0 0 0 0 0 0 0 0 0]
[0 0 0 0 0 0 0 0 0 0]
[0 0 0 0 0 0 0 0 0 0]
[0 0 0 0 0 0 0 0 0 0]
[1 0 0 0 0 0 0 0 0 0]

step 4400000
[4 0 0 0 0 0 0 0 0 0]
[293   7   0   0   0   0   0   0   0   1]
[5 1 0 0 0 0 0 0 0 0]
[0 0 0 0 0 0 0 0 0 0]
[0 0 0 0 0 0 0 0 0 0]
[0 0 0 0 0 0 0 0 0 0]
[0 0 0 0 0 0 0 0 0 0]
[0 0 0 0 0 0 0 0 0 0]
[0 0 0 0 0 0 0 0 0 0]
[1 0 0 0 0 0 0 0 0 0]

step 4500000
[1 0 0 0 0 0 0 0 0 0]
[286   8   0   0   0   0   0   0   0   1]
[5 0 0 0 0 0 0 0 0 0]
[0 0 0 0 0 0 0 0 0 0]
[0 0 0 0 0 0 0 0 0 0]
[0 0 0 0 0 0 0 0 0 0]
[0 0 0 0 0 0 0 0 0 0]
[0 0 0 0 0 0 0 0 0 0]
[0 0 0 0 0 0 0 0 0 0]
[1 0 0 0 0 0 0 0 0 0]

step 4600000
[4 0 0 0 0 0 0 0 0 0]
[300   0   0   0   1   0   4   0   0   2]
[4 0 0 0 1 0 0 1 0 0]
[0 0 0 0 0 0 0 0 0 0]
[0 0 0 0 0 0 0 0 0 0]
[0 0 0 0 0 0 0 0 0 0]
[0 0 0 0 0 0 0 0 0 0]
[0 0 0 0 0 0 0 0 0 0]
[0 0 0 0 0 0 0 0 0 0]
[1 0 0 0 0 0 0 0 0 0]

step 4700000
[3 0 0 0 0 0 0 0 0 0]
[294   8   0   0   0   0   0   0   0   0]
[5 0 0 0 0 0 0 0 0 1]
[0 0 0 0 0 0 0 0 0 0]
[0 0 0 0 0 0 0 0 0 0]
[0 0 0 0 0 0 0 0 0 0]
[0 0 0 0 0 0 0 0 0 0]
[0 0 0 0 0 0 0 0 0 0]
[0 0 0 0 0 0 0 0 0 0]
[1 0 0 0 0 0 0 0 0 0]

step 4800000
[3 0 0 0 0 0 0 0 0 0]
[306   0   0   0   4   0   0   0   1   1]
[5 0 0 0 0 0 0 0 0 0]
[0 0 0 0 0 0 0 0 0 0]
[0 0 0 0 0 0 0 0 0 0]
[0 0 0 0 0 0 0 0 0 0]
[0 0 0 0 0 0 0 0 0 0]
[0 0 0 0 0 0 0 0 0 0]
[0 0 0 0 0 0 0 0 0 0]
[1 0 0 0 0 0 0 0 0 0]

step 4900000
[4 0 0 0 0 0 0 0 0 0]
[304   0   0   0   5   0   1   0   3   1]
[3 0 0 0 0 0 0 0 0 0]
[0 0 0 0 0 0 0 0 0 0]
[0 0 0 0 0 0 0 0 0 0]
[0 0 0 0 0 0 0 0 0 0]
[0 0 0 0 0 0 0 0 0 0]
[0 0 0 0 0 0 0 0 0 0]
[0 0 0 0 0 0 0 0 0 0]
[1 0 0 0 0 0 0 0 0 0]

step 5000000
[4 0 0 0 0 0 0 0 0 0]
[318   0   0   4   1   1   0   0   0   1]
[6 0 0 0 0 0 0 0 0 0]
[0 0 0 0 0 0 0 0 0 0]
[0 0 0 0 0 0 0 0 0 0]
[0 0 0 0 0 0 0 0 0 0]
[0 0 0 0 0 0 0 0 0 0]
[0 0 0 0 0 0 0 0 0 0]
[0 0 0 0 0 0 0 0 0 0]
[1 0 0 0 0 0 0 0 0 0]

step 5100000
[2 0 0 0 0 0 0 0 0 0]
[173   0   0   0   0   0   1   0   0   5]
[84  0  0  0  1  0  0  0  0  0]
[37  0  0  0  0  0  0  0  0  0]
[12  0  0  0  0  0  0  0  0  0]
[3 0 0 0 0 0 0 0 0 0]
[4 0 0 0 0 0 0 0 0 0]
[2 0 0 0 0 0 0 0 0 0]
[2 0 0 0 0 0 0 0 0 0]
[1 0 0 0 0 0 0 0 0 0]

step 5200000
[2 0 0 0 0 0 0 0 0 0]
[166   0   0   0   0   0   1   0   0   0]
[78  0  0  0  0  0  0  0  1  0]
[34  0  0  1  0  0  0  0  0  1]
[22  0  0  0  0  0  0  1  0  0]
[9 0 0 0 0 0 0 0 0 0]
[3 0 0 0 0 0 0 0 0 0]
[1 0 0 0 0 0 0 0 0 0]
[2 0 0 0 0 0 0 0 0 0]
[2 0 0 0 0 0 0 0 0 0]

step 5300000
[0 0 0 0 0 0 0 0 0 0]
[191   0   0   0   2   0   1   0   3   1]
[66  0  0  0  0  0  1  0  0  0]
[24  0  0  0  0  0  0  0  0  1]
[8 0 0 0 0 0 0 0 0 0]
[7 0 0 0 0 0 1 0 0 0]
[4 0 0 0 0 0 0 0 0 0]
[0 0 0 0 0 0 0 0 0 0]
[1 0 0 0 0 0 0 0 0 0]
[1 0 0 0 0 0 0 0 0 0]

step 5400000
[8 0 0 0 0 0 0 0 0 0]
[211   2   1   0   0   0   0   0   0   0]
[56  1  0  0  0  0  0  0  0  1]
[23  3  0  0  0  0  0  0  0  0]
[6 0 0 0 0 0 0 0 0 0]
[7 0 0 0 0 0 0 0 0 0]
[1 0 0 0 0 0 0 0 0 0]
[1 0 0 0 0 0 0 0 0 0]
[2 0 0 0 0 0 0 0 0 0]
[2 0 0 0 0 0 0 0 0 0]

step 5500000
[0 0 0 0 0 0 0 0 0 0]
[216   2   0   0   0   0   0   0   0   0]
[74  2  0  0  0  0  0  0  0  1]
[17  0  0  0  0  0  0  0  0  0]
[5 0 0 0 0 0 0 0 0 0]
[0 1 0 0 0 0 0 0 0 0]
[2 0 0 0 0 0 0 0 0 0]
[0 0 0 0 0 0 0 0 0 0]
[1 0 0 0 0 0 0 0 0 0]
[1 0 0 0 0 0 0 0 0 0]

step 5600000
[3 0 0 0 0 0 0 0 0 0]
[219   0   1   0   1   0   0   1   0   1]
[58  0  0  0  0  0  1  0  0  0]
[20  0  0  0  0  0  0  0  0  0]
[4 0 0 0 0 0 0 0 0 0]
[1 0 0 0 0 0 0 0 0 0]
[1 0 0 0 0 0 0 0 0 0]
[0 0 0 0 0 0 0 0 0 0]
[1 0 0 0 0 0 0 0 0 0]
[1 0 0 0 0 0 0 0 0 0]

step 5700000
[4 0 0 0 0 0 0 0 0 0]
[236   4   0   0   0   0   0   0   0   0]
[47  1  0  0  0  0  0  0  0  1]
[16  1  0  0  0  0  0  0  0  0]
[5 0 0 0 0 0 0 0 0 0]
[2 0 0 0 0 0 0 0 0 0]
[1 0 0 0 0 0 0 0 0 0]
[2 0 0 0 0 0 0 0 0 0]
[0 0 0 0 0 0 0 0 0 0]
[1 0 0 0 0 0 0 0 0 0]

step 5800000
[5 0 0 0 0 0 0 0 0 0]
[238  10   0   0   0   0   0   0   0   0]
[43  2  0  0  0  0  0  0  0  1]
[12  0  0  0  0  0  0  0  0  0]
[10  0  0  0  0  0  0  0  0  0]
[1 0 0 0 0 0 0 0 0 0]
[0 0 0 0 0 0 0 0 0 0]
[0 0 0 0 0 0 0 0 0 0]
[0 0 0 0 0 0 0 0 0 0]
[1 0 0 0 0 0 0 0 0 0]

step 5900000
[5 0 0 0 0 0 0 0 0 0]
[262   3   0   0   0   0   0   0   0   1]
[36  0  0  0  0  0  0  0  0  0]
[10  1  0  0  0  0  0  0  0  0]
[1 0 0 0 0 0 0 0 0 0]
[1 0 0 0 0 0 0 0 0 0]
[0 0 0 0 0 0 0 0 0 0]
[0 0 0 0 0 0 0 0 0 0]
[0 0 0 0 0 0 0 0 0 0]
[1 0 0 0 0 0 0 0 0 0]

step 6000000
[1 0 0 0 0 0 0 0 0 0]
[237   0   1   4   1   0   0   0   0   0]
[57  0  0  0  0  0  0  0  0  2]
[9 0 0 0 0 0 0 0 0 0]
[2 0 0 0 0 0 0 0 0 0]
[3 0 0 0 0 0 0 0 0 0]
[0 0 0 0 0 0 0 0 0 0]
[0 0 0 0 0 0 0 0 0 0]
[0 0 0 0 0 0 0 0 0 0]
[1 0 0 0 0 0 0 0 0 0]

step 6100000
[5 0 0 0 0 0 0 0 0 0]
[265   7   0   0   0   0   0   0   0   1]
[41  1  0  0  0  0  0  0  0  0]
[7 1 0 0 0 0 0 0 0 0]
[1 1 0 0 0 0 0 0 0 0]
[4 0 0 0 0 0 0 0 0 0]
[0 0 0 0 0 0 0 0 0 0]
[0 0 0 0 0 0 0 0 0 0]
[0 0 0 0 0 0 0 0 0 0]
[1 0 0 0 0 0 0 0 0 0]

step 6200000
[3 0 0 0 0 0 0 0 0 0]
[256   0   0   0   1   0   0   0   0   2]
[52  0  0  0  0  0  1  0  0  0]
[12  0  0  0  0  0  0  0  0  0]
[2 0 0 0 0 0 0 0 1 0]
[1 0 0 0 0 0 0 0 0 0]
[2 0 0 0 1 0 0 0 0 0]
[0 0 0 0 0 0 0 0 0 0]
[0 0 0 0 0 0 0 0 0 0]
[1 0 0 0 0 0 0 0 0 0]

step 6300000
[1 0 0 0 0 0 0 0 0 0]
[240   2   0   1   0   0   0   0   0   1]
[62  1  1  1  0  0  0  0  0  0]
[15  0  0  0  0  0  0  0  0  0]
[5 0 0 0 0 0 0 0 0 0]
[0 0 0 0 0 0 0 0 0 0]
[1 0 0 0 0 0 0 0 0 0]
[2 0 0 0 0 0 0 0 0 0]
[0 0 0 0 0 0 0 0 0 0]
[1 0 0 0 0 0 0 0 0 0]

step 6400000
[4 0 0 0 0 0 0 0 0 0]
[216   0   2   0   2   0   0   0   0   1]
[67  0  0  0  0  0  0  0  0  0]
[23  0  1  1  0  0  0  0  0  0]
[5 0 0 0 0 0 0 0 0 0]
[2 0 0 0 0 0 0 0 0 0]
[3 0 0 0 0 0 0 0 0 0]
[0 0 0 0 0 0 0 0 0 0]
[2 0 0 0 0 0 0 0 0 0]
[1 0 0 0 0 0 0 0 0 0]

step 6500000
[3 0 0 0 0 0 0 0 0 0]
[232   2   1   0   0   0   0   0   0   0]
[62  0  2  0  0  0  0  0  0  1]
[13  1  1  0  0  0  0  0  0  0]
[12  0  0  0  0  0  0  0  0  0]
[5 0 0 0 0 0 0 0 0 0]
[1 0 0 0 0 0 0 0 0 0]
[0 0 0 0 0 0 0 0 0 0]
[0 0 0 0 0 0 0 0 0 0]
[1 0 0 0 0 0 0 0 0 0]

step 6600000
[2 0 0 0 0 0 0 0 0 0]
[161   0   0   0   0   0   0   0   0   0]
[94  0  0  0  2  0  2  0  0  1]
[25  0  0  0  0  0  0  0  0  1]
[13  0  0  0  1  0  1  0  0  0]
[11  0  0  0  0  0  0  0  0  0]
[3 0 0 0 0 0 0 0 0 0]
[1 0 0 0 0 0 0 0 0 0]
[0 0 0 0 0 0 0 0 0 0]
[1 0 0 0 0 0 0 0 0 0]

step 6700000
[5 0 0 0 0 0 0 0 0 0]
[162   0   0   0   1   0   1   0   0   2]
[90  0  0  0  0  0  1  0  0  1]
[25  0  0  0  0  0  0  0  2  1]
[14  0  0  0  0  0  0  0  0  0]
[12  0  0  0  0  0  0  0  0  0]
[4 0 0 0 0 0 0 0 0 0]
[6 0 0 0 0 0 0 0 0 0]
[2 0 0 0 0 0 0 0 0 0]
[2 0 0 0 0 0 0 0 0 0]

step 6800000
[2 0 0 0 0 0 0 0 0 0]
[228   0   0   0   0   0   4   0   1   2]
[56  0  0  0  1  0  0  0  0  0]
[15  0  0  0  0  0  0  0  0  0]
[6 0 0 0 0 0 0 0 0 0]
[5 0 0 0 0 0 0 0 0 0]
[2 0 0 0 0 0 0 0 0 0]
[0 0 0 0 0 0 0 0 0 0]
[0 0 0 0 0 0 0 0 0 0]
[1 0 0 0 0 0 0 0 0 0]

step 6900000
[6 0 0 0 0 0 0 0 0 0]
[171   0   0   0   1   0   0   0   0   1]
[79  0  0  0  0  1  0  0  0  0]
[34  0  0  0  0  0  0  0  0  0]
[15  0  0  1  0  0  0  0  0  0]
[4 0 0 0 0 0 0 0 0 0]
[2 0 0 0 0 0 0 0 0 0]
[4 0 0 0 0 0 0 0 0 0]
[1 0 0 0 0 0 0 0 0 0]
[2 0 0 0 0 0 0 0 0 0]

step 7000000
[3 0 0 0 0 0 0 0 0 0]
[231   0   0   0   1   0   1   0   2   0]
[56  0  0  0  0  0  0  1  0  1]
[8 0 0 0 0 0 0 0 1 0]
[2 0 0 0 0 0 0 0 0 0]
[3 0 0 0 0 0 0 0 0 0]
[2 0 0 0 0 0 0 0 0 1]
[1 0 0 0 0 0 0 0 0 0]
[0 0 0 0 0 0 0 0 0 0]
[1 0 0 0 0 0 0 0 0 0]

