Parameters - Namespace(K=20000, colonizers=4, colrate=0.01, force=False, meta='metacommunity_LS4.txt', mode='volcanic', nsims=1000000000, octaves=False, outdir='simout/K_20000-C_0.01-0_x4', quiet=False, recording_period=100000)
Raw abundance dist - OrderedDict([(1, 15), (2, 15), (3, 13), (4, 12), (5, 6), (6, 7), (7, 5), (8, 5), (9, 3), (10, 8), (11, 5), (12, 6), (13, 6), (14, 4), (15, 4), (16, 4), (17, 7), (18, 5), (19, 9), (20, 4), (21, 4), (22, 8), (23, 4), (24, 5), (25, 2), (27, 1), (28, 1), (29, 4), (30, 3), (31, 2), (32, 5), (33, 4), (34, 4), (35, 2), (37, 4), (38, 2), (39, 2), (40, 3), (41, 2), (42, 3), (43, 2), (598, 1), (45, 1), (46, 3), (47, 3), (48, 1), (49, 2), (51, 2), (53, 1), (55, 2), (56, 1), (58, 1), (60, 3), (61, 1), (63, 3), (65, 1), (66, 1), (68, 2), (69, 1), (70, 4), (71, 1), (72, 1), (74, 2), (75, 1), (76, 1), (77, 1), (78, 1), (79, 1), (82, 2), (83, 2), (86, 2), (90, 2), (93, 3), (96, 2), (99, 2), (100, 3), (101, 1), (103, 1), (107, 1), (108, 1), (112, 1), (113, 1), (114, 2), (115, 2), (116, 1), (119, 1), (120, 2), (122, 1), (126, 1), (127, 1), (128, 1), (134, 2), (138, 1), (140, 1), (142, 1), (143, 1), (154, 1), (159, 2), (160, 1), (163, 2), (164, 1), (175, 1), (177, 1), (182, 1), (186, 1), (189, 1), (192, 1), (202, 1), (211, 1), (212, 1), (216, 1), (223, 1), (227, 1), (234, 1), (253, 1), (254, 1), (256, 1), (258, 1), (44, 1), (266, 1), (276, 1), (280, 1), (307, 1), (310, 1), (320, 1), (326, 1), (337, 1), (362, 1), (369, 1), (505, 1), (508, 1)])
Abundance in octaves - OrderedDict([(1, 15), (2, 28), (4, 30), (8, 41), (16, 63), (32, 58), (64, 53), (128, 29)])


Simulated Species Abundance Distribution
###############################################################################
||||||||||||||||||||||||||||||||||||||||||||||||||||||||||||||||||||||  15  1  
||||||||||||||||||||||||||||||||||||||||||||||||||||||||||||||||||||||  15  2  
||||||||||||||||||||||||||||||||||||||||||||||||||||||||||||            13  3  
||||||||||||||||||||||||||||||||||||||||||||||||||||||||                12  4  
||||||||||||||||||||||||||||                                             6  5  
||||||||||||||||||||||||||||||||                                         7  6  
|||||||||||||||||||||||                                                  5  7  
|||||||||||||||||||||||                                                  5  8  
||||||||||||||                                                           3  9  
|||||||||||||||||||||||||||||||||||||                                    8  10 
|||||||||||||||||||||||                                                  5  11 
||||||||||||||||||||||||||||                                             6  12 
||||||||||||||||||||||||||||                                             6  13 
||||||||||||||||||                                                       4  14 
||||||||||||||||||                                                       4  15 
||||||||||||||||||                                                       4  16 
||||||||||||||||||||||||||||||||                                         7  17 
|||||||||||||||||||||||                                                  5  18 
||||||||||||||||||||||||||||||||||||||||||                               9  19 
||||||||||||||||||                                                       4  20 
||||||||||||||||||                                                       4  21 
|||||||||||||||||||||||||||||||||||||                                    8  22 
||||||||||||||||||                                                       4  23 
|||||||||||||||||||||||                                                  5  24 
|||||||||                                                                2  25 
||||                                                                     1  27 
||||                                                                     1  28 
||||||||||||||||||                                                       4  29 
||||||||||||||                                                           3  30 
|||||||||                                                                2  31 
|||||||||||||||||||||||                                                  5  32 
||||||||||||||||||                                                       4  33 
||||||||||||||||||                                                       4  34 
|||||||||                                                                2  35 
||||||||||||||||||                                                       4  37 
|||||||||                                                                2  38 
|||||||||                                                                2  39 
||||||||||||||                                                           3  40 
|||||||||                                                                2  41 
||||||||||||||                                                           3  42 
|||||||||                                                                2  43 
||||                                                                     1  598
||||                                                                     1  45 
||||||||||||||                                                           3  46 
||||||||||||||                                                           3  47 
||||                                                                     1  48 
|||||||||                                                                2  49 
|||||||||                                                                2  51 
||||                                                                     1  53 
|||||||||                                                                2  55 
||||                                                                     1  56 
||||                                                                     1  58 
||||||||||||||                                                           3  60 
||||                                                                     1  61 
||||||||||||||                                                           3  63 
||||                                                                     1  65 
||||                                                                     1  66 
|||||||||                                                                2  68 
||||                                                                     1  69 
||||||||||||||||||                                                       4  70 
||||                                                                     1  71 
||||                                                                     1  72 
|||||||||                                                                2  74 
||||                                                                     1  75 
||||                                                                     1  76 
||||                                                                     1  77 
||||                                                                     1  78 
||||                                                                     1  79 
|||||||||                                                                2  82 
|||||||||                                                                2  83 
|||||||||                                                                2  86 
|||||||||                                                                2  90 
||||||||||||||                                                           3  93 
|||||||||                                                                2  96 
|||||||||                                                                2  99 
||||||||||||||                                                           3  100
||||                                                                     1  101
||||                                                                     1  103
||||                                                                     1  107
||||                                                                     1  108
||||                                                                     1  112
||||                                                                     1  113
|||||||||                                                                2  114
|||||||||                                                                2  115
||||                                                                     1  116
||||                                                                     1  119
|||||||||                                                                2  120
||||                                                                     1  122
||||                                                                     1  126
||||                                                                     1  127
||||                                                                     1  128
|||||||||                                                                2  134
||||                                                                     1  138
||||                                                                     1  140
||||                                                                     1  142
||||                                                                     1  143
||||                                                                     1  154
|||||||||                                                                2  159
||||                                                                     1  160
|||||||||                                                                2  163
||||                                                                     1  164
||||                                                                     1  175
||||                                                                     1  177
||||                                                                     1  182
||||                                                                     1  186
||||                                                                     1  189
||||                                                                     1  192
||||                                                                     1  202
||||                                                                     1  211
||||                                                                     1  212
||||                                                                     1  216
||||                                                                     1  223
||||                                                                     1  227
||||                                                                     1  234
||||                                                                     1  253
||||                                                                     1  254
||||                                                                     1  256
||||                                                                     1  258
||||                                                                     1  44 
||||                                                                     1  266
||||                                                                     1  276
||||                                                                     1  280
||||                                                                     1  307
||||                                                                     1  310
||||                                                                     1  320
||||                                                                     1  326
||||                                                                     1  337
||||                                                                     1  362
||||                                                                     1  369
||||                                                                     1  505
||||                                                                     1  508
###############################################################################

Species Name                    Col time    Loc Abund    Meta Abund      pi    pi_net     Dxy    S    S_island    pi_island    S_meta    pi_meta
----------------------------  ----------  -----------  ------------  ------  --------  ------  ---  ----------  -----------  --------  ---------
Phyllonorycter richteri             6487          224   158053.1100  0.0207    0.0075  0.0242   68           0       0.0000        68     0.0334
Schreckensteinia paludatus         85140            4     1059.6600  0.0053    0.0100  0.0100    8           0       0.0000         0     0.0000
Empoasca incertus                   2361          188    48638.2600  0.0063    0.0051  0.0087   20           1       0.0006        18     0.0067
Epicauta lasiolepis               173413           48    14511.2800  0.0092    0.0144  0.0160   16           0       0.0000         6     0.0032
Neophyllaphis ashtoni              25876          100    63980.1100  0.0106    0.0099  0.0152   30           0       0.0000        24     0.0107
Protocalliphora quadrcomyza        47554            8    13061.5800  0.0058    0.0089  0.0100   14           0       0.0000         7     0.0022
Crioceris yothersi                 79116            8     3087.3100  0.0043    0.0076  0.0079    7           0       0.0000         1     0.0006
fly auxiliaris                      8285           24    15571.6000  0.0057    0.0023  0.0067   18           0       0.0000        18     0.0089
Formica nigripes                   10939           12     3605.8800  0.0000    0.0000  0.0000    0           0       0.0000         0     0.0000
Ischnaspis barbita                 19978           88     4692.5100  0.0004    0.0002  0.0005    1           0       0.0000         1     0.0007
Empoasca caryaefoliae              30741          144    50123.1200  0.0128    0.0120  0.0185   32           0       0.0000        31     0.0129
Xenopsylla ashtoni                  1418          100    24969.5500  0.0011    0.0001  0.0011    7           0       0.0000         7     0.0021
fly stantoni                       50289           16     6150.6200  0.0019    0.0023  0.0030    4           0       0.0000         4     0.0014
Bruchophagus barbita               34530           56     8768.7100  0.0024    0.0010  0.0029    7           0       0.0000         7     0.0038
Saissetia trifolii                 27055           40    40926.4400  0.0021    0.0005  0.0024    9           0       0.0000         9     0.0037
Blattella caementarium              4952          104    74015.0500  0.0134    0.0089  0.0176   56           0       0.0000        55     0.0175
Blattella trifolii                 13393           84    22859.1800  0.0035    0.0019  0.0044   11           0       0.0000        10     0.0049
Trialeurodes sticticalis            4508          324   164411.6400  0.0064    0.0042  0.0084   22           0       0.0000        22     0.0083
Clastoptera californica             6933            8     9449.2600  0.0014    0.0018  0.0022    3           0       0.0000         2     0.0008
Brachycaudus melanderi             45688           16     5098.3000  0.0018    0.0018  0.0026    4           0       0.0000         3     0.0017
Solenopsis californica            265312            8     1789.8600  0.0086    0.0163  0.0163   13           0       0.0000         0     0.0000
Monellia tibialis                   7470           16     5756.4400  0.0018    0.0009  0.0023    5           0       0.0000         5     0.0028
Macrosteles cerasi                  8294           12    18817.1100  0.0076    0.0104  0.0125   15           0       0.0000        14     0.0042
Anthonomus retentus                13123           16    20536.6300  0.0028    0.0025  0.0040    6           0       0.0000         5     0.0029
Nomia megacephala                  19145           64    80420.3000  0.0154    0.0058  0.0181   64           0       0.0000        62     0.0246
Nesogonia festaliella             188708            4      521.0200  0.0105    0.0200  0.0200   16           0       0.0000         0     0.0000
Clastoptera crudus                 18132            4     4808.8000  0.0012    0.0008  0.0016    3           0       0.0000         3     0.0016
Aedes americana                    74612           48     1436.3800  0.0052    0.0092  0.0095    8           0       0.0000         1     0.0007
Acyrthosiphon pensylvanicus         4667          192    87222.7500  0.0089    0.0057  0.0116   23           0       0.0000        23     0.0119
Saissetia castanea                 91906           36    43906.5600  0.0250    0.0200  0.0345   55           0       0.0000        47     0.0290
Hypnoidus ornatrix                 28528           24     8928.7000  0.0062    0.0112  0.0115   11           0       0.0000         2     0.0005
Brachycaudus dentata                2990           32    17159.2300  0.0037    0.0033  0.0053   10           0       0.0000         8     0.0039
Bombus sticticalis                 56540           96    54752.3100  0.0080    0.0101  0.0127   22           0       0.0000        15     0.0054
Ptinus antennatum                 309821           12     3467.2100  0.0171    0.0325  0.0325   26           0       0.0000         0     0.0000
Acanthoscelides blackburni          2303          144    42225.6200  0.0057    0.0009  0.0061   39           0       0.0000        39     0.0105
Balclutha albopictus               10041          164    16112.9600  0.0022    0.0004  0.0024    9           0       0.0000         9     0.0039
Phenacoccus aspericollis            8160          260    60133.2800  0.0081    0.0069  0.0114   21           0       0.0000        20     0.0089
Ips americana                      17170           32    14531.2300  0.0015    0.0014  0.0021    5           0       0.0000         4     0.0015
Eumorpha ornatrix                  38508           32     5692.4700  0.0042    0.0048  0.0065    8           0       0.0000         7     0.0034
Hypnoidus longirostris             46050            4     1470.2300  0.0014    0.0025  0.0026    3           0       0.0000         1     0.0003
Tethida richteri                   97497           36    30865.0700  0.0071    0.0077  0.0107   21           0       0.0000        16     0.0062
Pachycondyla acutangulus           35548           36    50128.5000  0.0131    0.0145  0.0200   28           0       0.0000        24     0.0110
Podosesia postica                   2160           76    48611.1500  0.0038    0.0036  0.0055   10           0       0.0000         8     0.0038
Nuculaspis cerasi                  24525          220    89658.6900  0.0138    0.0078  0.0175   48           0       0.0000        48     0.0193
Grylloprociphilus paludatus        23803           24    14714.8300  0.0019    0.0002  0.0020   10           0       0.0000        10     0.0037
Acyrthosiphon roddi                45001           12     1559.3000  0.0000    0.0000  0.0000    0           0       0.0000         0     0.0000
Ips aceris                         16932           88    19197.8200  0.0055    0.0060  0.0084   13           0       0.0000        11     0.0048
Dermestes betulella                81117            4     9454.5500  0.0110    0.0201  0.0205   18           0       0.0000         2     0.0009
Torymus lasiolepis                246293           28     8858.1100  0.0135    0.0219  0.0239   23           0       0.0000         7     0.0040
Xylosandrus cerealella             61977          140    13692.6600  0.0032    0.0051  0.0056    7           0       0.0000         3     0.0011
Xylosandrus tibialis                4381          100    63366.5800  0.0021    0.0010  0.0026    6           0       0.0000         6     0.0032
Synanthedon ligustici              46237            4     1191.1900  0.0013    0.0025  0.0025    2           0       0.0000         0     0.0000
Empoasca tibialis                  13940           20     8935.8700  0.0035    0.0046  0.0056    7           0       0.0000         6     0.0021
Coleophora crudus                  70286           20    15315.9100  0.0038    0.0053  0.0064    9           0       0.0000         5     0.0021
Tethida catenifer                  60968            4      287.4900  0.0026    0.0050  0.0050    4           0       0.0000         0     0.0000
Corimelaena laevigatus             84938           12     1100.8900  0.0059    0.0112  0.0112    9           0       0.0000         0     0.0000
Epicauta araucariae                18899          132    44771.7000  0.0156    0.0159  0.0231   29           0       0.0000        25     0.0145
Phyllonorycter paludatus            1862          364   186131.2200  0.0307    0.0130  0.0369  104           0       0.0000       103     0.0477
Paradiplosis sticticalis           52635           12     2874.8900  0.0014    0.0025  0.0026    3           0       0.0000         1     0.0003
Nomia aureocincta                  20409           76    82036.2700  0.0065    0.0060  0.0094   16           0       0.0000        13     0.0068
Formica lectularius               109625           32    18045.5500  0.0117    0.0213  0.0217   20           0       0.0000         3     0.0009
Nomia aspericollis                 67105           24      586.8400  0.0019    0.0031  0.0034    3           0       0.0000         1     0.0006
Stenoma quadrigibbus               79838           72    29114.2900  0.0099    0.0108  0.0150   17           0       0.0000        14     0.0084
Corimelaena incertus               16150           52    17341.2500  0.0120    0.0206  0.0217   22           0       0.0000         6     0.0023
Scirtothrips nigripes              14878           84    10910.9500  0.0026    0.0027  0.0039    7           0       0.0000         5     0.0023
Mezium barda                      102935            4     6219.7800  0.0047    0.0064  0.0077    9           0       0.0000         5     0.0028
Trialeurodes postica              202128           12     5525.6600  0.0101    0.0188  0.0190   16           0       0.0000         1     0.0004
Dolichovespula nigripes            19482           48      571.6200  0.0026    0.0050  0.0050    4           0       0.0000         0     0.0000
Delia ashtoni                      36514           16    12490.2200  0.0029    0.0034  0.0045    7           0       0.0000         6     0.0021
Tischeria americana                11184            8     8732.2900  0.0014    0.0018  0.0022    3           0       0.0000         2     0.0008
Cacopsylla ocellus                 42456           16    45552.4500  0.0082    0.0019  0.0091   28           0       0.0000        28     0.0144
Colias uncatoides                 140325            4      838.4500  0.0050    0.0089  0.0093    8           0       0.0000         1     0.0007
Erynephala yothersi               164812            4      663.9000  0.0112    0.0213  0.0213   17           0       0.0000         0     0.0000
Coptosoma odorata                 406858            8     6289.4200  0.0260    0.0488  0.0491   40           0       0.0000         1     0.0006
fly syringae                       16541            8     1824.0900  0.0018    0.0028  0.0031    3           0       0.0000         1     0.0007
Phyllonorycter elotella           112867            8     1677.4300  0.0059    0.0112  0.0112    9           0       0.0000         0     0.0000
Paradiplosis tenellus             123163            4     1757.5400  0.0093    0.0173  0.0175   15           0       0.0000         2     0.0005
Tribolium incertus                 19429           24    10911.9700  0.0031    0.0024  0.0043    8           0       0.0000         8     0.0037
Cryptococcus imbricator             7241          260   206069.7300  0.0634    0.0751  0.0990  140           0       0.0000        97     0.0478
Dryocoetes egena                   23326          116    36564.3800  0.0127    0.0143  0.0195   28           0       0.0000        25     0.0104
Otiorhynchus aceris                 1152          116    45355.8600  0.0033    0.0026  0.0045   13           0       0.0000        13     0.0038
Tabanus tremuloidiella              8835           44    53296.4200  0.0069    0.0037  0.0086   22           0       0.0000        22     0.0099
Acinopterus egena                  22492           80    13285.7000  0.0041    0.0059  0.0069    8           0       0.0000         4     0.0020
Myndus sticticalis                  6821          164    64168.6200  0.0071    0.0063  0.0101   19           0       0.0000        16     0.0076
Altica serratella                   2002          372   116010.5900  0.0237    0.0215  0.0339   51           0       0.0000        50     0.0247
Formica terebrans                  46631           32    21319.8200  0.0045    0.0023  0.0056   11           0       0.0000        11     0.0067
Dermestes dentata                 107420            4     9268.2000  0.0049    0.0087  0.0090    9           0       0.0000         2     0.0005
Acrobasis betulella                10010          256    82466.5900  0.0085    0.0094  0.0130   23           0       0.0000        20     0.0072
Loxostege blackburni              560252           36     2481.4500  0.0331    0.0617  0.0624   51           0       0.0000         2     0.0013
Oligonychus aureocincta          2155685            8      484.3600  0.1270    0.2412  0.2412  193           0       0.0000         0     0.0000
Hermetia thrax                    177271           12    11520.1700  0.0112    0.0148  0.0182   21           0       0.0000        11     0.0068
Chrysomela audax                  150992           68    27944.5600  0.0113    0.0213  0.0214   18           0       0.0000         1     0.0003
Mythimna oleae                     17317            4    16939.3700  0.0023    0.0014  0.0030    6           0       0.0000         6     0.0032
Chrysomela longirostris             3202            8       23.2800  0.0007    0.0013  0.0013    1           0       0.0000         0     0.0000
Mezium vexabilis                    3174          120    60557.9900  0.0054    0.0020  0.0064   27           0       0.0000        26     0.0087
Papilio elotella                   28689            4     2414.9800  0.0049    0.0088  0.0091    8           0       0.0000         1     0.0006
Dichomeris sticticalis             81787           52    26585.6900  0.0104    0.0105  0.0154   28           0       0.0000        22     0.0098
Vespula pulicaria                  98460            8     8526.6500  0.0092    0.0165  0.0170   15           0       0.0000         2     0.0009
Tribolium cautella                 48200            8     5419.5100  0.0051    0.0080  0.0089   11           0       0.0000         7     0.0017
Solenopsis nigrifrons              11009          312    59673.1300  0.0043    0.0019  0.0053   19           0       0.0000        19     0.0066
Dolichovespula aspericollis        34524            8     4164.8100  0.0028    0.0050  0.0051    5           0       0.0000         1     0.0003
Epicauta maligna                   56838           28     6076.0900  0.0049    0.0081  0.0088    8           0       0.0000         2     0.0013
Leptothrips melanopygus            62110           64     4120.2300  0.0046    0.0066  0.0077   10           0       0.0000         5     0.0023
Phyllonorycter blackburni          19859           44    11011.2200  0.0010    0.0013  0.0016    2           0       0.0000         1     0.0006
Paradiplosis exigua                51242           24     4663.1900  0.0032    0.0044  0.0053    6           0       0.0000         3     0.0018
Ptinus cereralis                    1746           20    11415.1700  0.0026    0.0030  0.0040    5           0       0.0000         3     0.0020
Liriomyza florilega               106586           32    12424.8900  0.0079    0.0139  0.0145   14           0       0.0000         3     0.0013
Paradiplosis nigripes             389699            4     1921.9100  0.0172    0.0325  0.0326   27           0       0.0000         1     0.0003
Asphondylia californica            28629           24    15024.5000  0.0039    0.0068  0.0071    6           0       0.0000         1     0.0006
Phyllonorycter pensylvanicus      102241           36    11474.5700  0.0090    0.0129  0.0151   21           0       0.0000        14     0.0044
Tischeria ocellus                   2901          120   127428.3500  0.0156    0.0094  0.0200   39           0       0.0000        39     0.0212
Torymus pyriforme                1581073            4      115.7900  0.0750    0.1425  0.1425  114           0       0.0000         0     0.0000
Oligonychus unipuncta              10215            8     2128.3500  0.0009    0.0008  0.0013    2           0       0.0000         2     0.0009
Dryocoetes dentata                665908           72       20.9200  0.0322    0.0612  0.0612   49           0       0.0000         0     0.0000
Conotrachelus tremuloidiella       15614          180   112240.6300  0.0262    0.0171  0.0343   71           0       0.0000        71     0.0343
Conotrachelus aurantii             36008           20     8162.3000  0.0043    0.0050  0.0066   12           0       0.0000         9     0.0033
Altica lecontei                   275918           48     1549.9100  0.0184    0.0350  0.0350   28           0       0.0000         0     0.0000
Diaphorina ater                   134848          104     2454.3200  0.0049    0.0088  0.0090    9           0       0.0000         2     0.0005
Nabis aureocincta                  44748           12     1310.0900  0.0026    0.0050  0.0050    4           0       0.0000         0     0.0000
Caliothrips cerealella              8372           56    46707.2500  0.0043    0.0034  0.0059   13           0       0.0000        11     0.0050
Cacopsylla polyxenes               23008          116    15598.0000  0.0068    0.0048  0.0091   16           0       0.0000        14     0.0086
Nesogonia saltuella                12733           12     1924.3200  0.0020    0.0037  0.0037    3           0       0.0000         0     0.0000
Camponotus quadrigibbus            21399          128    40849.6400  0.0125    0.0199  0.0219   29           0       0.0000        14     0.0040
Nicrophorus cassidea               23669           16     3265.0900  0.0035    0.0047  0.0057    8           0       0.0000         5     0.0020
Saissetia quadrcomyza             518279            4     4906.3500  0.0269    0.0506  0.0509   41           0       0.0000         1     0.0006
fly pensylvanica                    3746           76    75670.0600  0.0159    0.0121  0.0216   47           0       0.0000        47     0.0191
Amphicerus nigripes                80366           16    15134.7000  0.0028    0.0044  0.0049    5           0       0.0000         2     0.0010
Clastoptera polyxenes              16076          136    63403.7400  0.0128    0.0038  0.0146   48           0       0.0000        48     0.0216
Nesogonia fennica                  25201           28    22271.6600  0.0064    0.0030  0.0079   20           0       0.0000        19     0.0097
Acyrthosiphon californica         120601           20    11696.6000  0.0126    0.0238  0.0239   20           0       0.0000         1     0.0003
Ataenius chinensis                  4271          268   158449.3700  0.0152    0.0075  0.0187   58           0       0.0000        58     0.0226
Callidium acuminata                 4418          124    98856.2800  0.0130    0.0051  0.0154   41           0       0.0000        41     0.0205
Tethida pennsylvanicus              1890           72    68782.1100  0.0071    0.0064  0.0101   14           0       0.0000        14     0.0074
Megachile tenellus                 72703            4     2189.0300  0.0017    0.0026  0.0029    3           0       0.0000         1     0.0006
Synanthedon malifoliella            3339          228   100473.8300  0.0097    0.0034  0.0112   37           0       0.0000        36     0.0158
Oligonychus serratella            108764           40     6606.7900  0.0055    0.0100  0.0102    9           0       0.0000         1     0.0004
Caliothrips barbita                 1812           48    52168.5100  0.0190    0.0150  0.0261   45           0       0.0000        45     0.0223
Colias nigripes                     2856          196   146244.9200  0.0130    0.0060  0.0159   47           0       0.0000        47     0.0197
Blattella websteri                 30639           20    32555.1000  0.0057    0.0051  0.0081   17           0       0.0000        15     0.0061
Hypnoidus californica              10751          168    57643.0000  0.0120    0.0066  0.0151   43           0       0.0000        42     0.0170
Hermetia stantoni                 271256           16      269.3400  0.0132    0.0250  0.0250   20           0       0.0000         0     0.0000
Anoplophora Ophiomyia              73730            8     4385.6200  0.0064    0.0113  0.0118   11           0       0.0000         2     0.0009
Cadra lasiolepis                  589976           44     5372.7400  0.0304    0.0567  0.0573   48           0       0.0000         3     0.0012
Dermatophagoides lecontei            278           12     6455.8900  0.0006    0.0008  0.0010    1           0       0.0000         1     0.0004
Myzus caryella                      2431          236   141477.3400  0.0249    0.0140  0.0315   76           0       0.0000        69     0.0350
Coleophora crotchi                 54660           48    18705.0800  0.0033    0.0024  0.0044   10           0       0.0000         9     0.0040
Dermestes fabricii                155153           20     5249.1800  0.0089    0.0156  0.0163   14           0       0.0000         2     0.0013
Utetheisa americanum               49815            4     1015.7900  0.0039    0.0075  0.0075    6           0       0.0000         0     0.0000
Enoclerus intrusus                 23058           84    47707.0300  0.0103    0.0063  0.0132   34           0       0.0000        31     0.0139
Macrosteles configurata            12515           32    28547.0500  0.0021    0.0003  0.0023   10           0       0.0000        10     0.0039
Haplothrips conjugella             78657           80    16036.7200  0.0077    0.0116  0.0131   16           0       0.0000         7     0.0031
Agrotis fennica                    20580           44     8491.2400  0.0019    0.0026  0.0031    4           0       0.0000         2     0.0010
Grylloprociphilus maligna         169418           36    14741.4600  0.0125    0.0226  0.0232   21           0       0.0000         3     0.0013
Gonioctena polyxenes                9049           12     9565.1600  0.0025    0.0029  0.0039    7           0       0.0000         6     0.0020
Neodiprion suppressalis            30665          156    67270.3600  0.0094    0.0081  0.0132   33           0       0.0000        29     0.0103
Anthonomus sordidus                74359           24    13319.6100  0.0068    0.0099  0.0115   14           0       0.0000         8     0.0032
Tethida retentus                    8148          136    45719.8300  0.0091    0.0042  0.0111   24           0       0.0000        23     0.0138
Camponotus bicaudatus              62142           72    19753.8600  0.0047    0.0051  0.0071   13           0       0.0000        10     0.0041
Dermacentor rotundata                151           96    46128.2400  0.0078    0.0054  0.0104   25           0       0.0000        23     0.0100
Callidium crotchi                  77811           20    12688.3000  0.0028    0.0046  0.0050    5           0       0.0000         2     0.0009
Phenacoccus angulatus              11617            4     5124.3700  0.0044    0.0060  0.0072    7           0       0.0000         5     0.0025
Neophyllaphis configurata          34162           92    38701.0500  0.0057    0.0053  0.0083   16           0       0.0000        13     0.0058
Cadra maligna                      26823           12     9016.5500  0.0020    0.0026  0.0033    6           0       0.0000         4     0.0014
Marmara dentata                    10539           12    21916.1000  0.0034    0.0026  0.0046   10           0       0.0000         9     0.0040
Monellia terebrans                 47505           20    30304.8500  0.0041    0.0039  0.0060   13           0       0.0000        12     0.0041
Maladera florilega                 39690           20     1387.4100  0.0007    0.0013  0.0013    1           0       0.0000         0     0.0000
Phyllobius chinensis               46192           20     8184.3800  0.0014    0.0025  0.0026    3           0       0.0000         1     0.0003
Epicauta abietis                  103913           16    11424.9300  0.0046    0.0076  0.0083    9           0       0.0000         3     0.0013
Asphondylia varians                70537           40    20738.0400  0.0043    0.0063  0.0073   11           0       0.0000         6     0.0019
Acizzia festaliella                 3496            4     6411.2400  0.0010    0.0006  0.0013    2           0       0.0000         2     0.0014
Xenopsylla configurata               542          600   253524.2200  0.0495    0.0384  0.0678  127           0       0.0000       123     0.0586
Dryocosmus barbita                 20498           72    16290.5600  0.0061    0.0059  0.0089   15           0       0.0000        12     0.0059
Phormia atratus                    29688          164   116299.5100  0.0100    0.0031  0.0115   41           0       0.0000        40     0.0168
Xylosandrus auxiliaris            177498           20     1147.1200  0.0120    0.0225  0.0226   19           0       0.0000         1     0.0003
Torymus rotundata                 780740           24     2255.7400  0.0434    0.0825  0.0825   66           0       0.0000         0     0.0000
Bombus pensylvanicus               97896           24     7428.5100  0.0069    0.0110  0.0121   12           0       0.0000         4     0.0022
Nuculaspis pulicaria               48122           16     5320.9500  0.0061    0.0104  0.0110   10           0       0.0000         2     0.0011
Acronicta farinae                   8970          160    99113.9600  0.0263    0.0201  0.0359   54           0       0.0000        53     0.0315
Trialeurodes ipsilon               78076            4      581.8500  0.0059    0.0112  0.0112    9           0       0.0000         0     0.0000
Toxoptera cassidea                  2682           80    64252.9800  0.0080    0.0044  0.0101   26           0       0.0000        26     0.0115
Periplaneta audax                  60979           24    14683.4800  0.0022    0.0015  0.0029    8           0       0.0000         7     0.0027
Eumorpha longirostris              89496           44     8565.5500  0.0079    0.0120  0.0136   15           0       0.0000         6     0.0032
Blattella florilega                98427            8     9896.3800  0.0029    0.0050  0.0052    6           0       0.0000         2     0.0005
Formica varians                    26683          204    62429.4800  0.0079    0.0033  0.0095   25           0       0.0000        24     0.0124
Dichomeris fabricii                33370           12     2148.9000  0.0007    0.0013  0.0013    1           0       0.0000         0     0.0000
Chrysomela postica                 29912           48    50923.4300  0.0045    0.0042  0.0065   16           0       0.0000        13     0.0047
Erynephala abbreviatus             29052           20    23038.5700  0.0028    0.0029  0.0041    8           0       0.0000         6     0.0025
Acinopterus compactus               8726          212    62288.4900  0.0027    0.0009  0.0031   13           0       0.0000        13     0.0044
Crioceris lecontei                 28398          116    62547.0200  0.0102    0.0065  0.0133   29           0       0.0000        26     0.0134
Chelymorpha cereralis              25255            8    14910.4900  0.0049    0.0044  0.0070   10           0       0.0000         8     0.0051
Nuculaspis oleae                  278264           24     6216.5500  0.0185    0.0339  0.0345   30           0       0.0000         3     0.0013
Trachelus configurata             258292            8     5441.8600  0.0135    0.0245  0.0251   23           0       0.0000         5     0.0013
Circulifer tumifex                285822            4     2473.3700  0.0125    0.0238  0.0238   19           0       0.0000         0     0.0000
Formica obscurus                   76391            4     1385.9500  0.0038    0.0067  0.0070    6           0       0.0000         1     0.0007
Xenopsylla odorata                287841           36    10119.5900  0.0151    0.0288  0.0288   23           0       0.0000         0     0.0000
Paradiplosis fasciatus             30117           36    28842.5300  0.0134    0.0156  0.0208   25           0       0.0000        24     0.0103
Formica albopictus                 12784           48    21385.2800  0.0021    0.0027  0.0034    5           0       0.0000         4     0.0014
Maladera catenifer                  4191          176   111570.4900  0.0273    0.0080  0.0311   91           0       0.0000        91     0.0463
Euzophera trifolii                 17521           72    29827.4500  0.0065    0.0062  0.0094   21           0       0.0000        18     0.0064
Maladera quadrigibbus               2189          280   113189.2000  0.0226    0.0103  0.0275   86           1       0.0004        82     0.0339
Enoclerus tabidus                   3284           36    16965.4600  0.0020    0.0018  0.0029    5           0       0.0000         5     0.0022
Diaphorina americanum              46999            4      518.3600  0.0007    0.0013  0.0013    1           0       0.0000         0     0.0000
Tischeria ephemeraeformis          61849           20     7411.9900  0.0008    0.0013  0.0014    2           0       0.0000         1     0.0003
Schizotetranychus achemon          71482            8    40808.7000  0.0134    0.0169  0.0214   25           0       0.0000        14     0.0090
Melitara clarioralis               41968            8     5883.9500  0.0041    0.0070  0.0074    7           0       0.0000         3     0.0008
Autoplusia pectoralis             270026            4     1142.1100  0.0151    0.0288  0.0288   23           0       0.0000         0     0.0000
Acyrthosiphon asahinai            444751          104     1715.1500  0.0259    0.0488  0.0490   40           0       0.0000         1     0.0004
Vespula pygmaeella                318316           16    10335.7700  0.0245    0.0436  0.0451   39           0       0.0000         5     0.0030
Dermacentor richteri              103844           20    17684.7500  0.0037    0.0063  0.0066    7           0       0.0000         2     0.0007
Spodoptera cereralis               34647          116    59994.2300  0.0082    0.0064  0.0112   22           0       0.0000        19     0.0096
Choreutis albopictus                4771          512   158355.2500  0.0292    0.0052  0.0316  191           1       0.0004       190     0.0524
Pentalonia unicolor                65287           40    22969.5300  0.0035    0.0058  0.0063    6           0       0.0000         2     0.0009
Clastoptera asahinai               24214           12    15703.0300  0.0036    0.0053  0.0061    8           0       0.0000         6     0.0017
Actebia polyxenes                  11570           44    21754.8500  0.0037    0.0023  0.0048   11           0       0.0000        10     0.0049
Gonioctena acutangulus              1457          508   218547.5400  0.0292    0.0089  0.0334  114           0       0.0000       113     0.0490
Dioryctria castanea               264978           12     5003.1100  0.0180    0.0338  0.0340   28           0       0.0000         1     0.0004
Otiorhynchus audax                 33698           72    30590.5700  0.0040    0.0027  0.0053   11           0       0.0000        10     0.0052
Oligonychus asparagi               17655           16     6394.7500  0.0022    0.0038  0.0040    4           0       0.0000         1     0.0004
Hypnoidus tumifex                 141292           24    12979.4500  0.0074    0.0120  0.0131   14           0       0.0000         7     0.0022
Euura cerealella                   69441            4    10503.1200  0.0057    0.0083  0.0096   13           0       0.0000         7     0.0027
Neophyllaphis cereralis            11064          112    45496.4500  0.0097    0.0108  0.0149   24           0       0.0000        17     0.0081
Grylloprociphilus pyri               800          124    65073.6100  0.0187    0.0169  0.0268   41           0       0.0000        37     0.0197
Ptinus tenellus                      230          128   141659.1700  0.0162    0.0226  0.0269   35           0       0.0000        18     0.0085
Leptothrips longirostris           89420           36     7498.2300  0.0053    0.0089  0.0095   10           0       0.0000         3     0.0012
Tabanus americana                  36725           56    34460.8800  0.0089    0.0086  0.0130   26           0       0.0000        22     0.0088
Agrotis araucariae                 85264           12      769.1900  0.0026    0.0050  0.0050    4           0       0.0000         0     0.0000
Toxoptera florilega                33859           52    20706.1800  0.0038    0.0022  0.0049   14           0       0.0000        13     0.0053
Crioceris humile                  225137            4     2522.4000  0.0130    0.0238  0.0242   21           0       0.0000         2     0.0008
Aedes bicaudatus                  349682           32     3298.2400  0.0220    0.0413  0.0415   35           0       0.0000         2     0.0005
Sceliphron ephemeraeformis           700          328   108686.2800  0.0378    0.0381  0.0559   99           0       0.0000        99     0.0356
Nuculaspis achemon                 28811           36    24917.0000  0.0043    0.0032  0.0057   14           0       0.0000        13     0.0052
Maruca farinae                    118435            8     2861.2100  0.0087    0.0163  0.0164   14           0       0.0000         1     0.0003
Camponotus xanthogrammtidae         5723          340   152044.4600  0.0188    0.0186  0.0276   52           0       0.0000        49     0.0180
Vespula acutangulus                46962           64    30036.5400  0.0079    0.0102  0.0127   17           0       0.0000        10     0.0051
Dichomeris pectoralis             130581            8     2458.2900  0.0107    0.0191  0.0198   17           0       0.0000         2     0.0013
Myzus asahinai                     73862            4     1755.3300  0.0043    0.0076  0.0079    7           0       0.0000         1     0.0006
Pegomya crotchi                    88985            4     8078.3700  0.0066    0.0114  0.0120   12           0       0.0000         3     0.0012
Acizzia melanopygus                86798            4     1470.8900  0.0035    0.0063  0.0065    6           0       0.0000         1     0.0004
Pealius vitrata                    31457            8    18402.7300  0.0112    0.0104  0.0161   22           0       0.0000        21     0.0114
Jonthonota dentata                 15555          100    72346.2600  0.0326    0.0225  0.0433   77           0       0.0000        76     0.0414
Anthonomus abietis                 94511           40     3129.4800  0.0059    0.0112  0.0112    9           0       0.0000         0     0.0000
Fenusa syringae                   562585           36       14.7900  0.0336    0.0638  0.0638   51           0       0.0000         0     0.0000
Alniphagus pectoralis              13781           44    58542.9700  0.0134    0.0103  0.0182   38           0       0.0000        32     0.0159
Otiorhynchus oleae                 77209           20    16365.6300  0.0064    0.0084  0.0104   14           0       0.0000        11     0.0039
Hypnoidus maligna                   1337          144    56581.8600  0.0068    0.0034  0.0084   20           0       0.0000        20     0.0100
Maladera lasiolepis               121142            4     2774.4600  0.0092    0.0175  0.0175   14           0       0.0000         0     0.0000
Tabanus rotundata                  89721            4     3854.0800  0.0022    0.0037  0.0040    5           0       0.0000         2     0.0005
Haemaphysalis Ophiomyia             9787           60    48190.3000  0.0054    0.0031  0.0069   18           0       0.0000        17     0.0076
Dendroctonus celarius              43998            8     3650.7000  0.0013    0.0025  0.0025    2           0       0.0000         0     0.0000
Chilo pectoralis                   80892            4     7341.3300  0.0044    0.0057  0.0071    9           0       0.0000         5     0.0029
Linepithema festaliella            15785           24     9878.2500  0.0015    0.0016  0.0023    3           0       0.0000         2     0.0013
Myzus chinensis                   293505           16     1372.8000  0.0164    0.0312  0.0312   25           0       0.0000         0     0.0000
Dermacentor sordidus              171543           16    13358.0600  0.0135    0.0224  0.0241   25           0       0.0000         8     0.0035
Pheidole aspericollis               6759          256    84730.1300  0.0105    0.0056  0.0131   41           0       0.0000        40     0.0150
Pheidole ligustici                 26724           80    33472.7200  0.0050    0.0040  0.0069   13           0       0.0000        11     0.0057
Bombus festaliella                 12141          308   122545.1800  0.0245    0.0162  0.0321   67           0       0.0000        67     0.0319
Cryptococcus obscurus              37420           44    20478.1700  0.0060    0.0050  0.0084   19           0       0.0000        19     0.0068
Nomia lineolatus                  160013           20    14356.1200  0.0128    0.0186  0.0216   28           0       0.0000        14     0.0060
Attagenus suppressalis             37823           40    20135.2000  0.0041    0.0040  0.0060   13           0       0.0000        11     0.0039
Oligonychus dentata                 3431          104    29484.6100  0.0025    0.0010  0.0030    6           0       0.0000         6     0.0040
Acinopterus puncticollis          790419           12      508.1000  0.0493    0.0938  0.0938   75           0       0.0000         0     0.0000
Pentalonia tibialis                22650           64    28321.4700  0.0026    0.0008  0.0030    9           0       0.0000         9     0.0044
Erynephala retentus                73501           16     5305.7300  0.0044    0.0076  0.0080    8           0       0.0000         2     0.0009
Argyresthia aureocincta             5779          116    72213.3700  0.0060    0.0064  0.0090   17           0       0.0000        13     0.0052
Colias clitus                      19452           92    65821.3900  0.0109    0.0067  0.0141   38           0       0.0000        36     0.0148
Atteva betulella                   81429           12    23183.8900  0.0087    0.0120  0.0144   18           0       0.0000         9     0.0048
Nuculaspis polyxenes                2991           44    17127.1700  0.0033    0.0020  0.0043    7           0       0.0000         7     0.0044
Formica maligna                   219154           16     6638.5900  0.0128    0.0238  0.0240   21           0       0.0000         2     0.0005
Nuculaspis ornatrix                 2623           20    13055.1000  0.0006    0.0001  0.0006    3           0       0.0000         3     0.0011
Erionota rotundata                157709           16     7454.4900  0.0049    0.0077  0.0085   11           0       0.0000         5     0.0017
Ptinus tumifex                      3108           64    12164.7600  0.0009    0.0003  0.0010    4           0       0.0000         4     0.0014
Dolichurus fabricii               164298           24     9211.7300  0.0074    0.0127  0.0134   14           0       0.0000         4     0.0014
Enoclerus trifolii                 74191           36    11775.9300  0.0057    0.0089  0.0099   13           0       0.0000         6     0.0020
Nicrophorus tabidus                61618           24    40264.3300  0.0090    0.0102  0.0139   22           0       0.0000        15     0.0074
Spodoptera dentata                 47548           20    16092.3600  0.0027    0.0019  0.0036    9           0       0.0000         8     0.0034
Acronicta uncatoides              236252            8     5207.8200  0.0178    0.0338  0.0338   27           0       0.0000         0     0.0000
Phormia celarius                  300977            4     1178.2600  0.0138    0.0262  0.0262   21           0       0.0000         0     0.0000
Coleophora exigua                   5542          284    99273.4800  0.0189    0.0078  0.0226   71           0       0.0000        70     0.0296
Fenusa semifuneralis               26878            4     2348.6300  0.0013    0.0025  0.0025    2           0       0.0000         0     0.0000
Neophyllaphis tabidus             102431           52     7550.1000  0.0073    0.0112  0.0126   13           0       0.0000         5     0.0029
Altica polyxenes                   16684           64     7075.5400  0.0016    0.0025  0.0028    4           0       0.0000         2     0.0005
Coleophora ligustici               40336           16    44642.2300  0.0056    0.0026  0.0069   20           0       0.0000        19     0.0085
Podosesia citri                    10956           28     6336.1300  0.0010    0.0004  0.0011    3           0       0.0000         3     0.0015
Trialeurodes eurytheme              2509           28     4321.7400  0.0025    0.0029  0.0039    6           0       0.0000         4     0.0019
Leptothrips citri                  90758            4     8440.2700  0.0051    0.0090  0.0094    8           0       0.0000         1     0.0007
Phenacoccus fasciatus              52519           72    25920.8600  0.0014    0.0014  0.0021    4           0       0.0000         3     0.0014
Autoplusia araucariae              18816           68    17650.6700  0.0044    0.0067  0.0076    9           0       0.0000         4     0.0018
Liriomyza asparagi                 31044          124    17578.1400  0.0037    0.0035  0.0054    9           0       0.0000         7     0.0038
Podosesia thrax                    29677           52    47717.8000  0.0102    0.0138  0.0167   31           0       0.0000        22     0.0058
Otiorhynchus pennsylvanicus        74058           20     7334.5400  0.0037    0.0043  0.0058    8           0       0.0000         5     0.0029
Haemaphysalis tremuloidiella       11353           28    18102.4400  0.0066    0.0055  0.0092   18           0       0.0000        15     0.0075
Coptosoma vexabilis                45714           64    10984.1100  0.0073    0.0056  0.0100   23           0       0.0000        21     0.0088
Pealius varians                   162956            4       73.9300  0.0053    0.0100  0.0100    8           0       0.0000         0     0.0000
Acizzia cassidea                  232205            8     3868.8000  0.0093    0.0175  0.0176   15           0       0.0000         1     0.0003
Nesogonia stantoni                 39012           60    15003.3400  0.0080    0.0087  0.0121   16           0       0.0000        11     0.0067
Cryptophagus aceris                26083            4     4263.6300  0.0014    0.0025  0.0026    3           1       0.0003         0     0.0000
Alphitobius asahinai               28782           36    38454.1800  0.0053    0.0051  0.0077   15           0       0.0000        12     0.0052
Jonthonota americana               72726            4     2795.6400  0.0023    0.0038  0.0041    4           0       0.0000         1     0.0006
Choreutis exsectoides               4158           76    58896.8800  0.0070    0.0042  0.0090   20           0       0.0000        19     0.0096
Erynephala semifuneralis           49968           24     6118.3400  0.0030    0.0051  0.0054    5           0       0.0000         1     0.0006
Erynephala chordeilis              19412           44    18829.0200  0.0041    0.0051  0.0065    8           0       0.0000         6     0.0027
Crioceris configurata            1013251           28      308.6000  0.0520    0.0988  0.0988   79           0       0.0000         0     0.0000
Nuculaspis vexabilis               55878           32     7326.4000  0.0046    0.0059  0.0074   10           0       0.0000         6     0.0030
Pegomya floridensis                24329           36    24230.2600  0.0086    0.0115  0.0140   17           0       0.0000        16     0.0051
Erionota eurytheme                108402           24    21006.1300  0.0066    0.0113  0.0120   13           0       0.0000         4     0.0014
Oligonychus unicolor               71114           24    10775.9700  0.0063    0.0107  0.0114   11           0       0.0000         3     0.0014
Anoplophora tibialis                6893           20    16038.7800  0.0005    0.0000  0.0005    4           0       0.0000         4     0.0010
Chrysomela lecontei               124464            4     3103.0200  0.0039    0.0075  0.0075    6           0       0.0000         0     0.0000
Dioryctria floridensis            218844           84    23461.3000  0.0146    0.0238  0.0259   25           0       0.0000         8     0.0042
Oligonychus andraemon              34151          216    96598.7200  0.0149    0.0047  0.0171   62           0       0.0000        60     0.0249
Tabanus variabilis                 13593           96    37785.7800  0.0143    0.0058  0.0170   41           0       0.0000        40     0.0225
Dermatophagoides pariana             866          104    33470.7700  0.0025    0.0005  0.0028    9           0       0.0000         9     0.0044
Tischeria thrax                    75945           32    13984.4900  0.0082    0.0130  0.0144   16           0       0.0000         6     0.0028
Actebia puncticollis               80139            8     5983.8000  0.0037    0.0063  0.0066    7           0       0.0000         2     0.0007
Loxostege serratella              119661           12    11447.5000  0.0067    0.0106  0.0117   13           0       0.0000         5     0.0023
Liriomyza pomi                    279057            8      420.8800  0.0178    0.0338  0.0338   27           0       0.0000         0     0.0000
Monellia eurytheme                  2743            4     7068.5100  0.0017    0.0025  0.0029    4           0       0.0000         2     0.0007
Autoplusia achemon                 40704           20    13564.1800  0.0042    0.0060  0.0070    8           0       0.0000         8     0.0020
Schizotetranychus americanus      304150           20     3648.4100  0.0190    0.0354  0.0358   29           0       0.0000         1     0.0007
Ascalapha tenellus                 16956          184    15685.0000  0.0034    0.0032  0.0049    9           1       0.0007         6     0.0027
Haplothrips asahinai               20718           20    19985.5900  0.0028    0.0009  0.0033   12           0       0.0000        12     0.0048
Ischnaspis audax                    1777           20    12378.5100  0.0010    0.0009  0.0014    2           0       0.0000         2     0.0010
Amphicerus regina                  19997          160    68428.8700  0.0226    0.0116  0.0281   77           0       0.0000        77     0.0331
Delta crotchi                      12645           24    15615.2800  0.0012    0.0014  0.0019    3           0       0.0000         2     0.0009
Bombus aspericollis                56749            4     5088.1000  0.0042    0.0075  0.0077    8           0       0.0000         2     0.0005
Dolichovespula consobrina          86510            8     7056.6600  0.0087    0.0143  0.0155   15           0       0.0000         4     0.0024
Hypnoidus terebrans                33623           28    14574.2100  0.0125    0.0238  0.0238   19           0       0.0000         0     0.0000
Coptosoma barbita                  24502          108    44008.9300  0.0037    0.0010  0.0041   14           0       0.0000        14     0.0063
Brachycaudus antennatum           233553           40    15313.1500  0.0135    0.0239  0.0249   23           0       0.0000         4     0.0019
Brachycaudus exigua              1322512           40     1559.7400  0.0769    0.1454  0.1457  117           0       0.0000         1     0.0007
Dichomeris acuminata               10947            8     5064.3400  0.0022    0.0038  0.0040    4           0       0.0000         1     0.0004
Nabis cautella                    326990           16     3273.0300  0.0180    0.0338  0.0340   28           0       0.0000         1     0.0004