step 100000
[4 0 0 0 0 0 0 0 0 0]
[122   0   1   0   0   0   0   0   0   0]
[60  0  0  0  0  0  0  0  0  0]
[19  0  0  0  0  0  0  0  0  0]
[6 0 0 0 0 0 0 0 0 0]
[5 0 0 0 0 0 0 0 0 0]
[1 0 0 0 0 0 0 0 0 0]
[2 0 0 0 0 0 0 0 0 0]
[0 0 0 0 0 0 0 0 0 0]
[0 0 0 0 0 0 0 0 0 1]

step 200000
[1 0 0 0 0 0 0 0 0 0]
[155   0   0   0   0   0   0   0   0   0]
[79  0  0  0  0  0  0  0  0  0]
[29  1  0  0  0  0  0  0  0  0]
[6 0 0 0 0 0 0 0 0 0]
[1 0 0 0 0 0 0 0 0 0]
[3 0 0 0 0 0 0 0 0 0]
[0 0 0 0 0 0 0 0 0 0]
[1 0 0 0 0 0 0 0 0 1]
[1 0 0 0 0 0 0 0 0 0]

step 300000
[1 0 0 0 0 0 0 0 0 0]
[208   2   0   0   0   0   0   0   0   0]
[48  0  0  0  0  0  1  0  0  1]
[9 0 0 0 0 0 0 0 0 0]
[1 1 0 0 0 0 0 0 0 0]
[0 0 0 0 0 0 0 0 0 0]
[1 0 0 0 0 0 0 0 0 0]
[1 0 0 0 0 0 0 0 0 0]
[0 0 0 0 0 0 0 0 0 0]
[0 1 0 0 0 0 0 0 0 0]

step 400000
[4 0 0 0 0 0 0 0 0 0]
[184   1   0   0   0   0   0   0   0   0]
[74  2  0  0  0  0  1  0  0  0]
[21  0  0  0  0  0  0  0  0  1]
[3 0 0 0 0 0 0 0 0 0]
[3 0 0 0 0 0 0 0 0 0]
[0 0 0 0 0 0 0 0 0 0]
[1 0 0 0 0 0 0 0 0 0]
[0 0 0 0 0 0 0 0 0 0]
[2 1 0 0 0 0 0 0 0 0]

step 500000
[2 0 0 0 0 0 0 0 0 0]
[163   1   1   0   0   0   0   0   0   0]
[88  2  0  0  0  0  0  0  0  0]
[29  0  0  0  0  0  0  0  0  0]
[7 0 0 0 0 0 0 0 0 0]
[5 0 0 0 0 0 0 0 0 0]
[1 0 0 0 0 0 0 0 0 1]
[0 0 0 0 0 0 0 0 0 0]
[0 0 0 0 0 0 0 0 0 0]
[1 1 0 0 0 0 0 0 0 0]

step 600000
[1 0 0 0 0 0 0 0 0 0]
[246   1   2   0   0   0   0   0   0   1]
[41  0  1  0  0  0  0  0  0  0]
[12  0  1  0  0  0  0  0  0  0]
[2 0 1 0 0 0 0 0 0 0]
[0 0 0 1 0 0 0 0 0 0]
[1 0 0 0 0 0 0 0 0 0]
[0 0 0 0 0 0 0 0 0 0]
[0 0 0 0 0 0 0 0 0 0]
[1 0 0 0 0 0 0 0 0 0]

step 700000
[4 0 0 0 0 0 0 0 0 0]
[279   0   0   1   0   1   1   0   0   0]
[17  0  0  0  0  0  0  0  0  0]
[1 0 0 0 0 0 0 0 0 0]
[0 0 0 0 0 0 0 0 0 0]
[0 0 0 0 0 0 0 0 0 0]
[0 0 0 0 0 0 0 0 0 0]
[0 0 0 0 0 0 0 0 0 0]
[0 0 0 0 0 0 0 0 0 0]
[0 0 0 0 0 0 0 0 0 1]

step 800000
[0 0 0 0 0 0 0 0 0 0]
[229   2   0   0   0   0   0   0   0   1]
[56  0  0  0  0  0  0  0  0  0]
[8 0 0 0 0 0 0 0 0 0]
[4 0 0 0 0 0 0 0 0 0]
[1 0 0 0 0 0 0 0 0 0]
[0 0 0 0 0 0 0 0 0 0]
[0 0 0 0 0 0 0 0 0 0]
[0 0 1 0 0 0 0 0 0 0]
[1 0 0 0 0 0 0 0 0 0]

step 900000
[1 0 0 0 0 0 0 0 0 0]
[229   5   0   0   0   0   0   0   0   0]
[47  3  0  0  0  0  0  0  0  1]
[9 0 0 0 0 0 0 0 0 0]
[9 0 0 0 0 0 0 0 0 0]
[2 0 0 0 0 0 0 0 0 0]
[0 0 0 0 0 0 0 0 0 0]
[0 0 0 0 0 0 0 0 0 0]
[0 0 0 0 0 0 0 0 0 0]
[0 1 0 0 0 0 0 0 0 0]

step 1000000
[2 0 0 0 0 0 0 0 0 0]
[176   0   0   0   2   0   0   0   0   0]
[78  0  0  0  0  0  0  0  0  2]
[26  0  0  0  0  0  0  0  0  0]
[5 0 0 0 0 0 0 0 0 0]
[4 0 0 0 0 0 0 0 0 0]
[3 0 0 0 0 0 0 0 0 0]
[2 0 0 0 0 0 0 0 0 0]
[0 0 0 0 0 0 0 0 0 0]
[1 0 0 0 0 0 0 0 0 1]

step 1100000
[3 0 0 0 0 0 0 0 0 0]
[211   5   0   0   0   0   0   0   0   1]
[57  0  0  0  0  0  0  0  0  0]
[20  0  0  0  0  0  0  0  0  0]
[4 1 0 0 0 0 0 0 0 0]
[4 0 0 0 0 0 0 0 0 0]
[2 0 0 0 0 0 0 0 0 0]
[1 0 0 0 0 0 0 0 0 0]
[0 0 0 0 0 0 0 0 0 0]
[1 0 0 0 0 0 0 0 0 0]

step 1200000
[4 0 0 0 0 0 0 0 0 0]
[256   1   0   0   0   0   0   0   0   1]
[42  0  0  0  0  0  0  0  0  1]
[6 0 0 0 0 0 0 0 0 0]
[6 0 0 0 0 0 0 0 0 0]
[2 0 0 0 0 0 0 0 0 0]
[0 0 0 0 0 0 0 0 0 0]
[0 0 0 0 0 0 0 0 0 0]
[0 0 0 0 0 0 0 0 0 0]
[1 0 0 0 0 0 0 0 0 0]

step 1300000
[0 0 0 0 0 0 0 0 0 0]
[253   6   0   0   0   0   0   0   0   0]
[40  1  0  0  0  0  0  0  0  0]
[6 0 0 0 0 0 0 0 0 1]
[4 0 0 0 0 0 0 0 0 0]
[0 0 0 0 0 0 0 0 0 0]
[0 0 0 0 0 0 0 0 0 0]
[0 0 0 0 0 0 0 0 0 0]
[0 0 0 0 0 0 0 0 0 0]
[0 1 0 0 0 0 0 0 0 0]

step 1400000
[5 0 0 0 0 0 0 0 0 0]
[254   0   0   0   2   0   0   0   3   2]
[40  0  0  0  0  0  0  0  0  0]
[7 0 0 0 0 0 0 0 0 0]
[0 0 0 0 0 0 0 0 0 0]
[0 0 0 0 0 0 0 0 0 0]
[0 0 0 0 0 0 0 0 0 0]
[0 0 0 0 0 0 0 0 0 0]
[0 0 0 0 0 0 0 0 0 0]
[1 0 0 0 0 0 0 0 0 0]

step 1500000
[3 0 0 0 0 0 0 0 0 0]
[251   5   1   0   0   0   0   0   0   1]
[45  0  0  0  0  0  0  0  0  0]
[5 0 0 0 0 0 0 0 0 0]
[2 1 0 0 0 0 0 0 0 0]
[0 0 0 0 0 0 0 0 0 0]
[0 0 1 0 0 0 0 0 0 0]
[1 0 0 0 0 0 0 0 0 0]
[0 0 0 0 0 0 0 0 0 0]
[0 1 0 0 0 0 0 0 0 0]

step 1600000
[1 0 0 0 0 0 0 0 0 0]
[260   0   0   0   2   0   2   0   0   1]
[33  0  0  0  0  0  0  0  0  0]
[8 0 0 0 0 0 0 0 0 0]
[1 0 0 0 0 0 0 0 0 0]
[0 0 0 0 0 0 0 0 0 0]
[0 0 0 0 0 0 0 0 0 0]
[0 0 0 0 0 0 0 0 0 0]
[0 0 0 0 0 0 0 0 0 0]
[1 0 0 0 0 0 0 0 0 0]

step 1700000
[2 0 0 0 0 0 0 0 0 0]
[219   0   0   0   3   0   2   0   0   0]
[56  0  0  0  0  0  0  0  1  0]
[9 0 0 0 0 0 0 0 0 1]
[6 0 0 0 1 0 0 0 0 0]
[2 0 0 0 0 0 0 0 0 0]
[0 0 0 0 0 0 0 0 0 0]
[0 0 0 0 0 0 0 0 0 0]
[0 0 0 0 0 0 0 0 0 0]
[1 0 0 0 0 0 0 0 0 0]

step 1800000
[3 0 0 0 0 0 0 0 0 0]
[258   0   0   0   0   0   2   0   0   2]
[38  0  0  0  0  0  0  0  0  0]
[6 0 0 0 0 0 0 0 0 1]
[2 0 0 0 0 0 0 0 0 0]
[1 0 0 0 0 0 0 0 0 0]
[0 0 0 0 0 0 0 0 0 0]
[0 0 0 0 0 0 0 0 0 0]
[0 0 0 0 0 0 0 0 0 0]
[1 0 0 0 0 0 0 0 0 0]

step 1900000
[6 0 0 0 0 0 0 0 0 0]
[228   8   0   0   0   0   0   0   0   0]
[44  1  0  0  0  0  0  0  0  1]
[10  0  0  0  0  0  0  0  0  0]
[6 0 0 0 0 0 0 0 0 0]
[3 0 0 0 0 0 0 0 0 0]
[0 0 0 0 0 0 0 0 0 0]
[0 0 0 0 0 0 0 0 0 0]
[0 0 0 0 0 0 0 0 0 0]
[1 0 0 0 0 0 0 0 0 0]

step 2000000
[1 0 0 0 0 0 0 0 0 0]
[264   0   0   0   3   0   0   0   1   2]
[34  0  0  0  0  0  0  0  0  0]
[10  0  0  0  0  0  0  0  0  0]
[1 0 0 0 0 0 0 0 0 0]
[2 0 0 0 0 0 0 0 0 0]
[0 0 0 0 0 0 0 0 0 0]
[0 0 0 0 0 0 0 0 0 0]
[0 0 0 0 0 0 0 0 0 0]
[1 0 0 0 0 0 0 0 0 0]

step 2100000
[3 0 0 0 0 0 0 0 0 0]
[283   7   0   0   0   0   0   0   0   2]
[22  1  0  0  0  0  0  0  0  0]
[6 1 0 0 0 0 0 0 0 0]
[1 0 0 0 0 0 0 0 0 0]
[0 0 0 0 0 0 0 0 0 0]
[0 0 0 0 0 0 0 0 0 0]
[0 0 0 0 0 0 0 0 0 0]
[0 0 0 0 0 0 0 0 0 0]
[1 0 0 0 0 0 0 0 0 0]

step 2200000
[6 0 0 0 0 0 0 0 0 0]
[277   0   1   2   2   0   0   0   0   0]
[24  0  0  1  1  0  0  0  0  1]
[10  0  0  0  0  0  0  0  0  0]
[3 0 0 0 0 0 0 0 0 0]
[0 0 0 0 0 0 0 0 0 0]
[0 0 0 0 0 0 0 0 0 0]
[0 0 0 0 0 0 0 0 0 0]
[0 0 0 0 0 0 0 0 0 0]
[1 0 0 0 0 0 0 0 0 0]

step 2300000
[5 0 0 0 0 0 0 0 0 0]
[299   9   0   0   0   1   0   0   0   0]
[9 0 0 0 0 0 0 0 0 1]
[2 0 0 0 0 0 0 0 0 0]
[1 0 0 0 0 0 0 0 0 0]
[0 0 0 0 0 0 0 0 0 0]
[0 0 0 0 0 0 0 0 0 0]
[0 0 0 0 0 0 0 0 0 0]
[0 0 0 0 0 0 0 0 0 0]
[1 0 0 0 0 0 0 0 0 0]

step 2400000
[6 0 0 0 0 0 0 0 0 0]
[282   6   1   0   0   0   0   0   0   0]
[25  1  0  0  0  0  0  0  0  1]
[5 0 0 0 0 0 0 0 0 0]
[2 0 0 0 0 0 0 0 0 0]
[1 0 0 0 0 0 0 0 0 0]
[0 0 0 0 0 0 0 0 0 0]
[0 0 0 0 0 0 0 0 0 0]
[0 0 0 0 0 0 0 0 0 0]
[1 0 0 0 0 0 0 0 0 0]

step 2500000
[2 0 0 0 0 0 0 0 0 0]
[280   4   4   0   0   0   1   0   0   1]
[27  0  1  0  0  0  0  0  0  0]
[3 0 0 0 0 0 0 0 0 0]
[3 0 0 0 0 0 0 0 0 0]
[0 0 0 0 0 0 0 0 0 0]
[0 0 0 0 0 0 0 0 0 0]
[0 0 0 0 0 0 0 0 0 0]
[0 0 0 0 0 0 0 0 0 0]
[1 0 0 0 0 0 0 0 0 0]

step 2600000
[3 0 0 0 0 0 0 0 0 0]
[301   3   0   0   0   0   0   0   0   1]
[14  0  0  0  0  0  0  0  0  0]
[1 0 0 0 0 0 0 0 0 0]
[1 0 0 0 0 0 0 0 0 0]
[0 0 0 0 0 0 0 0 0 0]
[0 0 0 0 0 0 0 0 0 0]
[0 0 0 0 0 0 0 0 0 0]
[0 0 0 0 0 0 0 0 0 0]
[1 0 0 0 0 0 0 0 0 0]

step 2700000
[2 0 0 0 0 0 0 0 0 0]
[297   0   0   1   0   3   0   0   2   0]
[13  0  0  0  0  0  0  0  0  1]
[3 0 0 0 0 0 0 0 0 0]
[0 0 0 0 0 0 0 0 0 0]
[1 0 0 0 0 0 0 0 0 0]
[0 0 0 0 0 0 0 0 0 0]
[0 0 0 0 0 0 0 0 0 0]
[0 0 0 0 0 0 0 0 0 0]
[1 0 0 0 0 0 0 0 0 0]

step 2800000
[3 0 0 0 0 0 0 0 0 0]
[295   7   0   0   0   0   0   0   0   1]
[14  1  0  0  0  0  0  0  0  0]
[4 0 0 0 0 0 0 0 0 0]
[1 0 0 0 0 0 0 0 0 0]
[1 0 0 0 0 0 0 0 0 0]
[0 0 0 0 0 0 0 0 0 0]
[0 0 0 0 0 0 0 0 0 0]
[0 0 0 0 0 0 0 0 0 0]
[1 0 0 0 0 0 0 0 0 0]

step 2900000
[3 0 0 0 0 0 0 0 0 0]
[295   0   0   0   0   0   0   0   0   2]
[27  0  0  0  0  0  1  0  0  0]
[0 0 0 0 0 0 0 0 0 0]
[4 0 0 0 0 0 0 0 0 0]
[0 0 0 0 0 0 0 0 0 0]
[0 0 0 0 0 0 0 0 0 0]
[0 0 0 0 0 0 0 0 0 0]
[0 0 0 0 0 0 0 0 0 0]
[1 0 0 0 0 0 0 0 0 0]

step 3000000
[3 0 0 0 0 0 0 0 0 0]
[296   0   2   3   2   0   0   0   0   1]
[14  0  0  0  0  0  0  0  0  0]
[2 0 0 0 0 0 0 0 0 0]
[1 0 0 0 0 0 0 0 0 0]
[0 0 0 0 0 0 0 0 0 0]
[0 0 0 0 0 0 0 0 0 0]
[0 0 0 0 0 0 0 0 0 0]
[0 0 0 0 0 0 0 0 0 0]
[1 0 0 0 0 0 0 0 0 0]

step 3100000
[2 0 0 0 0 0 0 0 0 0]
[287   0   0   0   2   0   3   0   1   1]
[6 0 0 0 0 0 1 0 0 0]
[2 0 0 0 0 0 0 0 0 0]
[0 0 0 0 0 0 0 0 0 0]
[0 0 0 0 0 0 0 0 0 0]
[0 0 0 0 0 0 0 0 0 0]
[0 0 0 0 0 0 0 0 0 0]
[0 0 0 0 0 0 0 0 0 0]
[1 0 0 0 0 0 0 0 0 0]

step 3200000
[1 0 0 0 0 0 0 0 0 0]
[293   6   4   0   0   0   0   0   0   1]
[7 0 0 0 0 0 0 0 0 0]
[0 0 0 0 0 0 0 0 0 0]
[1 0 0 0 0 0 0 0 0 0]
[0 0 0 0 0 0 0 0 0 0]
[0 0 0 0 0 0 0 0 0 0]
[0 0 0 0 0 0 0 0 0 0]
[0 0 0 0 0 0 0 0 0 0]
[1 0 0 0 0 0 0 0 0 0]

step 3300000
[6 0 0 0 0 0 0 0 0 0]
[290  10   0   0   0   0   0   0   0   1]
[17  2  0  0  0  0  0  0  0  0]
[1 0 0 0 0 0 0 0 0 0]
[0 0 0 0 0 0 0 0 0 0]
[1 0 0 0 0 0 0 0 0 0]
[0 0 0 0 0 0 0 0 0 0]
[0 0 0 0 0 0 0 0 0 0]
[0 0 0 0 0 0 0 0 0 0]
[1 0 0 0 0 0 0 0 0 0]

step 3400000
[3 0 0 0 0 0 0 0 0 0]
[284   8   1   0   0   0   0   0   0   1]
[20  0  0  0  0  0  0  0  0  0]
[2 0 0 0 0 0 0 0 0 0]
[1 0 0 0 0 0 0 0 0 0]
[0 0 0 0 0 0 0 0 0 0]
[0 0 0 0 0 0 0 0 0 0]
[0 0 0 0 0 0 0 0 0 0]
[0 0 0 0 0 0 0 0 0 0]
[1 0 0 0 0 0 0 0 0 0]

step 3500000
[2 0 0 0 0 0 0 0 0 0]
[285   4   4   0   0   1   0   0   0   1]
[12  1  0  1  0  0  0  0  0  0]
[2 0 0 0 0 0 0 0 0 0]
[0 0 0 0 0 0 0 0 0 0]
[0 0 0 0 0 0 0 0 0 0]
[0 0 0 0 0 0 0 0 0 0]
[0 0 0 0 0 0 0 0 0 0]
[0 0 0 0 0 0 0 0 0 0]
[1 0 0 0 0 0 0 0 0 0]

step 3600000
[7 0 0 0 0 0 0 0 0 0]
[294   7   0   0   0   0   0   0   0   1]
[17  1  0  0  0  0  0  0  0  0]
[1 0 0 0 0 0 0 0 0 0]
[0 0 0 0 0 0 0 0 0 0]
[0 0 0 0 0 0 0 0 0 0]
[0 0 0 0 0 0 0 0 0 0]
[0 0 0 0 0 0 0 0 0 0]
[0 0 0 0 0 0 0 0 0 0]
[1 0 0 0 0 0 0 0 0 0]

step 3700000
[2 0 0 0 0 0 0 0 0 0]
[294   0   2   1   1   2   0   0   0   1]
[13  0  0  0  0  1  0  0  0  0]
[0 0 0 0 0 0 0 0 0 0]
[0 0 0 0 0 0 0 0 0 0]
[0 0 0 0 0 0 0 0 0 0]
[0 0 0 0 0 0 0 0 0 0]
[0 0 0 0 0 0 0 0 0 0]
[0 0 0 0 0 0 0 0 0 0]
[1 0 0 0 0 0 0 0 0 0]

step 3800000
[4 0 0 0 0 0 0 0 0 0]
[293   8   0   0   0   0   0   0   0   1]
[17  0  0  0  0  0  0  0  0  0]
[3 0 0 0 0 0 0 0 0 0]
[1 0 0 0 0 0 0 0 0 0]
[0 0 0 0 0 0 0 0 0 0]
[0 0 0 0 0 0 0 0 0 0]
[0 0 0 0 0 0 0 0 0 0]
[0 0 0 0 0 0 0 0 0 0]
[1 0 0 0 0 0 0 0 0 0]

step 3900000
[1 0 0 0 0 0 0 0 0 0]
[295   5   0   0   0   0   0   0   0   1]
[11  1  0  0  0  0  0  0  0  0]
[0 0 0 0 0 0 0 0 0 0]
[0 0 0 0 0 0 0 0 0 0]
[0 0 0 0 0 0 0 0 0 0]
[0 0 0 0 0 0 0 0 0 0]
[0 0 0 0 0 0 0 0 0 0]
[0 0 0 0 0 0 0 0 0 0]
[1 0 0 0 0 0 0 0 0 0]

step 4000000
[0 0 0 0 0 0 0 0 0 0]
[0 0 0 0 0 0 0 0 0 0]
[0 0 0 0 0 0 0 0 0 0]
[0 0 0 0 0 0 0 0 0 0]
[0 0 0 0 0 0 0 0 0 0]
[0 0 0 0 0 0 0 0 0 0]
[0 0 0 0 0 0 0 0 0 0]
[0 0 0 0 0 0 0 0 0 0]
[0 0 0 0 0 0 0 0 0 0]
[0 0 0 0 0 0 0 0 0 1]

step 4100000
[4 0 0 0 0 0 0 0 0 0]
[223   0   1   0   0   0   0   0   0   1]
[1 0 0 0 0 0 0 0 0 0]
[0 0 0 0 0 0 0 0 0 0]
[0 0 0 0 0 0 0 0 0 0]
[0 0 0 0 0 0 0 0 0 0]
[0 0 0 0 0 0 0 0 0 0]
[0 0 0 0 0 0 0 0 0 0]
[0 0 0 0 0 0 0 0 0 0]
[1 0 0 0 0 0 0 0 0 0]

step 4200000
[1 0 0 0 0 0 0 0 0 0]
[254   4   0   1   1   0   0   0   0   1]
[4 1 0 0 0 0 0 0 0 0]
[1 0 0 0 0 0 0 0 0 0]
[0 0 0 0 0 0 0 0 0 0]
[0 0 0 0 0 0 0 0 0 0]
[0 0 0 0 0 0 0 0 0 0]
[0 0 0 0 0 0 0 0 0 0]
[0 0 0 0 0 0 0 0 0 0]
[1 0 0 0 0 0 0 0 0 0]

step 4300000
[3 0 0 0 0 0 0 0 0 0]
[271   5   0   0   0   0   0   0   0   1]
[2 0 0 0 0 0 0 0 0 0]
[0 0 0 0 0 0 0 0 0 0]
[0 0 0 0 0 0 0 0 0 0]
[0 0 0 0 0 0 0 0 0 0]
[0 0 0 0 0 0 0 0 0 0]
[0 0 0 0 0 0 0 0 0 0]
[0 0 0 0 0 0 0 0 0 0]
[1 0 0 0 0 0 0 0 0 0]

step 4400000
[3 0 0 0 0 0 0 0 0 0]
[266   0   1   2   3   1   0   1   0   1]
[3 0 0 1 0 0 0 0 0 0]
[0 0 0 0 0 0 0 0 0 0]
[0 0 0 0 0 0 0 0 0 0]
[0 0 0 0 0 0 0 0 0 0]
[0 0 0 0 0 0 0 0 0 0]
[0 0 0 0 0 0 0 0 0 0]
[0 0 0 0 0 0 0 0 0 0]
[0 0 0 0 0 1 0 0 0 0]

step 4500000
[5 0 0 0 0 0 0 0 0 0]
[284   1   0   0   0   0   0   0   0   1]
[3 0 0 0 0 0 0 0 0 0]
[0 0 0 0 0 0 0 0 0 0]
[0 0 0 0 0 0 0 0 0 0]
[0 0 0 0 0 0 0 0 0 0]
[0 0 0 0 0 0 0 0 0 0]
[0 0 0 0 0 0 0 0 0 0]
[0 0 0 0 0 0 0 0 0 0]
[0 1 0 0 0 0 0 0 0 0]

step 4600000
[8 0 0 0 0 0 0 0 0 0]
[275   5   0   0   0   0   0   0   0   1]
[6 0 0 0 0 0 0 0 0 0]
[0 0 0 0 0 0 0 0 0 0]
[0 0 0 0 0 0 0 0 0 0]
[0 0 0 0 0 0 0 0 0 0]
[0 0 0 0 0 0 0 0 0 0]
[0 0 0 0 0 0 0 0 0 0]
[0 0 0 0 0 0 0 0 0 0]
[1 0 0 0 0 0 0 0 0 0]

step 4700000
[3 0 0 0 0 0 0 0 0 0]
[295   8   0   0   0   0   0   0   0   0]
[0 0 0 0 0 0 0 0 0 1]
[0 0 0 0 0 0 0 0 0 0]
[0 0 0 0 0 0 0 0 0 0]
[0 0 0 0 0 0 0 0 0 0]
[0 0 0 0 0 0 0 0 0 0]
[0 0 0 0 0 0 0 0 0 0]
[0 0 0 0 0 0 0 0 0 0]
[1 0 0 0 0 0 0 0 0 0]

step 4800000
[3 0 0 0 0 0 0 0 0 0]
[306   0   0   0   2   0   1   0   0   1]
[4 0 0 0 0 0 0 0 0 0]
[0 0 0 0 0 0 0 0 0 0]
[0 0 0 0 0 0 0 0 0 0]
[0 0 0 0 0 0 0 0 0 0]
[0 0 0 0 0 0 0 0 0 0]
[0 0 0 0 0 0 0 0 0 0]
[0 0 0 0 0 0 0 0 0 0]
[1 0 0 0 0 0 0 0 0 0]

step 4900000
[2 0 0 0 0 0 0 0 0 0]
[293   6   0   0   0   0   0   0   0   1]
[5 1 0 0 0 0 0 0 0 0]
[1 0 0 0 0 0 0 0 0 0]
[0 0 0 0 0 0 0 0 0 0]
[0 0 0 0 0 0 0 0 0 0]
[0 0 0 0 0 0 0 0 0 0]
[0 0 0 0 0 0 0 0 0 0]
[0 0 0 0 0 0 0 0 0 0]
[1 0 0 0 0 0 0 0 0 0]

step 5000000
[6 0 0 0 0 0 0 0 0 0]
[286   0   0   0   2   0   0   0   0   2]
[7 0 0 0 0 0 0 0 0 0]
[0 0 0 0 0 0 0 0 0 0]
[0 0 0 0 0 0 0 0 0 0]
[0 0 0 0 0 0 0 0 0 0]
[0 0 0 0 0 0 0 0 0 0]
[0 0 0 0 0 0 0 0 0 0]
[0 0 0 0 0 0 0 0 0 0]
[1 0 0 0 0 0 0 0 0 0]

step 5100000
[1 0 0 0 0 0 0 0 0 0]
[290   0   0   2   0   2   0   0   0   1]
[7 0 0 0 0 0 0 0 0 0]
[0 0 0 0 0 1 0 0 0 0]
[0 0 0 0 0 0 0 0 0 0]
[0 0 0 0 0 0 0 0 0 0]
[0 0 0 0 0 0 0 0 0 0]
[0 0 0 0 0 0 0 0 0 0]
[0 0 0 0 0 0 0 0 0 0]
[1 0 0 0 0 0 0 0 0 0]

step 5200000
[2 0 0 0 0 0 0 0 0 0]
[298   1   0   0   1   0   0   0   0   1]
[6 0 0 0 0 0 0 0 0 0]
[0 0 0 0 0 0 0 0 0 0]
[0 0 0 0 0 0 0 0 0 0]
[0 0 0 0 0 0 0 0 0 0]
[0 0 0 0 0 0 0 0 0 0]
[0 0 0 0 0 0 0 0 0 0]
[0 0 0 0 0 0 0 0 0 0]
[1 0 0 0 0 0 0 0 0 0]

step 5300000
[2 0 0 0 0 0 0 0 0 0]
[291   9   1   0   0   0   0   0   0   1]
[3 1 0 0 0 0 0 0 0 0]
[0 0 0 0 0 0 0 0 0 0]
[0 0 0 0 0 0 0 0 0 0]
[0 0 0 0 0 0 0 0 0 0]
[0 0 0 0 0 0 0 0 0 0]
[0 0 0 0 0 0 0 0 0 0]
[0 0 0 0 0 0 0 0 0 0]
[1 0 0 0 0 0 0 0 0 0]

step 5400000
[1 0 0 0 0 0 0 0 0 0]
[288   8   0   0   0   0   0   0   0   1]
[6 0 0 0 0 0 0 0 0 0]
[1 0 0 0 0 0 0 0 0 0]
[0 0 0 0 0 0 0 0 0 0]
[0 0 0 0 0 0 0 0 0 0]
[0 0 0 0 0 0 0 0 0 0]
[0 0 0 0 0 0 0 0 0 0]
[0 0 0 0 0 0 0 0 0 0]
[1 0 0 0 0 0 0 0 0 0]

step 5500000
[2 0 0 0 0 0 0 0 0 0]
[295   0   0   4   0   0   2   1   0   1]
[6 0 0 0 0 0 0 1 0 0]
[1 0 0 0 0 0 0 0 0 0]
[0 0 0 0 0 0 0 0 0 0]
[0 0 0 0 0 0 0 0 0 0]
[0 0 0 0 0 0 0 0 0 0]
[0 0 0 0 0 0 0 0 0 0]
[0 0 0 0 0 0 0 0 0 0]
[1 0 0 0 0 0 0 0 0 0]

step 5600000
[3 0 0 0 0 0 0 0 0 0]
[306   0   0   0   1   0   5   0   2   2]
[4 0 0 0 0 0 0 0 0 0]
[0 0 0 0 0 0 0 0 0 0]
[0 0 0 0 0 0 0 0 0 0]
[0 0 0 0 0 0 0 0 0 0]
[0 0 0 0 0 0 0 0 0 0]
[0 0 0 0 0 0 0 0 0 0]
[0 0 0 0 0 0 0 0 0 0]
[1 0 0 0 0 0 0 0 0 0]

step 5700000
[2 0 0 0 0 0 0 0 0 0]
[294   6   0   0   0   0   1   0   0   1]
[6 0 0 0 0 0 0 0 0 0]
[0 0 0 0 0 0 0 0 0 0]
[0 0 0 0 0 0 0 0 0 0]
[0 0 0 0 0 0 0 0 0 0]
[0 0 0 0 0 0 0 0 0 0]
[0 0 0 0 0 0 0 0 0 0]
[0 0 0 0 0 0 0 0 0 0]
[1 0 0 0 0 0 0 0 0 0]

step 5800000
[3 0 0 0 0 0 0 0 0 0]
[308   0   0   0   5   0   0   0   0   0]
[6 0 0 0 0 0 0 0 0 1]
[0 0 0 0 0 0 0 0 0 0]
[0 0 0 0 0 0 0 0 0 0]
[0 0 0 0 0 0 0 0 0 0]
[0 0 0 0 0 0 0 0 0 0]
[0 0 0 0 0 0 0 0 0 0]
[0 0 0 0 0 0 0 0 0 0]
[1 0 0 0 0 0 0 0 0 0]

step 5900000
[3 0 0 0 0 0 0 0 0 0]
[300   0   0   1   0   1   0   3   1   1]
[4 0 0 0 0 0 0 0 0 0]
[2 0 0 0 0 0 0 0 0 0]
[0 0 0 0 0 0 0 0 0 0]
[0 0 0 0 0 0 0 0 0 0]
[0 0 0 0 0 0 0 0 0 0]
[0 0 0 0 0 0 0 0 0 0]
[0 0 0 0 0 0 0 0 0 0]
[1 0 0 0 0 0 0 0 0 0]

step 6000000
[1 0 0 0 0 0 0 0 0 0]
[311   7   0   0   1   0   0   0   0   1]
[5 0 0 0 0 0 0 0 0 0]
[1 0 0 0 0 0 0 0 0 0]
[0 0 0 0 0 0 0 0 0 0]
[0 0 0 0 0 0 0 0 0 0]
[0 0 0 0 0 0 0 0 0 0]
[0 0 0 0 0 0 0 0 0 0]
[0 0 0 0 0 0 0 0 0 0]
[1 0 0 0 0 0 0 0 0 0]

step 6100000
[4 0 0 0 0 0 0 0 0 0]
[304   0   0   0   1   0   2   0   0   1]
[2 0 0 0 0 0 0 0 0 0]
[1 0 0 0 0 0 0 0 0 0]
[0 0 0 0 0 0 0 0 0 0]
[0 0 0 0 0 0 0 0 0 0]
[0 0 0 0 0 0 0 0 0 0]
[0 0 0 0 0 0 0 0 0 0]
[0 0 0 0 0 0 0 0 0 0]
[1 0 0 0 0 0 0 0 0 0]

step 6200000
[2 0 0 0 0 0 0 0 0 0]
[312   4   1   1   0   0   0   0   0   1]
[3 0 0 0 0 0 0 0 0 0]
[0 0 0 0 0 0 0 0 0 0]
[0 0 0 0 0 0 0 0 0 0]
[0 0 0 0 0 0 0 0 0 0]
[0 0 0 0 0 0 0 0 0 0]
[0 0 0 0 0 0 0 0 0 0]
[0 0 0 0 0 0 0 0 0 0]
[0 1 0 0 0 0 0 0 0 0]

step 6300000
[6 0 0 0 0 0 0 0 0 0]
[318   7   0   0   0   0   0   0   0   1]
[3 0 0 0 0 0 0 0 0 0]
[2 0 0 0 0 0 0 0 0 0]
[0 0 0 0 0 0 0 0 0 0]
[0 0 0 0 0 0 0 0 0 0]
[0 0 0 0 0 0 0 0 0 0]
[0 0 0 0 0 0 0 0 0 0]
[0 0 0 0 0 0 0 0 0 0]
[1 0 0 0 0 0 0 0 0 0]

step 6400000
[3 0 0 0 0 0 0 0 0 0]
[300   8   3   0   0   0   0   0   0   1]
[7 0 0 0 0 0 0 0 0 0]
[2 0 0 0 0 0 0 0 0 0]
[0 0 0 0 0 0 0 0 0 0]
[0 0 0 0 0 0 0 0 0 0]
[0 0 0 0 0 0 0 0 0 0]
[0 0 0 0 0 0 0 0 0 0]
[0 0 0 0 0 0 0 0 0 0]
[1 0 0 0 0 0 0 0 0 0]

step 6500000
[2 0 0 0 0 0 0 0 0 0]
[308   6   0   0   0   0   0   0   0   1]
[1 0 0 0 0 0 0 0 0 0]
[1 0 0 0 0 0 0 0 0 0]
[0 0 0 0 0 0 0 0 0 0]
[0 0 0 0 0 0 0 0 0 0]
[0 0 0 0 0 0 0 0 0 0]
[0 0 0 0 0 0 0 0 0 0]
[0 0 0 0 0 0 0 0 0 0]
[1 0 0 0 0 0 0 0 0 0]

step 6600000
[6 0 0 0 0 0 0 0 0 0]
[263   0   0   0   0   0   0   0   0   1]
[41  0  0  0  1  0  0  0  1  0]
[4 0 0 0 0 0 0 1 0 0]
[3 0 0 0 0 0 0 0 0 0]
[2 0 0 0 0 0 0 0 0 0]
[2 0 0 0 0 0 0 0 0 0]
[0 0 0 0 0 0 0 0 0 0]
[0 0 0 0 0 0 0 0 0 0]
[1 0 0 0 0 0 0 0 0 0]

step 6700000
[1 0 0 0 0 0 0 0 0 0]
[265   0   0   0   2   0   3   0   0   1]
[27  0  0  0  0  0  0  0  0  0]
[7 0 0 0 0 0 0 0 0 0]
[2 0 0 0 0 0 0 0 0 0]
[2 0 0 0 0 0 0 0 0 0]
[0 0 0 0 0 0 0 0 0 0]
[1 0 0 0 0 0 0 0 0 0]
[0 0 0 0 0 0 0 0 0 0]
[1 0 0 0 0 0 0 0 0 0]

step 6800000
[5 0 0 0 0 0 0 0 0 0]
[252  11   0   0   1   1   0   0   0   1]
[40  3  0  0  0  0  0  0  0  0]
[8 0 0 0 0 0 0 0 0 0]
[4 0 0 0 0 0 0 0 0 0]
[1 0 0 0 0 0 0 0 0 0]
[2 0 0 0 0 0 0 0 0 0]
[0 0 0 0 0 0 0 0 0 0]
[0 0 0 0 0 0 0 0 0 0]
[1 0 0 0 0 0 0 0 0 0]

step 6900000
[2 0 0 0 0 0 0 0 0 0]
[253   0   0   0   2   0   2   0   1   2]
[51  0  0  0  2  0  2  0  0  0]
[7 0 0 0 0 0 1 0 0 0]
[3 0 0 0 0 0 0 0 0 0]
[1 0 0 0 0 0 0 0 0 0]
[0 0 0 0 0 0 0 0 0 0]
[2 0 0 0 0 0 0 0 0 0]
[0 0 0 0 0 0 0 0 0 0]
[1 0 0 0 0 0 0 0 0 0]

