######### results #######
##### Summary of posterior distribution #####
##### Psi (= number of possible divtimes) #####

### Posterior probability table with local multinomial logit regression.
                     1          2            3            4            5
posterior.p 0.00000000 0.00000000 3.635833e-21 2.536461e-14 5.845179e-06
prior.p     0.02020502 0.01959302 1.994402e-02 1.977302e-02 1.944902e-02
                     6            7           8            9          10
posterior.p 0.06579802 2.170138e-06 0.002981559 1.159046e-05 0.001194211
prior.p     0.01914302 1.980902e-02 0.020385020 1.980002e-02 0.020754021
                     11           12           13           14           15
posterior.p 0.001207907 6.562441e-08 4.608713e-05 2.278024e-05 1.313161e-05
prior.p     0.020340020 2.035802e-02 1.982702e-02 1.981802e-02 1.983602e-02
                      16           17           18           19           20
posterior.p 1.401291e-06 2.939158e-12 1.141828e-27 1.700245e-08 2.086208e-06
prior.p     2.037602e-02 1.965602e-02 1.976402e-02 2.015102e-02 2.076302e-02
                      21           22           23         24           25
posterior.p 5.143115e-08 6.881609e-23 4.955366e-18 0.92871058 2.310754e-18
prior.p     2.015102e-02 2.019602e-02 1.983602e-02 0.01980902 2.000702e-02
                      26           27           28           29           30
posterior.p 5.266252e-11 7.546604e-19 5.317519e-07 5.937397e-16 5.524424e-08
prior.p     2.003402e-02 2.009702e-02 2.021402e-02 1.975502e-02 1.908002e-02
                      31           32           33           34           35
posterior.p 5.008621e-07 1.037362e-11 5.678752e-11 7.727203e-10 1.312076e-06
prior.p     2.020502e-02 2.022302e-02 1.946702e-02 2.045702e-02 1.971902e-02
                      36           37         38           39           40
posterior.p 2.231999e-10 1.053475e-10 0.00000000 3.981944e-08 6.911419e-11
prior.p     1.992602e-02 1.993502e-02 0.02092502 1.993502e-02 1.996202e-02
                    41         42           43         44         45         46
posterior.p 0.00000000 0.00000000 5.203168e-08 0.00000000 0.00000000 0.00000000
prior.p     0.02035802 0.02055602 2.019602e-02 0.02003402 0.01986302 0.01986302
                    47         48         49         50
posterior.p 0.00000000 0.00000000 0.00000000 0.00000000
prior.p     0.01867502 0.02028602 0.01963802 0.02085302

## Mode (from local multinomial logit regression):
[1] "24"
## Mean/Median  (from local multinomial logit regression):
    mean   median 
22.73434 24.00000 

### The above results should be better than simple rejection method below.

### Posterior probability table with SIMPLE rejection method, NO REGRESSION.
                     1          2          3          4          5          6
posterior.p 0.00000000 0.00000000 0.02502503 0.05305305 0.06906907 0.06506507
prior.p     0.02020502 0.01959302 0.01994402 0.01977302 0.01944902 0.01914302
                     7          8          9         10         11         12
posterior.p 0.06206206 0.08408408 0.06806807 0.05605606 0.06206206 0.05305305
prior.p     0.01980902 0.02038502 0.01980002 0.02075402 0.02034002 0.02035802
                    13         14         15         16         17         18
posterior.p 0.05505506 0.04104104 0.04604605 0.04604605 0.03903904 0.02902903
prior.p     0.01982702 0.01981802 0.01983602 0.02037602 0.01965602 0.01976402
                    19         20         21         22         23         24
posterior.p 0.01601602 0.01901902 0.01301301 0.01701702 0.01501502 0.01101101
prior.p     0.02015102 0.02076302 0.02015102 0.02019602 0.01983602 0.01980902
                     25          26         27          28          29
posterior.p 0.007007007 0.006006006 0.01001001 0.005005005 0.003003003
prior.p     0.020007020 0.020034020 0.02009702 0.020214020 0.019755020
                     30          31          32          33          34
posterior.p 0.002002002 0.006006006 0.003003003 0.001001001 0.004004004
prior.p     0.019080019 0.020205020 0.020223020 0.019467019 0.020457020
                     35          36          37         38          39
posterior.p 0.001001001 0.001001001 0.001001001 0.00000000 0.001001001
prior.p     0.019719020 0.019926020 0.019935020 0.02092502 0.019935020
                     40         41         42          43         44         45
posterior.p 0.001001001 0.00000000 0.00000000 0.003003003 0.00000000 0.00000000
prior.p     0.019962020 0.02035802 0.02055602 0.020196020 0.02003402 0.01986302
                    46         47         48         49         50
posterior.p 0.00000000 0.00000000 0.00000000 0.00000000 0.00000000
prior.p     0.01986302 0.01867502 0.02028602 0.01963802 0.02085302

## Mode (from simple rejection):
[1] "8"
## Mean/Median (from simple rejection)
    mean   median 
12.12513 11.00000 

##### Summary of posterior distribution #####
##### var.t  #####
### Mode
INFO: loc1stats: difference in log(prob. density) between the max (mode) and the ends of confidence interval (at p=0.95) is 0.002901008.
MODE:
[1] 0.04545793
### Mean/Median
      mean     median 
0.04556642 0.04561958 
### 95 % quantile
      2.5%      97.5% 
0.03347922 0.05815304 
### 95% Highest Postererior Density (HPD) interval
[1] 0.03265821 0.05721627

##### Summary of posterior distribution #####
##### E.t (= E(t)) #####
### Mode
INFO: loc1stats: difference in log(prob. density) between the max (mode) and the ends of confidence interval (at p=0.95) is 0.005772215.
MODE:
[1] 0.3696691
### Mean/Median
     mean    median 
0.3711111 0.3711801 
### 95 % quantile
     2.5%     97.5% 
0.3423376 0.3964966 
### 95% Highest Postererior Density (HPD) interval
[1] 0.3429082 0.3967038

##### Summary of posterior distribution #####
##### omega (=Var(t)/E(t)) #####
### Mode
INFO: loc1stats: difference in log(prob. density) between the max (mode) and the ends of confidence interval (at p=0.95) is 0.007890173.
MODE:
[1] 0.1246318
### Mean/Median
     mean    median 
0.1220858 0.1222338 
### 95 % quantile
      2.5%      97.5% 
0.09536534 0.15138659 
### 95% Highest Postererior Density (HPD) interval
[1] 0.09589061 0.15211383

######### end of results #######
