Parameters - Namespace(K=20000, colonizers=4, colrate=0.001, force=False, meta='metacommunity_LS4.txt', mode='volcanic', nsims=1000000000, octaves=False, outdir='simout/K_20000-C_0.001-0_x4', quiet=False, recording_period=100000)
Raw abundance dist - OrderedDict([(1, 5), (2, 3), (3, 3), (4, 2), (5, 7), (6, 3), (7, 2), (8, 4), (9, 2), (11, 2), (12, 1), (13, 6), (14, 2), (15, 2), (16, 2), (17, 3), (19, 2), (20, 1), (22, 2), (24, 1), (25, 3), (26, 2), (28, 1), (29, 3), (32, 1), (34, 1), (35, 2), (36, 1), (38, 1), (39, 3), (552, 1), (41, 3), (42, 3), (43, 3), (44, 1), (47, 1), (48, 1), (49, 1), (50, 1), (56, 1), (573, 1), (65, 1), (69, 2), (582, 1), (73, 1), (74, 1), (76, 1), (77, 2), (78, 1), (79, 1), (83, 1), (85, 1), (90, 1), (91, 2), (93, 1), (96, 2), (99, 1), (619, 1), (109, 1), (531, 1), (116, 1), (128, 1), (129, 1), (130, 1), (133, 1), (136, 1), (142, 1), (656, 1), (148, 1), (155, 1), (156, 1), (157, 1), (160, 1), (162, 1), (164, 1), (165, 1), (166, 1), (176, 1), (201, 1), (205, 1), (210, 1), (217, 1), (225, 1), (235, 1), (246, 1), (247, 1), (271, 1), (283, 1), (297, 1), (304, 1), (307, 1), (315, 1), (323, 1), (332, 1), (333, 1), (1080, 1), (339, 1), (343, 1), (351, 1), (353, 1), (365, 1), (882, 1), (382, 1), (406, 1), (432, 1), (478, 1), (508, 1)])
Abundance in octaves - OrderedDict([(1, 5), (2, 6), (4, 14), (8, 19), (16, 20), (32, 24), (64, 21)])


Simulated Species Abundance Distribution
###############################################################################
||||||||||||||||||||||||||||||||||||||||||||||||||                      5  1   
||||||||||||||||||||||||||||||                                          3  2   
||||||||||||||||||||||||||||||                                          3  3   
||||||||||||||||||||                                                    2  4   
||||||||||||||||||||||||||||||||||||||||||||||||||||||||||||||||||||||  7  5   
||||||||||||||||||||||||||||||                                          3  6   
||||||||||||||||||||                                                    2  7   
||||||||||||||||||||||||||||||||||||||||                                4  8   
||||||||||||||||||||                                                    2  9   
||||||||||||||||||||                                                    2  11  
||||||||||                                                              1  12  
||||||||||||||||||||||||||||||||||||||||||||||||||||||||||||            6  13  
||||||||||||||||||||                                                    2  14  
||||||||||||||||||||                                                    2  15  
||||||||||||||||||||                                                    2  16  
||||||||||||||||||||||||||||||                                          3  17  
||||||||||||||||||||                                                    2  19  
||||||||||                                                              1  20  
||||||||||||||||||||                                                    2  22  
||||||||||                                                              1  24  
||||||||||||||||||||||||||||||                                          3  25  
||||||||||||||||||||                                                    2  26  
||||||||||                                                              1  28  
||||||||||||||||||||||||||||||                                          3  29  
||||||||||                                                              1  32  
||||||||||                                                              1  34  
||||||||||||||||||||                                                    2  35  
||||||||||                                                              1  36  
||||||||||                                                              1  38  
||||||||||||||||||||||||||||||                                          3  39  
||||||||||                                                              1  552 
||||||||||||||||||||||||||||||                                          3  41  
||||||||||||||||||||||||||||||                                          3  42  
||||||||||||||||||||||||||||||                                          3  43  
||||||||||                                                              1  44  
||||||||||                                                              1  47  
||||||||||                                                              1  48  
||||||||||                                                              1  49  
||||||||||                                                              1  50  
||||||||||                                                              1  56  
||||||||||                                                              1  573 
||||||||||                                                              1  65  
||||||||||||||||||||                                                    2  69  
||||||||||                                                              1  582 
||||||||||                                                              1  73  
||||||||||                                                              1  74  
||||||||||                                                              1  76  
||||||||||||||||||||                                                    2  77  
||||||||||                                                              1  78  
||||||||||                                                              1  79  
||||||||||                                                              1  83  
||||||||||                                                              1  85  
||||||||||                                                              1  90  
||||||||||||||||||||                                                    2  91  
||||||||||                                                              1  93  
||||||||||||||||||||                                                    2  96  
||||||||||                                                              1  99  
||||||||||                                                              1  619 
||||||||||                                                              1  109 
||||||||||                                                              1  531 
||||||||||                                                              1  116 
||||||||||                                                              1  128 
||||||||||                                                              1  129 
||||||||||                                                              1  130 
||||||||||                                                              1  133 
||||||||||                                                              1  136 
||||||||||                                                              1  142 
||||||||||                                                              1  656 
||||||||||                                                              1  148 
||||||||||                                                              1  155 
||||||||||                                                              1  156 
||||||||||                                                              1  157 
||||||||||                                                              1  160 
||||||||||                                                              1  162 
||||||||||                                                              1  164 
||||||||||                                                              1  165 
||||||||||                                                              1  166 
||||||||||                                                              1  176 
||||||||||                                                              1  201 
||||||||||                                                              1  205 
||||||||||                                                              1  210 
||||||||||                                                              1  217 
||||||||||                                                              1  225 
||||||||||                                                              1  235 
||||||||||                                                              1  246 
||||||||||                                                              1  247 
||||||||||                                                              1  271 
||||||||||                                                              1  283 
||||||||||                                                              1  297 
||||||||||                                                              1  304 
||||||||||                                                              1  307 
||||||||||                                                              1  315 
||||||||||                                                              1  323 
||||||||||                                                              1  332 
||||||||||                                                              1  333 
||||||||||                                                              1  1080
||||||||||                                                              1  339 
||||||||||                                                              1  343 
||||||||||                                                              1  351 
||||||||||                                                              1  353 
||||||||||                                                              1  365 
||||||||||                                                              1  882 
||||||||||                                                              1  382 
||||||||||                                                              1  406 
||||||||||                                                              1  432 
||||||||||                                                              1  478 
||||||||||                                                              1  508 
###############################################################################

Species Name                         Col time    Loc Abund    Meta Abund      pi    pi_net     Dxy    S    S_island    pi_island    S_meta    pi_meta
---------------------------------  ----------  -----------  ------------  ------  --------  ------  ---  ----------  -----------  --------  ---------
Argyresthia ambiens                     44070          168   158053.1100  0.0244    0.0286  0.0380   59           0       0.0000        52     0.0188
Chelymorpha suppressalis               766278           80    48638.2600  0.0493    0.0889  0.0914   84           0       0.0000        15     0.0050
Grylloprociphilus acuminata             89744           48    14511.2800  0.0082    0.0130  0.0144   15           0       0.0000         5     0.0027
Tribolium blackburni                   400789           40    63980.1100  0.0283    0.0439  0.0491   56           0       0.0000        23     0.0105
Schizotetranychus tenellus             892416           40    13061.5800  0.0410    0.0765  0.0772   65           0       0.0000         4     0.0014
Schreckensteinia xanthogrammtidae     4118160           80     3087.3100  0.2304    0.4375  0.4376  351           0       0.0000         1     0.0003
Acanthoscelides tumifex                 45619           44    50123.1200  0.0062    0.0045  0.0084   28           0       0.0000        26     0.0078
Dermatophagoides thrax                 195552          156    74015.0500  0.0314    0.0429  0.0517   66           0       0.0000        56     0.0177
Coptosoma nigripes                     894018          144    22859.1800  0.0499    0.0923  0.0936   79           0       0.0000         6     0.0027
Acinopterus pensylvanica                12754           76   164411.6400  0.0315    0.0329  0.0471   75           0       0.0000        73     0.0285
Solenopsis crataegella                   2310           20    80420.3000  0.0172    0.0172  0.0254   49           0       0.0000        49     0.0163
Cadra suppressalis                     284421           36    87222.7500  0.0206    0.0172  0.0288   47           0       0.0000        39     0.0231
Colias conjugella                      578200          100     8928.7000  0.0338    0.0579  0.0613   57           0       0.0000        12     0.0067
Acinopterus pulicaria                  786978           24    17159.2300  0.0494    0.0911  0.0925   78           1       0.0007         5     0.0022
Sternechus compactus                    52271            4    54752.3100  0.0143    0.0122  0.0201   32           0       0.0000        32     0.0158
Papilio variabilis                     156310           44    60133.2800  0.0123    0.0115  0.0178   33           0       0.0000        26     0.0124
Xylosandrus puncticollis               494096            4    14531.2300  0.0185    0.0325  0.0339   33           0       0.0000         8     0.0027
Cryptococcus unicolor                 3665608          308     5692.4700  0.2039    0.3854  0.3865  312           0       0.0000         4     0.0022
Pegomya asahinai                       242995          336    48611.1500  0.0243    0.0381  0.0424   49           0       0.0000        22     0.0085
Maruca laevigatus                       73795          620    89658.6900  0.0110    0.0059  0.0137   46           0       0.0000        42     0.0157
fly pensylvanicus                       44781          120     9454.5500  0.0047    0.0039  0.0065   11           0       0.0000         9     0.0053
Phyllonorycter catenifer                69556           32    63366.5800  0.0059    0.0032  0.0074   17           0       0.0000        16     0.0084
Linepithema andraemon                  270374           12     1191.1900  0.0159    0.0300  0.0301   25           0       0.0000         1     0.0003
Aulacaspis barbita                     262806           32     8935.8700  0.0140    0.0246  0.0256   23           1       0.0006         3     0.0014
Mezium conjugella                      271038          132    44771.7000  0.0242    0.0408  0.0435   42           0       0.0000        12     0.0053
Anthonomus saltuella                     2764          204   186131.2200  0.0378    0.0179  0.0462  110           0       0.0000       110     0.0566
Corimelaena perseae                     26329            8    82036.2700  0.0163    0.0089  0.0205   57           0       0.0000        53     0.0232
Pheidole sticticalis                    95196           40    18045.5500  0.0129    0.0206  0.0226   26           0       0.0000        10     0.0041
Epiblema azaleae                       159008           20    29114.2900  0.0101    0.0134  0.0165   26           0       0.0000        17     0.0062
Podosesia richteri                      53850            8    17341.2500  0.0023    0.0030  0.0038    6           0       0.0000         5     0.0014
Autographa compactus                   265976            4    10910.9500  0.0243    0.0417  0.0440   40           0       0.0000         8     0.0047
Vaga betulella                         872094           16      680.5800  0.0388    0.0737  0.0737   59           0       0.0000         0     0.0000
Camponotus paludatus                     1648            8     2544.3100  0.0001    0.0000  0.0001    1           0       0.0000         1     0.0003
Nomia pumila                          1737693           96    12490.2200  0.0887    0.1657  0.1672  138           0       0.0000         8     0.0030
Cosmopolites consobrina               1217986          352    15008.2100  0.0644    0.1213  0.1219  100           0       0.0000         3     0.0011
Acinopterus albopictus                1154877           60     5174.7100  0.0614    0.1145  0.1156   95           0       0.0000         4     0.0023
Marmara megacephala                   1403657           92     1135.6800  0.0743    0.1412  0.1412  113           0       0.0000         0     0.0000
Colias eurytheme                       120869            8     1824.0900  0.0079    0.0148  0.0149   12           0       0.0000         1     0.0003
Bombus quadrigibbus                     10168         1084   206069.7300  0.0202    0.0099  0.0249   80           0       0.0000        78     0.0299
Spodoptera thrax                       377719           52    36564.3800  0.0235    0.0358  0.0405   42           0       0.0000        16     0.0094
Schizotetranychus glabripennis         110275          168    45355.8600  0.0127    0.0164  0.0205   26           0       0.0000        15     0.0083
Phyllonorycter megacephala             489838           12    53296.4200  0.0297    0.0520  0.0544   55           0       0.0000        19     0.0048
Agrotis angulatus                        5065           16    64168.6200  0.0208    0.0179  0.0293   43           0       0.0000        42     0.0227
Cryptophagus thuiella                    5193          180   116010.5900  0.0329    0.0190  0.0419   94           0       0.0000        91     0.0457
Chilo polyxenes                         21261           16    82466.5900  0.0166    0.0063  0.0196   53           0       0.0000        53     0.0266
Formica eurytheme                       78984            4    11520.1700  0.0034    0.0054  0.0060    7           0       0.0000         3     0.0012
Loxostege asparagi                     881225          132     3616.8100  0.0459    0.0863  0.0868   71           0       0.0000         2     0.0008
Pentalonia pensylvanica                153624           44    60557.9900  0.0142    0.0166  0.0221   33           0       0.0000        21     0.0110
Argyresthia tumifex                     26985           92    59673.1300  0.0081    0.0042  0.0101   28           0       0.0000        26     0.0118
Papilio semifuneralis                   77614           52     6076.0900  0.0049    0.0087  0.0090    9           0       0.0000         2     0.0005
Dryocoetes tenellus                    135236            8    11415.1700  0.0072    0.0117  0.0127   14           0       0.0000         5     0.0021
Hypothenemus spretulus                  28499           84    12424.8900  0.0018    0.0025  0.0030    5           0       0.0000         3     0.0009
Erionota atratus                        67284           28    15024.5000  0.0077    0.0119  0.0134   16           0       0.0000         7     0.0029
Haemaphysalis angulatus                110624           28   127428.3500  0.0356    0.0234  0.0466   87           0       0.0000        77     0.0465
Marmara semifuneralis                  447868           24     3488.8000  0.0278    0.0525  0.0526   43           0       0.0000         1     0.0003
Marmara blackburni                      58920          480   112240.6300  0.0225    0.0084  0.0265   74           1       0.0006        70     0.0355
Ischnaspis ambiens                     911186           16     8162.3000  0.0477    0.0883  0.0895   74           0       0.0000         4     0.0023
Dryocosmus imbricator                  245826           24    46707.2500  0.0233    0.0394  0.0420   47           0       0.0000        18     0.0052
Brachycorynella betae                  230454          164    40849.6400  0.0073    0.0121  0.0130   14           0       0.0000         5     0.0018
Pentalonia betulella                    45947           44    75670.0600  0.0128    0.0109  0.0180   31           0       0.0000        28     0.0142
Euzophera castanea                       5818           12    63403.7400  0.0045    0.0016  0.0053   18           0       0.0000        18     0.0072
Empoasca blackburni                    334275           36    22271.6600  0.0282    0.0502  0.0520   51           0       0.0000        11     0.0036
Vespula achemon                        393366          168    11696.6000  0.0176    0.0325  0.0330   30           0       0.0000         4     0.0010
Asphondylia serratella                 147809          164   158449.3700  0.0328    0.0292  0.0466   87           0       0.0000        75     0.0349
Caliothrips mali                       344149          132    98856.2800  0.0403    0.0535  0.0656   96           0       0.0000        63     0.0243
Eumorpha tremuloidiella                104009           16    68782.1100  0.0120    0.0137  0.0185   29           0       0.0000        20     0.0095
Alphitobius incertus                  7030845          556     2189.0300  0.3705    0.7037  0.7039  564           1       0.0003         0     0.0000
Delia audax                            161861          344   100473.8300  0.0240    0.0267  0.0366   50           0       0.0000        47     0.0199
Marmara melanopygus                    228335          248    52168.5100  0.0141    0.0204  0.0238   37           0       0.0000        24     0.0068
Dolichovespula retentus                 90234          316   146244.9200  0.0308    0.0246  0.0425   85           0       0.0000        79     0.0357
Ixodes aurantii                         11196           36    32555.1000  0.0065    0.0036  0.0083   16           0       0.0000        16     0.0093
Vaga terebrans                         544513           28    57643.0000  0.0381    0.0648  0.0688   72           0       0.0000        29     0.0079
Ataenius crotchi                        11011           12     5372.7400  0.0006    0.0001  0.0006    2           0       0.0000         2     0.0010
Alphitobius saltuella                   54526            4     6455.8900  0.0028    0.0050  0.0051    5           0       0.0000         1     0.0003
Vaga castanea                           95123          356   141477.3400  0.0117    0.0108  0.0169   38           0       0.0000        30     0.0121
Delta abbreviatus                       70004            4    47707.0300  0.0097    0.0136  0.0161   24           0       0.0000        14     0.0051
Aedes americana                        264619            8     4375.9500  0.0099    0.0187  0.0187   15           0       0.0000         0     0.0000
Loxostege canadensisella               308986          532    67270.3600  0.0238    0.0323  0.0391   53           0       0.0000        30     0.0136
Pentalonia floridensis                1067668           88    13319.6100  0.0621    0.1160  0.1170   97           0       0.0000         5     0.0021
Ptinus roddi                          3816342           80     1388.7400  0.1914    0.3638  0.3638  291           0       0.0000         0     0.0000
Anthonomus florilega                     4092            8     9964.7200  0.0008    0.0004  0.0010    2           0       0.0000         2     0.0011
Loxostege cassidea                     175621          884    45719.8300  0.0095    0.0158  0.0170   19           2       0.0005         5     0.0018
Nuculaspis punicae                       9120            4    19753.8600  0.0060    0.0094  0.0105   12           0       0.0000         5     0.0022
Dermatophagoides florilega             182463           52    46128.2400  0.0139    0.0174  0.0221   30           0       0.0000        18     0.0095
Pealius chinensis                       21285            8     5124.3700  0.0015    0.0014  0.0021    5           0       0.0000         4     0.0015
Marmara paludatus                       74349           36    38701.0500  0.0092    0.0066  0.0124   27           0       0.0000        25     0.0115
Magdalis websteri                       59499           12    21916.1000  0.0072    0.0088  0.0114   17           0       0.0000        11     0.0051
Papilio malifoliella                   496479          228    30304.8500  0.0296    0.0531  0.0548   52           0       0.0000        12     0.0034
Callidium citri                        322632           28     1387.4100  0.0204    0.0379  0.0384   32           0       0.0000         2     0.0009
Agrotis pensylvanicus                  126836           32    20738.0400  0.0090    0.0103  0.0139   19           0       0.0000        12     0.0071
Bombus megacephala                       9618          300   253524.2200  0.0166    0.0153  0.0239   46           0       0.0000        39     0.0171
Pealius stantoni                       836989           44    16290.5600  0.0440    0.0825  0.0831   71           0       0.0000         5     0.0013
Mamestra maculata                       95000          512   116299.5100  0.0194    0.0289  0.0331   44           0       0.0000        22     0.0085
Oligonychus pensylvanica               364868            8     5320.9500  0.0247    0.0456  0.0462   38           0       0.0000         2     0.0013
Argyresthia clitus                     299666          100    99113.9600  0.0365    0.0596  0.0648   71           0       0.0000        30     0.0104
Vaga tibialis                           74089           72    64252.9800  0.0139    0.0188  0.0228   31           0       0.0000        26     0.0080
Thyridopteryx lineolatus               113709          272    62429.4800  0.0141    0.0129  0.0203   42           0       0.0000        34     0.0147
Ischnaspis saltuella                   342593          436    50923.4300  0.0245    0.0361  0.0416   52           0       0.0000        27     0.0110
Mamestra tenellus                      346992           20    23038.5700  0.0216    0.0372  0.0393   35           0       0.0000         7     0.0042
Attagenus pygmaeella                    83412            4    62288.4900  0.0093    0.0092  0.0136   24           0       0.0000        19     0.0088
Protocalliphora aurantii               300521          160    62547.0200  0.0185    0.0277  0.0316   39           0       0.0000        20     0.0078
Cryptococcus acuminata                  34885            8     3041.6000  0.0032    0.0056  0.0059    5           0       0.0000         1     0.0006
Empoasca kuriphilus                    245265          336    10119.5900  0.0138    0.0235  0.0249   26           0       0.0000         8     0.0028
Stenoma postica                         10463           68    28842.5300  0.0020    0.0012  0.0026    8           0       0.0000         8     0.0028
Copris kuriphilus                       19198          576   113189.2000  0.0071    0.0020  0.0080   26           2       0.0013        24     0.0107
Marmara odorata                         68368           80    17684.7500  0.0066    0.0123  0.0124   10           0       0.0000         1     0.0003
Graminella ligustici                    94235           60    59994.2300  0.0179    0.0182  0.0265   39           0       0.0000        30     0.0167
Leptothrips caryella                    18256          408   158355.2500  0.0148    0.0127  0.0208   32           0       0.0000        29     0.0162
Marmara floridensis                    266171          208    22969.5300  0.0173    0.0286  0.0309   32           0       0.0000        10     0.0045
Spodoptera serratella                   15617            8    15703.0300  0.0070    0.0060  0.0099   19           0       0.0000        15     0.0077
Thyridopteryx nigripes                  10066          660   218547.5400  0.0269    0.0128  0.0330  100           1       0.0006        95     0.0399
Fenusa sticticalis                     320493           20     5003.1100  0.0205    0.0369  0.0380   33           0       0.0000         4     0.0023
Pegomya aureocincta                     74108           40    45496.4500  0.0087    0.0070  0.0120   29           0       0.0000        25     0.0101
Neodiprion clarioralis                 250940           20    65073.6100  0.0223    0.0282  0.0356   46           0       0.0000        27     0.0149
Dolichovespula andraemon                38654          384   141659.1700  0.0398    0.0439  0.0606  110           1       0.0003        79     0.0333
Bruchophagus incertus                 1798873          140     7498.2300  0.0901    0.1713  0.1713  137           0       0.0000         0     0.0000
Paradiplosis araucariae                 54856           44    34460.8800  0.0061    0.0044  0.0081   25           0       0.0000        25     0.0075
Trachelus paludatus                     70965          308   108686.2800  0.0121    0.0062  0.0150   39           0       0.0000        36     0.0176
Melanocallis fennica                   243425           16    24917.0000  0.0163    0.0284  0.0298   28           0       0.0000         6     0.0027
Brachycaudus asparagi                  202395            4      146.4800  0.0132    0.0250  0.0250   20           0       0.0000         0     0.0000
Myndus castanea                        175899          160   152044.4600  0.0394    0.0355  0.0563  101           0       0.0000        95     0.0414
Myndus quadrigibbus                    610379           32     4892.8700  0.0342    0.0650  0.0650   52           0       0.0000         0     0.0000
Xylosandrus punctella                   22367           44    72346.2600  0.0262    0.0369  0.0436   44           0       0.0000        44     0.0135
Vespula eurytheme                      387649           76    58542.9700  0.0213    0.0291  0.0351   48           0       0.0000        26     0.0120
Acinopterus semifuneralis              121589           28    16365.6300  0.0082    0.0132  0.0145   15           0       0.0000         5     0.0026
Dermatophagoides albopictus             32776          212    56581.8600  0.0037    0.0031  0.0051   11           0       0.0000         9     0.0041
Altica regina                          205851           20    48190.3000  0.0202    0.0156  0.0276   50           0       0.0000        44     0.0240
Vespula farinae                        390126           12     7341.3300  0.0169    0.0313  0.0318   27           0       0.0000         2     0.0008
Camponotus abietis                    2256933           16     1372.8000  0.1283    0.2433  0.2435  195           0       0.0000         1     0.0004
Thyridopteryx bicaudatus                 3586           80    84730.1300  0.0090    0.0047  0.0112   32           0       0.0000        32     0.0131
Mamestra obscurus                       80064          152    33472.7200  0.0168    0.0192  0.0259   39           0       0.0000        35     0.0134
Mezium Ophiomyia                        88186          324   122545.1800  0.0299    0.0269  0.0426   78           0       0.0000        74     0.0315
Corimelaena angulatus                   82912          284    20135.2000  0.0050    0.0053  0.0075   17           0       0.0000        16     0.0043
Ischnaspis betae                        15320           92    29484.6100  0.0035    0.0032  0.0050   10           0       0.0000        10     0.0036
Grylloprociphilus festaliella          944617           12     3982.2100  0.0528    0.1000  0.1001   81           0       0.0000         1     0.0003
Phyllobius compactus                  3290909          220     5305.7300  0.1720    0.3263  0.3266  262           0       0.0000         1     0.0006
Schreckensteinia obscurus               48202          368    72213.3700  0.0134    0.0116  0.0189   42           0       0.0000        37     0.0145
Sesia californica                      221875           16    65821.3900  0.0281    0.0196  0.0374   79           0       0.0000        69     0.0355
Erionota tabidus                       323353           40    17127.1700  0.0166    0.0283  0.0300   28           0       0.0000         7     0.0033
Balclutha richteri                     620323          100    12164.7600  0.0254    0.0467  0.0475   41           0       0.0000         4     0.0016
Nesogonia americanum                   939013           16    11775.9300  0.0542    0.1025  0.1027   84           0       0.0000         2     0.0005
Ischnaspis melanderi                   120910            8    40264.3300  0.0172    0.0135  0.0236   44           0       0.0000        38     0.0202
Jonthonota intrusus                   1915400            8    16092.3600  0.1040    0.1953  0.1965  162           0       0.0000         6     0.0024
Schreckensteinia yothersi               36166           72    99273.4800  0.0074    0.0066  0.0105   21           0       0.0000        18     0.0077
Tabanus glabripennis                  1395530            8     7550.1000  0.0800    0.1514  0.1517  122           0       0.0000         1     0.0007
Papilio thrax                          113217           28    44642.2300  0.0264    0.0353  0.0431   53           0       0.0000        46     0.0157
Protocalliphora ambiens               2433990           48     6336.1300  0.1224    0.2314  0.2320  187           0       0.0000         2     0.0011
Chilo suppressalis                      42833           44    47717.8000  0.0116    0.0202  0.0211   21           0       0.0000         5     0.0019
Myzus perseae                          504748          236     5963.2200  0.0289    0.0533  0.0541   45           0       0.0000         3     0.0016
Coleophora americanum                  639468          584    38454.1800  0.0412    0.0707  0.0747   71           0       0.0000        16     0.0080
Eumorpha caementarium                   59346           16    58896.8800  0.0144    0.0095  0.0189   35           0       0.0000        31     0.0187
Acyrthosiphon acuminata                316113            4    18829.0200  0.0193    0.0275  0.0324   37           0       0.0000        22     0.0097
Toxoptera tabidus                       88880           20    16038.7800  0.0070    0.0076  0.0106   18           0       0.0000        14     0.0061
Tabanus asparagi                       415996           12     1115.6100  0.0206    0.0387  0.0390   33           0       0.0000         2     0.0005
Dichomeris betulella                    90629          136    96598.7200  0.0115    0.0166  0.0194   27           0       0.0000        14     0.0055
Podosesia antennatum                   679805          112    13984.4900  0.0461    0.0856  0.0866   73           0       0.0000         7     0.0021
Megachile imbricator                    13978           44    19985.5900  0.0033    0.0044  0.0054    7           0       0.0000         4     0.0019
Sitotroga mali                         154691          248    68428.8700  0.0175    0.0121  0.0232   46           0       0.0000        42     0.0223
Bombus scapularis                      182603            4    44008.9300  0.0147    0.0193  0.0239   36           0       0.0000        22     0.0091
Pealius lecontei                      1494795          340     2710.6300  0.0855    0.1625  0.1625  130           0       0.0000         0     0.0000
Synanthedon sulcatus                   253691           16     5064.3400  0.0189    0.0350  0.0355   32           0       0.0000         4     0.0010