step 100000
[1 0 0 0 0 0 0 0 0 0]
[50  0  0  0  0  0  0  0  0  1]
[19  0  0  1  0  0  0  0  1  0]
[13  0  0  0  0  0  0  0  0  0]
[2 0 0 0 0 0 0 0 0 0]
[1 0 0 0 0 0 0 0 1 0]
[3 0 0 0 0 0 0 0 0 0]
[2 0 0 0 0 0 0 0 0 0]
[1 0 0 0 0 0 0 0 0 0]
[1 0 0 0 0 0 0 0 0 0]

step 200000
[1 0 0 0 0 0 0 0 0 0]
[43  0  0  0  0  0  0  0  0  0]
[37  1  0  1  0  0  0  0  0  0]
[14  0  0  0  0  0  0  0  0  0]
[6 0 0 0 0 0 0 0 0 0]
[1 0 0 0 0 0 0 0 0 0]
[0 0 0 0 0 0 0 0 0 0]
[1 0 0 0 0 0 0 0 0 0]
[0 0 0 0 0 0 0 0 0 0]
[0 0 0 0 0 0 0 0 0 1]

step 300000
[1 0 0 0 0 0 0 0 0 0]
[80  0  1  0  0  0  0  0  0  0]
[26  0  0  0  0  0  0  0  0  0]
[5 0 0 0 0 0 0 0 0 0]
[1 0 0 0 0 0 0 0 0 0]
[1 0 0 0 0 0 0 0 0 0]
[0 0 0 0 0 0 0 0 0 1]
[0 0 0 0 0 0 0 0 0 0]
[0 0 0 0 0 0 0 0 0 0]
[1 0 0 0 0 0 0 0 0 0]

step 400000
[4 0 0 0 0 0 0 0 0 0]
[82  3  0  0  0  0  0  0  0  0]
[19  2  0  0  0  0  0  0  0  0]
[4 0 0 0 0 0 0 0 0 1]
[0 0 0 0 0 0 0 0 0 0]
[1 0 0 0 0 0 0 0 0 0]
[0 1 0 0 0 0 0 0 0 0]
[0 0 0 0 0 0 0 0 0 0]
[0 0 0 0 0 0 0 0 0 0]
[0 1 0 0 0 0 0 0 0 0]

step 500000
[2 0 0 0 0 0 0 0 0 0]
[70  0  0  0  1  0  0  0  1  0]
[24  0  0  0  0  0  2  0  0  0]
[4 0 0 0 0 0 0 0 0 1]
[4 0 0 0 0 0 0 0 0 0]
[2 0 0 0 0 0 0 0 0 0]
[1 0 0 0 0 0 0 0 0 0]
[0 0 0 0 0 0 0 0 0 0]
[0 0 0 0 0 0 0 0 0 0]
[0 0 0 0 0 0 0 1 0 0]

step 600000
[0 0 0 0 0 0 0 0 0 0]
[65  1  0  0  0  0  0  0  0  1]
[32  1  0  2  0  0  0  0  0  0]
[11  0  0  0  0  0  0  0  0  0]
[6 1 0 0 0 0 0 0 0 0]
[6 1 0 0 0 0 0 0 0 0]
[1 0 0 0 0 0 0 0 0 0]
[3 0 0 0 0 0 0 0 0 0]
[0 0 0 0 1 0 0 0 0 0]
[2 0 0 0 0 0 0 0 0 0]

step 700000
[0 0 0 0 0 0 0 0 0 0]
[74  0  3  0  1  1  0  0  0  0]
[23  0  1  0  0  0  0  0  0  1]
[4 0 0 0 0 0 0 0 0 0]
[5 0 0 0 1 0 0 0 0 0]
[1 0 0 0 0 0 0 0 0 0]
[2 0 0 0 0 0 0 0 0 0]
[0 0 0 0 0 0 0 0 0 0]
[1 0 0 0 0 0 0 0 0 0]
[1 0 0 0 0 0 0 0 0 1]

step 800000
[0 0 0 0 0 0 0 0 0 0]
[69  0  0  0  0  0  1  0  0  0]
[29  0  0  0  1  0  0  0  0  0]
[11  0  2  0  0  1  0  0  0  0]
[7 0 0 0 0 0 0 0 0 0]
[0 0 0 0 0 0 0 0 0 0]
[0 0 0 0 0 0 0 0 0 0]
[0 0 0 0 0 0 0 0 0 0]
[0 0 0 0 0 0 0 0 0 0]
[0 0 0 0 0 0 0 0 0 1]

step 900000
[2 0 0 0 0 0 0 0 0 0]
[95  2  1  0  0  0  0  0  0  1]
[16  1  0  0  0  0  0  0  0  0]
[3 0 0 0 0 0 0 0 0 0]
[1 0 0 0 0 0 0 0 0 0]
[2 0 0 0 0 0 0 0 0 0]
[0 0 0 0 0 0 0 0 0 0]
[0 0 0 0 0 0 0 0 0 0]
[0 0 0 0 0 0 0 0 0 0]
[1 0 0 0 0 0 0 0 0 0]

step 1000000
[2 0 0 0 0 0 0 0 0 0]
[107   1   3   0   0   0   0   0   0   0]
[7 0 0 0 0 0 0 0 0 0]
[0 0 0 0 0 0 0 0 0 0]
[0 0 0 0 0 0 0 0 0 0]
[0 0 0 0 0 0 0 0 0 0]
[0 0 0 0 0 0 0 0 0 0]
[0 0 0 0 0 0 0 0 0 0]
[0 0 0 0 0 0 0 0 0 0]
[0 0 0 0 0 0 0 0 0 1]

step 1100000
[1 0 0 0 0 0 0 0 0 0]
[102   0   0   3   0   0   0   0   0   0]
[11  0  0  0  0  0  0  0  0  0]
[3 0 0 0 0 0 0 0 0 0]
[2 0 0 0 0 0 0 0 0 0]
[1 0 0 0 0 0 0 0 0 0]
[0 0 0 0 0 0 0 0 0 0]
[0 0 0 0 0 0 0 0 0 0]
[0 0 0 0 0 0 0 0 0 0]
[0 0 0 0 0 0 0 0 0 1]

step 1200000
[2 0 0 0 0 0 0 0 0 0]
[99  1  0  0  0  0  0  0  0  0]
[20  0  0  0  0  0  0  0  0  1]
[5 0 0 0 0 0 0 0 0 0]
[0 1 0 0 0 0 0 0 0 0]
[0 0 0 0 0 0 0 0 0 0]
[0 0 0 0 0 0 0 0 0 0]
[0 0 0 0 0 0 0 0 0 0]
[0 0 0 0 0 0 0 0 0 0]
[0 1 0 0 0 0 0 0 0 0]

step 1300000
[2 0 0 0 0 0 0 0 0 0]
[91  3  0  0  0  0  0  0  0  0]
[20  1  0  0  0  0  0  0  0  0]
[4 0 0 0 0 0 0 0 0 0]
[0 1 0 0 0 0 0 0 0 0]
[3 0 0 0 0 0 0 0 0 1]
[0 0 0 0 0 0 0 0 0 0]
[0 0 0 0 0 0 0 0 0 0]
[0 0 0 0 0 0 0 0 0 0]
[0 1 0 0 0 0 0 0 0 0]

step 1400000
[2 0 0 0 0 0 0 0 0 0]
[84  0  0  0  3  0  0  2  0  1]
[24  0  0  0  3  0  0  1  0  0]
[4 0 0 0 0 0 0 0 0 0]
[1 0 0 0 0 0 0 0 0 0]
[0 0 0 0 0 0 0 0 0 0]
[0 0 0 0 0 0 0 0 0 0]
[0 0 0 0 0 0 0 0 0 0]
[0 0 0 0 0 0 0 0 0 0]
[0 0 0 0 1 0 0 0 0 0]

step 1500000
[0 0 0 0 0 0 0 0 0 0]
[87  4  0  0  0  0  0  0  0  0]
[19  3  0  0  0  0  0  0  0  1]
[2 0 0 0 0 0 0 0 0 0]
[2 0 0 0 0 0 0 0 0 0]
[0 0 0 0 0 0 0 0 0 0]
[0 0 0 0 0 0 0 0 0 0]
[0 0 0 0 0 0 0 0 0 0]
[0 0 0 0 0 0 0 0 0 0]
[0 1 0 0 0 0 0 0 0 0]

step 1600000
[1 0 0 0 0 0 0 0 0 0]
[104   0   0   0   3   0   0   0   1   0]
[13  0  0  0  0  0  0  0  0  1]
[2 0 0 0 0 0 0 0 0 0]
[0 0 0 0 0 0 0 0 0 0]
[0 0 0 0 0 0 0 0 0 0]
[0 0 0 0 0 0 0 0 0 0]
[0 0 0 0 0 0 0 0 0 0]
[0 0 0 0 0 0 0 0 0 0]
[1 0 0 0 0 0 0 0 0 0]

step 1700000
[1 0 0 0 0 0 0 0 0 0]
[102   0   0   0   2   0   0   0   0   2]
[21  0  0  0  2  0  0  0  1  0]
[3 0 0 0 0 0 0 0 0 0]
[3 0 0 0 0 0 0 0 0 0]
[1 0 0 0 0 0 0 0 0 0]
[0 0 0 0 0 0 0 0 0 0]
[0 0 0 0 0 0 0 0 0 0]
[1 0 0 0 0 0 0 0 0 0]
[1 0 0 0 0 0 0 0 0 0]

step 1800000
[1 0 0 0 0 0 0 0 0 0]
[108   0   0   4   0   0   0   0   0   1]
[10  1  0  0  0  0  0  0  0  0]
[3 0 0 0 0 0 0 0 0 0]
[0 0 0 0 0 0 0 0 0 0]
[0 0 0 0 0 0 0 0 0 0]
[0 0 0 0 0 0 0 0 0 0]
[0 0 0 0 0 0 0 0 0 0]
[0 0 0 0 0 0 0 0 0 0]
[1 0 0 0 0 0 0 0 0 0]

step 1900000
[1 0 0 0 0 0 0 0 0 0]
[100   4   1   0   0   0   0   0   0   0]
[14  0  0  0  0  0  0  0  0  0]
[2 0 0 0 0 0 0 0 0 1]
[3 0 0 0 0 0 0 0 0 0]
[0 0 0 0 0 0 0 0 0 0]
[0 0 0 0 0 0 0 0 0 0]
[0 0 0 0 0 0 0 0 0 0]
[0 0 0 0 0 0 0 0 0 0]
[0 1 0 0 0 0 0 0 0 0]

step 2000000
[1 0 0 0 0 0 0 0 0 0]
[101   6   0   0   0   0   0   0   0   1]
[8 1 0 0 0 0 0 0 0 0]
[4 0 0 0 0 0 0 0 0 0]
[1 0 0 0 0 0 0 0 0 0]
[0 0 0 0 0 0 0 0 0 0]
[0 0 0 0 0 0 0 0 0 0]
[0 0 0 0 0 0 0 0 0 0]
[0 0 0 0 0 0 0 0 0 0]
[1 0 0 0 0 0 0 0 0 0]

step 2100000
[0 0 0 0 0 0 0 0 0 0]
[59  0  0  0  0  0  0  0  0  0]
[7 0 0 0 0 0 0 0 0 0]
[1 0 0 0 0 0 0 0 0 0]
[1 0 0 0 0 0 0 0 0 0]
[0 0 0 0 0 0 0 0 0 0]
[0 0 0 0 0 0 0 0 0 0]
[0 0 0 0 0 0 0 0 0 0]
[0 0 0 0 0 0 0 0 0 0]
[1 0 0 0 0 0 0 0 0 0]

step 2200000
[3 0 0 0 0 0 0 0 0 0]
[82  0  0  0  0  0  0  0  0  1]
[7 0 0 0 0 0 0 0 0 0]
[3 0 0 0 0 0 0 0 0 0]
[1 0 0 0 0 0 0 0 0 0]
[0 0 0 0 0 0 0 0 0 0]
[0 0 0 0 0 0 0 0 0 0]
[0 0 0 0 0 0 0 0 0 0]
[0 0 0 0 0 0 0 0 0 0]
[0 1 0 0 0 0 0 0 0 0]

step 2300000
[4 0 0 0 0 0 0 0 0 0]
[102   1   0   0   0   0   0   0   0   1]
[9 0 0 0 0 0 0 0 0 0]
[2 0 0 0 0 0 0 0 0 0]
[0 1 0 0 0 0 0 0 0 0]
[0 0 0 0 0 0 0 0 0 0]
[0 0 0 0 0 0 0 0 0 0]
[0 0 0 0 0 0 0 0 0 0]
[0 0 0 0 0 0 0 0 0 0]
[1 0 0 0 0 0 0 0 0 0]

step 2400000
[0 0 0 0 0 0 0 0 0 0]
[111   0   2   1   1   0   0   0   0   1]
[5 0 2 0 0 0 0 0 0 0]
[2 0 1 0 0 0 0 0 0 0]
[0 0 0 0 0 0 0 0 0 0]
[0 0 0 0 0 0 0 0 0 0]
[0 0 0 0 0 0 0 0 0 0]
[0 0 0 0 0 0 0 0 0 0]
[0 0 0 0 0 0 0 0 0 0]
[1 0 0 0 0 0 0 0 0 0]

step 2500000
[2 0 0 0 0 0 0 0 0 0]
[103   0   0   0   5   0   1   0   0   1]
[9 0 0 0 0 0 0 0 0 0]
[0 0 0 0 0 0 0 0 0 0]
[0 0 0 0 0 0 0 0 0 0]
[0 0 0 0 0 0 0 0 0 0]
[0 0 0 0 0 0 0 0 0 0]
[0 0 0 0 0 0 0 0 0 0]
[0 0 0 0 0 0 0 0 0 0]
[1 0 0 0 0 0 0 0 0 0]

step 2600000
[0 0 0 0 0 0 0 0 0 0]
[62  1  0  0  0  0  0  0  0  0]
[40  1  0  0  0  0  0  0  0  0]
[8 0 0 0 0 0 0 0 0 0]
[1 1 0 0 0 0 0 0 0 0]
[4 0 0 0 0 0 0 0 0 1]
[0 0 0 0 0 0 0 0 0 0]
[0 0 0 0 0 0 0 0 0 0]
[0 0 0 0 0 0 0 0 0 0]
[1 0 0 0 0 0 0 0 0 0]

step 2700000
[3 0 0 0 0 0 0 0 0 0]
[61  2  0  0  0  0  0  0  0  1]
[37  1  0  0  0  0  0  0  0  0]
[15  1  0  0  0  0  0  0  0  0]
[8 0 0 0 0 0 0 0 0 0]
[2 0 0 0 0 0 0 0 0 0]
[1 0 0 0 0 0 0 0 0 0]
[3 0 0 0 0 0 0 0 0 0]
[1 0 0 0 0 0 0 0 0 0]
[1 0 0 0 0 0 0 0 0 0]

step 2800000
[0 0 0 0 0 0 0 0 0 0]
[38  0  0  0  2  0  0  0  0  1]
[36  0  0  0  2  0  0  0  0  0]
[17  0  0  0  0  0  0  0  1  0]
[7 0 0 0 1 0 0 0 0 0]
[4 0 0 0 1 0 0 0 0 0]
[1 0 0 0 0 0 0 0 0 0]
[1 0 0 0 0 0 0 0 0 0]
[0 0 0 0 0 0 0 0 0 0]
[1 0 0 0 0 0 0 0 0 0]

step 2900000
[1 0 0 0 0 0 0 0 0 0]
[93  0  0  0  1  0  1  0  1  2]
[20  0  0  0  0  0  0  0  0  0]
[8 0 0 0 0 0 0 0 0 0]
[1 0 0 0 0 0 0 0 0 0]
[1 0 0 0 0 0 0 0 0 0]
[0 0 0 0 0 0 0 0 0 0]
[0 0 0 0 0 0 0 0 0 0]
[0 0 0 0 0 0 0 0 0 0]
[1 0 0 0 0 0 0 0 0 0]

step 3000000
[1 0 0 0 0 0 0 0 0 0]
[84  0  3  0  0  0  0  0  0  1]
[20  0  0  0  2  0  0  0  0  0]
[4 0 1 0 0 0 0 0 0 0]
[2 0 2 0 0 0 0 0 0 0]
[1 0 0 0 0 0 0 0 0 0]
[0 0 0 0 0 0 0 0 0 0]
[0 0 0 0 0 0 0 0 0 0]
[0 0 0 0 0 0 0 0 0 0]
[1 0 0 0 0 0 0 0 0 0]

step 3100000
[3 0 0 0 0 0 0 0 0 0]
[38  0  0  0  0  0  1  0  0  0]
[33  0  0  0  0  0  0  0  0  0]
[15  0  0  0  0  0  0  0  0  1]
[10  0  0  0  0  0  1  0  0  0]
[7 0 0 0 0 0 0 0 0 0]
[4 0 0 0 0 0 0 0 0 0]
[4 0 0 0 0 0 0 0 0 0]
[1 0 0 0 0 0 1 0 0 0]
[1 0 0 0 0 0 0 0 0 0]

step 3200000
[2 0 0 0 0 0 0 0 0 0]
[72  0  0  0  0  1  0  1  0  1]
[28  0  0  0  0  0  0  0  0  0]
[13  0  0  1  0  0  0  0  0  0]
[7 0 0 0 0 0 0 0 0 0]
[3 0 0 1 0 0 0 0 0 0]
[2 0 0 0 0 0 0 0 0 0]
[0 0 0 0 0 0 0 0 0 0]
[0 0 0 0 0 0 0 0 0 0]
[2 0 0 0 0 0 0 0 0 0]

step 3300000
[2 0 0 0 0 0 0 0 0 0]
[91  0  0  1  0  0  2  0  0  1]
[12  0  0  2  0  0  0  0  0  0]
[6 0 0 0 0 0 0 0 0 0]
[0 0 0 0 0 0 0 0 0 0]
[0 0 0 0 0 0 0 0 0 0]
[0 0 0 0 0 0 0 0 0 0]
[0 0 0 0 0 0 0 0 0 0]
[1 0 0 0 0 0 0 0 0 0]
[1 0 0 0 0 0 0 0 0 0]

step 3400000
[0 0 0 0 0 0 0 0 0 0]
[70  0  4  0  0  0  0  0  0  1]
[31  2  1  0  0  0  0  0  0  0]
[12  0  0  1  0  0  0  0  0  0]
[8 0 0 0 0 0 0 0 0 0]
[1 0 1 0 0 0 0 0 0 0]
[1 0 0 0 0 0 0 0 0 0]
[0 0 0 0 0 0 0 0 0 0]
[0 0 0 0 0 0 0 0 0 0]
[1 0 0 0 0 0 0 0 0 0]

step 3500000
[2 0 0 0 0 0 0 0 0 0]
[46  0  1  2  0  0  0  0  0  0]
[39  0  1  1  0  0  0  0  0  0]
[18  0  0  0  0  0  0  0  0  1]
[4 0 1 0 0 0 0 0 0 0]
[5 0 0 0 0 0 0 0 0 0]
[4 0 0 0 0 0 0 0 0 0]
[0 0 0 0 0 0 0 0 0 0]
[2 0 0 0 0 0 0 0 0 0]
[3 0 0 0 0 0 0 0 0 0]

step 3600000
[1 0 0 0 0 0 0 0 0 0]
[48  0  0  0  0  0  0  0  0  1]
[37  0  0  0  1  0  1  0  0  0]
[21  0  0  0  1  0  1  0  0  1]
[8 0 0 0 1 0 0 0 0 0]
[2 0 0 0 1 0 0 0 0 0]
[3 0 0 0 0 0 0 0 0 0]
[3 0 0 0 0 0 0 0 0 0]
[1 0 0 0 0 0 0 0 0 0]
[1 0 0 0 0 0 0 0 0 0]

step 3700000
[0 0 0 0 0 0 0 0 0 0]
[94  6  0  0  0  0  0  0  0  1]
[26  1  0  0  0  0  0  0  0  0]
[7 1 0 0 0 0 0 0 0 0]
[3 0 0 0 0 1 0 0 0 0]
[1 0 0 0 0 0 0 0 0 0]
[0 0 0 0 0 0 0 0 0 0]
[1 0 0 0 0 0 0 0 0 0]
[0 0 0 0 0 0 0 0 0 0]
[1 0 0 0 0 0 0 0 0 0]

step 3800000
[2 0 0 0 0 0 0 0 0 0]
[73  0  0  0  0  0  2  0  0  1]
[38  0  0  0  0  0  2  0  0  1]
[13  0  0  0  0  0  0  0  0  0]
[4 0 0 0 0 0 1 0 0 0]
[1 0 0 0 0 0 0 0 0 0]
[1 0 0 0 0 0 0 0 0 0]
[2 0 0 0 0 0 0 0 0 0]
[1 0 0 0 0 0 0 0 0 0]
[1 0 0 0 0 0 0 0 0 0]

step 3900000
[1 0 0 0 0 0 0 0 0 0]
[63  0  0  1  0  3  0  0  0  1]
[29  0  0  0  0  0  1  1  0  0]
[15  0  0  2  0  0  1  0  0  1]
[15  0  0  0  0  0  0  0  0  0]
[1 0 0 0 0 0 0 0 0 0]
[0 0 0 0 0 0 0 0 0 0]
[0 0 0 0 0 0 0 0 0 0]
[0 0 0 0 0 0 0 0 0 0]
[1 0 0 0 0 0 0 0 0 0]

step 4000000
[1 0 0 0 0 0 0 0 0 0]
[48  0  0  0  1  0  0  0  0  1]
[32  0  1  2  1  0  0  0  0  0]
[14  0  0  0  0  0  0  0  0  0]
[6 0 0 0 0 0 0 0 0 0]
[3 0 0 0 0 0 0 0 0 0]
[4 0 0 0 0 0 0 0 0 0]
[3 0 0 0 0 0 0 0 0 0]
[0 0 0 0 0 0 0 0 0 0]
[1 0 0 0 0 0 0 0 0 0]

step 4100000
[0 0 0 0 0 0 0 0 0 0]
[73  0  0  0  1  0  0  0  0  1]
[27  0  0  0  0  0  0  0  0  0]
[13  0  0  0  1  0  0  0  0  0]
[4 0 0 0 0 0 0 0 0 2]
[2 0 0 0 1 0 0 0 0 0]
[3 0 0 0 0 0 0 0 0 0]
[0 0 0 0 0 0 0 0 0 0]
[0 0 0 0 0 0 0 0 0 0]
[1 0 0 0 0 0 0 0 0 0]

step 4200000
[0 0 0 0 0 0 0 0 0 0]
[80  0  0  0  1  0  1  0  0  1]
[32  0  0  0  1  0  1  0  0  0]
[6 0 0 0 0 0 1 0 0 0]
[1 0 0 0 0 0 0 0 0 0]
[1 0 0 0 0 0 0 0 0 0]
[0 0 0 0 0 0 0 0 0 0]
[1 0 0 0 0 0 0 0 0 0]
[0 0 0 0 0 0 0 0 0 0]
[1 0 0 0 0 0 0 0 0 0]

step 4300000
[1 0 0 0 0 0 0 0 0 0]
[80  2  0  0  0  0  0  0  0  1]
[19  4  0  0  0  0  0  0  0  0]
[6 1 0 0 0 0 0 0 0 0]
[1 0 0 0 0 0 0 0 0 0]
[0 0 0 0 0 0 0 0 0 0]
[0 0 0 0 0 0 0 0 0 0]
[0 0 0 0 0 0 0 0 0 0]
[0 0 0 0 0 0 0 0 0 0]
[1 0 0 0 0 0 0 0 0 0]

step 4400000
[2 0 0 0 0 0 0 0 0 0]
[54  0  0  0  1  0  0  0  1  1]
[31  0  0  0  1  0  0  0  1  0]
[11  0  0  0  0  0  0  0  0  0]
[5 0 0 0 0 0 1 0 0 1]
[4 0 0 0 0 0 0 0 0 0]
[0 0 0 0 0 0 0 0 0 0]
[0 0 0 0 0 0 0 0 0 0]
[0 0 0 0 0 0 0 0 0 0]
[1 0 0 0 0 0 0 0 0 0]

step 4500000
[3 0 0 0 0 0 0 0 0 0]
[56  0  0  0  1  0  0  0  0  0]
[29  0  0  0  2  0  0  0  0  1]
[15  0  0  0  0  0  0  0  0  0]
[3 0 0 0 0 0 0 0 1 1]
[3 0 0 0 0 0 0 1 0 0]
[0 0 0 0 0 0 0 0 0 0]
[0 0 0 0 0 0 0 0 0 0]
[0 0 0 0 0 0 0 0 0 0]
[1 0 0 0 0 0 0 0 0 0]

step 4600000
[2 0 0 0 0 0 0 0 0 0]
[59  0  0  0  1  0  2  0  0  1]
[34  0  0  0  3  0  0  0  0  2]
[11  0  0  0  1  0  0  0  0  0]
[4 0 0 0 0 0 0 0 0 0]
[0 0 0 0 0 0 0 0 0 0]
[1 0 0 0 0 0 0 0 0 0]
[0 0 0 0 0 0 1 0 0 0]
[0 0 0 0 0 0 0 0 0 0]
[1 0 0 0 0 0 0 0 0 0]

step 4700000
[1 0 0 0 0 0 0 0 0 0]
[73  2  1  0  0  0  0  0  0  1]
[28  1  0  0  0  0  0  0  0  0]
[12  1  0  0  0  0  0  0  0  0]
[2 1 0 0 0 0 0 0 0 0]
[1 0 0 0 0 0 0 0 0 0]
[1 0 0 0 0 0 0 0 0 0]
[0 0 0 0 0 0 0 0 0 0]
[0 0 0 0 0 0 0 0 0 0]
[1 0 0 0 0 0 0 0 0 0]

step 4800000
[5 0 0 0 0 0 0 0 0 0]
[84  2  0  0  0  0  0  0  0  1]
[27  1  0  0  0  0  0  0  0  0]
[4 1 0 0 0 0 0 0 0 0]
[5 0 0 0 0 0 0 0 0 0]
[0 0 0 0 0 0 0 0 0 0]
[1 0 0 0 0 0 0 0 0 0]
[0 0 0 0 0 0 0 0 0 0]
[0 0 0 0 0 0 0 0 0 0]
[1 0 0 0 0 0 0 0 0 0]

step 4900000
[2 0 0 0 0 0 0 0 0 0]
[93  0  0  0  2  0  2  0  0  0]
[21  0  0  0  0  0  1  0  1  1]
[1 0 0 0 0 0 0 0 0 0]
[1 0 0 0 0 0 0 0 0 0]
[0 0 0 0 0 0 0 0 0 0]
[0 0 0 0 0 0 0 0 0 0]
[0 0 0 0 0 0 0 0 0 0]
[0 0 0 0 0 0 0 0 0 0]
[0 0 0 0 0 0 0 0 1 0]

step 5000000
[0 0 0 0 0 0 0 0 0 0]
[43  0  0  0  0  0  0  0  0  0]
[32  0  0  3  0  0  0  0  0  0]
[18  0  0  0  0  1  0  0  0  1]
[8 0 0 0 0 0 1 0 0 0]
[4 0 0 0 2 0 0 0 0 0]
[2 0 0 0 0 0 0 0 0 0]
[3 0 0 0 0 0 0 0 0 0]
[1 0 0 0 0 0 0 0 0 0]
[2 0 0 0 0 0 0 0 0 0]

step 5100000
[3 0 0 0 0 0 0 0 0 0]
[64  0  0  0  1  0  0  0  0  0]
[30  0  0  0  0  0  0  0  0  2]
[17  0  0  0  1  0  1  0  0  0]
[3 0 0 0 0 0 0 0 0 0]
[4 0 0 0 2 0 0 0 0 0]
[0 0 0 0 0 0 0 0 0 0]
[2 0 0 0 0 0 0 0 0 0]
[1 0 0 0 0 0 0 0 0 0]
[1 0 0 0 0 0 0 0 0 0]

step 5200000
[0 0 0 0 0 0 0 0 0 0]
[52  0  0  0  0  1  0  0  0  0]
[31  0  1  0  0  1  0  0  0  1]
[14  0  1  0  0  0  1  0  0  0]
[8 0 1 0 0 0 0 0 0 0]
[5 0 0 0 0 0 0 0 0 0]
[5 0 0 0 0 0 0 0 0 0]
[1 0 0 0 0 0 0 0 0 0]
[1 0 0 0 0 0 0 0 0 0]
[1 0 0 0 0 0 0 0 0 0]

step 5300000
[2 0 0 0 0 0 0 0 0 0]
[52  0  1  2  0  0  0  0  0  1]
[25  0  2  1  1  0  0  0  0  0]
[16  0  0  0  1  0  0  0  0  0]
[5 0 1 0 0 1 0 0 0 0]
[6 0 0 0 1 0 0 0 0 0]
[0 0 0 0 0 0 0 0 0 0]
[0 0 0 0 0 0 0 0 0 0]
[0 0 0 0 0 0 0 0 0 0]
[3 0 0 0 0 0 0 0 0 0]

step 5400000
[1 0 0 0 0 0 0 0 0 0]
[63  0  0  0  0  0  1  0  0  2]
[32  0  0  0  1  0  0  0  0  0]
[11  0  0  0  2  0  1  0  0  0]
[3 0 0 0 0 0 0 0 0 0]
[3 0 0 0 0 0 0 0 0 0]
[0 0 0 0 0 0 0 0 0 0]
[0 0 0 0 0 0 0 0 0 0]
[1 0 0 0 0 0 0 0 0 0]
[1 0 0 0 0 0 0 0 0 0]

step 5500000
[0 0 0 0 0 0 0 0 0 0]
[95  1  0  0  0  0  0  0  0  0]
[15  1  0  1  0  0  0  0  0  1]
[4 0 0 0 0 0 0 0 0 0]
[2 0 0 0 0 0 0 0 0 0]
[0 0 0 0 0 0 0 0 0 0]
[0 0 0 0 0 0 0 0 0 0]
[0 0 0 0 0 0 0 0 0 0]
[0 0 0 0 0 0 0 0 0 0]
[1 0 0 0 0 0 0 0 0 0]

step 5600000
[2 0 0 0 0 0 0 0 0 0]
[37  0  0  0  0  0  0  0  0  0]
[32  0  0  2  0  0  0  0  0  0]
[16  0  0  0  0  0  1  0  0  1]
[10  0  0  0  0  0  0  1  0  0]
[13  0  0  0  0  0  0  0  0  0]
[3 0 0 0 0 0 0 0 0 0]
[2 0 0 0 0 0 0 0 0 0]
[0 0 0 0 0 0 0 0 0 0]
[2 0 0 0 0 0 0 0 0 0]

step 5700000
[1 0 0 0 0 0 0 0 0 0]
[48  0  0  0  1  0  0  1  0  0]
[34  0  0  0  0  0  0  1  0  1]
[18  0  0  0  0  0  0  0  0  0]
[4 0 0 0 0 0 0 1 0 0]
[3 0 0 0 0 0 0 0 0 1]
[1 0 0 0 0 0 0 0 0 0]
[4 0 0 0 0 0 0 0 0 0]
[2 0 0 0 0 0 0 0 0 0]
[1 0 0 0 0 0 0 0 0 0]

