Parameters - Namespace(K=20000, colonizers=4, colrate=0.001, force=False, meta='metacommunity_LS4.txt', mode='volcanic', nsims=1000000000, octaves=False, outdir='simout/K_20000-C_0.001-3_x4', quiet=False, recording_period=100000)
Raw abundance dist - OrderedDict([(1, 7), (2, 8), (3, 6), (4, 3), (5, 6), (6, 2), (7, 4), (8, 1), (9, 4), (10, 1), (11, 2), (12, 2), (13, 2), (15, 1), (16, 1), (17, 2), (515, 1), (20, 3), (21, 1), (22, 2), (535, 1), (24, 2), (25, 3), (26, 3), (28, 2), (29, 1), (31, 1), (32, 1), (33, 1), (36, 2), (39, 2), (41, 1), (43, 3), (44, 1), (50, 1), (53, 1), (59, 1), (61, 1), (63, 1), (64, 1), (66, 1), (73, 1), (76, 1), (80, 1), (82, 1), (86, 1), (87, 1), (88, 2), (93, 1), (95, 2), (96, 1), (106, 1), (108, 1), (19, 2), (639, 1), (640, 1), (129, 1), (132, 2), (137, 1), (144, 1), (149, 1), (667, 2), (157, 1), (159, 1), (161, 1), (162, 1), (165, 1), (166, 1), (168, 1), (178, 1), (627, 1), (180, 2), (186, 1), (703, 1), (192, 1), (194, 1), (195, 1), (200, 1), (204, 1), (215, 1), (248, 1), (251, 1), (260, 1), (264, 2), (290, 1), (291, 1), (309, 1), (316, 1), (319, 1), (322, 1), (335, 1), (354, 1), (370, 1), (402, 1), (407, 1), (928, 1), (427, 1), (429, 1), (972, 1), (472, 1)])
Abundance in octaves - OrderedDict([(1, 7), (2, 14), (4, 15), (8, 13), (16, 23), (32, 16), (64, 16)])


Simulated Species Abundance Distribution
###############################################################################
||||||||||||||||||||||||||||||||||||||||||||||||||||||||||||||           7  1  
|||||||||||||||||||||||||||||||||||||||||||||||||||||||||||||||||||||||  8  2  
|||||||||||||||||||||||||||||||||||||||||||||||||||||                    6  3  
||||||||||||||||||||||||||                                               3  4  
|||||||||||||||||||||||||||||||||||||||||||||||||||||                    6  5  
|||||||||||||||||                                                        2  6  
|||||||||||||||||||||||||||||||||||                                      4  7  
||||||||                                                                 1  8  
|||||||||||||||||||||||||||||||||||                                      4  9  
||||||||                                                                 1  10 
|||||||||||||||||                                                        2  11 
|||||||||||||||||                                                        2  12 
|||||||||||||||||                                                        2  13 
||||||||                                                                 1  15 
||||||||                                                                 1  16 
|||||||||||||||||                                                        2  17 
||||||||                                                                 1  515
||||||||||||||||||||||||||                                               3  20 
||||||||                                                                 1  21 
|||||||||||||||||                                                        2  22 
||||||||                                                                 1  535
|||||||||||||||||                                                        2  24 
||||||||||||||||||||||||||                                               3  25 
||||||||||||||||||||||||||                                               3  26 
|||||||||||||||||                                                        2  28 
||||||||                                                                 1  29 
||||||||                                                                 1  31 
||||||||                                                                 1  32 
||||||||                                                                 1  33 
|||||||||||||||||                                                        2  36 
|||||||||||||||||                                                        2  39 
||||||||                                                                 1  41 
||||||||||||||||||||||||||                                               3  43 
||||||||                                                                 1  44 
||||||||                                                                 1  50 
||||||||                                                                 1  53 
||||||||                                                                 1  59 
||||||||                                                                 1  61 
||||||||                                                                 1  63 
||||||||                                                                 1  64 
||||||||                                                                 1  66 
||||||||                                                                 1  73 
||||||||                                                                 1  76 
||||||||                                                                 1  80 
||||||||                                                                 1  82 
||||||||                                                                 1  86 
||||||||                                                                 1  87 
|||||||||||||||||                                                        2  88 
||||||||                                                                 1  93 
|||||||||||||||||                                                        2  95 
||||||||                                                                 1  96 
||||||||                                                                 1  106
||||||||                                                                 1  108
|||||||||||||||||                                                        2  19 
||||||||                                                                 1  639
||||||||                                                                 1  640
||||||||                                                                 1  129
|||||||||||||||||                                                        2  132
||||||||                                                                 1  137
||||||||                                                                 1  144
||||||||                                                                 1  149
|||||||||||||||||                                                        2  667
||||||||                                                                 1  157
||||||||                                                                 1  159
||||||||                                                                 1  161
||||||||                                                                 1  162
||||||||                                                                 1  165
||||||||                                                                 1  166
||||||||                                                                 1  168
||||||||                                                                 1  178
||||||||                                                                 1  627
|||||||||||||||||                                                        2  180
||||||||                                                                 1  186
||||||||                                                                 1  703
||||||||                                                                 1  192
||||||||                                                                 1  194
||||||||                                                                 1  195
||||||||                                                                 1  200
||||||||                                                                 1  204
||||||||                                                                 1  215
||||||||                                                                 1  248
||||||||                                                                 1  251
||||||||                                                                 1  260
|||||||||||||||||                                                        2  264
||||||||                                                                 1  290
||||||||                                                                 1  291
||||||||                                                                 1  309
||||||||                                                                 1  316
||||||||                                                                 1  319
||||||||                                                                 1  322
||||||||                                                                 1  335
||||||||                                                                 1  354
||||||||                                                                 1  370
||||||||                                                                 1  402
||||||||                                                                 1  407
||||||||                                                                 1  928
||||||||                                                                 1  427
||||||||                                                                 1  429
||||||||                                                                 1  972
||||||||                                                                 1  472
###############################################################################

Species Name                     Col time    Loc Abund    Meta Abund      pi    pi_net     Dxy    S    S_island    pi_island    S_meta    pi_meta
-----------------------------  ----------  -----------  ------------  ------  --------  ------  ---  ----------  -----------  --------  ---------
Acrobasis abbreviatus               15393          668   158053.1100  0.0174    0.0103  0.0222   75           1       0.0006        72     0.0232
Delta pomi                         231973          516    48638.2600  0.0182    0.0277  0.0314   36           0       0.0000        15     0.0073
Pachycondyla eurytheme             188595           52    63980.1100  0.0384    0.0611  0.0674   79           0       0.0000        31     0.0125
Toxoptera sordidus                  24596            4     3087.3100  0.0026    0.0050  0.0050    4           0       0.0000         0     0.0000
Callidium ornatrix                  15924            4    15571.6000  0.0008    0.0013  0.0014    2           0       0.0000         1     0.0003
Papilio betae                      235072           68    50123.1200  0.0100    0.0134  0.0164   23           0       0.0000        14     0.0059
Tabanus aspericollis               458621            4    24969.5500  0.0227    0.0390  0.0411   41           0       0.0000        11     0.0043
Epiblema ater                      320178           84     8768.7100  0.0226    0.0404  0.0417   37           0       0.0000         5     0.0027
Nicrophorus varians                202262           40    74015.0500  0.0214    0.0306  0.0359   58           0       0.0000        35     0.0106
Haemaphysalis obtectus             142455            8    22859.1800  0.0086    0.0140  0.0152   16           0       0.0000         5     0.0024
Nicrophorus americanus               5877          644   164411.6400  0.0098    0.0049  0.0121   39           0       0.0000        39     0.0144
Gonioctena pulicaria                38785            8     5098.3000  0.0067    0.0115  0.0121   11           0       0.0000         2     0.0013
Brachycaudus elotella              176373          184    18817.1100  0.0089    0.0163  0.0166   15           0       0.0000         2     0.0007
Neodiprion spretulus               261236            8    20536.6300  0.0193    0.0299  0.0335   38           0       0.0000        15     0.0071
Alniphagus configurata             685709           20     1371.5700  0.0355    0.0675  0.0675   54           0       0.0000         0     0.0000
Camponotus americana               176534          136    87222.7500  0.0193    0.0175  0.0276   69           0       0.0000        60     0.0202
Bruchophagus Hough                 143162            8    17159.2300  0.0077    0.0109  0.0129   16           0       0.0000         8     0.0040
Argyresthia cassidea               157016          188    54752.3100  0.0067    0.0057  0.0094   24           0       0.0000        21     0.0074
Balclutha pomi                      26028           60    42225.6200  0.0090    0.0077  0.0126   28           0       0.0000        25     0.0098
Dermatophagoides ligustici          52434          164    60133.2800  0.0165    0.0134  0.0229   46           0       0.0000        41     0.0190
Copris americana                    30679            4    50128.5000  0.0052    0.0044  0.0072   21           0       0.0000        18     0.0057
Bombus xanthogrammtidae            191150           12    48611.1500  0.0151    0.0234  0.0261   30           0       0.0000        12     0.0055
Nomia acutangulus                   46635           68    89658.6900  0.0088    0.0101  0.0136   26           0       0.0000        19     0.0070
Dermestes acuminata                 89521           80    14714.8300  0.0041    0.0064  0.0071    8           0       0.0000         3     0.0015
Otiorhynchus trifolii              209674           28     8676.8400  0.0131    0.0204  0.0228   22           0       0.0000         7     0.0047
Cosmopolites kondoi                353869           56    13692.6600  0.0254    0.0435  0.0460   45           0       0.0000        11     0.0051
Myndus rotundata                   440563           32    63366.5800  0.0327    0.0334  0.0485   85           0       0.0000        65     0.0302
Dryocoetes crataegella             715828          628    15315.9100  0.0430    0.0767  0.0794   70           0       0.0000        11     0.0054
Podosesia canadensisella            24072           16    44771.7000  0.0033    0.0016  0.0041   13           0       0.0000        12     0.0050
Papilio spretulus                   17990          112   186131.2200  0.0281    0.0173  0.0362   96           1       0.0003        94     0.0377
Acyrthosiphon postica              117291           88    82036.2700  0.0135    0.0097  0.0181   53           0       0.0000        48     0.0167
Camponotus asparagi                 62793            4    18045.5500  0.0057    0.0059  0.0085   11           0       0.0000         8     0.0051
Diaphorina abbreviatus             308372            8    29114.2900  0.0215    0.0338  0.0375   45           0       0.0000        19     0.0073
Tischeria maculata                 361194           40    10910.9500  0.0240    0.0450  0.0454   38           0       0.0000         2     0.0007
Phormia ater                       745529          356    15008.2100  0.0355    0.0619  0.0649   58           0       0.0000        10     0.0059
Linepithema exsectoides            111875          320    45552.4500  0.0119    0.0190  0.0209   22           0       0.0000         9     0.0037
Blattella pariana                  452718           24    10911.9700  0.0262    0.0479  0.0489   42           0       0.0000         4     0.0020
Synanthedon configurata             41751           92   206069.7300  0.0119    0.0081  0.0158   39           0       0.0000        35     0.0154
Haplothrips bicaudatus                255            4     1796.7200  0.0000    0.0000  0.0000    0           0       0.0000         0     0.0000
Nuculaspis glabripennis             49371            8    36564.3800  0.0061    0.0073  0.0095   17           0       0.0000        12     0.0045
Cacopsylla roddi                    38271           12    53296.4200  0.0093    0.0073  0.0127   23           0       0.0000        20     0.0108
Dryocosmus betulae                 374442           40     4624.2800  0.0204    0.0387  0.0387   31           0       0.0000         0     0.0000
Nicrophorus obtectus               271415           32    64168.6200  0.0139    0.0182  0.0225   41           1       0.0003        29     0.0083
Dermestes antennatum               283348          292   116010.5900  0.0165    0.0186  0.0253   46           0       0.0000        33     0.0134
Alphitobius atratus               1407006           28    82466.5900  0.0813    0.1424  0.1487  141           0       0.0000        34     0.0128
Marmara regina                     725285           64    11520.1700  0.0381    0.0708  0.0716   59           0       0.0000         3     0.0017
Dryocosmus terebrans               139016          404    27944.5600  0.0123    0.0198  0.0216   25           1       0.0004         9     0.0033
Corimelaena scapularis             209486           36    26585.6900  0.0161    0.0256  0.0283   33           0       0.0000        14     0.0054
Bombus americana                   608589           12     8526.6500  0.0246    0.0463  0.0465   39           0       0.0000         2     0.0005
Thyridopteryx farinae               45481           96    59673.1300  0.0261    0.0214  0.0362   66           0       0.0000        58     0.0297
Oligonychus castanea               156334            8     5915.5300  0.0108    0.0189  0.0198   18           0       0.0000         3     0.0016
Alphitobius arenaria               118533           28    11011.2200  0.0131    0.0225  0.0238   23           0       0.0000         6     0.0025
Phenacoccus cautella                57238            4     1868.8200  0.0020    0.0037  0.0037    3           0       0.0000         0     0.0000
Nabis imbricator                    22448            8    12589.2000  0.0046    0.0051  0.0070   10           0       0.0000         7     0.0038
Atteva acuminata                   129568            4     2749.2400  0.0053    0.0100  0.0100    8           0       0.0000         0     0.0000
Aulacaspis thuiella                 15228          428   127428.3500  0.0247    0.0226  0.0354   62           0       0.0000        58     0.0255
Bombus compactus                    43927            4   112240.6300  0.0073    0.0046  0.0095   26           0       0.0000        25     0.0098
Anoplophora stantoni                22051            4     8162.3000  0.0028    0.0039  0.0046    7           0       0.0000         4     0.0015
Anoplophora configurata            193121           40    46707.2500  0.0277    0.0455  0.0493   51           0       0.0000        16     0.0076
Marmara betulella                   20381           28    40849.6400  0.0085    0.0061  0.0114   21           0       0.0000        20     0.0105
Corimelaena maculata                56393          536    75670.0600  0.0161    0.0111  0.0214   47           0       0.0000        41     0.0206
Altica richteri                     10533           16    63403.7400  0.0084    0.0049  0.0107   24           0       0.0000        22     0.0116
Sitotroga asparagi                 176591           12    11696.6000  0.0112    0.0204  0.0209   18           0       0.0000         2     0.0009
Empoasca crudus                     19523           24   158449.3700  0.0107    0.0086  0.0147   34           0       0.0000        29     0.0123
Ascalapha vitrata                  208961           16    98856.2800  0.0284    0.0322  0.0436   65           0       0.0000        44     0.0228
Fenusa serratella                    9349          264    68782.1100  0.0060    0.0018  0.0069   25           0       0.0000        25     0.0102
Conotrachelus pyriforme             40525          100   100473.8300  0.0107    0.0041  0.0126   39           0       0.0000        38     0.0170
Gonioctena castanea               1179139            4     2921.7200  0.0611    0.1151  0.1156   94           0       0.0000         2     0.0010
Blattella melanderi                300713          216    52168.5100  0.0176    0.0194  0.0268   37           0       0.0000        26     0.0148
Dermestes imbricator               183942           76   146244.9200  0.0189    0.0080  0.0227   77           0       0.0000        75     0.0294
Phyllonorycter ambiens             224363          320    32555.1000  0.0209    0.0342  0.0371   40           1       0.0003        14     0.0057
Phyllonorycter azaleae              76577          196   141477.3400  0.0135    0.0066  0.0166   66           0       0.0000        62     0.0200
Magdalis gowdeyi                    19650            4    18705.0800  0.0087    0.0111  0.0140   21           0       0.0000        15     0.0058
Ixodes catenifer                   173610           96    47707.0300  0.0237    0.0295  0.0376   53           0       0.0000        33     0.0163
Crioceris aceris                    98932           20     2968.7800  0.0059    0.0112  0.0112    9           0       0.0000         0     0.0000
Choreutis americanum                80923          324    67270.3600  0.0183    0.0262  0.0308   41           0       0.0000        21     0.0091
Acyrthosiphon ephemeraeformis      248165           24    13319.6100  0.0132    0.0238  0.0245   22           0       0.0000         3     0.0013
Phyllobius unipuncta               594674           24    45719.8300  0.0516    0.0898  0.0941   89           0       0.0000        20     0.0086
Hermetia configurata               270570           44    13156.5800  0.0234    0.0367  0.0408   41           0       0.0000        14     0.0081
Hypera melanderi                    95224            4     5969.1200  0.0030    0.0050  0.0054    6           0       0.0000         2     0.0007
Dioryctria audax                  1045385          148     3545.0600  0.0522    0.0988  0.0990   80           0       0.0000         1     0.0004
Megachile achemon                   23891          668    38701.0500  0.0062    0.0027  0.0075   19           0       0.0000        19     0.0096
Trialeurodes uncatoides            608097           28    21916.1000  0.0370    0.0692  0.0698   57           0       0.0000         2     0.0011
Toxoptera cerasi                    94110           44    30304.8500  0.0069    0.0073  0.0104   20           0       0.0000        15     0.0063
Acrobasis punicae                   61380            4    20738.0400  0.0060    0.0100  0.0107   13           0       0.0000         5     0.0014
Papilio pomi                      1273287          108     6411.2400  0.0792    0.1500  0.1502  122           0       0.0000         2     0.0005
Coptosoma auxiliaris                96058          932   253524.2200  0.0423    0.0279  0.0555  124           1       0.0003       120     0.0550
Acizzia azaleae                    174299          168   116299.5100  0.0253    0.0172  0.0335   78           0       0.0000        70     0.0325
Leptothrips sulcatus               529272            8    99113.9600  0.0563    0.1003  0.1039  105           0       0.0000        26     0.0071
Neophyllaphis websteri               5280          252    64252.9800  0.0056    0.0046  0.0077   17           0       0.0000        15     0.0063
Amphicerus americana               377115           20    14683.4800  0.0297    0.0537  0.0551   47           0       0.0000         5     0.0029
Acronicta blackburni               434971          704    62429.4800  0.0342    0.0518  0.0587   70           1       0.0003        29     0.0137
Brachycaudus crataegella           130657            4    50923.4300  0.0113    0.0170  0.0194   23           0       0.0000        10     0.0048
Nicrophorus vitrata                278926          476    62288.4900  0.0479    0.0829  0.0871   91           0       0.0000        27     0.0085
Papilio blackburni                  85534            4      467.2900  0.0066    0.0125  0.0125   10           0       0.0000         0     0.0000
Tischeria compactus                 71507          312   111570.4900  0.0098    0.0050  0.0121   47           0       0.0000        44     0.0143
Tabanus aureocincta                179931          184    29827.4500  0.0141    0.0207  0.0239   30           0       0.0000        18     0.0064
Utetheisa conjugella               315217          160   113189.2000  0.0200    0.0255  0.0321   47           0       0.0000        29     0.0132
Mezium crotchi                     293093          408    16965.4600  0.0163    0.0296  0.0304   27           0       0.0000         4     0.0015
Pealius florilega                   91661            8     5883.9500  0.0043    0.0075  0.0079    8           0       0.0000         2     0.0007
Coleophora crudus                   42747            8    10335.7700  0.0036    0.0027  0.0049    9           0       0.0000         8     0.0043
Oligonychus betulae                112359            4    59994.2300  0.0084    0.0139  0.0150   16           0       0.0000         5     0.0022
Spodoptera cerasi                    7097          252   158355.2500  0.0115    0.0018  0.0124   69           0       0.0000        69     0.0211
Haemaphysalis asparagi             114253          204    22969.5300  0.0107    0.0091  0.0150   24           0       0.0000        20     0.0119
Attagenus nigronervosa             274047           28    15703.0300  0.0138    0.0226  0.0245   25           0       0.0000         8     0.0037
Mezium azaleae                     103778           20    21754.8500  0.0074    0.0104  0.0124   17           0       0.0000        10     0.0039
Monellia betulae                    22232          292   218547.5400  0.0399    0.0182  0.0485  104           1       0.0003       101     0.0603
Pritcharanychus ashtoni            457442           36    30590.5700  0.0236    0.0426  0.0438   42           0       0.0000         8     0.0024
Brachycorynella acutangulus        316961          268    45496.4500  0.0293    0.0414  0.0489   59           0       0.0000        31     0.0150
Empoasca obtectus                  124346           24    65073.6100  0.0140    0.0216  0.0242   31           0       0.0000        17     0.0052
Scirtothrips lineolatus            165149           28     4052.3500  0.0088    0.0151  0.0160   16           0       0.0000         4     0.0017
Utetheisa persicae                  66732           44   141659.1700  0.0121    0.0098  0.0167   34           0       0.0000        29     0.0139
Argyresthia caryaefoliae           400998          196    34460.8800  0.0290    0.0528  0.0540   48           0       0.0000         6     0.0024
Atteva suppressalis                805502           12    20706.1800  0.0380    0.0691  0.0708   61           0       0.0000         7     0.0034
fly regina                         214916           96   108686.2800  0.0330    0.0493  0.0564   73           0       0.0000        40     0.0142
Jonthonota fagisuga                125840           20    24917.0000  0.0086    0.0138  0.0151   20           0       0.0000         9     0.0026
Nicrophorus auxiliaris             171817          372   152044.4600  0.0186    0.0125  0.0245   71           0       0.0000        63     0.0239
Myndus pomi                       1883111          132    30036.5400  0.1142    0.2113  0.2142  181           0       0.0000        13     0.0059
Mythimna blackburni                 85814          976    72346.2600  0.0165    0.0201  0.0260   43           1       0.0004        36     0.0114
Pheidole malifoliella               89100          208    58542.9700  0.0073    0.0059  0.0101   19           0       0.0000        17     0.0084
Thyridopteryx suppressalis         423517          432    56581.8600  0.0274    0.0289  0.0411   63           0       0.0000        49     0.0244
Epicauta caryaefoliae               35067           12    48190.3000  0.0088    0.0113  0.0141   19           0       0.0000        15     0.0056
Ips mali                           138334          336    13358.0600  0.0091    0.0151  0.0162   19           0       0.0000         7     0.0023
Maladera exsectoides               154723          168    84730.1300  0.0230    0.0127  0.0290   89           0       0.0000        81     0.0326
Ascalapha unicolor                 190793           64   122545.1800  0.0201    0.0171  0.0283   47           0       0.0000        38     0.0223
Phyllobius arenaria                 26099           12    20478.1700  0.0040    0.0024  0.0051   10           0       0.0000        10     0.0054
Chrysomela ashtoni                  11325            8    20135.2000  0.0142    0.0241  0.0256   27           0       0.0000         8     0.0030
Dryocosmus asparagi                165210            8     3982.2100  0.0133    0.0239  0.0246   23           0       0.0000         4     0.0015
Epicauta pygmaeella                   334           84    72213.3700  0.0086    0.0047  0.0109   27           0       0.0000        27     0.0123
Ptinus aceris                        2017           88    65821.3900  0.0113    0.0068  0.0145   27           0       0.0000        27     0.0153
Tabanus crotchi                    718894          160    23183.8900  0.0440    0.0761  0.0800   80           0       0.0000        24     0.0079
Myzus celarius                      22798           24    40264.3300  0.0110    0.0119  0.0166   24           0       0.0000        23     0.0095
Aulacaspis paludatus              1974279          152     5207.8200  0.0991    0.1871  0.1877  152           1       0.0004         2     0.0008
Epicauta americana                  55733           92    99273.4800  0.0151    0.0082  0.0190   48           0       0.0000        46     0.0217
Marmara sulcatus                  2909166          164     7550.1000  0.1461    0.2756  0.2766  226           0       0.0000         6     0.0020
Jonthonota odorata                 145944            4     7075.5400  0.0068    0.0125  0.0127   12           0       0.0000         2     0.0005
Linepithema oleae                   17499          640    44642.2300  0.0039    0.0027  0.0051   14           0       0.0000        13     0.0049
Tabanus andraemon                  248228            8      467.4700  0.0132    0.0250  0.0250   20           0       0.0000         0     0.0000
Hypnoidus malifoliella             225567          140    47717.8000  0.0243    0.0345  0.0406   47           0       0.0000        23     0.0122
Myndus betae                       512970           16    18102.4400  0.0384    0.0687  0.0710   63           0       0.0000         9     0.0046
Neophyllaphis achemon               11681            8     5963.2200  0.0029    0.0037  0.0046    7           0       0.0000         5     0.0019
Papilio semifuneralis               73747           48    38454.1800  0.0069    0.0045  0.0090   20           0       0.0000        19     0.0091
Mamestra pomi                      230082          172    18829.0200  0.0156    0.0267  0.0283   30           0       0.0000         9     0.0031
Vespula configurata                231676           32    16038.7800  0.0105    0.0189  0.0195   17           0       0.0000         2     0.0011
Dioryctria antennatum               60489          136    23461.3000  0.0038    0.0026  0.0050   13           0       0.0000        12     0.0047
Dolichovespula rosarum              16440          268    96598.7200  0.0196    0.0121  0.0254   49           0       0.0000        47     0.0265
Podosesia abietis                   26222          196    33470.7700  0.0081    0.0111  0.0134   17           0       0.0000        15     0.0045
Phyllobius chordeilis              966558          180    13984.4900  0.0472    0.0871  0.0885   74           0       0.0000         5     0.0028
Euxoa americanus                  2122637           28       95.5000  0.1217    0.2313  0.2313  185           0       0.0000         0     0.0000
Jonthonota pyri                    175786            4    13564.1800  0.0068    0.0104  0.0118   15           0       0.0000         7     0.0027
Coleophora crudus                  422644           12     3648.4100  0.0281    0.0526  0.0530   44           0       0.0000         2     0.0008
Vaga roddi                          71642            4    19985.5900  0.0066    0.0087  0.0107   16           0       0.0000        10     0.0041
Nabis nigronervosa                  59430           44    68428.8700  0.0074    0.0033  0.0090   30           0       0.0000        29     0.0113
Epiblema otiosana                   62524            4     5088.1000  0.0049    0.0087  0.0090    9           0       0.0000         2     0.0005
Sternechus crotchi                 988676           32     1871.0300  0.0574    0.1087  0.1089   88           0       0.0000         1     0.0003
Nomia vitrata                      241826           16    44008.9300  0.0128    0.0223  0.0234   24           0       0.0000         7     0.0021