Parameters - Namespace(K=20000, colonizers=4, colrate=0.001, force=False, meta='metacommunity_LS4.txt', mode='volcanic', nsims=1000000000, octaves=False, outdir='simout/K_20000-C_0.001-2_x4', quiet=False, recording_period=100000)
Raw abundance dist - OrderedDict([(1, 5), (2, 4), (3, 4), (4, 5), (5, 4), (6, 5), (7, 3), (8, 6), (9, 3), (10, 3), (11, 1), (13, 1), (14, 1), (15, 1), (16, 1), (18, 1), (21, 2), (22, 1), (24, 2), (25, 1), (27, 1), (29, 1), (30, 1), (32, 2), (33, 1), (34, 1), (36, 3), (38, 1), (39, 2), (41, 1), (43, 1), (44, 1), (46, 1), (47, 1), (560, 1), (50, 1), (52, 1), (53, 1), (54, 1), (55, 2), (56, 2), (57, 1), (58, 1), (60, 1), (70, 1), (78, 1), (591, 1), (80, 1), (81, 1), (83, 1), (84, 1), (87, 1), (89, 1), (90, 4), (92, 1), (94, 1), (101, 1), (614, 1), (104, 1), (111, 1), (114, 1), (116, 1), (123, 1), (643, 1), (133, 1), (135, 1), (142, 2), (146, 1), (147, 1), (148, 1), (155, 1), (160, 1), (168, 1), (173, 1), (174, 2), (175, 2), (176, 1), (188, 1), (192, 2), (716, 1), (205, 1), (207, 1), (208, 1), (722, 1), (230, 1), (233, 1), (240, 1), (247, 1), (259, 1), (263, 1), (264, 1), (278, 1), (280, 1), (48, 1), (296, 1), (297, 1), (300, 1), (304, 1), (308, 1), (328, 1), (335, 1), (339, 1), (344, 1), (374, 1), (389, 1), (397, 1), (427, 1), (445, 1), (447, 1), (79, 1), (1108, 1)])
Abundance in octaves - OrderedDict([(1, 5), (2, 8), (4, 17), (8, 16), (16, 11), (32, 27), (64, 21)])


Simulated Species Abundance Distribution
###############################################################################
||||||||||||||||||||||||||||||||||||||||||||||||||||||||||              5  1   
||||||||||||||||||||||||||||||||||||||||||||||                          4  2   
||||||||||||||||||||||||||||||||||||||||||||||                          4  3   
||||||||||||||||||||||||||||||||||||||||||||||||||||||||||              5  4   
||||||||||||||||||||||||||||||||||||||||||||||                          4  5   
||||||||||||||||||||||||||||||||||||||||||||||||||||||||||              5  6   
|||||||||||||||||||||||||||||||||||                                     3  7   
||||||||||||||||||||||||||||||||||||||||||||||||||||||||||||||||||||||  6  8   
|||||||||||||||||||||||||||||||||||                                     3  9   
|||||||||||||||||||||||||||||||||||                                     3  10  
|||||||||||                                                             1  11  
|||||||||||                                                             1  13  
|||||||||||                                                             1  14  
|||||||||||                                                             1  15  
|||||||||||                                                             1  16  
|||||||||||                                                             1  18  
|||||||||||||||||||||||                                                 2  21  
|||||||||||                                                             1  22  
|||||||||||||||||||||||                                                 2  24  
|||||||||||                                                             1  25  
|||||||||||                                                             1  27  
|||||||||||                                                             1  29  
|||||||||||                                                             1  30  
|||||||||||||||||||||||                                                 2  32  
|||||||||||                                                             1  33  
|||||||||||                                                             1  34  
|||||||||||||||||||||||||||||||||||                                     3  36  
|||||||||||                                                             1  38  
|||||||||||||||||||||||                                                 2  39  
|||||||||||                                                             1  41  
|||||||||||                                                             1  43  
|||||||||||                                                             1  44  
|||||||||||                                                             1  46  
|||||||||||                                                             1  47  
|||||||||||                                                             1  560 
|||||||||||                                                             1  50  
|||||||||||                                                             1  52  
|||||||||||                                                             1  53  
|||||||||||                                                             1  54  
|||||||||||||||||||||||                                                 2  55  
|||||||||||||||||||||||                                                 2  56  
|||||||||||                                                             1  57  
|||||||||||                                                             1  58  
|||||||||||                                                             1  60  
|||||||||||                                                             1  70  
|||||||||||                                                             1  78  
|||||||||||                                                             1  591 
|||||||||||                                                             1  80  
|||||||||||                                                             1  81  
|||||||||||                                                             1  83  
|||||||||||                                                             1  84  
|||||||||||                                                             1  87  
|||||||||||                                                             1  89  
||||||||||||||||||||||||||||||||||||||||||||||                          4  90  
|||||||||||                                                             1  92  
|||||||||||                                                             1  94  
|||||||||||                                                             1  101 
|||||||||||                                                             1  614 
|||||||||||                                                             1  104 
|||||||||||                                                             1  111 
|||||||||||                                                             1  114 
|||||||||||                                                             1  116 
|||||||||||                                                             1  123 
|||||||||||                                                             1  643 
|||||||||||                                                             1  133 
|||||||||||                                                             1  135 
|||||||||||||||||||||||                                                 2  142 
|||||||||||                                                             1  146 
|||||||||||                                                             1  147 
|||||||||||                                                             1  148 
|||||||||||                                                             1  155 
|||||||||||                                                             1  160 
|||||||||||                                                             1  168 
|||||||||||                                                             1  173 
|||||||||||||||||||||||                                                 2  174 
|||||||||||||||||||||||                                                 2  175 
|||||||||||                                                             1  176 
|||||||||||                                                             1  188 
|||||||||||||||||||||||                                                 2  192 
|||||||||||                                                             1  716 
|||||||||||                                                             1  205 
|||||||||||                                                             1  207 
|||||||||||                                                             1  208 
|||||||||||                                                             1  722 
|||||||||||                                                             1  230 
|||||||||||                                                             1  233 
|||||||||||                                                             1  240 
|||||||||||                                                             1  247 
|||||||||||                                                             1  259 
|||||||||||                                                             1  263 
|||||||||||                                                             1  264 
|||||||||||                                                             1  278 
|||||||||||                                                             1  280 
|||||||||||                                                             1  48  
|||||||||||                                                             1  296 
|||||||||||                                                             1  297 
|||||||||||                                                             1  300 
|||||||||||                                                             1  304 
|||||||||||                                                             1  308 
|||||||||||                                                             1  328 
|||||||||||                                                             1  335 
|||||||||||                                                             1  339 
|||||||||||                                                             1  344 
|||||||||||                                                             1  374 
|||||||||||                                                             1  389 
|||||||||||                                                             1  397 
|||||||||||                                                             1  427 
|||||||||||                                                             1  445 
|||||||||||                                                             1  447 
|||||||||||                                                             1  79  
|||||||||||                                                             1  1108
###############################################################################

Species Name                        Col time    Loc Abund    Meta Abund      pi    pi_net     Dxy    S    S_island    pi_island    S_meta    pi_meta
--------------------------------  ----------  -----------  ------------  ------  --------  ------  ---  ----------  -----------  --------  ---------
Marmara semifuneralis                  17779           56   158053.1100  0.0562    0.0534  0.0815  122           0       0.0000        95     0.0562
Melanocallis betulae                  368506           92    48638.2600  0.0281    0.0376  0.0459   59           0       0.0000        34     0.0165
Melanocallis castanea                  27115           36    63980.1100  0.0262    0.0395  0.0449   48           0       0.0000        39     0.0107
Arge betulae                          101019           12    13061.5800  0.0104    0.0068  0.0136   25           0       0.0000        22     0.0136
Leptothrips fabricii                   66261          260    50123.1200  0.0050    0.0063  0.0080   16           0       0.0000        11     0.0033
Camponotus syringae                   465537           48     8768.7100  0.0296    0.0525  0.0545   49           0       0.0000         9     0.0040
Acanthoscelides xanthogrammtidae      516321          564    40926.4400  0.0298    0.0413  0.0494   63           0       0.0000        34     0.0163
Pachycondyla polyxenes                  2857            8    74015.0500  0.0141    0.0211  0.0241   29           0       0.0000        13     0.0060
Utetheisa obscurus                    957015           28    22859.1800  0.0554    0.1019  0.1036   91           0       0.0000        12     0.0035
Oligonychus pyri                      133440          448   164411.6400  0.0200    0.0198  0.0294   53           0       0.0000        47     0.0191
Attagenus floridensis                  49307            8     5756.4400  0.0072    0.0126  0.0131   13           0       0.0000         3     0.0011
Haemaphysalis barbita                 316814           12    18817.1100  0.0224    0.0366  0.0398   44           0       0.0000        22     0.0063
Balclutha barbita                      57887          720    80420.3000  0.0071    0.0080  0.0109   22           0       0.0000        17     0.0058
Coleophora maculata                    44513          108    87222.7500  0.0118    0.0093  0.0162   40           0       0.0000        38     0.0139
Leptothrips suppressalis              425355           92    43906.5600  0.0204    0.0358  0.0374   36           0       0.0000         8     0.0032
Spodoptera gowdeyi                    490444           56    17159.2300  0.0334    0.0543  0.0591   61           0       0.0000        21     0.0097
Phyllonorycter americana              553587           60    54752.3100  0.0554    0.0860  0.0961  105           0       0.0000        41     0.0202
Erionota castanea                     235411         1112    42225.6200  0.0165    0.0164  0.0242   36           0       0.0000        27     0.0158
Circulifer dentata                    169406           92    60133.2800  0.0169    0.0108  0.0220   57           0       0.0000        51     0.0224
Melanocallis pyri                     549033          332    14531.2300  0.0321    0.0582  0.0596   51           0       0.0000         5     0.0029
Asphondylia americana                 158829           36    30865.0700  0.0153    0.0250  0.0271   28           0       0.0000         9     0.0043
Trialeurodes betulella                301376           56    50128.5000  0.0146    0.0148  0.0216   44           0       0.0000        38     0.0137
Bucculatrix cassidea                   17660           12    48611.1500  0.0048    0.0021  0.0058   16           0       0.0000        16     0.0073
Blattella tremuloidiella               19719          144    89658.6900  0.0147    0.0062  0.0176   49           0       0.0000        47     0.0229
Haplothrips imbricator                360124            4    14714.8300  0.0194    0.0326  0.0349   33           0       0.0000         8     0.0045
Monellia mali                         208082           40     8676.8400  0.0161    0.0289  0.0298   28           0       0.0000         5     0.0017
Circulifer yothersi                   469707            8    13825.1000  0.0276    0.0438  0.0484   48           0       0.0000        16     0.0092
Alphitobius retentus                   41242          232    63366.5800  0.0078    0.0043  0.0099   35           0       0.0000        33     0.0111
Pealius otiosana                      190509           12     8935.8700  0.0092    0.0143  0.0160   19           0       0.0000         8     0.0035
Autographa megacephala                723123          172    15315.9100  0.0375    0.0688  0.0701   59           0       0.0000         5     0.0026
Arge aureocincta                      296832          136    44771.7000  0.0288    0.0453  0.0503   62           0       0.0000        29     0.0099
Acrobasis pygmaeella                  130962          304   186131.2200  0.0439    0.0205  0.0536  127           1       0.0004       121     0.0658
Graminella pennsylvanicus              28056          264    82036.2700  0.0071    0.0103  0.0120   20           0       0.0000        12     0.0034
Periplaneta tumifex                   112692           24    29114.2900  0.0073    0.0055  0.0099   16           0       0.0000        14     0.0087
Chelymorpha serratella                593081          148     6219.7800  0.0291    0.0542  0.0548   46           0       0.0000         3     0.0012
Schizotetranychus festaliella         822961          176     8732.2900  0.0346    0.0642  0.0650   54           0       0.0000         3     0.0016
Crioceris ocellus                     305307           84    45552.4500  0.0174    0.0269  0.0301   34           0       0.0000        14     0.0065
Arge retentus                         670374           24     1677.4300  0.0395    0.0750  0.0750   60           0       0.0000         0     0.0000
Podosesia acuminata                   742597           60    10911.9700  0.0329    0.0577  0.0603   56           0       0.0000        11     0.0051
Trachelus humile                       68266           20   206069.7300  0.0657    0.0327  0.0811  172           0       0.0000       169     0.0969
Loxostege incertus                     74508           32    36564.3800  0.0048    0.0044  0.0069   13           0       0.0000        11     0.0050
Papilio obscurus                      610500           92     5907.2600  0.0398    0.0719  0.0739   66           0       0.0000        11     0.0039
Nuculaspis lectularius                 93962           80    45355.8600  0.0168    0.0193  0.0259   33           0       0.0000        30     0.0133
Nomia tumifex                         291227           16    53296.4200  0.0195    0.0217  0.0298   45           0       0.0000        33     0.0161
Dermestes melanderi                    15972           36    64168.6200  0.0056    0.0039  0.0075   18           0       0.0000        18     0.0071
Nicrophorus cautella                   41217          236   116010.5900  0.0172    0.0149  0.0243   45           0       0.0000        44     0.0188
Melitara americana                    128713           40    82466.5900  0.0126    0.0127  0.0186   43           0       0.0000        37     0.0118
Scirtothrips retentus                 770232           60     2481.4500  0.0389    0.0737  0.0739   60           0       0.0000         1     0.0003
Balclutha syringae                    210714          152    27944.5600  0.0104    0.0162  0.0181   24           0       0.0000        15     0.0038
Pealius arenaria                      296329           96    16939.3700  0.0161    0.0292  0.0300   26           0       0.0000         3     0.0015
Acizzia puncticollis                   96664          268    60557.9900  0.0222    0.0176  0.0305   43           0       0.0000        40     0.0258
Delia richteri                        270345          176    26585.6900  0.0142    0.0218  0.0245   25           0       0.0000         9     0.0054
Neophyllaphis variabilis               61073          136    59673.1300  0.0071    0.0026  0.0084   30           0       0.0000        29     0.0115
Ischnaspis elotella                    76531            8     4164.8100  0.0086    0.0096  0.0131   18           0       0.0000        12     0.0071
Adelphocoris americana                   100           12    11011.2200  0.0048    0.0053  0.0074   11           0       0.0000        11     0.0041
Altica puncticollis                   213102            4    11415.1700  0.0071    0.0108  0.0122   14           0       0.0000         6     0.0029
Formica intrusus                     3666466          300    12424.8900  0.2075    0.3920  0.3931  318           0       0.0000         5     0.0023
Coptosoma pennsylvanicus             1667050           12    15024.5000  0.0916    0.1738  0.1739  140           0       0.0000         1     0.0003
Choreutis acuminata                    32275           44    11474.5700  0.0031    0.0028  0.0044    7           0       0.0000         6     0.0032
Coleophora paludatus                  104402          376   127428.3500  0.0117    0.0135  0.0181   31           0       0.0000        22     0.0092
Melanocallis aceris                   252147            8     3488.8000  0.0175    0.0325  0.0329   28           0       0.0000         2     0.0007
Argyresthia americana                  23940           88   112240.6300  0.0169    0.0119  0.0225   52           0       0.0000        52     0.0213
Camponotus semifuneralis                2765           20    63403.7400  0.0031    0.0009  0.0035   16           0       0.0000        16     0.0051
Papilio rotundata                      55953          448   158449.3700  0.0922    0.1662  0.1709  156           0       0.0000        25     0.0094
Mamestra quadrigibbus                  25389          592    98856.2800  0.0156    0.0106  0.0206   51           1       0.0003        47     0.0199
Delta fennica                         428303          400    68782.1100  0.0266    0.0317  0.0416   71           1       0.0003        48     0.0196
Euxoa incertus                        195698          148   100473.8300  0.0245    0.0229  0.0354   79           0       0.0000        65     0.0250
Pegomya richteri                      307545            4     2921.7200  0.0151    0.0276  0.0281   25           0       0.0000         3     0.0011
Utetheisa pygmaeella                   50125          112    52168.5100  0.0063    0.0038  0.0081   17           0       0.0000        16     0.0087
Dioryctria richteri                    40806          300   146244.9200  0.0236    0.0143  0.0304   64           0       0.0000        62     0.0321
Nomia rotundata                       156521          156    57643.0000  0.0159    0.0191  0.0250   39           0       0.0000        26     0.0117
Cryptococcus citri                     55088          336   141477.3400  0.0161    0.0115  0.0215   47           0       0.0000        43     0.0200
Agrotis obscurus                       50449            8    47707.0300  0.0115    0.0068  0.0147   41           0       0.0000        38     0.0158
Bombus citri                          158267           52    28547.0500  0.0132    0.0159  0.0207   35           0       0.0000        26     0.0098
Pegomya nigrifrons                    448621            4    16036.7200  0.0223    0.0370  0.0399   41           0       0.0000        13     0.0058
Phyllonorycter cassidea               357528            4    14741.4600  0.0197    0.0349  0.0362   34           0       0.0000         7     0.0026
Leptothrips acutangulus               293128           16    67270.3600  0.0311    0.0459  0.0529   67           0       0.0000        34     0.0139
Bombus tibialis                       163168            4     9964.7200  0.0065    0.0101  0.0112   15           0       0.0000         7     0.0023
Autographa vexabilis                  368578            8    45719.8300  0.0245    0.0379  0.0425   49           0       0.0000        21     0.0092
Bruchophagus obtusa                    99026          120    46128.2400  0.0109    0.0110  0.0161   28           0       0.0000        21     0.0102
Pealius quadrigibbus                   87290           12    38701.0500  0.0168    0.0155  0.0241   48           0       0.0000        40     0.0172
Circulifer americana                   13426            4     9016.5500  0.0020    0.0011  0.0025    5           0       0.0000         5     0.0028
Podosesia andraemon                   557228          164    30304.8500  0.0303    0.0553  0.0565   50           0       0.0000         9     0.0024
Aulacaspis odorata                   1010275            8    11424.9300  0.0542    0.1004  0.1018   87           0       0.0000         7     0.0028
Vespula unicolor                      104699          104    20738.0400  0.0088    0.0089  0.0130   22           0       0.0000        17     0.0082
Maruca glabripennis                    57098          348   253524.2200  0.0416    0.0190  0.0506  170           0       0.0000       167     0.0633
Cosmopolites barda                    117855          340   116299.5100  0.0183    0.0160  0.0259   59           0       0.0000        48     0.0197
Spodoptera ater                       138797           48    64252.9800  0.0138    0.0209  0.0237   32           0       0.0000        16     0.0056
Euura celarius                        138349           12     8565.5500  0.0107    0.0189  0.0196   19           0       0.0000         4     0.0014
Amphicerus aspericollis               159334          192    62429.4800  0.0210    0.0221  0.0315   54           0       0.0000        41     0.0188
Erionota ephemeraeformis              793997           72    50923.4300  0.0486    0.0898  0.0911   79           0       0.0000         8     0.0026
Agrotis punicae                        97848          144    62288.4900  0.0170    0.0118  0.0226   44           0       0.0000        39     0.0216
Melanocallis illucens                 103011           40    62547.0200  0.0193    0.0161  0.0269   47           0       0.0000        41     0.0216
Dolichovespula crataegella            286296            8    14910.4900  0.0195    0.0325  0.0349   37           0       0.0000        13     0.0048
Diaphorina roddi                     1158965           56     1385.9500  0.0491    0.0918  0.0926   76           1       0.0007         2     0.0009
Thyridopteryx quadrcomyza            1529367            4    10119.5900  0.0776    0.1454  0.1465  120           0       0.0000         4     0.0022
Otiorhynchus incertus                 311016            4    28842.5300  0.0241    0.0379  0.0420   43           0       0.0000        15     0.0083
Linepithema paludatus                 108381          280   111570.4900  0.0157    0.0067  0.0189   60           1       0.0003        56     0.0241
Tribolium aceris                      201418          196    29827.4500  0.0145    0.0167  0.0224   30           0       0.0000        20     0.0114
Thyridopteryx kondoi                  161251           12   113189.2000  0.0369    0.0466  0.0590   84           0       0.0000        73     0.0247
Coptosoma californica                  26264           92    40808.7000  0.0090    0.0118  0.0146   17           0       0.0000        16     0.0056
Myndus canadensisella                 535518          724    10335.7700  0.0289    0.0504  0.0528   49           0       0.0000        12     0.0048
Bucculatrix configurata                59291          308    59994.2300  0.0072    0.0072  0.0106   28           0       0.0000        23     0.0069
Protocalliphora kondoi                 87111          208   158355.2500  0.0283    0.0217  0.0386   77           1       0.0006        68     0.0333
Liriomyza humile                      106479            8    22969.5300  0.0093    0.0158  0.0168   15           0       0.0000         3     0.0020
Dioryctria cassidea                   468924           56    21754.8500  0.0208    0.0376  0.0386   37           0       0.0000         7     0.0021
Euzophera abietis                      32436          124   218547.5400  0.0297    0.0080  0.0335  171           0       0.0000       167     0.0509
Epiblema puncticollis                1603347           64     1848.6500  0.0838    0.1588  0.1590  128           0       0.0000         1     0.0004
Asphondylia fasciatus                 340593           28    45496.4500  0.0137    0.0193  0.0229   35           0       0.0000        25     0.0071
Brachycaudus kondoi                    53589           44    65073.6100  0.0188    0.0173  0.0270   52           0       0.0000        47     0.0194
Altica pulicaria                       51335           52   141659.1700  0.0324    0.0171  0.0405   92           0       0.0000        91     0.0468
Phyllobius uncatoides                 275871            8     7498.2300  0.0091    0.0164  0.0169   15           0       0.0000         2     0.0009
Nicrophorus Hough                      84798          644   108686.2800  0.0171    0.0154  0.0244   42           0       0.0000        33     0.0180
Dryocoetes aurantii                   309251          208    24917.0000  0.0205    0.0319  0.0356   42           0       0.0000        18     0.0075
Enoclerus pariana                     494818           84     2861.2100  0.0214    0.0393  0.0400   33           0       0.0000         2     0.0014
Colias tabidus                        135818          312   152044.4600  0.0475    0.0361  0.0646  112           0       0.0000       104     0.0571
Anthonomus quadrigibbus              1002440           40     1755.3300  0.0729    0.1379  0.1382  111           0       0.0000         1     0.0007
Acyrthosiphon tumifex                   6552           80     8078.3700  0.0029    0.0033  0.0045    7           0       0.0000         7     0.0024
Colias antennatum                      64934          248    72346.2600  0.0064    0.0036  0.0081   26           0       0.0000        24     0.0090
Coleophora illucens                   820756          616    58542.9700  0.0446    0.0758  0.0805   80           0       0.0000        21     0.0094
Erynephala consobrina                 307729          176    56581.8600  0.0187    0.0262  0.0311   47           0       0.0000        29     0.0098
Acinopterus yothersi                  296026           84    48190.3000  0.0258    0.0387  0.0441   58           0       0.0000        32     0.0109
Clastoptera stantoni                 2075682           88     7341.3300  0.0989    0.1875  0.1877  152           0       0.0000         2     0.0005
Erionota pomi                         411038            8     9878.2500  0.0235    0.0427  0.0437   38           0       0.0000         5     0.0021
Sitotroga betulella                    60505           12    13358.0600  0.0051    0.0072  0.0085   10           0       0.0000         5     0.0026
Ips pulicaria                         249264           60    84730.1300  0.0193    0.0300  0.0335   37           0       0.0000        14     0.0070
Dermatophagoides antennatum           248777            8    33472.7200  0.0163    0.0239  0.0276   32           0       0.0000        14     0.0074
Autographa suppressalis                32007          196   122545.1800  0.0110    0.0068  0.0142   34           0       0.0000        32     0.0149
Amphicerus megacephala                319999            4    20478.1700  0.0197    0.0347  0.0361   35           0       0.0000         8     0.0029
Dendroctonus pumila                   307476           48    20135.2000  0.0128    0.0206  0.0225   25           0       0.0000        10     0.0038
Ixodes tenellus                      1491222          116     4039.5700  0.0826    0.1563  0.1566  126           0       0.0000         1     0.0006
Ischnaspis americana                  148879           40    72213.3700  0.0166    0.0140  0.0233   47           1       0.0007        37     0.0178
Myzus pygmaeella                      301844            8    23183.8900  0.0242    0.0404  0.0434   44           0       0.0000        13     0.0059
Dermacentor megacephala                88066            8     6638.5900  0.0055    0.0100  0.0102   10           0       0.0000         2     0.0005
Adelphocoris araucariae               161855           28    11775.9300  0.0170    0.0279  0.0302   29           0       0.0000         8     0.0047
Autoplusia fagisuga                    48136          392    16092.3600  0.0038    0.0048  0.0061   12           0       0.0000         9     0.0026
Brachycorynella ashtoni                 4622           12    99273.4800  0.0171    0.0047  0.0194   64           0       0.0000        64     0.0292
Dendroctonus perseae                   14987          428    44642.2300  0.0033    0.0014  0.0040   17           0       0.0000        16     0.0052
Dendroctonus puncticollis             167539            4      957.6100  0.0072    0.0138  0.0138   11           0       0.0000         0     0.0000
Tribolium pyriforme                   112304           24    17650.6700  0.0050    0.0088  0.0091    9           0       0.0000         2     0.0007
Haplothrips dentata                   585123            8    14585.2000  0.0326    0.0591  0.0606   53           1       0.0004         6     0.0026
Acanthoscelides castanea              629215           96    15003.3400  0.0318    0.0584  0.0595   50           0       0.0000         5     0.0021
Sitotroga semifuneralis               226860           12    38454.1800  0.0180    0.0277  0.0311   39           0       0.0000        23     0.0069
Anthonomus roddi                       11670           36    58896.8800  0.0166    0.0169  0.0246   37           0       0.0000        34     0.0155
Sceliphron auxiliaris                 487463           28    18829.0200  0.0232    0.0406  0.0424   40           0       0.0000         8     0.0036
Sitotroga nigrifrons                  541205           32    24230.2600  0.0297    0.0541  0.0554   49           0       0.0000         6     0.0025
Liriomyza regina                      618374          176    21006.1300  0.0449    0.0781  0.0819   74           0       0.0000        13     0.0076
Mythimna caryaefoliae                 717163          176    10775.9700  0.0379    0.0686  0.0704   64           0       0.0000        11     0.0036
Aulacaspis aspericollis                41337            8    23461.3000  0.0037    0.0028  0.0050   13           0       0.0000        11     0.0043
Scirtothrips nigrifrons               416435          244    96598.7200  0.0329    0.0569  0.0599   64           0       0.0000        19     0.0059
Circulifer pomi                       289968          212    37785.7800  0.0221    0.0328  0.0376   44           0       0.0000        20     0.0097
Oligonychus rosarum                   140878          180    13564.1800  0.0114    0.0196  0.0206   22           1       0.0004         6     0.0017
Toxoptera nigrifrons                  537578           16    15685.0000  0.0299    0.0549  0.0559   49           0       0.0000         6     0.0019
Autoplusia farinae                     53062           12    19985.5900  0.0027    0.0012  0.0033    8           0       0.0000         8     0.0041
Spodoptera tremuloidiella              54883          284    68428.8700  0.0245    0.0335  0.0404   48           0       0.0000        25     0.0137
Cryptococcus aureocincta               80138           40    15615.2800  0.0075    0.0114  0.0129   16           0       0.0000         7     0.0029
Maruca egena                         2594570            4     5088.1000  0.1414    0.2678  0.2682  216           0       0.0000         2     0.0009
Pegomya californica                   506855            4    44008.9300  0.0284    0.0477  0.0510   52           0       0.0000        15     0.0067