step 100000
[3 0 0 0 0 0 0 0 0 0]
[50  0  0  0  0  0  0  0  0  0]
[26  0  0  0  0  0  0  0  0  0]
[11  0  0  0  0  0  0  0  0  0]
[4 0 0 0 1 0 0 0 0 1]
[4 0 0 0 0 0 0 0 0 0]
[0 0 0 0 0 0 0 0 0 0]
[1 0 0 0 0 0 0 0 0 0]
[0 0 0 0 0 0 0 0 0 0]
[1 0 0 0 0 0 0 0 0 0]

step 200000
[0 0 0 0 0 0 0 0 0 0]
[41  0  0  1  0  0  0  0  1  0]
[32  0  0  1  0  0  0  0  0  0]
[13  0  0  0  0  0  0  0  0  0]
[8 0 0 0 0 0 0 0 0 0]
[2 0 0 0 0 0 0 0 0 0]
[1 0 0 0 0 0 0 0 0 0]
[0 0 0 0 0 0 0 0 0 0]
[0 0 0 0 0 0 0 0 0 0]
[0 0 0 0 0 0 0 0 0 1]

step 300000
[3 0 0 0 0 0 0 0 0 0]
[61  0  0  0  0  0  0  0  0  1]
[32  0  0  0  0  0  0  0  0  0]
[11  0  0  0  0  0  0  0  0  0]
[6 0 0 0 0 0 0 0 0 0]
[2 0 0 0 0 0 0 0 0 0]
[2 0 0 0 0 0 0 0 0 0]
[0 0 0 0 0 0 0 0 0 0]
[0 0 0 0 0 0 0 0 0 0]
[1 0 0 0 1 0 0 0 0 0]

step 400000
[1 0 0 0 0 0 0 0 0 0]
[76  0  0  0  0  0  0  0  0  0]
[31  0  0  1  0  0  0  0  0  0]
[10  0  0  1  0  0  0  0  0  0]
[1 0 0 0 0 0 0 0 0 1]
[2 0 0 0 0 0 0 0 0 0]
[0 0 0 0 0 0 0 0 0 0]
[0 0 0 0 0 0 0 0 0 0]
[0 0 0 0 0 0 0 0 0 0]
[0 0 0 1 0 0 0 0 0 0]

step 500000
[0 0 0 0 0 0 0 0 0 0]
[76  0  2  0  0  1  0  0  0  0]
[23  0  1  0  0  0  0  0  0  0]
[8 0 0 0 0 1 0 0 0 0]
[3 0 0 0 0 0 0 0 0 0]
[1 0 0 0 0 0 0 0 0 0]
[0 0 0 0 0 0 0 0 0 0]
[0 0 0 0 0 0 0 0 0 0]
[0 0 0 0 0 0 0 0 0 0]
[0 0 0 0 0 0 0 0 0 1]

step 600000
[0 0 0 0 0 0 0 0 0 0]
[65  1  0  0  0  0  0  0  0  0]
[35  1  0  0  0  0  0  0  0  0]
[10  0  0  0  0  0  0  0  0  0]
[5 0 0 0 0 0 0 0 0 0]
[4 0 0 0 0 0 0 0 0 0]
[0 0 0 0 0 0 0 0 0 0]
[0 0 0 0 0 0 0 0 0 0]
[0 0 0 0 0 0 0 0 0 0]
[0 0 0 0 0 0 0 0 0 1]

step 700000
[0 0 0 0 0 0 0 0 0 0]
[62  0  2  0  0  0  0  0  0  1]
[36  1  3  0  1  0  0  0  0  0]
[11  1  0  0  0  0  0  0  0  0]
[4 0 0 0 0 0 0 0 0 0]
[2 0 0 0 0 0 0 0 0 0]
[0 0 0 0 0 0 0 0 0 0]
[1 0 0 0 0 0 0 0 0 0]
[0 0 0 0 0 0 0 0 0 0]
[0 0 1 0 0 0 0 0 0 0]

step 800000
[4 0 0 0 0 0 0 0 0 0]
[106   0   0   0   1   0   1   0   0   1]
[15  0  0  0  0  0  0  0  1  1]
[2 0 0 0 0 0 0 0 0 0]
[0 0 0 0 0 0 0 0 0 0]
[0 0 0 0 0 0 0 0 0 0]
[0 0 0 0 0 0 0 0 0 0]
[0 0 0 0 0 0 0 0 0 0]
[0 0 0 0 0 0 0 0 0 0]
[1 0 0 0 0 0 0 0 0 0]

step 900000
[3 0 0 0 0 0 0 0 0 0]
[72  3  0  0  0  0  0  0  0  0]
[28  2  0  0  0  0  0  0  0  0]
[11  2  0  0  1  0  0  0  0  0]
[3 0 0 0 0 0 0 1 0 0]
[4 0 0 0 0 0 0 0 0 1]
[1 0 0 0 0 0 0 0 0 0]
[0 0 0 0 0 0 0 0 0 0]
[0 0 0 0 0 0 0 0 0 0]
[1 1 0 0 0 0 0 0 0 0]

step 1000000
[1 0 0 0 0 0 0 0 0 0]
[71  0  0  1  0  0  1  0  0  1]
[27  0  0  0  0  1  1  0  0  0]
[7 0 0 0 0 0 0 0 0 0]
[4 0 0 0 0 0 0 0 0 0]
[1 0 0 0 0 0 0 0 0 0]
[0 0 0 0 0 0 0 0 0 0]
[1 0 0 0 0 0 0 0 0 0]
[0 0 0 0 0 0 0 0 1 0]
[1 0 0 0 0 0 0 0 0 0]

step 1100000
[0 0 0 0 0 0 0 0 0 0]
[99  0  4  1  2  0  0  0  0  0]
[19  0  0  0  0  0  0  0  0  0]
[2 0 0 0 0 0 0 0 0 0]
[1 0 0 0 0 0 0 0 0 0]
[0 0 0 0 0 0 0 0 0 0]
[0 0 0 0 0 0 0 0 0 0]
[0 0 0 0 0 0 0 0 0 1]
[0 0 0 0 0 0 0 0 0 0]
[1 0 0 0 0 0 0 0 0 0]

step 1200000
[1 0 0 0 0 0 0 0 0 0]
[103   0   0   0   1   0   0   1   1   1]
[18  0  0  0  0  0  0  0  0  0]
[4 0 0 0 0 0 0 0 0 0]
[3 0 0 0 0 0 0 0 0 0]
[0 0 0 0 0 0 0 0 0 0]
[0 0 0 0 0 0 0 0 0 0]
[0 0 0 0 0 0 0 0 0 0]
[0 0 0 0 0 0 0 0 0 0]
[1 0 0 0 0 0 0 0 0 0]

step 1300000
[1 0 0 0 0 0 0 0 0 0]
[103   0   0   0   5   0   1   0   2   1]
[13  0  0  0  0  0  0  0  0  0]
[4 0 0 0 0 0 0 0 0 0]
[0 0 0 0 0 0 0 0 0 0]
[0 0 0 0 0 0 0 0 0 0]
[0 0 0 0 0 0 0 0 0 0]
[0 0 0 0 0 0 0 0 0 0]
[0 0 0 0 0 0 0 0 0 0]
[0 0 0 0 1 0 0 0 0 0]

step 1400000
[0 0 0 0 0 0 0 0 0 0]
[96  3  0  0  0  0  0  0  0  0]
[22  2  0  0  0  0  0  0  0  0]
[4 0 0 0 0 0 0 0 0 0]
[7 0 0 0 0 0 0 0 0 0]
[0 0 0 0 0 0 0 0 0 0]
[0 0 0 0 0 0 0 0 0 0]
[1 0 0 0 0 0 0 0 0 1]
[0 0 0 0 0 0 0 0 0 0]
[0 2 0 0 0 0 0 0 0 0]

step 1500000
[1 0 0 0 0 0 0 0 0 0]
[114   0   1   0   0   2   2   0   0   0]
[15  0  0  0  0  0  0  0  0  1]
[2 0 0 0 0 0 0 0 0 0]
[0 0 0 0 0 0 0 0 0 0]
[0 0 0 0 0 0 0 0 0 0]
[1 0 0 0 0 0 0 0 0 0]
[0 0 0 0 0 0 0 0 0 0]
[0 0 0 0 0 0 0 0 0 0]
[0 0 1 0 0 0 0 0 0 0]

step 1600000
[2 0 0 0 0 0 0 0 0 0]
[101   0   0   4   0   2   0   1   0   0]
[18  0  0  0  0  0  0  0  0  1]
[4 0 0 0 0 0 0 0 0 0]
[1 0 0 0 0 0 0 0 0 0]
[0 0 0 0 0 0 0 0 0 0]
[0 0 0 0 0 0 0 0 0 0]
[0 0 0 0 0 0 0 0 0 0]
[0 0 0 0 0 0 0 0 0 0]
[0 0 0 0 0 0 0 0 0 1]

step 1700000
[4 0 0 0 0 0 0 0 0 0]
[94  0  0  0  1  0  2  0  1  1]
[15  0  0  0  0  0  0  0  0  0]
[5 0 0 0 0 0 0 0 0 0]
[2 0 0 0 0 0 0 0 0 0]
[0 0 0 0 0 0 0 0 0 0]
[0 0 0 0 0 0 0 0 0 0]
[0 0 0 0 0 0 0 0 0 0]
[0 0 0 0 0 0 0 0 0 0]
[0 0 0 0 0 0 1 0 0 0]

step 1800000
[0 0 0 0 0 0 0 0 0 0]
[99  3  2  0  0  0  0  0  0  1]
[16  1  3  0  0  0  0  0  0  0]
[1 1 0 0 0 0 0 0 0 0]
[1 0 0 0 0 0 0 0 0 0]
[0 0 0 0 0 0 0 0 0 0]
[0 0 0 0 0 0 0 0 0 0]
[1 0 0 0 0 0 0 0 0 0]
[0 0 0 0 0 0 0 0 0 0]
[0 0 1 0 0 0 0 0 0 0]

step 1900000
[1 0 0 0 0 0 0 0 0 0]
[100   0   0   0   2   0   0   2   0   3]
[10  0  0  0  1  0  0  0  0  0]
[4 0 0 0 0 0 0 0 0 0]
[0 0 0 0 0 0 0 0 0 0]
[0 0 0 0 0 0 0 0 0 0]
[0 0 0 0 0 0 0 0 0 0]
[0 0 0 0 0 0 0 0 0 0]
[0 0 0 0 0 0 0 0 0 0]
[1 0 0 0 0 0 0 0 0 0]

step 2000000
[2 0 0 0 0 0 0 0 0 0]
[103   0   0   0   0   0   0   0   0   1]
[11  0  0  0  0  0  0  0  0  0]
[5 0 0 0 0 0 0 0 0 0]
[1 0 0 0 0 0 0 0 0 0]
[0 0 0 0 0 0 0 0 0 0]
[0 0 0 0 0 0 0 0 0 0]
[0 0 0 0 0 0 0 0 0 0]
[0 0 0 0 0 0 0 0 0 0]
[0 0 0 0 0 0 0 0 0 1]

step 2100000
[1 0 0 0 0 0 0 0 0 0]
[102   0   2   0   0   3   0   0   0   1]
[15  0  1  0  0  0  0  0  0  0]
[0 0 0 0 0 1 0 0 0 0]
[2 0 0 0 0 0 0 0 0 0]
[0 0 0 0 0 0 0 0 0 0]
[0 0 0 0 0 0 0 0 0 0]
[0 0 0 0 0 0 0 0 0 0]
[0 0 0 0 0 0 0 0 0 0]
[0 0 1 0 0 0 0 0 0 0]

step 2200000
[1 0 0 0 0 0 0 0 0 0]
[118   4   0   0   0   0   0   0   0   0]
[1 0 0 0 0 0 0 0 0 1]
[2 0 0 0 0 0 0 0 0 0]
[0 0 0 0 0 0 0 0 0 0]
[0 0 0 0 0 0 0 0 0 0]
[0 0 0 0 0 0 0 0 0 0]
[0 0 0 0 0 0 0 0 0 0]
[0 0 0 0 0 0 0 0 0 0]
[1 0 0 0 0 0 0 0 0 0]

step 2300000
[1 0 0 0 0 0 0 0 0 0]
[106   0   0   0   2   0   1   1   2   2]
[9 0 0 0 0 0 0 0 0 0]
[0 0 0 0 1 0 0 0 0 0]
[0 0 0 0 0 0 0 0 0 0]
[1 0 0 0 0 0 0 0 0 0]
[0 0 0 0 0 0 0 0 0 0]
[0 0 0 0 0 0 0 0 0 0]
[0 0 0 0 0 0 0 0 0 0]
[0 0 0 0 0 0 0 0 1 0]

step 2400000
[0 0 0 0 0 0 0 0 0 0]
[113   0   0   0   1   0   3   0   1   0]
[3 0 0 0 0 0 0 0 0 0]
[1 0 0 0 0 0 0 0 0 1]
[0 0 0 0 0 0 0 0 0 0]
[0 0 0 0 0 0 0 0 0 0]
[0 0 0 0 0 0 0 0 0 0]
[0 0 0 0 0 0 0 0 0 0]
[0 0 0 0 0 0 0 0 0 0]
[0 0 0 0 1 0 0 0 0 0]

step 2500000
[0 0 0 0 0 0 0 0 0 0]
[118   0   0   0   4   0   0   1   0   1]
[4 0 0 0 0 0 0 0 0 0]
[1 0 0 0 0 0 0 0 0 0]
[0 0 0 0 0 0 0 0 0 0]
[1 0 0 0 0 0 0 0 0 0]
[0 0 0 0 0 0 0 0 0 0]
[0 0 0 0 0 0 0 0 0 0]
[0 0 0 0 0 0 0 0 0 0]
[1 0 0 0 0 0 0 0 0 0]

step 2600000
[3 0 0 0 0 0 0 0 0 0]
[127   0   0   0   1   0   1   0   2   1]
[7 0 0 0 0 0 0 0 0 0]
[0 0 0 0 0 0 0 0 0 0]
[0 0 0 0 0 0 0 0 0 0]
[1 0 0 0 0 0 0 0 0 0]
[1 0 0 0 0 0 0 0 0 0]
[0 0 0 0 0 0 0 0 0 0]
[0 0 0 0 0 0 0 0 0 0]
[0 0 0 0 0 0 0 0 0 1]

step 2700000
[2 0 0 0 0 0 0 0 0 0]
[115   0   0   0   1   0   1   0   1   2]
[6 0 0 0 1 0 0 0 0 0]
[0 0 0 0 0 0 0 0 0 0]
[1 0 0 0 0 0 0 0 0 0]
[0 0 0 0 0 0 0 0 0 0]
[0 0 0 0 0 0 0 0 0 0]
[0 0 0 0 0 0 0 0 0 0]
[0 0 0 0 0 0 0 0 0 0]
[1 0 0 0 0 0 0 0 0 0]

step 2800000
[3 0 0 0 0 0 0 0 0 0]
[116   0   0   0   0   0   3   0   0   2]
[9 0 0 0 0 0 0 0 0 1]
[1 0 0 0 0 0 0 0 0 0]
[0 0 0 0 0 0 0 0 0 0]
[1 0 0 0 0 0 0 0 0 0]
[0 0 0 0 0 0 0 0 0 0]
[0 0 0 0 0 0 0 0 0 0]
[0 0 0 0 0 0 0 0 0 0]
[1 0 0 0 0 0 0 0 0 0]

step 2900000
[1 0 0 0 0 0 0 0 0 0]
[123   0   4   0   0   0   0   0   0   1]
[5 0 0 0 0 0 0 0 0 0]
[0 0 0 0 0 0 0 0 0 0]
[1 0 0 0 0 0 0 0 0 0]
[0 0 0 0 0 0 0 0 0 0]
[0 0 0 0 0 0 0 0 0 0]
[0 0 0 0 0 0 0 0 0 0]
[0 0 0 0 0 0 0 0 0 0]
[1 0 0 0 0 0 0 0 0 0]

step 3000000
[2 0 0 0 0 0 0 0 0 0]
[125   0   1   1   0   2   0   0   0   1]
[4 0 0 0 0 0 0 0 0 0]
[0 0 0 0 0 0 0 0 0 0]
[0 0 0 0 0 0 0 0 0 0]
[0 0 0 0 0 0 0 0 0 0]
[0 0 0 0 0 0 0 0 0 0]
[0 0 0 0 0 0 0 0 0 0]
[0 0 0 0 0 0 0 0 0 0]
[0 0 0 0 0 1 0 0 0 0]

step 3100000
[2 0 0 0 0 0 0 0 0 0]
[124   0   4   0   0   0   0   0   0   1]
[10  0  0  0  0  0  0  0  0  0]
[0 0 0 0 0 0 0 0 0 0]
[0 0 0 0 0 0 0 0 0 0]
[0 0 0 0 0 0 0 0 0 0]
[0 0 0 0 0 0 0 0 0 0]
[0 0 0 0 0 0 0 0 0 0]
[0 0 0 0 0 0 0 0 0 0]
[1 0 0 0 0 0 0 0 0 0]

step 3200000
[0 0 0 0 0 0 0 0 0 0]
[130   0   0   0   3   0   5   0   1   1]
[4 0 0 0 0 0 0 0 0 0]
[0 0 0 0 0 0 0 0 0 0]
[0 0 0 0 0 0 0 0 0 0]
[0 0 0 0 0 0 0 0 0 0]
[0 0 0 0 0 0 0 0 0 0]
[0 0 0 0 0 0 0 0 0 0]
[0 0 0 0 0 0 0 0 0 0]
[1 0 0 0 0 0 0 0 0 0]

step 3300000
[1 0 0 0 0 0 0 0 0 0]
[127   6   0   0   0   0   0   0   0   1]
[6 2 0 0 0 0 0 0 0 0]
[0 0 0 0 0 0 0 0 0 0]
[0 0 0 0 0 0 0 0 0 0]
[0 0 0 0 0 0 0 0 0 0]
[0 0 0 0 0 0 0 0 0 0]
[0 0 0 0 0 0 0 0 0 0]
[0 0 0 0 0 0 0 0 0 0]
[1 0 0 0 0 0 0 0 0 0]

step 3400000
[1 0 0 0 0 0 0 0 0 0]
[117   0   0   0   2   0   1   0   0   1]
[0 0 0 0 0 0 0 0 0 0]
[0 0 0 0 0 0 0 0 0 0]
[0 0 0 0 0 0 0 0 0 0]
[0 0 0 0 0 0 0 0 0 0]
[0 0 0 0 0 0 0 0 0 0]
[0 0 0 0 0 0 0 0 0 0]
[0 0 0 0 0 0 0 0 0 0]
[1 0 0 0 0 0 0 0 0 0]

step 3500000
[1 0 0 0 0 0 0 0 0 0]
[110  10   0   0   0   0   0   0   0   1]
[3 0 0 0 0 0 0 0 0 0]
[0 0 0 0 0 0 0 0 0 0]
[0 0 0 0 0 0 0 0 0 0]
[0 0 0 0 0 0 0 0 0 0]
[0 0 0 0 0 0 0 0 0 0]
[0 0 0 0 0 0 0 0 0 0]
[0 0 0 0 0 0 0 0 0 0]
[1 0 0 0 0 0 0 0 0 0]

step 3600000
[0 0 0 0 0 0 0 0 0 0]
[120   0   0   2   0   2   0   1   0   1]
[3 0 0 0 0 0 0 0 0 0]
[0 0 0 0 0 0 0 0 0 0]
[0 0 0 0 0 0 0 0 0 0]
[0 0 0 0 0 0 0 0 0 0]
[0 0 0 0 0 0 0 0 0 0]
[0 0 0 0 0 0 0 0 0 0]
[0 0 0 0 0 0 0 0 0 0]
[1 0 0 0 0 0 0 0 0 0]

step 3700000
[0 0 0 0 0 0 0 0 0 0]
[84  0  0  0  0  0  0  0  0  0]
[3 0 0 0 0 0 0 0 0 0]
[1 0 0 0 0 0 0 0 0 1]
[0 0 0 0 0 0 0 0 0 0]
[0 0 0 0 0 0 0 0 0 0]
[0 0 0 0 0 0 0 0 0 0]
[0 0 0 0 0 0 0 0 0 0]
[0 0 0 0 0 0 0 0 0 0]
[1 0 0 0 0 0 0 0 0 0]

step 3800000
[1 0 0 0 0 0 0 0 0 0]
[107   0   0   0   1   0   0   0   0   0]
[2 0 0 0 0 0 0 0 0 1]
[0 0 0 0 0 0 0 0 0 0]
[0 0 0 0 0 0 0 0 0 0]
[0 0 0 0 0 0 0 0 0 0]
[0 0 0 0 0 0 0 0 0 0]
[0 0 0 0 0 0 0 0 0 0]
[0 0 0 0 0 0 0 0 0 0]
[1 0 0 0 0 0 0 0 0 0]

step 3900000
[0 0 0 0 0 0 0 0 0 0]
[104   1   0   0   0   0   0   0   0   1]
[3 0 0 0 0 0 0 0 0 0]
[1 0 0 0 0 0 0 0 0 0]
[0 0 0 0 0 0 0 0 0 0]
[0 0 0 0 0 0 0 0 0 0]
[0 0 0 0 0 0 0 0 0 0]
[0 0 0 0 0 0 0 0 0 0]
[0 0 0 0 0 0 0 0 0 0]
[1 0 0 0 0 0 0 0 0 0]

step 4000000
[1 0 0 0 0 0 0 0 0 0]
[117   2   0   0   0   0   0   0   0   1]
[3 0 0 0 0 0 0 0 0 0]
[0 0 0 0 0 0 0 0 0 0]
[0 0 0 0 0 0 0 0 0 0]
[0 0 0 0 0 0 0 0 0 0]
[0 0 0 0 0 0 0 0 0 0]
[0 0 0 0 0 0 0 0 0 0]
[0 0 0 0 0 0 0 0 0 0]
[1 0 0 0 0 0 0 0 0 0]

step 4100000
[2 0 0 0 0 0 0 0 0 0]
[105   3   1   0   0   0   0   0   0   1]
[6 0 0 0 0 0 0 0 0 0]
[1 0 0 0 0 0 0 0 0 0]
[0 0 0 0 0 0 0 0 0 0]
[0 0 0 0 0 0 0 0 0 0]
[0 0 0 0 0 0 0 0 0 0]
[0 0 0 0 0 0 0 0 0 0]
[0 0 0 0 0 0 0 0 0 0]
[0 1 0 0 0 0 0 0 0 0]

step 4200000
[1 0 0 0 0 0 0 0 0 0]
[98  0  0  0  0  0  2  0  0  1]
[3 0 0 0 0 0 0 0 0 0]
[0 0 0 0 0 0 0 0 0 0]
[0 0 0 0 0 0 0 0 0 0]
[0 0 0 0 0 0 0 0 0 0]
[0 0 0 0 0 0 0 0 0 0]
[0 0 0 0 0 0 0 0 0 0]
[0 0 0 0 0 0 0 0 0 0]
[1 0 0 0 0 0 0 0 0 0]

step 4300000
[1 0 0 0 0 0 0 0 0 0]
[103   0   0   0   2   0   0   2   0   1]
[6 0 0 0 0 0 0 0 0 0]
[1 0 0 0 0 0 0 0 0 0]
[0 0 0 0 0 0 0 0 0 0]
[0 0 0 0 0 0 0 0 0 0]
[0 0 0 0 0 0 0 0 0 0]
[0 0 0 0 0 0 0 0 0 0]
[0 0 0 0 0 0 0 0 0 0]
[1 0 0 0 0 0 0 0 0 0]

step 4400000
[1 0 0 0 0 0 0 0 0 0]
[105   6   1   0   0   0   0   0   0   1]
[4 0 0 0 0 0 0 0 0 0]
[0 0 0 0 0 0 0 0 0 0]
[0 0 0 0 0 0 0 0 0 0]
[0 0 0 0 0 0 0 0 0 0]
[0 0 0 0 0 0 0 0 0 0]
[0 0 0 0 0 0 0 0 0 0]
[0 0 0 0 0 0 0 0 0 0]
[1 0 0 0 0 0 0 0 0 0]

step 4500000
[0 0 0 0 0 0 0 0 0 0]
[114   4   0   0   1   0   0   0   0   1]
[7 0 0 0 0 0 0 0 0 0]
[0 0 0 0 0 0 0 0 0 0]
[0 0 0 0 0 0 0 0 0 0]
[0 0 0 0 0 0 0 0 0 0]
[0 0 0 0 0 0 0 0 0 0]
[0 0 0 0 0 0 0 0 0 0]
[0 0 0 0 0 0 0 0 0 0]
[1 0 0 0 0 0 0 0 0 0]

step 4600000
[2 0 0 0 0 0 0 0 0 0]
[114   0   0   0   3   0   1   0   0   3]
[4 0 0 0 0 0 0 0 0 0]
[0 0 0 0 0 0 0 0 0 0]
[0 0 0 0 0 0 0 0 0 0]
[0 0 0 0 0 0 0 0 0 0]
[0 0 0 0 0 0 0 0 0 0]
[0 0 0 0 0 0 0 0 0 0]
[0 0 0 0 0 0 0 0 0 0]
[1 0 0 0 0 0 0 0 0 0]

step 4700000
[1 0 0 0 0 0 0 0 0 0]
[110   0   0   0   2   0   4   0   0   1]
[2 0 0 0 0 0 0 0 0 0]
[0 0 0 0 0 0 0 0 0 0]
[0 0 0 0 0 0 0 0 0 0]
[0 0 0 0 0 0 0 0 0 0]
[0 0 0 0 0 0 0 0 0 0]
[0 0 0 0 0 0 0 0 0 0]
[0 0 0 0 0 0 0 0 0 0]
[1 0 0 0 0 0 0 0 0 0]

step 4800000
[0 0 0 0 0 0 0 0 0 0]
[115   7   0   0   0   0   0   0   0   1]
[2 1 0 0 0 0 0 0 0 0]
[0 0 0 0 0 0 0 0 0 0]
[0 0 0 0 0 0 0 0 0 0]
[0 0 0 0 0 0 0 0 0 0]
[0 0 0 0 0 0 0 0 0 0]
[0 0 0 0 0 0 0 0 0 0]
[0 0 0 0 0 0 0 0 0 0]
[1 0 0 0 0 0 0 0 0 0]

step 4900000
[0 0 0 0 0 0 0 0 0 0]
[112   0   0   0   1   0   0   1   1   4]
[1 0 0 0 0 0 0 0 0 0]
[0 0 0 0 0 0 0 0 0 0]
[0 0 0 0 0 0 0 0 0 0]
[0 0 0 0 0 0 0 0 0 0]
[0 0 0 0 0 0 0 0 0 0]
[0 0 0 0 0 0 0 0 0 0]
[0 0 0 0 0 0 0 0 0 0]
[1 0 0 0 0 0 0 0 0 0]

step 5000000
[1 0 0 0 0 0 0 0 0 0]
[119   0   0   0   3   0   1   0   0   1]
[1 0 0 0 1 0 0 0 0 0]
[0 0 0 0 0 0 0 0 0 0]
[0 0 0 0 0 0 0 0 0 0]
[0 0 0 0 0 0 0 0 0 0]
[0 0 0 0 0 0 0 0 0 0]
[0 0 0 0 0 0 0 0 0 0]
[0 0 0 0 0 0 0 0 0 0]
[1 0 0 0 0 0 0 0 0 0]

step 5100000
[2 0 0 0 0 0 0 0 0 0]
[119   5   2   0   0   0   0   0   0   1]
[1 0 0 0 0 0 0 0 0 0]
[0 0 0 0 0 0 0 0 0 0]
[0 0 0 0 0 0 0 0 0 0]
[0 0 0 0 0 0 0 0 0 0]
[0 0 0 0 0 0 0 0 0 0]
[0 0 0 0 0 0 0 0 0 0]
[0 0 0 0 0 0 0 0 0 0]
[1 0 0 0 0 0 0 0 0 0]

step 5200000
[4 0 0 0 0 0 0 0 0 0]
[119   0   2   0   0   0   1   0   0   2]
[1 0 0 0 0 0 0 0 0 0]
[0 0 0 0 0 0 0 0 0 0]
[1 0 0 0 0 0 0 0 0 0]
[0 0 0 0 0 0 0 0 0 0]
[0 0 0 0 0 0 0 0 0 0]
[0 0 0 0 0 0 0 0 0 0]
[0 0 0 0 0 0 0 0 0 0]
[1 0 0 0 0 0 0 0 0 0]

step 5300000
[1 0 0 0 0 0 0 0 0 0]
[110  14   0   0   0   0   0   0   0   1]
[1 1 0 0 0 0 0 0 0 0]
[0 0 0 0 0 0 0 0 0 0]
[0 0 0 0 0 0 0 0 0 0]
[0 0 0 0 0 0 0 0 0 0]
[0 0 0 0 0 0 0 0 0 0]
[0 0 0 0 0 0 0 0 0 0]
[0 0 0 0 0 0 0 0 0 0]
[0 1 0 0 0 0 0 0 0 0]

step 5400000
[3 0 0 0 0 0 0 0 0 0]
[121   0   0   0   3   0   2   1   0   1]
[1 0 0 0 0 0 0 0 0 0]
[0 0 0 0 0 0 0 0 0 0]
[0 0 0 0 0 0 0 0 0 0]
[0 0 0 0 0 0 0 0 0 0]
[0 0 0 0 0 0 0 0 0 0]
[0 0 0 0 0 0 0 0 0 0]
[0 0 0 0 0 0 0 0 0 0]
[1 0 0 0 0 0 0 0 0 0]

step 5500000
[1 0 0 0 0 0 0 0 0 0]
[121   7   0   0   0   0   0   0   0   1]
[1 0 0 0 0 0 0 0 0 0]
[0 0 0 0 0 0 0 0 0 0]
[0 0 0 0 0 0 0 0 0 0]
[0 0 0 0 0 0 0 0 0 0]
[0 0 0 0 0 0 0 0 0 0]
[0 0 0 0 0 0 0 0 0 0]
[0 0 0 0 0 0 0 0 0 0]
[1 0 0 0 0 0 0 0 0 0]

