Parameters - Namespace(K=20000, colonizers=4, colrate=0.01, force=False, meta='metacommunity_LS4.txt', mode='volcanic', nsims=1000000000, octaves=False, outdir='simout/K_20000-C_0.01-2_x4', quiet=False, recording_period=100000)
Raw abundance dist - OrderedDict([(1, 8), (2, 11), (3, 13), (4, 9), (5, 11), (6, 7), (7, 10), (8, 5), (9, 6), (10, 5), (11, 8), (12, 3), (13, 5), (14, 4), (15, 4), (16, 8), (17, 6), (18, 4), (19, 2), (20, 3), (21, 3), (22, 4), (23, 2), (24, 3), (25, 4), (26, 5), (27, 3), (28, 2), (29, 2), (30, 4), (31, 1), (32, 4), (33, 1), (34, 1), (35, 4), (36, 5), (38, 3), (39, 4), (40, 1), (41, 1), (42, 2), (43, 2), (45, 2), (46, 6), (47, 5), (49, 3), (50, 1), (52, 2), (53, 1), (55, 3), (56, 2), (57, 2), (58, 2), (59, 3), (61, 3), (62, 1), (63, 2), (64, 1), (65, 2), (66, 2), (70, 2), (71, 1), (72, 3), (73, 2), (74, 3), (75, 1), (76, 1), (77, 1), (80, 1), (81, 1), (82, 2), (84, 1), (87, 3), (89, 1), (90, 1), (92, 1), (93, 2), (94, 1), (95, 1), (98, 1), (99, 2), (108, 3), (115, 1), (117, 1), (119, 3), (120, 1), (124, 1), (125, 1), (126, 1), (133, 1), (646, 1), (136, 1), (137, 2), (142, 2), (154, 1), (156, 1), (166, 1), (167, 2), (169, 1), (180, 2), (181, 1), (182, 1), (184, 2), (186, 1), (188, 1), (195, 1), (205, 1), (209, 1), (220, 1), (225, 1), (232, 1), (233, 1), (234, 1), (247, 1), (250, 1), (252, 1), (254, 1), (256, 1), (257, 1), (267, 1), (278, 1), (285, 1), (292, 1), (295, 1), (318, 1), (322, 1), (374, 1), (403, 1), (594, 1)])
Abundance in octaves - OrderedDict([(1, 8), (2, 24), (4, 37), (8, 40), (16, 56), (32, 66), (64, 49), (128, 32)])


Simulated Species Abundance Distribution
###############################################################################
|||||||||||||||||||||||||||||||||||||||||||                              8  1  
|||||||||||||||||||||||||||||||||||||||||||||||||||||||||||             11  2  
||||||||||||||||||||||||||||||||||||||||||||||||||||||||||||||||||||||  13  3  
||||||||||||||||||||||||||||||||||||||||||||||||                         9  4  
|||||||||||||||||||||||||||||||||||||||||||||||||||||||||||             11  5  
|||||||||||||||||||||||||||||||||||||                                    7  6  
|||||||||||||||||||||||||||||||||||||||||||||||||||||                   10  7  
||||||||||||||||||||||||||                                               5  8  
||||||||||||||||||||||||||||||||                                         6  9  
||||||||||||||||||||||||||                                               5  10 
|||||||||||||||||||||||||||||||||||||||||||                              8  11 
||||||||||||||||                                                         3  12 
||||||||||||||||||||||||||                                               5  13 
|||||||||||||||||||||                                                    4  14 
|||||||||||||||||||||                                                    4  15 
|||||||||||||||||||||||||||||||||||||||||||                              8  16 
||||||||||||||||||||||||||||||||                                         6  17 
|||||||||||||||||||||                                                    4  18 
||||||||||                                                               2  19 
||||||||||||||||                                                         3  20 
||||||||||||||||                                                         3  21 
|||||||||||||||||||||                                                    4  22 
||||||||||                                                               2  23 
||||||||||||||||                                                         3  24 
|||||||||||||||||||||                                                    4  25 
||||||||||||||||||||||||||                                               5  26 
||||||||||||||||                                                         3  27 
||||||||||                                                               2  28 
||||||||||                                                               2  29 
|||||||||||||||||||||                                                    4  30 
|||||                                                                    1  31 
|||||||||||||||||||||                                                    4  32 
|||||                                                                    1  33 
|||||                                                                    1  34 
|||||||||||||||||||||                                                    4  35 
||||||||||||||||||||||||||                                               5  36 
||||||||||||||||                                                         3  38 
|||||||||||||||||||||                                                    4  39 
|||||                                                                    1  40 
|||||                                                                    1  41 
||||||||||                                                               2  42 
||||||||||                                                               2  43 
||||||||||                                                               2  45 
||||||||||||||||||||||||||||||||                                         6  46 
||||||||||||||||||||||||||                                               5  47 
||||||||||||||||                                                         3  49 
|||||                                                                    1  50 
||||||||||                                                               2  52 
|||||                                                                    1  53 
||||||||||||||||                                                         3  55 
||||||||||                                                               2  56 
||||||||||                                                               2  57 
||||||||||                                                               2  58 
||||||||||||||||                                                         3  59 
||||||||||||||||                                                         3  61 
|||||                                                                    1  62 
||||||||||                                                               2  63 
|||||                                                                    1  64 
||||||||||                                                               2  65 
||||||||||                                                               2  66 
||||||||||                                                               2  70 
|||||                                                                    1  71 
||||||||||||||||                                                         3  72 
||||||||||                                                               2  73 
||||||||||||||||                                                         3  74 
|||||                                                                    1  75 
|||||                                                                    1  76 
|||||                                                                    1  77 
|||||                                                                    1  80 
|||||                                                                    1  81 
||||||||||                                                               2  82 
|||||                                                                    1  84 
||||||||||||||||                                                         3  87 
|||||                                                                    1  89 
|||||                                                                    1  90 
|||||                                                                    1  92 
||||||||||                                                               2  93 
|||||                                                                    1  94 
|||||                                                                    1  95 
|||||                                                                    1  98 
||||||||||                                                               2  99 
||||||||||||||||                                                         3  108
|||||                                                                    1  115
|||||                                                                    1  117
||||||||||||||||                                                         3  119
|||||                                                                    1  120
|||||                                                                    1  124
|||||                                                                    1  125
|||||                                                                    1  126
|||||                                                                    1  133
|||||                                                                    1  646
|||||                                                                    1  136
||||||||||                                                               2  137
||||||||||                                                               2  142
|||||                                                                    1  154
|||||                                                                    1  156
|||||                                                                    1  166
||||||||||                                                               2  167
|||||                                                                    1  169
||||||||||                                                               2  180
|||||                                                                    1  181
|||||                                                                    1  182
||||||||||                                                               2  184
|||||                                                                    1  186
|||||                                                                    1  188
|||||                                                                    1  195
|||||                                                                    1  205
|||||                                                                    1  209
|||||                                                                    1  220
|||||                                                                    1  225
|||||                                                                    1  232
|||||                                                                    1  233
|||||                                                                    1  234
|||||                                                                    1  247
|||||                                                                    1  250
|||||                                                                    1  252
|||||                                                                    1  254
|||||                                                                    1  256
|||||                                                                    1  257
|||||                                                                    1  267
|||||                                                                    1  278
|||||                                                                    1  285
|||||                                                                    1  292
|||||                                                                    1  295
|||||                                                                    1  318
|||||                                                                    1  322
|||||                                                                    1  374
|||||                                                                    1  403
|||||                                                                    1  594
###############################################################################

Species Name                      Col time    Loc Abund    Meta Abund      pi    pi_net     Dxy    S    S_island    pi_island    S_meta    pi_meta
------------------------------  ----------  -----------  ------------  ------  --------  ------  ---  ----------  -----------  --------  ---------
Euxoa fasciatus                       7859          296   158053.1100  0.0236    0.0109  0.0288   80           1       0.0007        77     0.0351
Asphondylia catenifer                 1468          128    48638.2600  0.0040    0.0027  0.0053   12           0       0.0000        12     0.0051
Graminella auxiliaris                39412           56    14511.2800  0.0026    0.0033  0.0041    8           0       0.0000         6     0.0017
Cimex canadensisella                  4888          188    63980.1100  0.0127    0.0029  0.0141   42           0       0.0000        42     0.0224
Nomia tumifex                        65863           24    13061.5800  0.0070    0.0058  0.0097   19           0       0.0000        16     0.0079
Utetheisa ocellus                   160616           24    15571.6000  0.0138    0.0214  0.0239   26           0       0.0000        10     0.0050
Bucculatrix varians                   5015            8     1659.6300  0.0013    0.0020  0.0023    2           0       0.0000         2     0.0005
Autoplusia crataegella               31378           12     3605.8800  0.0020    0.0037  0.0037    3           0       0.0000         0     0.0000
Attagenus richteri                    6536           12     4692.5100  0.0019    0.0013  0.0025    4           0       0.0000         4     0.0023
Dioryctria unicolor                  71059          124    50123.1200  0.0155    0.0211  0.0255   38           0       0.0000        31     0.0088
Jonthonota achemon                    4510           88    24969.5500  0.0016    0.0008  0.0020    5           0       0.0000         5     0.0024
Colias pomi                         180351            4     8768.7100  0.0075    0.0138  0.0140   12           0       0.0000         1     0.0004
Maruca lasiolepis                    29941           96    40926.4400  0.0048    0.0031  0.0062   24           0       0.0000        22     0.0062
Euura kuriphilus                      3350          128    74015.0500  0.0108    0.0059  0.0136   35           0       0.0000        35     0.0154
Liriomyza atratus                    10487          120    22859.1800  0.0042    0.0012  0.0048   24           0       0.0000        24     0.0071
Agrotis florilega                     8314          256   164411.6400  0.0177    0.0113  0.0230   56           0       0.0000        54     0.0234
Chrysomela aureocincta               27984            8     9449.2600  0.0013    0.0006  0.0016    4           0       0.0000         4     0.0021
Tethida caryella                    580939           28     5756.4400  0.0218    0.0413  0.0414   34           0       0.0000         1     0.0003
Brachycaudus asparagi                16097           60    18817.1100  0.0029    0.0018  0.0037    9           0       0.0000         8     0.0039
Argyresthia cassidea                 17190           40    20536.6300  0.0061    0.0053  0.0086   15           0       0.0000        13     0.0067
Sceliphron blackburni                16218           96    80420.3000  0.0179    0.0072  0.0213   53           0       0.0000        52     0.0282
Paradiplosis cautella               245727           56     4808.8000  0.0184    0.0350  0.0350   28           0       0.0000         0     0.0000
Dermestes consobrina                266078           40      537.1200  0.0151    0.0288  0.0288   23           0       0.0000         0     0.0000
Acanthoscelides exigua                3864          236    87222.7500  0.0198    0.0172  0.0280   42           0       0.0000        42     0.0215
Grylloprociphilus melanopygus         5499           80    43906.5600  0.0096    0.0092  0.0140   25           0       0.0000        24     0.0096
Neophyllaphis kondoi                259032           48     8928.7000  0.0127    0.0219  0.0231   21           0       0.0000         4     0.0024
Caliothrips roddi                    19525           24    17159.2300  0.0047    0.0062  0.0076   10           0       0.0000         6     0.0027
Euura celarius                        8958           96    54752.3100  0.0091    0.0093  0.0135   19           0       0.0000        19     0.0083
Grylloprociphilus americana          24569           40    42225.6200  0.0065    0.0053  0.0090   18           0       0.0000        16     0.0073
Bruchophagus cerealella               2759           64    16112.9600  0.0013    0.0014  0.0020    4           0       0.0000         3     0.0012
Callidium xanthogrammtidae            3859           76    60133.2800  0.0021    0.0013  0.0028   12           0       0.0000        11     0.0029
Saissetia vexabilis                  35704            8      170.7000  0.0013    0.0025  0.0025    2           0       0.0000         0     0.0000
Utetheisa aspericollis               39977            8    14531.2300  0.0062    0.0085  0.0102   15           0       0.0000        13     0.0034
Dichomeris farinae                  154851            4     5692.4700  0.0103    0.0182  0.0189   17           0       0.0000         3     0.0014
Pealius Hough                        98840            4     5683.0700  0.0094    0.0175  0.0177   15           0       0.0000         1     0.0004
Myzus blackburni                     22224           12    30865.0700  0.0071    0.0025  0.0082   24           0       0.0000        23     0.0114
Nomia semifuneralis                  47064          140    50128.5000  0.0101    0.0050  0.0125   27           1       0.0004        26     0.0146
Linepithema betae                    30448           92    48611.1500  0.0059    0.0024  0.0070   21           0       0.0000        21     0.0093
Bucculatrix xanthogrammtidae          4909           96    89658.6900  0.0080    0.0039  0.0099   29           0       0.0000        27     0.0120
Asphondylia crudus                   53694            4    14714.8300  0.0049    0.0075  0.0085   13           0       0.0000         7     0.0019
Mamestra exsectoides                135927            8      552.3100  0.0033    0.0063  0.0063    5           0       0.0000         0     0.0000
Balclutha ambiens                    54825           52    19197.8200  0.0049    0.0076  0.0085   11           0       0.0000         5     0.0018
Otiorhynchus aureocincta            214623           20     9454.5500  0.0113    0.0189  0.0203   22           0       0.0000         7     0.0027
Aedes tumifex                         8401           16     8676.8400  0.0034    0.0037  0.0051    6           0       0.0000         5     0.0029
Ataenius cereralis                  172861           48    13825.1000  0.0083    0.0126  0.0143   16           0       0.0000         7     0.0033
Argyresthia fennica                  43293           16    13692.6600  0.0034    0.0062  0.0064    6           0       0.0000         1     0.0003
Empoasca kondoi                      19942          112    63366.5800  0.0050    0.0015  0.0057   27           0       0.0000        26     0.0084
Aedes lecontei                       19474           52    15315.9100  0.0038    0.0027  0.0051   12           0       0.0000        11     0.0048
Alniphagus varians                  381549           68     1580.6500  0.0221    0.0414  0.0417   34           0       0.0000         1     0.0007
Liriomyza eurytheme                  10210           88    44771.7000  0.0030    0.0019  0.0039    9           0       0.0000         9     0.0039
Nomia imbricator                      3524          404   186131.2200  0.0174    0.0079  0.0211   75           0       0.0000        74     0.0265
Alphitobius asparagi                  3265           60    82036.2700  0.0082    0.0024  0.0094   40           0       0.0000        40     0.0140
Dermatophagoides asparagi            18539           32    18045.5500  0.0028    0.0012  0.0034   11           0       0.0000        11     0.0044
fly pomi                              4844            8     1677.9300  0.0000    0.0000  0.0000    0           0       0.0000         0     0.0000
Blattella ipsilon                     4781           64    29114.2900  0.0038    0.0031  0.0053   15           0       0.0000        13     0.0043
Eumorpha odorata                     79132           68    17341.2500  0.0080    0.0118  0.0136   19           0       0.0000        10     0.0037
Cryptococcus abbreviatus             10858           12    10910.9500  0.0007    0.0013  0.0013    1           0       0.0000         0     0.0000
Dolichurus asparagi                  17564           12     6219.7800  0.0031    0.0051  0.0055    6           0       0.0000         2     0.0008
Pentalonia tabidus                   23862           24     5525.6600  0.0011    0.0014  0.0017    2           0       0.0000         1     0.0007
Maruca vitrata                      303157           12     5424.4400  0.0173    0.0318  0.0324   28           0       0.0000         3     0.0011
Bruchophagus catenifer               34207           68    12490.2200  0.0040    0.0063  0.0070    9           0       0.0000         4     0.0014
Loxostege suppressalis               35805           20    15008.2100  0.0015    0.0013  0.0021    6           0       0.0000         5     0.0016
Acyrthosiphon intrusus              114909            4     8732.2900  0.0066    0.0114  0.0120   11           0       0.0000         3     0.0012
Dolichurus sordidus                   8432          120    45552.4500  0.0122    0.0058  0.0150   42           0       0.0000        39     0.0184
Hypothenemus roddi                  259761           28      838.4500  0.0138    0.0262  0.0262   21           0       0.0000         0     0.0000
Toxoptera florilega                 113398            8     5174.7100  0.0079    0.0140  0.0145   13           0       0.0000         2     0.0009
Euzophera roddi                     196408            8       38.4700  0.0151    0.0288  0.0288   23           0       0.0000         0     0.0000
Dolichovespula stantoni              15488           24     9680.2300  0.0018    0.0017  0.0026    6           0       0.0000         5     0.0019
Otiorhynchus tumifex                952412           28      238.0800  0.0576    0.1088  0.1091   88           0       0.0000         1     0.0006
Clastoptera maculata                167977           20     1757.5400  0.0123    0.0221  0.0227   19           0       0.0000         2     0.0013
Oligonychus consobrina               43550           48    10911.9700  0.0025    0.0038  0.0043    6           0       0.0000         3     0.0009
Pachycondyla perseae                  2003          596   206069.7300  0.0132    0.0042  0.0152   62           0       0.0000        60     0.0221
Fenusa antennatum                    83054           40    36564.3800  0.0053    0.0062  0.0083   14           0       0.0000        10     0.0041
Acrobasis thrax                     192874            8     5907.2600  0.0089    0.0150  0.0160   15           0       0.0000         4     0.0020
Ptinus vitrata                       59214          120    45355.8600  0.0070    0.0040  0.0089   24           1       0.0006        21     0.0091
Cosmopolites obscurus                 9407          112    53296.4200  0.0027    0.0017  0.0035    9           0       0.0000         9     0.0037
Eumorpha illucens                   395491            4     4624.2800  0.0193    0.0358  0.0362   30           0       0.0000         2     0.0009
Oligonychus obscurus                106802            8     2266.7300  0.0086    0.0163  0.0163   13           0       0.0000         0     0.0000
Podosesia fabricii                     545           20    13285.7000  0.0008    0.0001  0.0009    4           0       0.0000         4     0.0016
Blattella nigripes                    5158          136    64168.6200  0.0095    0.0048  0.0118   27           0       0.0000        27     0.0139
Autographa arenaria                   9816          188   116010.5900  0.0104    0.0033  0.0120   34           0       0.0000        34     0.0173
Adelphocoris maculata                30926           32    21319.8200  0.0011    0.0014  0.0017    2           0       0.0000         1     0.0007
Phyllobius sordidus                  57579            4     9268.2000  0.0030    0.0050  0.0054    7           0       0.0000         3     0.0008
Thyridopteryx kuriphilus             18029          100    82466.5900  0.0073    0.0031  0.0087   41           0       0.0000        39     0.0112
Cadra festaliella                    52981            4     2481.4500  0.0074    0.0138  0.0139   12           0       0.0000         1     0.0003
Liriomyza thuiella                  104934            4      463.3400  0.0033    0.0063  0.0063    5           0       0.0000         0     0.0000
Tabanus abbreviatus                 140677           28     1074.8200  0.0042    0.0075  0.0077    8           0       0.0000         2     0.0005
Adelphocoris canadensisella          28766            8    11520.1700  0.0016    0.0016  0.0024    4           0       0.0000         3     0.0015
Clastoptera tremuloidiella           61085           60    27944.5600  0.0050    0.0039  0.0069   17           0       0.0000        15     0.0060
Hypothenemus betae                   19198           96    16939.3700  0.0048    0.0033  0.0064   13           0       0.0000        12     0.0062
Nuculaspis acuminata                334416           12     3616.8100  0.0213    0.0394  0.0400   33           0       0.0000         2     0.0012
Phormia americana                    34150          140    60557.9900  0.0154    0.0195  0.0246   42           0       0.0000        27     0.0103
Dolichovespula fasciatus            239751            8     2414.9800  0.0146    0.0275  0.0276   23           0       0.0000         1     0.0003
Epiblema laevigatus                  42860           44    26585.6900  0.0081    0.0058  0.0109   21           0       0.0000        19     0.0101
Erynephala pumila                    47654            4     8526.6500  0.0071    0.0106  0.0121   14           0       0.0000         6     0.0030
Neophyllaphis crotchi                89487           24     5419.5100  0.0082    0.0151  0.0154   13           0       0.0000         1     0.0006
Sesia pariana                          346          184    59673.1300  0.0092    0.0038  0.0110   27           0       0.0000        27     0.0143
Leptothrips glabripennis            175401            4     1272.5500  0.0099    0.0187  0.0187   15           0       0.0000         0     0.0000
Attagenus fabricii                  460608           48     5915.5300  0.0221    0.0393  0.0407   36           0       0.0000         6     0.0028
Otiorhynchus megacephala            137954           32     4164.8100  0.0053    0.0100  0.0100    8           0       0.0000         0     0.0000
Cadra acuminata                      71461           28     6076.0900  0.0079    0.0124  0.0138   13           0       0.0000         4     0.0028
Periplaneta asparagi                 48608            8     1410.2900  0.0039    0.0075  0.0075    6           0       0.0000         0     0.0000
Epicauta asparagi                    46804           40    11011.2200  0.0042    0.0062  0.0071    9           0       0.0000         5     0.0019
Phenacoccus araucariae              452427           16     4663.1900  0.0179    0.0321  0.0331   28           0       0.0000         3     0.0021
Megachile pyri                       14046           40    11415.1700  0.0009    0.0000  0.0009    6           0       0.0000         6     0.0017
Crioceris exsectoides                78622            8     1868.8200  0.0068    0.0125  0.0127   11           0       0.0000         1     0.0004
Pentalonia asahinai                  37153           12    12424.8900  0.0047    0.0056  0.0074   10           0       0.0000         8     0.0036
Dichomeris canadensisella           414468           12    12589.2000  0.0214    0.0377  0.0393   39           0       0.0000         9     0.0031
Schreckensteinia andraemon           87877           52    15024.5000  0.0070    0.0125  0.0129   13           0       0.0000         3     0.0008
Alphitobius blackburni               74242           20    11474.5700  0.0043    0.0054  0.0069   10           0       0.0000         6     0.0030
Trachelus punctella                 275001           44     1261.2800  0.0135    0.0251  0.0254   21           0       0.0000         1     0.0006
Tethida cerealella                   19854          320   127428.3500  0.0181    0.0180  0.0266   48           0       0.0000        37     0.0172
Pegomya gowdeyi                       9681          184   112240.6300  0.0116    0.0046  0.0137   40           0       0.0000        40     0.0184
Sceliphron pennsylvanicus            17589           24     8162.3000  0.0011    0.0003  0.0013    4           0       0.0000         4     0.0018
Delta pulicaria                      50971            8     1310.0900  0.0046    0.0088  0.0088    7           0       0.0000         0     0.0000
Actebia cerealella                    7549           76    46707.2500  0.0040    0.0018  0.0049   13           0       0.0000        13     0.0063
Circulifer kuriphilus                24199            8    15598.0000  0.0057    0.0054  0.0083   17           0       0.0000        13     0.0056
Cryptophagus tumifex                 14377           44    40849.6400  0.0087    0.0132  0.0150   17           0       0.0000         9     0.0036
Dryocoetes betulella                  8108            8     3265.0900  0.0011    0.0009  0.0015    2           0       0.0000         2     0.0011
Copris barda                          2283           48    75670.0600  0.0104    0.0031  0.0119   41           0       0.0000        40     0.0175
Euura clarioralis                   174064          184    15134.7000  0.0119    0.0200  0.0214   22           0       0.0000         8     0.0028
Acanthoscelides florilega             4189          260    63403.7400  0.0054    0.0036  0.0071   25           0       0.0000        24     0.0070
Camponotus rotundata                 92546           16    22271.6600  0.0040    0.0054  0.0066   11           0       0.0000         7     0.0024
Alniphagus eurytheme                  4378          236   158449.3700  0.0153    0.0080  0.0191   43           0       0.0000        42     0.0223
Chrysomela regina                      211          168    98856.2800  0.0098    0.0037  0.0116   46           0       0.0000        45     0.0157
Dendroctonus varians                 50789           72    68782.1100  0.0117    0.0069  0.0150   41           0       0.0000        37     0.0162
Nicrophorus cerealella              188182            8     2189.0300  0.0088    0.0163  0.0165   15           0       0.0000         2     0.0005
Bucculatrix acuminata                 3992           88   100473.8300  0.0032    0.0007  0.0035   14           0       0.0000        14     0.0056
Gonioctena aureocincta              135478           36     6606.7900  0.0047    0.0083  0.0086    8           0       0.0000         2     0.0007
Melanocallis americanum               5678          144    52168.5100  0.0050    0.0026  0.0063   12           0       0.0000        12     0.0074
Ataenius caryaefoliae               364655            4      215.9500  0.0177    0.0333  0.0335   27           0       0.0000         1     0.0004
Dermatophagoides suppressalis         2992          376   146244.9200  0.0153    0.0056  0.0180   72           0       0.0000        72     0.0248
Nesogonia oleae                        681          112    32555.1000  0.0026    0.0014  0.0033   13           0       0.0000        12     0.0037
Clastoptera conjugella                7547           60    57643.0000  0.0090    0.0061  0.0119   36           0       0.0000        36     0.0115
Aulacaspis angulatus                 29784           20     4385.6200  0.0022    0.0038  0.0040    4           0       0.0000         1     0.0004
Dermatophagoides cerealella           1551            8     5372.7400  0.0007    0.0006  0.0010    2           0       0.0000         2     0.0008
Oligonychus Hough                   123574           16     6455.8900  0.0067    0.0125  0.0126   11           0       0.0000         1     0.0003
Acronicta farinae                     4627          296   141477.3400  0.0160    0.0037  0.0177   90           0       0.0000        89     0.0281
Nabis varians                        20500           36    18705.0800  0.0035    0.0062  0.0065    7           0       0.0000         2     0.0005
Trachelus americana                 216716            8      432.6500  0.0114    0.0213  0.0215   18           0       0.0000         1     0.0004
Toxoptera americanus                 12154           68    47707.0300  0.0204    0.0131  0.0266   47           0       0.0000        47     0.0271
Dryocoetes blackburni               624232            8      381.0900  0.0329    0.0625  0.0625   50           0       0.0000         0     0.0000
Acronicta bicaudatus                 27934           64    28547.0500  0.0053    0.0033  0.0069   14           0       0.0000        13     0.0071
Cacopsylla abbreviatus               33536            8    16036.7200  0.0057    0.0101  0.0105   10           0       0.0000         2     0.0008
Formica obtectus                    115449            4     8491.2400  0.0051    0.0085  0.0091   11           0       0.0000         5     0.0013
Grylloprociphilus kuriphilus         12588           12    14741.4600  0.0022    0.0002  0.0023   11           0       0.0000        11     0.0041
Otiorhynchus aurantii               702320           60     1249.6100  0.0364    0.0688  0.0690   57           0       0.0000         2     0.0005
Arge lectularius                    210218           44     9565.1600  0.0149    0.0266  0.0275   25           0       0.0000         5     0.0018
Alniphagus americana                818113           12      613.3600  0.0512    0.0967  0.0970   78           0       0.0000         1     0.0007
Nesogonia serratella                179857            4     4375.9500  0.0124    0.0226  0.0231   20           0       0.0000         2     0.0010
Balclutha melanderi                  24514           88    67270.3600  0.0126    0.0081  0.0164   31           0       0.0000        30     0.0166
Pealius syringae                       853           40    13319.6100  0.0007    0.0001  0.0008    3           0       0.0000         3     0.0013
Chilo chordeilis                     30030           16     9964.7200  0.0016    0.0025  0.0028    3           0       0.0000         1     0.0004
Podosesia retentus                    8199          156    45719.8300  0.0131    0.0148  0.0201   24           0       0.0000        24     0.0107
Bombus persicae                     359087           16      266.7000  0.0224    0.0422  0.0424   34           0       0.0000         1     0.0003
Synanthedon incertus                144424           16    13156.5800  0.0138    0.0214  0.0239   27           0       0.0000        11     0.0050
Oligonychus ligustici                88658           44    19753.8600  0.0064    0.0103  0.0112   11           0       0.0000         4     0.0019
Epicauta kuriphilus                   8422           32    46128.2400  0.0125    0.0092  0.0169   30           0       0.0000        29     0.0152
Ptinus ornatrix                      15164            8     1366.0700  0.0007    0.0013  0.0013    1           0       0.0000         0     0.0000
Tischeria conjugella                 42914           12     1094.3700  0.0026    0.0050  0.0050    4           0       0.0000         0     0.0000
Melitara cautella                   132086            8     5124.3700  0.0087    0.0141  0.0154   17           0       0.0000         7     0.0026
Melanocallis nigrifrons              17553           20    38701.0500  0.0067    0.0069  0.0100   26           0       0.0000        21     0.0061
Adelphocoris sordidus                30344            8     9016.5500  0.0039    0.0017  0.0047   11           0       0.0000        11     0.0061
Cacopsylla achemon                  272025            8     1874.6300  0.0132    0.0250  0.0250   20           0       0.0000         0     0.0000
Epiblema laevigatus                  95791          100    21916.1000  0.0123    0.0132  0.0186   24           0       0.0000        19     0.0108
Dolichovespula blackburni            80111           40    30304.8500  0.0085    0.0072  0.0119   21           0       0.0000        19     0.0094
Euzophera lineolatus                308437           20     8184.3800  0.0129    0.0238  0.0241   21           0       0.0000         2     0.0007
Paradiplosis tenellus                24880           32    20738.0400  0.0051    0.0046  0.0072   21           0       0.0000        18     0.0053
Epiblema canadensisella              70632            4     6411.2400  0.0051    0.0088  0.0092   10           0       0.0000         3     0.0009
Dryocoetes semifuneralis             12054          648   253524.2200  0.0555    0.0172  0.0636  188           0       0.0000       188     0.0929
Colias pennsylvanicus                25070           36    16290.5600  0.0016    0.0003  0.0018    7           0       0.0000         7     0.0028
Fenusa fasciatus                     11967          268   116299.5100  0.0113    0.0038  0.0131   46           0       0.0000        46     0.0186
Grylloprociphilus puncticollis       72702           12     6950.2300  0.0037    0.0057  0.0064    8           0       0.0000         5     0.0013
Altica abbreviatus                  329992            8      141.9000  0.0197    0.0375  0.0375   30           0       0.0000         0     0.0000
Bombus abbreviatus                  174236           40     2255.7400  0.0079    0.0150  0.0150   12           0       0.0000         0     0.0000
Melitara atratus                    135066           12     7428.5100  0.0070    0.0117  0.0125   12           0       0.0000         3     0.0016
Macrosteles californica              81569           16     5320.9500  0.0021    0.0027  0.0034    4           0       0.0000         2     0.0013
Gonioctena polyxenes                  4653          208    99113.9600  0.0090    0.0026  0.0102   52           0       0.0000        51     0.0153
Autographa pennsylvanicus             8839           44    64252.9800  0.0038    0.0003  0.0039   24           0       0.0000        24     0.0073
Tethida fennica                       5175            4    14683.4800  0.0018    0.0017  0.0026    6           0       0.0000         5     0.0019
Melanocallis dentata                 91761           36     8565.5500  0.0053    0.0088  0.0095   11           0       0.0000         4     0.0013
Torymus humile                      134353           20     1045.8200  0.0114    0.0213  0.0215   18           0       0.0000         1     0.0004
Autoplusia varians                   46894           80    62429.4800  0.0048    0.0022  0.0059   22           0       0.0000        21     0.0074
Nicrophorus persicae                 30179          252    50923.4300  0.0050    0.0023  0.0061   23           0       0.0000        22     0.0076
Corimelaena pariana                  38900           32    23038.5700  0.0033    0.0021  0.0043   11           0       0.0000        10     0.0043
Chilo nigrifrons                      2708           64    62288.4900  0.0230    0.0219  0.0334   57           0       0.0000        57     0.0229
Toxoptera pariana                    30678           76    62547.0200  0.0068    0.0032  0.0084   20           0       0.0000        19     0.0103
Phyllonorycter pomonella             38133            8    14910.4900  0.0033    0.0046  0.0055    8           0       0.0000         5     0.0018
Graminella caementarium              28291           12     6216.5500  0.0024    0.0033  0.0040    7           0       0.0000         5     0.0014
Marmara websteri                    161663           20     5441.8600  0.0049    0.0079  0.0086    9           0       0.0000         3     0.0014
Vaga nigripes                       205128            8     2473.3700  0.0096    0.0172  0.0177   17           0       0.0000         4     0.0010
Acizzia saltuella                    46731           16     3041.6000  0.0013    0.0025  0.0025    2           0       0.0000         0     0.0000
Loxostege egena                       8243           60    28842.5300  0.0025    0.0015  0.0033   11           0       0.0000        10     0.0035
Brachycorynella betae                24930           20    21385.2800  0.0077    0.0107  0.0128   13           0       0.0000        12     0.0042
Papilio incertus                      1878          256   111570.4900  0.0383    0.0195  0.0475   98           0       0.0000        98     0.0559
Pegomya nigripes                      6008           40    29827.4500  0.0054    0.0052  0.0079   11           0       0.0000        10     0.0054
Phenacoccus eurytheme                  627          224   113189.2000  0.0161    0.0106  0.0211   43           0       0.0000        41     0.0211
Melanocallis ephemeraeformis        109989           48    16965.4600  0.0121    0.0211  0.0221   23           1       0.0003         6     0.0018
Amphicerus persicae                 539004           48     7411.9900  0.0276    0.0502  0.0514   45           0       0.0000         5     0.0023
Pealius obtusa                       13550           60    40808.7000  0.0045    0.0024  0.0056   17           0       0.0000        16     0.0065
Leptothrips Ophiomyia               119216           28     5883.9500  0.0043    0.0076  0.0079    7           0       0.0000         1     0.0006
Phyllonorycter pensylvanicus        513099           36     2452.2000  0.0226    0.0425  0.0428   35           0       0.0000         1     0.0004
Dioryctria crudus                    16222           16    10335.7700  0.0022    0.0026  0.0034    7           0       0.0000         5     0.0016
Erionota glabripennis                  495           40    17684.7500  0.0013    0.0001  0.0014    7           0       0.0000         7     0.0025
Sceliphron caementarium               5860           84    59994.2300  0.0038    0.0006  0.0041   17           0       0.0000        17     0.0070
Dermacentor ornatrix                  6879          288   158355.2500  0.0277    0.0157  0.0351   79           0       0.0000        77     0.0388
Pegomya acuminata                   119887           48    22969.5300  0.0080    0.0085  0.0120   19           0       0.0000        14     0.0069
Nesogonia lectularius                37192           20    15703.0300  0.0031    0.0033  0.0046   12           0       0.0000        10     0.0027
Brachycorynella stantoni             18641           84    21754.8500  0.0049    0.0065  0.0080   14           0       0.0000        12     0.0030
Haemaphysalis gowdeyi                10929          324   218547.5400  0.0459    0.0190  0.0549  137           0       0.0000       134     0.0718
Solenopsis chordeilis                36682            4     5003.1100  0.0022    0.0033  0.0037    4           0       0.0000         2     0.0009
Epiblema ornatrix                    48244           68    30590.5700  0.0030    0.0019  0.0039   10           0       0.0000         9     0.0039
Dryocoetes ipsilon                   85967           28     6622.0900  0.0084    0.0151  0.0155   14           0       0.0000         2     0.0008
Blattella saltuella                  66210           60    12979.4500  0.0076    0.0101  0.0124   17           0       0.0000        10     0.0045
Nicrophorus punctella               124908           12     1983.0200  0.0067    0.0125  0.0126   11           0       0.0000         1     0.0003
Fenusa terebrans                     13012          120    45496.4500  0.0029    0.0039  0.0047    8           0       0.0000         5     0.0018
Gonioctena maculata                   1016          116    65073.6100  0.0057    0.0028  0.0070   18           0       0.0000        18     0.0083
Synanthedon clitus                   16030            4     4052.3500  0.0014    0.0013  0.0020    4           0       0.0000         3     0.0013
Anoplophora imbricator                1125          196   141659.1700  0.0085    0.0051  0.0109   32           0       0.0000        32     0.0116
Fenusa ipsilon                       45810           12     7498.2300  0.0022    0.0037  0.0040    5           0       0.0000         2     0.0005
Altica pennsylvanicus                54420           12     7737.5900  0.0026    0.0050  0.0050    4           0       0.0000         0     0.0000
Epiblema aurantii                     2770           28    34460.8800  0.0058    0.0026  0.0070   16           0       0.0000        16     0.0089
Dioryctria betulella                260125           24       97.4100  0.0158    0.0300  0.0300   24           0       0.0000         0     0.0000
Marmara terebrans                   175420            4     3895.1700  0.0093    0.0175  0.0176   15           0       0.0000         1     0.0003
Maladera melanderi                    7261           20    20706.1800  0.0037    0.0023  0.0048   10           0       0.0000         9     0.0049
Atteva nigrifrons                   457395           16     2522.4000  0.0178    0.0338  0.0338   27           0       0.0000         0     0.0000
Aedes aceris                         10700            8     3298.2400  0.0018    0.0028  0.0031    3           0       0.0000         1     0.0007
Linepithema ephemeraeformis           3128          212   108686.2800  0.0088    0.0010  0.0092   51           0       0.0000        51     0.0165
Actebia sticticalis                  39683           40    24917.0000  0.0027    0.0019  0.0036    9           0       0.0000         8     0.0035
Dolichurus intrusus                  49208            8     2861.2100  0.0013    0.0025  0.0025    2           0       0.0000         0     0.0000
Myzus cassidea                        6524          260   152044.4600  0.0112    0.0115  0.0166   35           1       0.0003        26     0.0101
Neodiprion puncticollis                908           76    30036.5400  0.0036    0.0008  0.0040   13           0       0.0000        13     0.0064
Pheidole punicae                    836702            4     2458.2900  0.0395    0.0750  0.0750   60           0       0.0000         0     0.0000
Solenopsis asparagi                 149035            4     1755.3300  0.0055    0.0100  0.0102   10           0       0.0000         2     0.0005
Cryptophagus barda                  117404           56     8078.3700  0.0091    0.0164  0.0169   15           0       0.0000         2     0.0010
Dendroctonus aureocincta            371370            4     1280.2800  0.0237    0.0450  0.0450   36           0       0.0000         0     0.0000
Acyrthosiphon andraemon              42578           48     2006.4000  0.0020    0.0037  0.0037    3           0       0.0000         0     0.0000
Cryptococcus rotundata               25069           72    18402.7300  0.0013    0.0017  0.0021    3           0       0.0000         2     0.0009
Arge obscurus                       124430           36     4892.8700  0.0054    0.0100  0.0101    9           0       0.0000         1     0.0003
Copris websteri                      26032           76    72346.2600  0.0110    0.0076  0.0146   25           0       0.0000        24     0.0141
Podosesia ligustici                 207846           24     3129.4800  0.0103    0.0187  0.0191   16           0       0.0000         2     0.0009
Myzus puncticollis                   18209          248    58542.9700  0.0210    0.0311  0.0357   35           0       0.0000        33     0.0094
Papilio cereralis                    51016           32    16365.6300  0.0016    0.0013  0.0023    6           0       0.0000         5     0.0018
Linepithema cerealella               13111           92    56581.8600  0.0119    0.0029  0.0132   40           0       0.0000        40     0.0207
Mythimna syringae                   411323           20      943.3200  0.0178    0.0338  0.0338   27           0       0.0000         0     0.0000
Camponotus caementarium              15022          168    48190.3000  0.0091    0.0090  0.0134   20           0       0.0000        18     0.0087
Jonthonota cassidea                  10937           28     9878.2500  0.0001    0.0000  0.0001    1           0       0.0000         1     0.0003
fly americana                        87660            4    13358.0600  0.0039    0.0063  0.0069    9           0       0.0000         4     0.0012
Otiorhynchus castanea                19359          236    84730.1300  0.0028    0.0014  0.0035   14           0       0.0000        13     0.0042
Copris ipsilon                        6965           36    33472.7200  0.0019    0.0005  0.0021    7           0       0.0000         7     0.0032
Sceliphron ocellus                    3500          184   122545.1800  0.0392    0.0384  0.0574   92           0       0.0000        81     0.0380
Bucculatrix fennica                  42427           24    20478.1700  0.0096    0.0150  0.0167   20           0       0.0000        11     0.0035
Brachycaudus albopictus              17595           84    14356.1200  0.0011    0.0000  0.0011    8           0       0.0000         8     0.0022
Anoplophora spretulus                79313           64    20135.2000  0.0044    0.0039  0.0062   17           0       0.0000        14     0.0046
Phyllonorycter pariana               19673           84    29484.6100  0.0052    0.0036  0.0069   15           0       0.0000        15     0.0066
Ptinus atratus                       58379           28    28321.4700  0.0058    0.0071  0.0091   14           0       0.0000         9     0.0041
Tabanus floridensis                 348912           32     2649.8800  0.0191    0.0362  0.0362   29           0       0.0000         0     0.0000
Tribolium abietis                   211138           36     3982.2100  0.0079    0.0150  0.0150   12           0       0.0000         0     0.0000
Otiorhynchus imbricator              34089            8     4039.5700  0.0042    0.0054  0.0068    9           0       0.0000         6     0.0027
Ips abbreviatus                      11991          168    72213.3700  0.0135    0.0098  0.0181   33           0       0.0000        32     0.0166
Tribolium americana                  25219          192    65821.3900  0.0132    0.0099  0.0179   32           0       0.0000        31     0.0159
Cacopsylla aureocincta               51669           56    23183.8900  0.0045    0.0046  0.0066   10           0       0.0000         8     0.0041
Macrosteles citri                   719871            4     2156.1500  0.0401    0.0762  0.0762   61           0       0.0000         0     0.0000
Schreckensteinia nigrifrons          18584           48    17127.1700  0.0088    0.0036  0.0105   22           0       0.0000        22     0.0139
Xylosandrus blackburni               10970            4     6638.5900  0.0032    0.0029  0.0046    6           0       0.0000         5     0.0034
Vaga auxiliaris                      18169           20    13055.1000  0.0030    0.0027  0.0043    7           0       0.0000         6     0.0031
Bombus elotella                      30465           12     7454.4900  0.0035    0.0058  0.0063    6           0       0.0000         2     0.0009
Crioceris americanum                 56797           20    12164.7600  0.0021    0.0008  0.0025    8           0       0.0000         8     0.0033
Ataenius ater                        41872           12     9211.7300  0.0029    0.0050  0.0053    5           0       0.0000         1     0.0004
Coleophora rotundata                 33840           56    11775.9300  0.0038    0.0053  0.0064    9           0       0.0000         5     0.0021
Mythimna intrusus                     7305          128    40264.3300  0.0216    0.0199  0.0310   44           0       0.0000        41     0.0222
Cacopsylla saltuella                128026           76    16092.3600  0.0079    0.0119  0.0135   17           0       0.0000         8     0.0032
Bombus barda                         14106           16     5207.8200  0.0028    0.0050  0.0051    5           0       0.0000         1     0.0003
Dryocosmus paludatus                 22576          228    99273.4800  0.0101    0.0035  0.0117   50           1       0.0003        47     0.0163
Euxoa blackburni                     47130           16     7550.1000  0.0053    0.0072  0.0088    9           0       0.0000         7     0.0031
Hermetia fagisuga                    57334            8     7075.5400  0.0053    0.0069  0.0086   15           0       0.0000        10     0.0034
Jonthonota maligna                   15166          172    44642.2300  0.0039    0.0014  0.0046   13           0       0.0000        13     0.0064
Balclutha americana                 132761            4     1082.6100  0.0109    0.0202  0.0205   17           0       0.0000         1     0.0007
Choreutis atratus                   307777           24     2013.7500  0.0195    0.0364  0.0367   30           0       0.0000         1     0.0007
Phormia richteri                    239060           16     3868.3400  0.0148    0.0276  0.0279   23           0       0.0000         1     0.0006
Adelphocoris americana               81428           12      918.6900  0.0046    0.0088  0.0088    7           0       0.0000         0     0.0000
Trachelus conjugella                 11756           52    25920.8600  0.0068    0.0049  0.0091   18           0       0.0000        16     0.0085
Bombus citri                        144109            8     4445.7800  0.0096    0.0175  0.0179   17           0       0.0000         3     0.0008
Pegomya xanthogrammtidae             51292           28    17650.6700  0.0029    0.0021  0.0039   10           0       0.0000         9     0.0035
Pheidole blackburni                  82742           20    17578.1400  0.0076    0.0120  0.0132   14           0       0.0000         5     0.0025
Periplaneta nigrifrons              275694           28      467.4700  0.0171    0.0325  0.0325   26           0       0.0000         0     0.0000
Macrosteles illucens                 15082            8    14585.2000  0.0043    0.0031  0.0058   11           0       0.0000        10     0.0052
Ips spretulus                         4919           60    47717.8000  0.0096    0.0052  0.0120   27           0       0.0000        26     0.0137
Dermestes xanthogrammtidae           77378           20     3001.8200  0.0025    0.0040  0.0044    4           0       0.0000         1     0.0007
Melitara barbita                    606046           20      870.7500  0.0342    0.0639  0.0645   53           0       0.0000         2     0.0011
Cosmopolites eurytheme               86580            4     1472.5400  0.0026    0.0050  0.0050    4           0       0.0000         0     0.0000
Fenusa ashtoni                        3509            4     7334.5400  0.0007    0.0003  0.0009    3           0       0.0000         3     0.0012
Dioryctria barda                     11063           48    18102.4400  0.0043    0.0028  0.0056   11           0       0.0000        11     0.0057
Eumorpha caryella                    49771            4     5963.2200  0.0025    0.0037  0.0043    4           0       0.0000         2     0.0012
Camponotus blackburni                44339            4     1152.1900  0.0026    0.0050  0.0050    4           0       0.0000         0     0.0000
Oligonychus elotella                 64918           48    10984.1100  0.0030    0.0043  0.0050    5           0       0.0000         2     0.0014
Gonioctena configurata               46656           16     2031.7300  0.0044    0.0078  0.0081    7           0       0.0000         1     0.0007
Graminella roddi                    116206           72    15003.3400  0.0074    0.0123  0.0133   13           0       0.0000         5     0.0018
Conotrachelus thrax                  60375           12     4263.6300  0.0033    0.0063  0.0063    5           0       0.0000         0     0.0000
Alphitobius achemon                  24681           76    38454.1800  0.0110    0.0061  0.0139   29           0       0.0000        29     0.0156
Dryocosmus vexabilis                  4063          188    58896.8800  0.0032    0.0032  0.0047   12           0       0.0000        10     0.0032
Ischnaspis nigripes                  94640            8     6118.3400  0.0047    0.0065  0.0077   12           0       0.0000         7     0.0025
Dendroctonus americana               13877           20    18829.0200  0.0025    0.0011  0.0030    7           0       0.0000         7     0.0038
Epiblema abbreviatus                 48841           36     7326.4000  0.0037    0.0038  0.0055    7           0       0.0000         5     0.0033
Acrobasis angulatus                  15439          100    24230.2600  0.0017    0.0009  0.0021    7           0       0.0000         7     0.0025
Xenopsylla kuriphilus                16426           76    21006.1300  0.0051    0.0041  0.0070   15           0       0.0000        13     0.0058
Camponotus citri                    220004           56    10775.9700  0.0168    0.0291  0.0306   27           0       0.0000         6     0.0030
Podosesia caryaefoliae               24900           24    16038.7800  0.0010    0.0013  0.0016    4           0       0.0000         3     0.0008
Fenusa pensylvanica                   8182            8     1115.6100  0.0000    0.0000  0.0000    0           0       0.0000         0     0.0000
Blattella egena                      62630          160    23461.3000  0.0078    0.0058  0.0105   23           0       0.0000        21     0.0094
Nesogonia melanderi                   1611          280    96598.7200  0.0172    0.0082  0.0211   67           0       0.0000        65     0.0259
Podosesia obscurus                   78791           64    37785.7800  0.0062    0.0081  0.0100   16           0       0.0000        11     0.0038
Sceliphron ligustici                  9501          140    33470.7700  0.0040    0.0016  0.0048   17           0       0.0000        16     0.0063
Cryptophagus fennica                 83781           48    13984.4900  0.0048    0.0035  0.0065   10           0       0.0000         9     0.0060
Acanthoscelides persicae             28167            4     5983.8000  0.0017    0.0026  0.0029    3           0       0.0000         1     0.0006
Euzophera araucariae                237490           12    11447.5000  0.0144    0.0240  0.0258   28           0       0.0000         9     0.0034
Solenopsis lineolatus               150259           32    13564.1800  0.0110    0.0173  0.0192   20           0       0.0000         7     0.0038
Podosesia pennsylvanicus             42688            8    15685.0000  0.0036    0.0043  0.0056    8           0       0.0000         5     0.0027
Euzophera florilega                  28588           28    19985.5900  0.0025    0.0017  0.0032    7           0       0.0000         6     0.0032
Choreutis lecontei                   23983            4    12378.5100  0.0046    0.0083  0.0085    7           0       0.0000         1     0.0004
Hypera stantoni                       4288          144    68428.8700  0.0177    0.0112  0.0230   40           0       0.0000        38     0.0237
Nomia catenifer                      99918           12    15615.2800  0.0047    0.0087  0.0089    8           0       0.0000         1     0.0003
Grylloprociphilus florilega         513521           28     5088.1000  0.0342    0.0650  0.0650   52           0       0.0000         0     0.0000
Xylosandrus thuiella                 35273           28    14574.2100  0.0031    0.0046  0.0053    7           0       0.0000         4     0.0014
Chilo suppressalis                   28855           36    44008.9300  0.0094    0.0074  0.0129   24           0       0.0000        20     0.0109
Bucculatrix pomonella               133660           76    15313.1500  0.0100    0.0143  0.0167   19           0       0.0000        10     0.0048