step 100000
[1 0 0 0 0 0 0 0 0 0]
[197   3   0   0   0   0   0   0   0   1]
[26  1  0  0  0  0  0  0  0  0]
[4 0 0 0 0 0 0 0 0 0]
[0 0 0 0 0 0 0 0 0 0]
[0 0 0 0 0 0 0 0 0 0]
[0 0 0 0 0 0 0 0 0 0]
[0 0 0 0 0 0 0 0 0 0]
[0 0 0 0 0 0 0 0 0 0]
[0 0 0 1 0 0 0 0 0 0]

step 200000
[1 0 0 0 0 0 0 0 0 0]
[176   0   1   0   0   0   0   0   0   0]
[50  0  2  0  1  0  0  0  0  0]
[5 0 0 0 0 0 0 0 0 0]
[8 0 1 0 0 0 0 0 0 0]
[0 0 0 0 0 0 0 0 0 0]
[0 0 0 0 0 0 0 0 0 0]
[0 0 0 0 0 0 0 0 0 1]
[0 0 0 0 0 0 0 0 0 0]
[1 0 0 0 0 0 0 0 0 0]

step 300000
[3 0 0 0 0 0 0 0 0 0]
[163   1   0   0   0   0   0   0   0   0]
[69  1  0  0  0  0  0  0  0  0]
[13  0  0  0  0  0  0  0  0  0]
[5 0 0 0 0 0 0 0 0 0]
[2 0 0 0 0 0 0 0 0 0]
[1 0 0 0 0 0 0 0 0 0]
[2 0 0 0 0 0 0 0 0 1]
[0 0 0 0 0 0 0 0 0 0]
[0 1 0 0 0 0 0 0 0 0]

step 400000
[2 0 0 0 0 0 0 0 0 0]
[199   5   0   0   0   0   0   0   0   0]
[64  2  0  0  0  0  0  0  0  1]
[16  1  0  0  0  0  0  0  0  0]
[3 0 0 0 0 0 0 0 0 0]
[0 0 0 0 0 0 0 0 0 0]
[0 0 0 0 0 0 0 0 0 0]
[0 0 0 0 0 0 0 0 0 0]
[0 0 0 0 0 0 0 0 0 0]
[1 0 0 0 0 0 0 0 0 0]

step 500000
[2 0 0 0 0 0 0 0 0 0]
[153   0   0   0   1   0   2   0   1   0]
[69  0  0  0  0  0  0  0  0  0]
[41  0  0  0  1  0  2  0  0  0]
[14  0  0  0  0  0  0  0  0  0]
[5 0 0 0 0 0 0 0 0 0]
[4 0 0 0 0 0 0 0 0 0]
[0 0 0 0 0 0 0 0 0 0]
[0 0 0 0 0 0 0 0 0 1]
[2 0 0 0 0 0 0 0 0 0]

step 600000
[3 0 0 0 0 0 0 0 0 0]
[140   0   0   0   0   0   0   0   0   0]
[95  0  1  0  0  0  0  0  0  1]
[39  0  0  0  0  0  0  0  0  0]
[12  0  0  0  0  0  0  0  0  0]
[4 0 0 0 0 0 0 0 0 0]
[7 0 0 1 0 0 0 0 0 0]
[5 0 0 0 0 0 0 0 0 0]
[2 0 0 0 0 0 0 0 0 0]
[0 0 0 1 0 0 0 0 0 0]

step 700000
[3 0 0 0 0 0 0 0 0 0]
[246   3   0   0   0   0   0   0   1   1]
[37  1  0  0  0  0  0  0  0  0]
[6 0 0 0 0 0 0 0 0 0]
[1 0 1 0 0 0 0 0 0 0]
[0 0 0 0 0 0 0 0 0 0]
[0 0 0 0 0 0 0 0 0 0]
[0 0 0 0 0 0 0 0 0 0]
[0 0 0 0 0 0 0 0 0 0]
[0 1 0 0 0 0 0 0 0 0]

step 800000
[1 0 0 0 0 0 0 0 0 0]
[186   1   4   2   1   0   0   0   0   0]
[76  2  1  2  0  1  0  0  0  0]
[13  0  0  0  0  0  0  0  0  0]
[6 0 0 1 0 0 0 0 0 0]
[5 0 0 0 0 0 0 0 0 0]
[0 0 0 0 0 0 0 0 0 0]
[1 0 0 0 0 0 0 0 0 0]
[0 0 0 0 0 0 0 0 0 0]
[0 0 0 0 0 0 0 0 0 1]

step 900000
[1 0 0 0 0 0 0 0 0 0]
[182   0   0   1   0   0   1   0   1   0]
[68  0  0  1  0  0  0  2  0  0]
[31  0  0  0  0  0  0  0  0  0]
[8 0 0 0 0 0 0 0 0 0]
[3 0 0 0 0 0 0 0 0 0]
[2 0 0 0 0 0 1 0 0 0]
[0 0 0 0 0 0 0 0 0 0]
[0 0 0 0 0 0 0 0 0 0]
[0 0 0 0 0 0 0 0 0 1]

step 1000000
[1 0 0 0 0 0 0 0 0 0]
[228   0   0   0   1   1   1   0   0   0]
[63  0  0  0  1  0  0  0  0  0]
[6 0 0 0 2 0 0 0 0 0]
[7 0 0 0 0 0 0 0 0 0]
[0 0 0 0 0 1 0 0 0 0]
[0 0 0 0 0 0 0 0 0 0]
[0 0 0 0 0 0 0 0 0 0]
[0 0 0 0 0 0 0 0 0 0]
[0 0 0 0 0 0 0 0 0 1]

step 1100000
[1 0 0 0 0 0 0 0 0 0]
[192   0   0   0   1   0   0   2   0   1]
[77  0  0  0  1  0  0  0  0  0]
[17  0  0  0  0  0  0  0  0  0]
[6 0 0 0 0 0 0 0 0 0]
[4 0 0 0 0 0 0 0 0 0]
[1 0 0 0 0 0 0 0 0 0]
[0 0 0 0 0 0 0 0 0 0]
[1 0 0 0 0 0 0 0 0 0]
[0 0 0 0 0 0 0 0 0 1]

step 1200000
[3 0 0 0 0 0 0 0 0 0]
[227   0   4   0   0   0   0   0   0   1]
[63  0  1  0  1  0  0  0  0  0]
[13  0  2  0  0  0  0  0  0  0]
[2 0 0 0 0 0 0 0 0 0]
[0 0 0 0 0 0 0 0 0 0]
[0 0 0 0 0 0 0 0 0 0]
[0 0 0 0 0 0 0 0 0 0]
[1 0 0 0 0 0 0 0 0 0]
[0 0 0 0 1 0 0 0 0 0]

step 1300000
[1 0 0 0 0 0 0 0 0 0]
[242   2   1   0   0   0   0   0   0   1]
[44  2  0  0  0  0  0  0  0  0]
[12  0  0  0  0  0  0  0  0  0]
[2 0 0 0 0 0 0 0 0 0]
[1 0 0 0 0 0 0 0 0 0]
[0 0 0 0 0 0 0 0 0 0]
[0 0 0 0 0 0 0 0 0 0]
[0 0 0 0 0 0 0 0 0 0]
[0 0 1 0 0 0 0 0 0 0]

step 1400000
[2 0 0 0 0 0 0 0 0 0]
[230  10   0   0   0   0   0   0   0   0]
[52  1  0  0  0  0  0  0  0  1]
[13  0  0  0  0  0  0  0  0  0]
[4 0 0 0 0 0 0 0 0 0]
[2 0 0 0 0 0 0 0 0 0]
[0 0 0 0 0 0 0 0 0 0]
[0 0 0 0 0 0 0 0 0 0]
[0 0 0 0 0 0 0 0 0 0]
[0 1 0 0 0 0 0 0 0 0]

step 1500000
[2 0 0 0 0 0 0 0 0 0]
[254  10   0   0   0   0   0   0   0   1]
[31  0  0  0  0  0  0  0  0  0]
[2 0 0 0 0 0 0 0 0 0]
[2 0 0 0 0 0 0 0 0 0]
[0 0 0 0 0 0 0 0 0 0]
[0 0 0 0 0 0 0 0 0 0]
[0 0 0 0 0 0 0 0 0 0]
[0 0 0 0 0 0 0 0 0 0]
[1 0 0 0 0 0 0 0 0 0]

step 1600000
[5 0 0 0 0 0 0 0 0 0]
[215   5   0   0   0   0   0   0   0   0]
[50  7  0  0  1  0  0  0  0  0]
[13  2  0  0  0  0  0  0  0  1]
[3 0 0 0 0 0 0 0 0 0]
[0 0 0 0 0 0 0 0 0 0]
[1 0 0 0 0 0 0 0 0 0]
[0 0 0 0 0 0 0 0 0 0]
[1 0 0 0 0 0 0 0 0 0]
[1 1 0 0 0 0 0 0 0 0]

step 1700000
[4 0 0 0 0 0 0 0 0 0]
[254   0   0   1   0   1   1   3   0   1]
[25  0  0  0  0  0  0  0  0  0]
[9 0 0 0 0 0 1 0 0 0]
[2 0 0 0 0 0 0 0 0 0]
[1 0 0 0 0 1 0 0 0 0]
[0 0 0 0 0 0 0 0 0 0]
[0 0 0 0 0 0 0 0 0 0]
[0 0 0 0 0 0 0 0 0 0]
[1 0 0 0 0 0 0 0 0 0]

step 1800000
[3 0 0 0 0 0 0 0 0 0]
[272   7   1   0   0   0   1   0   0   1]
[11  0  0  0  0  0  0  0  0  0]
[3 0 0 0 0 0 0 0 0 0]
[0 0 0 0 0 0 0 0 0 0]
[0 0 0 0 0 0 0 0 0 0]
[0 0 0 0 0 0 0 0 0 0]
[0 0 0 0 0 0 0 0 0 0]
[0 0 0 0 0 0 0 0 0 0]
[0 1 0 0 0 0 0 0 0 0]

step 1900000
[4 0 0 0 0 0 0 0 0 0]
[251   0   0   0   3   0   1   0   0   0]
[31  0  0  0  0  0  0  0  0  0]
[7 0 0 0 0 0 0 0 0 1]
[2 0 0 0 0 0 0 0 0 0]
[1 0 0 0 0 0 0 0 0 0]
[0 0 0 0 0 0 0 0 0 0]
[0 0 0 0 0 0 0 0 0 0]
[0 0 0 0 0 0 0 0 0 0]
[0 0 0 0 1 0 0 0 0 0]

step 2000000
[2 0 0 0 0 0 0 0 0 0]
[264   6   0   0   0   0   0   0   0   0]
[37  2  0  0  0  0  0  0  0  0]
[2 0 0 0 0 0 0 0 0 1]
[3 0 0 0 0 0 0 0 0 0]
[0 0 0 0 0 0 0 0 0 0]
[0 0 0 0 0 0 0 0 0 0]
[0 0 0 0 0 0 0 0 0 0]
[0 0 0 0 0 0 0 0 0 0]
[1 0 0 0 0 0 0 0 0 0]

step 2100000
[2 0 0 0 0 0 0 0 0 0]
[257   0   0   0   1   0   0   0   3   1]
[30  0  0  0  1  0  0  0  0  0]
[4 0 0 0 0 0 0 0 0 0]
[3 0 0 0 0 0 0 0 0 1]
[1 0 0 0 0 0 0 0 0 0]
[0 0 0 0 0 0 0 0 0 0]
[0 0 0 0 0 0 0 0 0 0]
[0 0 0 0 0 0 0 0 0 0]
[1 0 0 0 0 0 0 0 0 0]

step 2200000
[3 0 0 0 0 0 0 0 0 0]
[283   0   0   0   5   0   3   0   2   1]
[21  0  0  0  0  0  0  0  0  0]
[2 0 0 0 0 0 0 0 0 0]
[2 0 0 0 0 0 0 0 0 0]
[0 0 0 0 0 0 0 0 0 0]
[0 0 0 0 0 0 0 0 0 0]
[0 0 0 0 0 0 0 0 0 0]
[0 0 0 0 0 0 0 0 0 0]
[1 0 0 0 0 0 0 0 0 0]

step 2300000
[7 0 0 0 0 0 0 0 0 0]
[268   0   0   0   4   0   1   0   0   1]
[28  0  0  0  1  0  0  0  1  0]
[2 0 0 0 0 0 0 0 0 0]
[3 0 0 0 0 0 0 0 0 0]
[0 0 0 0 0 0 0 0 0 0]
[0 0 0 0 0 0 0 0 0 0]
[0 0 0 0 0 0 0 0 0 0]
[0 0 0 0 0 0 0 0 0 0]
[1 0 0 0 0 0 0 0 0 0]

step 2400000
[1 0 0 0 0 0 0 0 0 0]
[279   6   2   0   0   0   0   0   0   1]
[33  1  0  0  0  0  0  0  0  0]
[5 0 0 0 0 0 0 0 0 0]
[0 0 0 0 0 0 0 0 0 0]
[1 0 0 0 0 0 0 0 0 0]
[1 0 0 0 0 0 0 0 0 0]
[0 0 0 0 0 0 0 0 0 0]
[0 0 0 0 0 0 0 0 0 0]
[1 0 0 0 0 0 0 0 0 0]

step 2500000
[3 0 0 0 0 0 0 0 0 0]
[290  13   0   0   0   0   0   0   0   1]
[16  2  0  0  0  0  0  0  0  0]
[2 0 0 0 0 0 0 0 0 0]
[1 0 0 0 0 0 0 0 0 0]
[1 0 0 0 0 0 0 0 0 0]
[0 0 0 0 0 0 0 0 0 0]
[0 0 0 0 0 0 0 0 0 0]
[0 0 0 0 0 0 0 0 0 0]
[1 0 0 0 0 0 0 0 0 0]

step 2600000
[0 0 0 0 0 0 0 0 0 0]
[304   0   0   0   3   0   0   1   0   1]
[12  0  0  0  0  0  0  0  0  0]
[2 0 0 0 0 0 0 0 0 0]
[0 0 0 0 0 0 0 0 0 0]
[1 0 0 0 0 0 0 0 0 0]
[0 0 0 0 0 0 0 0 0 0]
[0 0 0 0 0 0 0 0 0 0]
[0 0 0 0 0 0 0 0 0 0]
[1 0 0 0 0 0 0 0 0 0]

step 2700000
[6 0 0 0 0 0 0 0 0 0]
[300   4   0   0   0   0   0   0   0   1]
[21  0  0  0  0  0  0  0  0  0]
[1 0 0 0 0 0 0 0 0 0]
[0 0 0 0 0 0 0 0 0 0]
[1 0 0 0 0 0 0 0 0 0]
[0 0 0 0 0 0 0 0 0 0]
[0 0 0 0 0 0 0 0 0 0]
[0 0 0 0 0 0 0 0 0 0]
[1 0 0 0 0 0 0 0 0 0]

step 2800000
[5 0 0 0 0 0 0 0 0 0]
[288   0   0   0   5   0   1   0   0   2]
[22  0  0  0  1  0  1  0  0  0]
[1 0 0 0 0 0 0 0 0 0]
[0 0 0 0 0 0 0 0 0 0]
[0 0 0 0 0 0 0 0 0 0]
[0 0 0 0 0 0 0 0 0 0]
[0 0 0 0 0 0 0 0 0 0]
[0 0 0 0 0 0 0 0 0 0]
[1 0 0 0 0 0 0 0 0 0]

step 2900000
[4 0 0 0 0 0 0 0 0 0]
[283   0   0   0   0   0   0   2   0   1]
[26  0  0  0  0  1  0  0  0  0]
[0 0 0 0 0 0 0 0 0 0]
[0 0 0 0 0 0 0 0 0 0]
[0 0 0 0 0 0 0 0 0 0]
[0 0 0 0 0 0 0 0 0 0]
[0 0 0 0 0 0 0 0 0 0]
[0 0 0 0 0 0 0 0 0 0]
[1 0 0 0 0 0 0 0 0 0]

step 3000000
[5 0 0 0 0 0 0 0 0 0]
[270   0   0   1   0   4   2   1   0   0]
[22  0  0  1  0  0  1  0  0  0]
[4 0 0 0 0 0 0 0 0 1]
[0 0 0 0 0 0 0 0 0 0]
[0 0 0 0 0 0 0 0 0 0]
[0 0 0 0 0 0 0 0 0 0]
[0 0 0 0 0 0 0 0 0 0]
[0 0 0 0 0 0 0 0 0 0]
[1 0 0 0 0 0 0 0 0 0]

step 3100000
[1 0 0 0 0 0 0 0 0 0]
[287   0   0   0   4   0   0   0   0   2]
[20  0  0  0  0  0  0  0  0  0]
[3 0 0 0 0 0 0 0 0 0]
[0 0 0 0 0 0 0 0 0 0]
[0 0 0 0 0 0 0 0 0 0]
[0 0 0 0 0 0 0 0 0 0]
[0 0 0 0 0 0 0 0 0 0]
[0 0 0 0 0 0 0 0 0 0]
[1 0 0 0 0 0 0 0 0 0]

step 3200000
[2 0 0 0 0 0 0 0 0 0]
[192   0   0   0   0   0   0   0   1   1]
[6 0 0 0 0 0 0 0 0 0]
[0 0 0 0 0 0 0 0 0 0]
[0 0 0 0 0 0 0 0 0 0]
[0 0 0 0 0 0 0 0 0 0]
[0 0 0 0 0 0 0 0 0 0]
[0 0 0 0 0 0 0 0 0 0]
[0 0 0 0 0 0 0 0 0 0]
[1 0 0 0 0 0 0 0 0 0]

step 3300000
[4 0 0 0 0 0 0 0 0 0]
[236   0   0   0   0   0   1   0   0   2]
[9 0 0 0 0 0 0 0 0 0]
[0 0 0 0 0 0 0 0 0 0]
[0 0 0 0 0 0 0 0 0 0]
[0 0 0 0 0 0 0 0 0 0]
[0 0 0 0 0 0 0 0 0 0]
[0 0 0 0 0 0 0 0 0 0]
[0 0 0 0 0 0 0 0 0 0]
[0 0 0 0 0 0 0 0 1 0]

step 3400000
[2 0 0 0 0 0 0 0 0 0]
[256   0   0   0   2   0   0   0   1   2]
[7 0 0 0 0 0 0 0 0 0]
[0 0 0 0 0 0 0 0 0 0]
[0 0 0 0 0 0 0 0 0 0]
[0 0 0 0 0 0 0 0 0 0]
[0 0 0 0 0 0 0 0 0 0]
[0 0 0 0 0 0 0 0 0 0]
[0 0 0 0 0 0 0 0 0 0]
[1 0 0 0 0 0 0 0 0 0]

step 3500000
[5 0 0 0 0 0 0 0 0 0]
[270   0   0   0   0   0   4   0   0   1]
[13  0  0  0  0  0  0  0  0  0]
[1 0 0 0 0 0 0 0 0 0]
[0 0 0 0 0 0 0 0 0 0]
[0 0 0 0 0 0 0 0 0 0]
[0 0 0 0 0 0 0 0 0 0]
[0 0 0 0 0 0 0 0 0 0]
[0 0 0 0 0 0 0 0 0 0]
[1 0 0 0 0 0 0 0 0 0]

step 3600000
[2 0 0 0 0 0 0 0 0 0]
[272   5   0   0   0   0   0   0   0   0]
[4 0 0 0 0 0 0 0 0 0]
[3 0 0 0 0 0 0 0 0 1]
[0 0 0 0 0 0 0 0 0 0]
[0 0 0 0 0 0 0 0 0 0]
[0 0 0 0 0 0 0 0 0 0]
[0 0 0 0 0 0 0 0 0 0]
[0 0 0 0 0 0 0 0 0 0]
[1 0 0 0 0 0 0 0 0 0]

step 3700000
[2 0 0 0 0 0 0 0 0 0]
[292   0   0   0   1   0   1   0   1   1]
[2 0 0 0 0 0 0 0 0 0]
[0 0 0 0 0 0 0 0 0 0]
[0 0 0 0 0 0 0 0 0 0]
[0 0 0 0 0 0 0 0 0 0]
[0 0 0 0 0 0 0 0 0 0]
[0 0 0 0 0 0 0 0 0 0]
[0 0 0 0 0 0 0 0 0 0]
[1 0 0 0 0 0 0 0 0 0]

step 3800000
[2 0 0 0 0 0 0 0 0 0]
[304   5   0   0   0   0   1   0   0   1]
[3 0 0 0 0 0 0 0 0 0]
[0 0 0 0 0 0 0 0 0 0]
[0 0 0 0 0 0 0 0 0 0]
[0 0 0 0 0 0 0 0 0 0]
[0 0 0 0 0 0 0 0 0 0]
[0 0 0 0 0 0 0 0 0 0]
[0 0 0 0 0 0 0 0 0 0]
[1 0 0 0 0 0 0 0 0 0]

step 3900000
[1 0 0 0 0 0 0 0 0 0]
[302   0   0   0   5   0   0   0   2   2]
[8 0 0 0 1 0 0 0 0 0]
[0 0 0 0 0 0 0 0 0 0]
[0 0 0 0 0 0 0 0 0 0]
[0 0 0 0 0 0 0 0 0 0]
[0 0 0 0 0 0 0 0 0 0]
[0 0 0 0 0 0 0 0 0 0]
[0 0 0 0 0 0 0 0 0 0]
[1 0 0 0 0 0 0 0 0 0]

step 4000000
[3 0 0 0 0 0 0 0 0 0]
[284   7   0   1   0   0   1   0   0   1]
[14  2  0  0  0  0  0  0  0  0]
[1 0 0 0 0 0 0 0 0 0]
[0 0 0 0 0 0 0 0 0 0]
[0 0 0 0 0 0 0 0 0 0]
[0 0 0 0 0 0 0 0 0 0]
[0 0 0 0 0 0 0 0 0 0]
[0 0 0 0 0 0 0 0 0 0]
[1 0 0 0 0 0 0 0 0 0]

step 4100000
[3 0 0 0 0 0 0 0 0 0]
[279   9   0   0   0   0   0   0   0   1]
[13  0  0  0  0  0  1  0  0  0]
[2 0 0 0 0 0 0 0 0 0]
[1 0 0 0 0 0 0 0 0 0]
[0 0 0 0 0 0 0 0 0 0]
[0 0 0 0 0 0 0 0 0 0]
[0 0 0 0 0 0 0 0 0 0]
[0 0 0 0 0 0 0 0 0 0]
[1 0 0 0 0 0 0 0 0 0]

step 4200000
[4 0 0 0 0 0 0 0 0 0]
[299   0   3   2   3   1   0   0   0   1]
[7 0 1 0 0 0 0 0 0 0]
[0 0 0 0 0 0 0 0 0 0]
[0 0 0 0 0 0 0 0 0 0]
[0 0 0 0 0 0 0 0 0 0]
[0 0 0 0 0 0 0 0 0 0]
[0 0 0 0 0 0 0 0 0 0]
[0 0 0 0 0 0 0 0 0 0]
[1 0 0 0 0 0 0 0 0 0]

step 4300000
[0 0 0 0 0 0 0 0 0 0]
[285   0   0   0   3   0   1   0   1   4]
[7 0 0 0 0 0 1 0 0 0]
[3 0 0 0 0 0 0 0 0 0]
[0 0 0 0 0 0 0 0 0 0]
[0 0 0 0 0 0 0 0 0 0]
[0 0 0 0 0 0 0 0 0 0]
[0 0 0 0 0 0 0 0 0 0]
[0 0 0 0 0 0 0 0 0 0]
[1 0 0 0 0 0 0 0 0 0]

step 4400000
[5 0 0 0 0 0 0 0 0 0]
[301   0   0   0   0   0   0   0   0   0]
[5 0 0 1 0 0 0 0 0 1]
[0 0 0 0 0 0 0 0 0 0]
[0 0 0 0 0 0 0 0 0 0]
[0 0 0 0 0 0 0 0 0 0]
[0 0 0 0 0 0 0 0 0 0]
[0 0 0 0 0 0 0 0 0 0]
[0 0 0 0 0 0 0 0 0 0]
[1 0 0 0 0 0 0 0 0 0]

step 4500000
[5 0 0 0 0 0 0 0 0 0]
[301   0   0   3   0   1   0   2   0   1]
[5 0 0 0 0 0 0 0 0 0]
[1 0 0 1 0 0 0 0 0 0]
[0 0 0 0 0 0 0 0 0 0]
[0 0 0 0 0 0 0 0 0 0]
[0 0 0 0 0 0 0 0 0 0]
[0 0 0 0 0 0 0 0 0 0]
[0 0 0 0 0 0 0 0 0 0]
[1 0 0 0 0 0 0 0 0 0]

step 4600000
[4 0 0 0 0 0 0 0 0 0]
[303  11   0   1   0   0   0   0   0   1]
[4 0 0 0 0 0 0 0 0 0]
[0 0 0 0 0 0 0 0 0 0]
[0 0 0 0 0 0 0 0 0 0]
[0 0 0 0 0 0 0 0 0 0]
[0 0 0 0 0 0 0 0 0 0]
[0 0 0 0 0 0 0 0 0 0]
[0 0 0 0 0 0 0 0 0 0]
[1 0 0 0 0 0 0 0 0 0]

step 4700000
[3 0 0 0 0 0 0 0 0 0]
[304   4   2   0   0   0   0   0   0   2]
[5 0 0 0 0 0 0 0 0 0]
[1 0 0 0 0 0 0 0 0 0]
[0 0 0 0 0 0 0 0 0 0]
[0 0 0 0 0 0 0 0 0 0]
[0 0 0 0 0 0 0 0 0 0]
[0 0 0 0 0 0 0 0 0 0]
[0 0 0 0 0 0 0 0 0 0]
[1 0 0 0 0 0 0 0 0 0]

step 4800000
[1 0 0 0 0 0 0 0 0 0]
[307   5   7   0   0   0   0   0   0   1]
[3 0 0 0 0 0 0 0 0 0]
[0 0 0 0 0 0 0 0 0 0]
[0 0 0 0 0 0 0 0 0 0]
[0 0 0 0 0 0 0 0 0 0]
[0 0 0 0 0 0 0 0 0 0]
[0 0 0 0 0 0 0 0 0 0]
[0 0 0 0 0 0 0 0 0 0]
[1 0 0 0 0 0 0 0 0 0]

step 4900000
[3 0 0 0 0 0 0 0 0 0]
[321   0   0   0   3   0   0   2   0   2]
[3 0 0 0 0 0 0 0 0 0]
[1 0 0 0 0 0 0 0 0 0]
[0 0 0 0 0 0 0 0 0 0]
[0 0 0 0 0 0 0 0 0 0]
[0 0 0 0 0 0 0 0 0 0]
[0 0 0 0 0 0 0 0 0 0]
[0 0 0 0 0 0 0 0 0 0]
[1 0 0 0 0 0 0 0 0 0]

step 5000000
[4 0 0 0 0 0 0 0 0 0]
[221   5   0   1   0   0   0   0   0   0]
[64  1  0  0  0  0  0  0  0  1]
[14  0  0  0  0  0  0  0  0  0]
[3 1 0 0 0 0 0 0 0 0]
[1 0 0 0 0 0 0 0 0 0]
[0 1 0 0 0 0 0 0 0 0]
[0 0 0 0 0 0 0 0 0 0]
[0 0 0 0 0 0 0 0 0 0]
[1 0 0 0 0 0 0 0 0 0]

step 5100000
[4 0 0 0 0 0 0 0 0 0]
[261   0   0   6   0   0   0   0   3   1]
[34  0  0  0  0  0  0  0  0  0]
[6 0 0 0 0 1 0 0 0 0]
[1 0 0 0 0 0 0 0 0 0]
[1 0 0 0 0 0 0 0 0 0]
[0 0 0 0 0 0 0 0 0 0]
[0 0 0 0 0 0 0 0 0 0]
[0 0 0 0 0 0 0 0 0 0]
[1 0 0 0 0 0 0 0 0 0]

step 5200000
[4 0 0 0 0 0 0 0 0 0]
[269   5   0   0   0   0   0   0   0   1]
[39  0  0  0  0  0  0  0  0  0]
[5 0 0 0 0 0 0 0 0 0]
[1 0 0 0 0 0 0 0 0 0]
[1 0 0 0 0 0 0 0 0 0]
[0 0 0 0 0 0 0 0 0 0]
[0 0 0 0 0 0 0 0 0 0]
[0 0 0 0 0 0 0 0 0 0]
[1 0 0 0 0 0 0 0 0 0]

step 5300000
[2 0 0 0 0 0 0 0 0 0]
[271   0   0   0   2   0   0   0   0   1]
[43  0  0  0  0  0  0  0  1  0]
[3 0 0 0 0 0 0 0 0 0]
[0 0 0 0 0 0 0 0 0 0]
[1 0 0 0 0 0 0 0 0 0]
[0 0 0 0 0 0 0 0 0 0]
[0 0 0 0 0 0 0 0 0 0]
[0 0 0 0 0 0 0 0 0 0]
[1 0 0 0 0 0 0 0 0 0]

step 5400000
[2 0 0 0 0 0 0 0 0 0]
[215   0   5   0   0   0   1   0   0   1]
[66  0  0  0  1  0  0  0  0  0]
[15  0  0  0  0  0  1  0  0  0]
[9 0 0 0 0 0 0 0 0 0]
[4 0 0 0 0 0 0 0 0 0]
[0 0 0 0 0 0 0 0 0 0]
[0 0 0 0 0 0 0 0 0 0]
[0 0 0 0 0 0 0 0 0 0]
[1 0 0 0 0 0 0 0 0 0]

step 5500000
[3 0 0 0 0 0 0 0 0 0]
[176   0   0   0   3   0   0   0   0   1]
[81  0  0  0  2  0  0  0  0  1]
[23  0  0  0  0  0  1  0  1  1]
[8 0 0 0 0 0 0 0 0 0]
[6 0 0 0 0 0 0 0 0 0]
[1 0 0 0 0 0 0 0 0 0]
[0 0 0 0 0 0 0 0 0 0]
[0 0 0 0 0 0 0 0 0 0]
[1 0 0 0 0 0 0 0 0 0]

step 5600000
[1 0 0 0 0 0 0 0 0 0]
[218   0   0   2   0   0   2   0   0   0]
[66  0  0  1  0  0  0  0  0  1]
[15  0  0  0  0  0  0  0  0  0]
[4 0 0 0 0 0 0 0 0 0]
[0 0 0 0 0 0 0 0 0 0]
[0 0 0 0 0 0 0 0 0 0]
[0 0 0 0 0 0 0 0 0 0]
[0 0 0 0 0 0 0 0 0 0]
[1 0 0 0 0 0 0 0 0 0]

step 5700000
[4 0 0 0 0 0 0 0 0 0]
[224   8   0   0   0   1   0   0   0   0]
[52  2  0  0  0  0  0  0  0  1]
[14  1  0  0  0  0  0  0  0  0]
[6 0 0 0 0 0 0 0 0 0]
[2 0 0 0 0 0 0 0 0 0]
[0 0 0 0 0 0 0 0 0 0]
[0 0 0 0 0 0 0 0 0 0]
[0 0 0 0 0 0 0 0 0 0]
[1 0 0 0 0 0 0 0 0 0]

step 5800000
[1 0 0 0 0 0 0 0 0 0]
[219   6   0   0   0   0   0   0   0   1]
[68  2  0  0  0  0  0  0  0  0]
[13  0  0  0  0  0  0  0  0  0]
[10  0  0  0  0  0  0  0  0  0]
[1 0 0 0 0 0 0 0 0 0]
[2 0 0 0 0 0 0 0 0 0]
[0 0 0 0 0 0 0 0 0 0]
[0 0 0 0 0 0 0 0 0 0]
[1 0 0 0 0 0 0 0 0 0]

step 5900000
[2 0 0 0 0 0 0 0 0 0]
[213   0   2   0   0   0   0   0   0   1]
[68  0  0  0  0  0  0  0  0  0]
[23  0  0  0  0  1  0  0  0  0]
[8 0 0 0 0 0 0 0 0 0]
[7 0 1 0 0 0 0 0 0 0]
[3 0 0 0 0 0 0 0 0 0]
[1 0 0 0 0 0 0 0 0 0]
[1 0 0 0 0 0 0 0 0 0]
[1 0 0 0 0 0 0 0 0 0]

