step 100000
[1 0 0 0 0 0 0 0 0 0]
[41  0  0  0  0  0  0  0  0  1]
[21  0  0  0  0  0  0  0  0  0]
[12  0  0  0  0  0  0  0  0  0]
[6 0 0 0 0 0 0 0 0 0]
[1 0 0 0 0 0 0 0 0 0]
[5 0 0 0 0 0 0 0 0 0]
[0 0 0 0 0 0 0 0 0 0]
[1 0 0 0 0 0 0 0 0 0]
[1 0 0 0 0 0 0 0 0 0]

step 200000
[2 0 0 0 0 0 0 0 0 0]
[30  0  0  1  0  0  0  0  0  0]
[25  0  1  0  0  0  0  0  0  0]
[11  0  1  0  0  0  0  0  0  0]
[6 0 0 0 0 0 0 0 0 0]
[8 0 1 0 0 0 0 0 0 0]
[3 0 0 0 0 0 0 0 0 1]
[3 0 0 0 0 0 0 0 0 0]
[0 0 0 0 0 0 0 0 0 0]
[1 0 0 0 0 0 0 0 0 0]

step 300000
[0 0 0 0 0 0 0 0 0 0]
[86  2  0  0  0  0  0  0  0  1]
[15  2  0  0  0  0  0  0  0  0]
[5 1 0 0 0 0 0 0 0 0]
[1 1 0 0 0 0 0 0 0 0]
[1 0 0 0 0 0 0 0 0 0]
[0 0 0 0 1 0 0 0 0 0]
[0 0 0 0 0 0 0 0 0 0]
[0 0 0 0 0 0 0 0 0 0]
[1 0 0 0 0 0 0 0 0 0]

step 400000
[2 0 0 0 0 0 0 0 0 0]
[102   3   0   0   0   0   0   0   0   1]
[14  1  0  0  0  0  0  0  0  0]
[4 0 0 0 0 0 0 0 0 0]
[2 0 0 0 0 0 0 0 0 0]
[0 0 0 0 0 0 0 0 0 0]
[0 0 0 0 0 0 0 0 0 0]
[1 0 0 0 0 0 0 0 0 0]
[0 0 0 0 0 0 0 0 0 0]
[0 0 0 0 1 0 0 0 0 0]

step 500000
[2 0 0 0 0 0 0 0 0 0]
[73  2  0  0  0  0  0  0  0  0]
[31  1  0  0  0  0  0  0  0  0]
[6 0 0 0 0 0 0 0 0 1]
[3 0 0 0 0 0 0 0 0 0]
[1 0 0 0 0 0 0 0 0 0]
[3 0 0 0 0 0 0 0 0 0]
[0 0 0 0 0 0 0 0 0 0]
[0 0 0 0 0 0 0 0 0 0]
[0 1 0 0 0 0 0 0 0 0]

step 600000
[1 0 0 0 0 0 0 0 0 0]
[71  0  1  2  1  0  0  0  0  0]
[31  0  0  0  0  1  0  0  0  0]
[6 0 0 2 1 0 0 0 0 0]
[2 0 1 0 0 0 0 0 0 0]
[1 0 0 0 0 0 0 0 0 0]
[0 0 0 0 0 0 0 0 0 1]
[0 0 0 0 0 0 0 0 0 0]
[0 0 0 0 0 0 0 0 0 0]
[2 0 0 0 0 0 0 0 0 0]

step 700000
[1 0 0 0 0 0 0 0 0 0]
[56  1  0  0  0  0  0  0  0  0]
[34  2  0  0  0  0  0  0  0  0]
[15  0  0  0  0  0  0  0  0  1]
[4 0 0 0 0 0 0 0 0 0]
[4 0 0 0 0 0 0 0 0 0]
[2 0 0 0 0 0 0 0 0 0]
[0 0 0 0 0 0 0 0 0 0]
[1 0 0 0 0 0 0 0 0 0]
[1 1 1 0 0 0 0 0 0 0]

step 800000
[0 0 0 0 0 0 0 0 0 0]
[92  3  0  0  0  0  0  0  0  0]
[13  0  0  0  0  0  0  0  0  0]
[5 0 0 0 0 0 0 0 0 1]
[5 0 0 0 0 0 0 0 0 0]
[0 0 0 0 0 0 0 0 0 0]
[0 0 0 0 0 0 0 0 0 0]
[1 1 0 0 0 0 0 0 0 0]
[0 0 0 0 0 0 0 0 0 0]
[1 0 0 0 0 0 0 0 0 0]

step 900000
[2 0 0 0 0 0 0 0 0 0]
[92  2  0  0  0  0  0  0  0  0]
[15  1  0  0  0  0  0  0  0  0]
[5 1 0 0 0 0 0 0 0 0]
[5 0 0 0 0 0 0 0 0 1]
[0 0 0 0 0 0 0 0 0 0]
[1 0 0 0 0 0 0 0 0 0]
[1 0 0 0 0 0 0 0 0 0]
[0 0 0 0 0 0 0 0 0 0]
[1 1 0 0 0 0 0 0 0 0]

step 1000000
[2 0 0 0 0 0 0 0 0 0]
[83  0  0  0  1  0  2  0  0  1]
[25  0  0  0  0  0  0  0  0  0]
[4 0 0 0 0 0 0 0 0 0]
[4 0 0 0 0 0 0 0 0 0]
[1 0 0 0 0 0 0 0 0 0]
[0 0 0 0 0 0 0 0 0 0]
[0 0 0 0 0 0 0 0 0 0]
[0 0 0 0 0 0 0 0 0 0]
[0 0 0 0 0 0 0 0 0 1]

step 1100000
[0 0 0 0 0 0 0 0 0 0]
[80  0  1  1  2  2  0  0  0  1]
[17  0  0  0  0  1  0  0  0  0]
[6 0 0 1 0 0 0 0 0 0]
[1 0 1 0 0 0 0 0 0 0]
[0 0 0 0 0 0 0 0 0 0]
[0 0 0 0 0 0 0 0 0 0]
[0 0 0 0 0 0 0 0 0 0]
[0 0 0 0 0 0 0 0 0 0]
[0 0 0 0 1 0 0 0 0 0]

step 1200000
[0 0 0 0 0 0 0 0 0 0]
[82  5  0  0  0  0  0  0  0  0]
[19  0  0  0  0  0  0  0  0  1]
[4 0 0 0 0 0 0 0 0 0]
[6 0 0 0 0 0 0 0 0 0]
[1 0 0 0 0 0 0 0 0 0]
[0 0 0 0 0 0 0 0 0 0]
[0 0 0 0 0 0 0 0 0 0]
[0 0 0 0 0 0 0 0 0 0]
[1 0 0 0 0 0 0 0 0 0]

step 1300000
[2 0 0 0 0 0 0 0 0 0]
[97  7  0  0  0  0  0  0  0  0]
[21  0  0  0  0  0  0  0  0  0]
[2 0 0 0 0 0 0 0 0 0]
[1 0 0 0 0 0 0 0 0 0]
[2 1 0 0 0 0 0 0 0 0]
[0 0 0 0 0 0 0 0 0 1]
[0 0 0 0 0 0 0 0 0 0]
[0 0 0 0 0 0 0 0 0 0]
[0 1 0 0 0 0 0 0 0 0]

step 1400000
[1 0 0 0 0 0 0 0 0 0]
[100   0   0   0   1   0   0   0   0   2]
[16  0  0  0  0  0  0  0  0  0]
[0 0 0 0 0 0 0 0 0 1]
[1 0 0 0 0 0 0 0 0 0]
[1 0 0 0 0 0 0 0 0 0]
[0 0 0 0 0 0 0 0 0 0]
[0 0 0 0 0 0 0 0 0 0]
[0 0 0 0 0 0 0 0 0 0]
[0 0 0 0 1 0 0 0 0 0]

step 1500000
[1 0 0 0 0 0 0 0 0 0]
[99  0  1  0  2  0  1  0  0  0]
[17  0  0  0  0  1  0  1  0  0]
[4 0 0 0 0 0 1 0 0 0]
[2 0 0 0 0 0 0 0 0 0]
[2 0 0 0 0 0 1 0 0 0]
[0 0 0 0 0 0 0 0 0 0]
[1 0 0 0 0 0 0 0 0 0]
[0 0 0 0 0 0 0 0 0 0]
[0 0 0 0 0 0 0 0 0 1]

step 1600000
[2 0 0 0 0 0 0 0 0 0]
[95  6  1  0  0  0  0  0  0  0]
[10  4  0  0  0  0  0  0  0  1]
[2 1 0 0 0 0 0 0 0 0]
[0 0 0 0 0 0 0 0 0 0]
[0 0 0 0 0 0 0 0 0 0]
[0 0 0 0 0 0 0 0 0 0]
[0 0 0 0 0 0 0 0 0 0]
[0 0 0 0 0 0 0 0 0 0]
[1 0 0 0 0 0 0 0 0 0]

step 1700000
[1 0 0 0 0 0 0 0 0 0]
[109   3   0   0   0   0   0   0   0   0]
[17  0  0  0  0  0  0  0  0  0]
[0 1 0 0 0 0 0 0 0 1]
[0 0 0 0 0 0 0 0 0 0]
[0 0 0 0 0 0 0 0 0 0]
[0 0 0 0 0 0 0 0 0 0]
[0 0 0 0 0 0 0 0 0 0]
[0 0 0 0 0 0 0 0 0 0]
[1 0 0 0 0 0 0 0 0 0]

step 1800000
[1 0 0 0 0 0 0 0 0 0]
[111   5   0   0   0   0   0   0   0   1]
[16  2  0  0  0  0  0  0  0  0]
[1 0 0 0 0 0 0 0 0 0]
[1 0 0 0 0 0 0 0 0 0]
[0 0 0 0 0 0 0 0 0 0]
[0 0 0 0 0 0 0 0 0 0]
[0 0 0 0 0 0 0 0 0 0]
[0 0 0 0 0 0 0 0 0 0]
[1 0 0 0 0 0 0 0 0 0]

step 1900000
[3 0 0 0 0 0 0 0 0 0]
[98  7  0  0  0  0  0  0  0  0]
[17  0  0  0  0  0  0  0  0  1]
[1 0 0 0 0 0 0 0 0 0]
[0 0 0 0 0 0 0 0 0 0]
[0 0 0 0 0 0 0 0 0 0]
[0 0 0 0 0 0 0 0 0 0]
[0 0 0 0 0 0 0 0 0 0]
[0 0 0 0 0 0 0 0 0 0]
[1 0 0 0 0 0 0 0 0 0]

step 2000000
[0 0 0 0 0 0 0 0 0 0]
[98  0  0  0  2  0  1  0  1  1]
[3 0 0 0 0 0 0 0 0 0]
[1 0 0 0 1 0 0 0 0 0]
[0 0 0 0 0 0 0 0 0 0]
[1 0 0 0 0 0 0 0 0 0]
[0 0 0 0 0 0 0 0 0 0]
[0 0 0 0 0 0 0 0 0 0]
[0 0 0 0 0 0 0 0 0 0]
[1 0 0 0 0 0 0 0 0 0]

step 2100000
[1 0 0 0 0 0 0 0 0 0]
[80  0  0  0  0  0  0  0  0  0]
[11  0  0  0  0  0  0  0  0  0]
[1 0 0 0 0 0 0 0 0 0]
[0 0 0 0 0 0 0 0 0 0]
[1 0 0 0 0 0 0 0 0 0]
[0 0 0 0 0 0 0 0 0 0]
[0 0 0 0 0 0 0 0 0 0]
[0 0 0 0 0 0 0 0 0 0]
[1 0 0 0 0 0 0 0 0 0]

step 2200000
[1 0 0 0 0 0 0 0 0 0]
[52  1  0  0  0  0  0  0  0  0]
[34  0  0  0  0  0  0  0  0  0]
[10  0  0  0  0  0  0  0  0  0]
[3 0 0 0 0 0 0 0 0 0]
[3 0 0 0 0 0 0 0 0 1]
[1 0 0 0 0 0 0 0 0 0]
[0 0 0 0 0 0 0 0 0 0]
[0 0 0 0 0 0 0 0 0 0]
[1 0 0 0 0 0 0 0 0 0]

step 2300000
[1 0 0 0 0 0 0 0 0 0]
[40  0  0  0  0  0  0  0  0  0]
[31  0  0  0  0  0  0  0  0  0]
[16  0  0  0  0  0  0  0  0  1]
[7 0 0 0 0 0 0 0 0 0]
[6 0 0 0 0 0 0 0 0 0]
[1 0 0 0 0 0 0 0 0 0]
[3 0 0 0 0 0 0 0 0 0]
[0 0 0 0 0 0 0 0 0 0]
[1 0 0 0 0 0 0 0 0 0]

step 2400000
[1 0 0 0 0 0 0 0 0 0]
[54  0  0  0  0  0  0  0  0  0]
[33  0  0  0  0  0  0  0  0  1]
[10  0  0  0  0  0  0  0  0  0]
[10  0  0  0  0  0  0  0  0  0]
[3 0 0 0 0 0 0 0 0 0]
[0 0 0 0 0 0 0 0 0 0]
[0 0 0 0 0 0 0 0 0 0]
[0 0 0 0 0 0 0 0 0 0]
[1 0 0 0 0 0 0 0 0 0]

step 2500000
[1 0 0 0 0 0 0 0 0 0]
[67  0  0  0  0  0  0  0  0  1]
[25  0  1  1  0  0  0  0  0  0]
[6 0 0 0 1 0 0 0 0 0]
[6 0 0 0 0 0 0 0 0 0]
[3 0 0 0 0 0 0 0 0 0]
[0 0 0 0 0 0 0 0 0 0]
[0 0 0 0 0 0 0 0 0 0]
[0 0 0 0 0 0 0 0 0 0]
[1 0 0 0 0 0 0 0 0 0]

step 2600000
[0 0 0 0 0 0 0 0 0 0]
[42  3  0  0  0  0  0  0  0  0]
[31  4  0  0  0  0  0  0  0  0]
[15  1  0  0  0  0  0  0  0  1]
[13  0  0  0  0  0  0  0  0  0]
[2 0 0 0 0 0 0 0 0 0]
[3 0 0 0 0 0 0 0 0 0]
[1 0 0 0 0 0 0 0 0 0]
[2 0 0 0 0 0 0 0 0 0]
[1 0 0 0 0 0 0 0 0 0]

step 2700000
[0 0 0 0 0 0 0 0 0 0]
[47  0  0  0  0  0  0  0  0  1]
[36  0  0  0  0  0  2  0  0  0]
[23  0  0  0  0  0  0  0  0  0]
[10  0  0  0  0  0  0  0  0  0]
[6 0 0 0 0 0 0 0 1 0]
[2 0 0 0 0 0 0 0 0 0]
[0 0 0 0 0 0 0 0 0 0]
[2 0 0 0 0 0 0 0 0 0]
[1 0 0 0 0 0 0 0 0 0]

step 2800000
[1 0 0 0 0 0 0 0 0 0]
[43  2  0  0  0  0  0  0  0  0]
[26  1  0  0  0  0  0  0  0  0]
[14  0  0  0  0  0  0  0  0  0]
[14  0  0  1  0  0  0  0  0  0]
[12  1  0  0  0  0  0  0  0  1]
[4 0 0 0 0 0 0 0 0 0]
[3 0 0 0 1 0 0 0 0 0]
[0 0 0 0 0 0 0 0 0 0]
[1 0 0 0 0 0 0 0 0 0]

step 2900000
[1 0 0 0 0 0 0 0 0 0]
[51  1  0  0  0  0  0  0  0  1]
[37  1  0  0  0  0  0  0  0  0]
[18  1  0  0  0  0  0  0  0  0]
[1 0 0 0 0 0 0 0 0 0]
[6 0 1 0 0 0 0 0 0 0]
[2 0 1 0 0 0 0 0 0 0]
[6 0 0 0 0 0 0 0 0 0]
[0 0 0 0 0 0 0 0 0 0]
[1 0 0 0 0 0 0 0 0 0]

step 3000000
[3 0 0 0 0 0 0 0 0 0]
[72  0  0  0  1  0  1  0  1  1]
[32  0  0  0  2  0  1  0  0  1]
[5 0 0 0 0 0 0 0 0 0]
[4 0 0 0 0 0 0 0 0 0]
[2 0 0 0 0 0 0 0 0 0]
[0 0 0 0 0 0 0 0 0 0]
[0 0 0 0 0 0 0 0 0 0]
[0 0 0 0 0 0 0 0 0 0]
[1 0 0 0 0 0 0 0 0 0]

step 3100000
[2 0 0 0 0 0 0 0 0 0]
[60  0  0  0  0  0  0  0  0  1]
[47  0  0  0  2  0  0  0  0  0]
[11  0  0  0  0  0  0  0  0  0]
[3 0 0 0 0 0 1 0 0 0]
[1 0 0 0 1 0 0 0 0 0]
[0 0 0 0 0 0 0 0 0 0]
[0 0 0 0 0 0 0 0 0 0]
[1 0 0 0 0 0 0 0 0 0]
[1 0 0 0 0 0 0 0 0 0]

step 3200000
[1 0 0 0 0 0 0 0 0 0]
[53  0  0  0  0  0  0  0  0  0]
[24  0  0  0  0  0  0  0  0  1]
[24  0  0  0  0  0  0  0  0  0]
[14  0  0  0  0  0  0  0  0  0]
[5 0 0 0 0 0 0 0 0 0]
[3 0 0 0 0 0 0 0 0 0]
[1 0 0 0 0 0 0 0 0 0]
[0 0 0 0 0 0 0 0 0 0]
[2 0 0 0 0 0 0 0 0 0]

step 3300000
[0 0 0 0 0 0 0 0 0 0]
[35  1  0  0  0  0  0  0  0  0]
[37  1  0  0  0  0  0  0  0  0]
[18  0  0  0  0  0  0  0  0  1]
[7 2 0 0 0 0 0 0 0 0]
[4 1 0 0 0 0 0 0 0 0]
[6 1 0 0 0 0 0 0 0 0]
[3 0 0 0 0 0 0 0 0 0]
[3 0 0 0 0 0 0 0 0 0]
[1 0 0 0 0 0 0 0 0 0]

step 3400000
[2 0 0 0 0 0 0 0 0 0]
[35  0  0  0  0  0  1  0  0  0]
[38  0  0  0  0  0  0  0  0  0]
[19  0  0  0  0  0  1  0  0  0]
[13  0  0  0  0  0  0  0  0  1]
[5 0 0 0 0 0 0 0 0 0]
[4 0 0 0 0 0 1 0 0 1]
[3 0 0 0 0 0 0 0 0 0]
[3 0 0 0 0 0 0 0 0 0]
[1 0 0 0 0 0 0 0 0 0]

step 3500000
[1 0 0 0 0 0 0 0 0 0]
[57  0  0  0  1  0  0  0  0  0]
[35  0  0  0  1  0  0  0  0  1]
[17  0  0  0  3  0  0  1  0  0]
[6 0 0 0 1 0 0 0 0 0]
[4 0 0 0 0 0 0 0 0 0]
[1 0 0 0 0 0 0 0 0 0]
[1 0 0 0 0 0 0 0 0 0]
[0 0 0 0 0 0 0 0 0 0]
[0 0 0 0 0 0 0 0 0 1]

step 3600000
[0 0 0 0 0 0 0 0 0 0]
[55  0  0  0  1  0  1  0  1  2]
[28  0  0  0  2  0  3  0  0  1]
[11  0  0  0  0  0  0  0  0  0]
[4 0 0 0 0 0 1 0 0 0]
[4 0 0 0 0 0 0 0 0 0]
[0 0 0 0 0 0 0 0 0 0]
[0 0 0 0 0 0 0 0 0 0]
[1 0 0 0 0 0 0 0 0 0]
[2 0 0 0 0 0 0 0 0 0]

step 3700000
[1 0 0 0 0 0 0 0 0 0]
[35  0  0  0  0  0  0  0  0  0]
[26  0  1  0  0  0  0  0  0  0]
[31  0  0  0  0  0  0  0  0  0]
[12  0  1  0  0  0  0  0  0  0]
[9 0 1 0 0 0 0 0 0 0]
[2 0 0 0 0 0 0 0 0 0]
[5 0 0 0 0 0 0 0 0 1]
[1 0 0 0 0 0 0 0 0 0]
[4 0 0 0 0 0 0 0 0 0]

step 3800000
[1 0 0 0 0 0 0 0 0 0]
[60  0  0  0  1  0  0  0  1  1]
[36  0  0  0  0  0  1  0  1  0]
[9 0 0 0 0 0 0 0 0 0]
[2 0 0 0 0 0 0 0 0 0]
[0 0 0 0 0 0 0 0 0 0]
[1 0 0 0 0 0 0 0 0 0]
[0 0 0 0 0 0 0 0 0 0]
[0 0 0 0 0 0 0 0 0 0]
[1 0 0 0 0 0 0 0 0 0]

step 3900000
[4 0 0 0 0 0 0 0 0 0]
[82  0  0  0  0  0  0  2  0  1]
[32  0  0  0  1  0  0  1  0  0]
[3 0 0 0 0 0 0 0 0 0]
[0 0 0 0 0 0 0 0 0 0]
[2 0 0 0 0 0 0 0 0 0]
[0 0 0 0 0 0 0 0 0 0]
[0 0 0 0 0 0 0 0 0 0]
[0 0 0 0 0 0 0 0 0 0]
[1 0 0 0 0 0 0 0 0 0]

