######### results #######
##### Summary of posterior distribution #####
##### Psi (= number of possible divtimes) #####

### Posterior probability table with local multinomial logit regression.
                      1           2            3            4            5
posterior.p 0.000000000 0.000000000 1.395650e-17 1.722874e-13 2.422344e-13
prior.p     0.008649009 0.008649009 9.081009e-03 8.658009e-03 9.189009e-03
                       6            7            8            9           10
posterior.p 8.909694e-13 4.451909e-11 2.639695e-07 8.094431e-10 3.187642e-10
prior.p     8.496008e-03 8.442008e-03 8.280008e-03 8.451008e-03 9.297009e-03
                      11           12           13          14          15
posterior.p 2.546733e-08 1.630574e-11 1.630149e-05 0.017660922 0.981205311
prior.p     8.523009e-03 8.766009e-03 9.144009e-03 0.008226008 0.008919009
                      16           17           18           19           20
posterior.p 9.972106e-12 3.678516e-18 7.721147e-10 1.845720e-17 1.133045e-18
prior.p     8.370008e-03 9.054009e-03 8.811009e-03 8.469008e-03 8.973009e-03
                      21           22           23           24           25
posterior.p 3.010554e-19 4.358182e-14 1.355791e-20 4.166609e-07 2.505901e-18
prior.p     8.649009e-03 8.334008e-03 8.460008e-03 8.046008e-03 8.577009e-03
                     26           27           28           29           30
posterior.p 0.001115646 7.504583e-25 2.106854e-13 1.815709e-14 1.452542e-15
prior.p     0.008775009 8.559009e-03 8.739009e-03 8.685009e-03 8.235008e-03
                      31           32           33           34           35
posterior.p 2.842102e-11 1.004055e-17 1.298456e-10 4.889072e-16 3.800582e-17
prior.p     8.604009e-03 9.027009e-03 8.343008e-03 8.586009e-03 8.505009e-03
                      36           37           38           39           40
posterior.p 2.356363e-11 1.728214e-11 7.403256e-23 2.576532e-24 1.186450e-10
prior.p     8.739009e-03 8.469008e-03 8.730009e-03 8.568009e-03 8.820009e-03
                      41           42           43           44           45
posterior.p 5.604596e-16 1.891620e-11 4.266676e-13 6.997969e-10 1.473993e-10
prior.p     8.694009e-03 8.325008e-03 8.676009e-03 8.829009e-03 8.730009e-03
                      46           47           48           49           50
posterior.p 2.939082e-11 9.946075e-22 2.712752e-12 5.406509e-11 3.479014e-12
prior.p     8.613009e-03 8.289008e-03 8.937009e-03 8.469008e-03 8.154008e-03
                      51           52           53           54           55
posterior.p 8.469929e-12 4.512680e-11 1.080119e-06 1.589206e-11 6.390086e-17
prior.p     8.730009e-03 9.126009e-03 8.496008e-03 8.622009e-03 8.244008e-03
                      56           57          58           59           60
posterior.p 1.300399e-11 6.050444e-11 0.000000000 1.394478e-14 5.450328e-15
prior.p     8.289008e-03 8.145008e-03 0.008784009 8.604009e-03 8.928009e-03
                      61           62           63           64           65
posterior.p 3.191287e-12 1.616871e-13 1.475030e-08 3.772518e-13 1.913504e-12
prior.p     8.208008e-03 8.586009e-03 8.667009e-03 8.523009e-03 8.730009e-03
                      66           67           68           69           70
posterior.p 1.334959e-11 4.734743e-11 1.467243e-08 3.044666e-12 2.016852e-11
prior.p     8.622009e-03 9.009009e-03 8.928009e-03 8.766009e-03 8.622009e-03
                      71           72           73          74           75
posterior.p 2.701501e-13 1.838997e-11 4.548948e-17 0.000000000 1.071907e-12
prior.p     8.298008e-03 8.487008e-03 8.424008e-03 0.008775009 9.081009e-03
                     76           77          78          79          80
posterior.p 0.000000000 1.700031e-11 0.000000000 0.000000000 0.000000000
prior.p     0.008748009 9.081009e-03 0.008046008 0.008631009 0.008874009
                     81          82          83          84           85
posterior.p 0.000000000 0.000000000 0.000000000 0.000000000 9.365758e-11
prior.p     0.009009009 0.008955009 0.008469008 0.008460008 8.982009e-03
                     86          87          88          89          90
posterior.p 0.000000000 0.000000000 0.000000000 0.000000000 0.000000000
prior.p     0.008361008 0.008136008 0.008793009 0.008667009 0.008838009
                     91          92          93          94           95
posterior.p 0.000000000 0.000000000 0.000000000 0.000000000 5.412093e-11
prior.p     0.008937009 0.009225009 0.008469008 0.008712009 9.009009e-03
                     96          97          98          99         100
posterior.p 0.000000000 0.000000000 0.000000000 0.000000000 0.000000000
prior.p     0.008874009 0.008154008 0.008559009 0.008541009 0.008478008
                     101         102         103         104         105
posterior.p 8.548806e-14 0.000000000 0.000000000 0.000000000 0.000000000
prior.p     9.027009e-03 0.008325008 0.008460008 0.008577009 0.008568009
                    106         107         108         109         110
posterior.p 0.000000000 0.000000000 0.000000000 0.000000000 0.000000000
prior.p     0.008379008 0.008433008 0.008433008 0.008568009 0.008694009
                    111         112         113         114         115
posterior.p 0.000000000 0.000000000 0.000000000 0.000000000 0.000000000
prior.p     0.008577009 0.008370008 0.008325008 0.008253008 0.008559009
                    116
posterior.p 0.000000000
prior.p     0.008136008

## Mode (from local multinomial logit regression):
[1] "15"
## Mean/Median  (from local multinomial logit regression):
    mean   median 
14.99462 15.00000 

### The above results should be better than simple rejection method below.

### Posterior probability table with SIMPLE rejection method, NO REGRESSION.
                      1           2           3           4           5
posterior.p 0.000000000 0.000000000 0.014014014 0.022022022 0.041041041
prior.p     0.008649009 0.008649009 0.009081009 0.008658009 0.009189009
                      6           7           8           9          10
posterior.p 0.039039039 0.031031031 0.049049049 0.041041041 0.049049049
prior.p     0.008496008 0.008442008 0.008280008 0.008451008 0.009297009
                     11          12          13          14          15
posterior.p 0.049049049 0.046046046 0.040040040 0.029029029 0.033033033
prior.p     0.008523009 0.008766009 0.009144009 0.008226008 0.008919009
                     16          17          18          19          20
posterior.p 0.048048048 0.024024024 0.022022022 0.033033033 0.025025025
prior.p     0.008370008 0.009054009 0.008811009 0.008469008 0.008973009
                     21          22          23          24          25
posterior.p 0.020020020 0.026026026 0.017017017 0.014014014 0.023023023
prior.p     0.008649009 0.008334008 0.008460008 0.008046008 0.008577009
                     26          27          28          29          30
posterior.p 0.018018018 0.016016016 0.014014014 0.012012012 0.011011011
prior.p     0.008775009 0.008559009 0.008739009 0.008685009 0.008235008
                     31          32          33          34          35
posterior.p 0.011011011 0.009009009 0.011011011 0.009009009 0.009009009
prior.p     0.008604009 0.009027009 0.008343008 0.008586009 0.008505009
                     36          37          38          39          40
posterior.p 0.002002002 0.011011011 0.009009009 0.012012012 0.007007007
prior.p     0.008739009 0.008469008 0.008730009 0.008568009 0.008820009
                     41          42          43          44          45
posterior.p 0.007007007 0.005005005 0.011011011 0.004004004 0.001001001
prior.p     0.008694009 0.008325008 0.008676009 0.008829009 0.008730009
                     46          47          48          49          50
posterior.p 0.004004004 0.009009009 0.004004004 0.002002002 0.002002002
prior.p     0.008613009 0.008289008 0.008937009 0.008469008 0.008154008
                     51          52          53          54          55
posterior.p 0.004004004 0.002002002 0.003003003 0.001001001 0.002002002
prior.p     0.008730009 0.009126009 0.008496008 0.008622009 0.008244008
                     56          57          58          59          60
posterior.p 0.002002002 0.003003003 0.000000000 0.003003003 0.004004004
prior.p     0.008289008 0.008145008 0.008784009 0.008604009 0.008928009
                     61          62          63          64          65
posterior.p 0.002002002 0.001001001 0.005005005 0.003003003 0.003003003
prior.p     0.008208008 0.008586009 0.008667009 0.008523009 0.008730009
                     66          67          68          69          70
posterior.p 0.001001001 0.001001001 0.001001001 0.002002002 0.001001001
prior.p     0.008622009 0.009009009 0.008928009 0.008766009 0.008622009
                     71          72          73          74          75
posterior.p 0.002002002 0.001001001 0.002002002 0.000000000 0.001001001
prior.p     0.008298008 0.008487008 0.008424008 0.008775009 0.009081009
                     76          77          78          79          80
posterior.p 0.000000000 0.001001001 0.000000000 0.000000000 0.000000000
prior.p     0.008748009 0.009081009 0.008046008 0.008631009 0.008874009
                     81          82          83          84          85
posterior.p 0.000000000 0.000000000 0.000000000 0.000000000 0.001001001
prior.p     0.009009009 0.008955009 0.008469008 0.008460008 0.008982009
                     86          87          88          89          90
posterior.p 0.000000000 0.000000000 0.000000000 0.000000000 0.000000000
prior.p     0.008361008 0.008136008 0.008793009 0.008667009 0.008838009
                     91          92          93          94          95
posterior.p 0.000000000 0.000000000 0.000000000 0.000000000 0.001001001
prior.p     0.008937009 0.009225009 0.008469008 0.008712009 0.009009009
                     96          97          98          99         100
posterior.p 0.000000000 0.000000000 0.000000000 0.000000000 0.000000000
prior.p     0.008874009 0.008154008 0.008559009 0.008541009 0.008478008
                    101         102         103         104         105
posterior.p 0.001001001 0.000000000 0.000000000 0.000000000 0.000000000
prior.p     0.009027009 0.008325008 0.008460008 0.008577009 0.008568009
                    106         107         108         109         110
posterior.p 0.000000000 0.000000000 0.000000000 0.000000000 0.000000000
prior.p     0.008379008 0.008433008 0.008433008 0.008568009 0.008694009
                    111         112         113         114         115
posterior.p 0.000000000 0.000000000 0.000000000 0.000000000 0.000000000
prior.p     0.008577009 0.008370008 0.008325008 0.008253008 0.008559009
                    116
posterior.p 0.000000000
prior.p     0.008136008

## Mode (from simple rejection):
[1] "8"
## Mean/Median (from simple rejection)
    mean   median 
20.32132 16.00000 

##### Summary of posterior distribution #####
##### var.t  #####
### Mode
INFO: loc1stats: difference in log(prob. density) between the max (mode) and the ends of confidence interval (at p=0.95) is 0.002990347.
MODE:
[1] 0.04124928
### Mean/Median
      mean     median 
0.04152869 0.04135545 
### 95 % quantile
      2.5%      97.5% 
0.02968699 0.05426317 
### 95% Highest Postererior Density (HPD) interval
[1] 0.02969180 0.05432968

##### Summary of posterior distribution #####
##### E.t (= E(t)) #####
### Mode
INFO: loc1stats: difference in log(prob. density) between the max (mode) and the ends of confidence interval (at p=0.95) is 0.003121858.
MODE:
[1] 0.378211
### Mean/Median
     mean    median 
0.3792071 0.3791615 
### 95 % quantile
     2.5%     97.5% 
0.3515369 0.4055229 
### 95% Highest Postererior Density (HPD) interval
[1] 0.3555725 0.4075270

##### Summary of posterior distribution #####
##### omega (=Var(t)/E(t)) #####
### Mode
INFO: loc1stats: difference in log(prob. density) between the max (mode) and the ends of confidence interval (at p=0.95) is 0.004167668.
MODE:
[1] 0.1077727
### Mean/Median
     mean    median 
0.1094732 0.1091976 
### 95 % quantile
      2.5%      97.5% 
0.08225047 0.13853725 
### 95% Highest Postererior Density (HPD) interval
[1] 0.08171846 0.13772841

######### end of results #######
