Parameters - Namespace(K=20000, colonizers=4, colrate=0.01, force=False, meta='metacommunity_LS4.txt', mode='volcanic', nsims=1000000000, octaves=False, outdir='simout/K_20000-C_0.01-3_x4', quiet=False, recording_period=100000)
Raw abundance dist - OrderedDict([(1, 8), (2, 16), (3, 15), (4, 12), (5, 9), (6, 10), (7, 8), (8, 13), (9, 6), (10, 1), (11, 4), (12, 2), (13, 3), (14, 4), (15, 5), (16, 4), (17, 4), (18, 1), (19, 7), (20, 2), (21, 4), (22, 2), (23, 1), (24, 1), (25, 3), (26, 4), (27, 1), (28, 1), (29, 3), (30, 3), (31, 2), (32, 3), (33, 2), (34, 2), (35, 1), (37, 2), (39, 2), (40, 1), (41, 4), (42, 1), (43, 1), (44, 4), (45, 3), (46, 3), (47, 1), (48, 3), (49, 2), (50, 2), (52, 2), (53, 1), (55, 1), (57, 2), (58, 2), (59, 2), (60, 2), (61, 1), (62, 2), (63, 2), (64, 1), (65, 2), (66, 4), (67, 1), (68, 1), (69, 1), (70, 1), (71, 1), (73, 2), (74, 1), (78, 1), (80, 3), (81, 3), (82, 2), (83, 1), (84, 2), (86, 1), (87, 1), (93, 1), (94, 1), (97, 1), (98, 1), (101, 2), (102, 1), (104, 1), (105, 2), (106, 1), (109, 2), (110, 1), (112, 3), (117, 1), (120, 1), (121, 1), (124, 3), (131, 2), (136, 2), (137, 1), (145, 1), (147, 1), (150, 1), (151, 2), (152, 1), (160, 1), (162, 1), (167, 1), (170, 1), (178, 1), (184, 1), (186, 1), (188, 1), (189, 1), (193, 1), (197, 1), (202, 1), (211, 2), (228, 1), (231, 1), (236, 1), (239, 2), (242, 1), (244, 1), (253, 1), (279, 1), (313, 1), (320, 1), (330, 1), (337, 1), (340, 1), (344, 1), (345, 1), (347, 1), (354, 1), (403, 1), (433, 1), (446, 1), (454, 1)])
Abundance in octaves - OrderedDict([(1, 8), (2, 31), (4, 39), (8, 38), (16, 43), (32, 54), (64, 52), (128, 33)])


Simulated Species Abundance Distribution
###############################################################################
|||||||||||||||||||||||||||||||||||                                      8  1  
||||||||||||||||||||||||||||||||||||||||||||||||||||||||||||||||||||||  16  2  
|||||||||||||||||||||||||||||||||||||||||||||||||||||||||||||||||       15  3  
||||||||||||||||||||||||||||||||||||||||||||||||||||                    12  4  
|||||||||||||||||||||||||||||||||||||||                                  9  5  
|||||||||||||||||||||||||||||||||||||||||||                             10  6  
|||||||||||||||||||||||||||||||||||                                      8  7  
||||||||||||||||||||||||||||||||||||||||||||||||||||||||                13  8  
||||||||||||||||||||||||||                                               6  9  
||||                                                                     1  10 
|||||||||||||||||                                                        4  11 
||||||||                                                                 2  12 
|||||||||||||                                                            3  13 
|||||||||||||||||                                                        4  14 
|||||||||||||||||||||                                                    5  15 
|||||||||||||||||                                                        4  16 
|||||||||||||||||                                                        4  17 
||||                                                                     1  18 
||||||||||||||||||||||||||||||                                           7  19 
||||||||                                                                 2  20 
|||||||||||||||||                                                        4  21 
||||||||                                                                 2  22 
||||                                                                     1  23 
||||                                                                     1  24 
|||||||||||||                                                            3  25 
|||||||||||||||||                                                        4  26 
||||                                                                     1  27 
||||                                                                     1  28 
|||||||||||||                                                            3  29 
|||||||||||||                                                            3  30 
||||||||                                                                 2  31 
|||||||||||||                                                            3  32 
||||||||                                                                 2  33 
||||||||                                                                 2  34 
||||                                                                     1  35 
||||||||                                                                 2  37 
||||||||                                                                 2  39 
||||                                                                     1  40 
|||||||||||||||||                                                        4  41 
||||                                                                     1  42 
||||                                                                     1  43 
|||||||||||||||||                                                        4  44 
|||||||||||||                                                            3  45 
|||||||||||||                                                            3  46 
||||                                                                     1  47 
|||||||||||||                                                            3  48 
||||||||                                                                 2  49 
||||||||                                                                 2  50 
||||||||                                                                 2  52 
||||                                                                     1  53 
||||                                                                     1  55 
||||||||                                                                 2  57 
||||||||                                                                 2  58 
||||||||                                                                 2  59 
||||||||                                                                 2  60 
||||                                                                     1  61 
||||||||                                                                 2  62 
||||||||                                                                 2  63 
||||                                                                     1  64 
||||||||                                                                 2  65 
|||||||||||||||||                                                        4  66 
||||                                                                     1  67 
||||                                                                     1  68 
||||                                                                     1  69 
||||                                                                     1  70 
||||                                                                     1  71 
||||||||                                                                 2  73 
||||                                                                     1  74 
||||                                                                     1  78 
|||||||||||||                                                            3  80 
|||||||||||||                                                            3  81 
||||||||                                                                 2  82 
||||                                                                     1  83 
||||||||                                                                 2  84 
||||                                                                     1  86 
||||                                                                     1  87 
||||                                                                     1  93 
||||                                                                     1  94 
||||                                                                     1  97 
||||                                                                     1  98 
||||||||                                                                 2  101
||||                                                                     1  102
||||                                                                     1  104
||||||||                                                                 2  105
||||                                                                     1  106
||||||||                                                                 2  109
||||                                                                     1  110
|||||||||||||                                                            3  112
||||                                                                     1  117
||||                                                                     1  120
||||                                                                     1  121
|||||||||||||                                                            3  124
||||||||                                                                 2  131
||||||||                                                                 2  136
||||                                                                     1  137
||||                                                                     1  145
||||                                                                     1  147
||||                                                                     1  150
||||||||                                                                 2  151
||||                                                                     1  152
||||                                                                     1  160
||||                                                                     1  162
||||                                                                     1  167
||||                                                                     1  170
||||                                                                     1  178
||||                                                                     1  184
||||                                                                     1  186
||||                                                                     1  188
||||                                                                     1  189
||||                                                                     1  193
||||                                                                     1  197
||||                                                                     1  202
||||||||                                                                 2  211
||||                                                                     1  228
||||                                                                     1  231
||||                                                                     1  236
||||||||                                                                 2  239
||||                                                                     1  242
||||                                                                     1  244
||||                                                                     1  253
||||                                                                     1  279
||||                                                                     1  313
||||                                                                     1  320
||||                                                                     1  330
||||                                                                     1  337
||||                                                                     1  340
||||                                                                     1  344
||||                                                                     1  345
||||                                                                     1  347
||||                                                                     1  354
||||                                                                     1  403
||||                                                                     1  433
||||                                                                     1  446
||||                                                                     1  454
###############################################################################

Species Name                     Col time    Loc Abund    Meta Abund      pi    pi_net     Dxy    S    S_island    pi_island    S_meta    pi_meta
-----------------------------  ----------  -----------  ------------  ------  --------  ------  ---  ----------  -----------  --------  ---------
Bombus acutangulus                   3220          148   158053.1100  0.0266    0.0209  0.0365   80           0       0.0000        78     0.0311
Marmara florilega                   86558            8    48638.2600  0.0062    0.0036  0.0079   17           0       0.0000        17     0.0086
Sceliphron incertus                 54416           24    14511.2800  0.0063    0.0075  0.0099   12           0       0.0000         8     0.0048
Dermestes saltuella                 13270           76    63980.1100  0.0219    0.0051  0.0244   72           0       0.0000        72     0.0385
Gonioctena barbita                 180868           12    13061.5800  0.0069    0.0125  0.0129   12           0       0.0000         2     0.0007
Euura odorata                       83398           12     3087.3100  0.0064    0.0107  0.0115   12           0       0.0000         4     0.0017
Alphitobius caementarium            82876           48    15571.6000  0.0072    0.0107  0.0123   14           0       0.0000         6     0.0031
Phyllonorycter exsectoides          16271            4     3605.8800  0.0003    0.0001  0.0004    1           0       0.0000         1     0.0006
Erynephala aspericollis             34406            8     4692.5100  0.0013    0.0025  0.0025    2           0       0.0000         0     0.0000
Bombus pomonella                    10089           88    50123.1200  0.0042    0.0035  0.0059   10           0       0.0000         9     0.0047
Tabanus oleae                        2006          100    24969.5500  0.0035    0.0003  0.0036   22           1       0.0003        21     0.0063
Myzus stantoni                     123539           28     8768.7100  0.0060    0.0112  0.0114   10           0       0.0000         1     0.0003
Dolichovespula americana            21838          192    40926.4400  0.0039    0.0012  0.0045   16           0       0.0000        16     0.0066
Epicauta crotchi                    25180           88    74015.0500  0.0065    0.0051  0.0089   19           0       0.0000        16     0.0075
Ataenius pectoralis                 68736           52    22859.1800  0.0038    0.0030  0.0052   17           0       0.0000        15     0.0046
Altica caementarium                  3563          436   164411.6400  0.0239    0.0137  0.0304   62           0       0.0000        62     0.0333
Stenoma pomi                       540759           20     5098.3000  0.0320    0.0593  0.0601   50           0       0.0000         3     0.0016
Chilo chordeilis                   115273           32     5756.4400  0.0103    0.0186  0.0191   17           0       0.0000         3     0.0011
Anthonomus aurantii                  3473            8    18817.1100  0.0023    0.0004  0.0025    9           0       0.0000         9     0.0042
Bucculatrix ornatrix                16672           28    20536.6300  0.0022    0.0006  0.0025    9           0       0.0000         9     0.0037
Dioryctria nigronervosa              6802          248    80420.3000  0.0206    0.0166  0.0285   44           0       0.0000        42     0.0238
Tethida spretulus                  146209           12     4808.8000  0.0110    0.0192  0.0201   19           0       0.0000         4     0.0018
Xylosandrus ater                   111334            8       89.5000  0.0059    0.0112  0.0112    9           0       0.0000         0     0.0000
Acrobasis elotella                    302            8      537.1200  0.0000    0.0000  0.0000    0           0       0.0000         0     0.0000
Hermetia pulicaria                  12739          108    87222.7500  0.0191    0.0315  0.0340   36           0       0.0000        12     0.0049
Dendroctonus pulicaria              45163           48    43906.5600  0.0102    0.0151  0.0174   23           0       0.0000        12     0.0046
Phyllobius angulatus                26002            8     8928.7000  0.0062    0.0062  0.0091   14           0       0.0000        10     0.0059
Fenusa quadrcomyza                  55999           20    17159.2300  0.0057    0.0082  0.0096   13           0       0.0000         7     0.0028
Chilo blackburni                    27142           84    54752.3100  0.0087    0.0083  0.0126   26           0       0.0000        21     0.0086
Tabanus configurata                 55249            4        2.6000  0.0033    0.0063  0.0063    5           0       0.0000         0     0.0000
Blattella xanthogrammtidae          80231          232    42225.6200  0.0064    0.0054  0.0090   23           0       0.0000        19     0.0071
Scirtothrips illucens               18668           64    16112.9600  0.0054    0.0074  0.0089   10           0       0.0000         6     0.0030
Tribolium crudus                    25584           68    60133.2800  0.0139    0.0068  0.0171   51           0       0.0000        48     0.0206
Periplaneta californica             33373           16     3442.6000  0.0014    0.0025  0.0026    3           0       0.0000         1     0.0003
Dermatophagoides pensylvanica       75053           16    14531.2300  0.0039    0.0063  0.0069    9           0       0.0000         4     0.0012
Formica richteri                    12794           12     5692.4700  0.0010    0.0013  0.0016    2           0       0.0000         1     0.0006
Cimex persicae                     152854            8     5683.0700  0.0109    0.0191  0.0200   18           0       0.0000         3     0.0017
Maladera compactus                   8706           44    30865.0700  0.0018    0.0013  0.0024    8           0       0.0000         7     0.0021
Nomia scapularis                     3047           48    50128.5000  0.0072    0.0057  0.0099   21           0       0.0000        18     0.0083
Epiblema audax                      65728           48    48611.1500  0.0061    0.0056  0.0088   19           0       0.0000        15     0.0063
Myzus aurantii                      11022          188    89658.6900  0.0282    0.0195  0.0374   67           0       0.0000        64     0.0358
Acrobasis syringae                 429068           20     1872.8000  0.0155    0.0288  0.0291   24           0       0.0000         1     0.0006
Circulifer serratella               49368           28    14714.8300  0.0064    0.0108  0.0115   12           0       0.0000         4     0.0014
Monellia americana                  31500            8     1223.4000  0.0007    0.0013  0.0013    1           0       0.0000         0     0.0000
Delia thuiella                      88225           48    19197.8200  0.0054    0.0079  0.0091   11           0       0.0000         5     0.0025
Bruchophagus pomonella                157            8     9454.5500  0.0015    0.0002  0.0016    6           0       0.0000         6     0.0028
Delta imbricator                   161618           36     8676.8400  0.0105    0.0179  0.0190   19           0       0.0000         5     0.0023
Pritcharanychus abbreviatus        139282            4     8858.1100  0.0084    0.0149  0.0155   13           0       0.0000         2     0.0012
Amphicerus Ophiomyia                27775           32    13825.1000  0.0035    0.0040  0.0054    9           0       0.0000         7     0.0027
Cadra florilega                    260936           24    13692.6600  0.0130    0.0218  0.0234   23           0       0.0000         6     0.0031
Linepithema clitus                   5366          164    63366.5800  0.0152    0.0125  0.0211   37           0       0.0000        31     0.0172
Pegomya ligustici                  192895           12     1191.1900  0.0108    0.0200  0.0203   17           0       0.0000         1     0.0004
Coptosoma semifuneralis             10458           48    15315.9100  0.0046    0.0049  0.0069   12           0       0.0000        10     0.0040
Cryptococcus serratella             18488          112    44771.7000  0.0241    0.0293  0.0380   41           0       0.0000        38     0.0175
Delta mali                          13571          356   186131.2200  0.0133    0.0064  0.0164   42           0       0.0000        42     0.0199
Megachile obscurus                  10207           84    82036.2700  0.0313    0.0310  0.0460   68           0       0.0000        67     0.0300
Phyllonorycter acuminata            87550          124    18045.5500  0.0100    0.0149  0.0171   23           0       0.0000        13     0.0044
Pheidole megacephala                 6301           72    29114.2900  0.0017    0.0004  0.0019    6           0       0.0000         6     0.0029
Dendroctonus barbita                27756           16    17341.2500  0.0028    0.0050  0.0051    5           0       0.0000         1     0.0003
Pritcharanychus terebrans           15273           60    10910.9500  0.0007    0.0013  0.0013    1           0       0.0000         0     0.0000
Myzus araucariae                   115183           16     1236.2800  0.0109    0.0200  0.0204   18           0       0.0000         2     0.0007
Cryptococcus audax                 325013            8     6219.7800  0.0201    0.0372  0.0377   33           0       0.0000         4     0.0010
Chrysomela cassidea                 51469           44    12490.2200  0.0087    0.0152  0.0159   16           0       0.0000         4     0.0014
Macrosteles chinensis               23264            4     8732.2900  0.0016    0.0025  0.0028    4           0       0.0000         2     0.0005
Dioryctria acuminata                 6250          172    45552.4500  0.0097    0.0121  0.0154   23           0       0.0000        20     0.0066
Haplothrips vitrata                 49858           12     6289.4200  0.0038    0.0046  0.0060    7           0       0.0000         4     0.0027
Dichomeris americana               177313            4     1135.6800  0.0133    0.0250  0.0251   21           0       0.0000         1     0.0003
Hypothenemus configurata            36762           12     9680.2300  0.0010    0.0013  0.0016    3           0       0.0000         2     0.0007
Ips pensylvanicus                   36292            4      822.8000  0.0020    0.0037  0.0037    3           0       0.0000         0     0.0000
Tischeria longirostris             315791           68     1757.5400  0.0185    0.0345  0.0349   29           0       0.0000         3     0.0008
Leptothrips chinensis                2671          324   206069.7300  0.0132    0.0102  0.0180   48           0       0.0000        45     0.0156
Gonioctena castanea                  6324           36    36564.3800  0.0040    0.0039  0.0059    9           0       0.0000         9     0.0039
Paradiplosis vexabilis              40002            4     5907.2600  0.0033    0.0044  0.0054    7           0       0.0000         4     0.0019
Xylosandrus barbita                 13790           28    45355.8600  0.0133    0.0088  0.0175   32           0       0.0000        32     0.0174
Bucculatrix illucens                24202          164    53296.4200  0.0077    0.0047  0.0099   22           0       0.0000        20     0.0104
Coptosoma atratus                   86281            4     4624.2800  0.0018    0.0015  0.0025    5           0       0.0000         4     0.0020
Torymus pygmaeella                 197867           20     2266.7300  0.0079    0.0150  0.0150   12           0       0.0000         0     0.0000
Bruchophagus pennsylvanicus         52880           12    13285.7000  0.0078    0.0117  0.0134   16           0       0.0000         7     0.0033
Erionota pectoralis                115511            8     1374.1300  0.0042    0.0064  0.0072    9           0       0.0000         4     0.0017
Euxoa citri                         33184           88    64168.6200  0.0126    0.0078  0.0163   36           0       0.0000        33     0.0169
Dryocosmus puncticollis              9347          348   116010.5900  0.0182    0.0163  0.0259   49           0       0.0000        46     0.0192
Nicrophorus intrusus                 7298           36    21319.8200  0.0046    0.0027  0.0059   16           0       0.0000        15     0.0063
Ischnaspis cassidea                 14652          240    82466.5900  0.0052    0.0035  0.0069   22           0       0.0000        20     0.0068
Attagenus aureocincta              540453           28      484.3600  0.0303    0.0575  0.0575   46           0       0.0000         0     0.0000
Acyrthosiphon nigrifrons           137276            4    11520.1700  0.0095    0.0166  0.0174   16           0       0.0000         3     0.0016
Solenopsis fennica                  63206           52    27944.5600  0.0092    0.0110  0.0144   21           0       0.0000        15     0.0067
Melitara aceris                     44275            8    16939.3700  0.0057    0.0079  0.0094   13           0       0.0000         7     0.0030
Delia yothersi                      47322          124    60557.9900  0.0081    0.0046  0.0103   27           0       0.0000        25     0.0114
Phyllonorycter varians              36771            8     2414.9800  0.0048    0.0067  0.0080   10           0       0.0000         5     0.0027
Corimelaena canadensisella          13678           28    26585.6900  0.0050    0.0038  0.0068   12           0       0.0000        11     0.0060
Loxostege pyriforme                262204           36     5419.5100  0.0188    0.0350  0.0354   30           0       0.0000         2     0.0007
Corimelaena perseae                 14959          140    59673.1300  0.0274    0.0317  0.0424   53           1       0.0003        51     0.0212
Anthonomus saltuella                21593           16     5915.5300  0.0034    0.0029  0.0048    7           0       0.0000         6     0.0038
Vaga pygmaeella                    286317           12     4164.8100  0.0200    0.0375  0.0377   31           0       0.0000         1     0.0004
Blattella fennica                    1131           12    11011.2200  0.0034    0.0034  0.0050   10           0       0.0000        10     0.0033
Thyridopteryx paludatus             19087            4     4663.1900  0.0003    0.0000  0.0003    2           0       0.0000         2     0.0005
Podosesia floridensis               44388           48    11415.1700  0.0045    0.0071  0.0079   10           0       0.0000         5     0.0016
Dolichurus oleae                   101974           12     1868.8200  0.0046    0.0088  0.0088    7           0       0.0000         0     0.0000
Graminella obtectus                 29662          104    12424.8900  0.0031    0.0041  0.0050    7           0       0.0000         4     0.0018
Podosesia configurata               37329            4    12589.2000  0.0046    0.0079  0.0084    8           0       0.0000         2     0.0009
Trialeurodes longirostris           55156           68    15024.5000  0.0048    0.0083  0.0088    8           0       0.0000         2     0.0009
Trachelus thrax                     13098            8    11474.5700  0.0037    0.0026  0.0049    9           1       0.0007         7     0.0039
Melitara lecontei                   12334          212   127428.3500  0.0333    0.0399  0.0522   68           1       0.0007        66     0.0239
Conotrachelus crotchi               15374            4     1184.7500  0.0007    0.0013  0.0013    1           0       0.0000         0     0.0000
Mythimna clarioralis                15385            4      480.8700  0.0013    0.0025  0.0025    2           0       0.0000         0     0.0000
Anoplophora exigua                  99490           12     2128.3500  0.0059    0.0112  0.0112    9           0       0.0000         0     0.0000
Copris megacephala                   4166          280   112240.6300  0.0175    0.0163  0.0253   42           0       0.0000        40     0.0179
Linepithema pomi                    80266           12       29.0300  0.0033    0.0063  0.0063    5           0       0.0000         0     0.0000
Kilifia citri                       43889           36    46707.2500  0.0134    0.0164  0.0211   27           0       0.0000        23     0.0095
Liriomyza californica               79966           56    15598.0000  0.0108    0.0182  0.0194   19           0       0.0000         7     0.0024
Xenopsylla pensylvanicus           244274            4     1924.3200  0.0125    0.0238  0.0238   19           0       0.0000         0     0.0000
Ptinus pumila                       15511           60    40849.6400  0.0084    0.0029  0.0098   23           0       0.0000        23     0.0136
Tabanus americana                   80268            4     4906.3500  0.0027    0.0039  0.0045    6           0       0.0000         3     0.0013
Tribolium oleae                     14482           88    75670.0600  0.0089    0.0061  0.0117   31           0       0.0000        28     0.0113
Cryptophagus tibialis              104763           44    15134.7000  0.0118    0.0210  0.0217   21           0       0.0000         5     0.0014
Pheidole cerasi                      4677          132    63403.7400  0.0068    0.0029  0.0081   29           0       0.0000        28     0.0105
Mamestra maculata                   66086           76    22271.6600  0.0044    0.0050  0.0067   11           0       0.0000         8     0.0034
Delia nigripes                      25175           20    11696.6000  0.0029    0.0031  0.0044    7           0       0.0000         6     0.0025
Phyllonorycter asahinai              1510          332   158449.3700  0.0174    0.0113  0.0227   75           0       0.0000        67     0.0228
Nomia florilega                     34659          256    98856.2800  0.0269    0.0140  0.0335   65           0       0.0000        63     0.0389
Tribolium configurata              313506            4     3779.3400  0.0290    0.0545  0.0549   45           0       0.0000         2     0.0007
Agrotis pulicaria                   23334          232    68782.1100  0.0120    0.0071  0.0154   39           0       0.0000        36     0.0165
Saissetia thrax                     62304            8     2189.0300  0.0053    0.0100  0.0100    8           0       0.0000         0     0.0000
Papilio californica                 12102          196   100473.8300  0.0140    0.0153  0.0213   29           0       0.0000        20     0.0120
Toxoptera nigrifrons               170969            4     2921.7200  0.0093    0.0158  0.0168   15           0       0.0000         3     0.0020
Cimex americana                     65742           56     6606.7900  0.0075    0.0127  0.0135   14           0       0.0000         4     0.0016
Dioryctria paludatus                23531          132    52168.5100  0.0050    0.0017  0.0059   21           0       0.0000        21     0.0083
Chelymorpha unicolor                 1966          340   146244.9200  0.0270    0.0131  0.0332   99           0       0.0000        96     0.0403
Sternechus caryella                 16029           36    32555.1000  0.0052    0.0021  0.0063   19           0       0.0000        18     0.0082
Schreckensteinia glabripennis       23786          156    57643.0000  0.0152    0.0079  0.0190   43           0       0.0000        41     0.0221
Dryocosmus florilega                99065           16     4385.6200  0.0039    0.0075  0.0075    6           0       0.0000         0     0.0000
Podosesia mali                     111524            4     5372.7400  0.0052    0.0088  0.0094   11           0       0.0000         4     0.0012
Arge longirostris                   86612           20     2000.7100  0.0046    0.0088  0.0088    7           0       0.0000         0     0.0000
Brachycorynella americanus         738529           24       58.5500  0.0382    0.0725  0.0725   58           0       0.0000         0     0.0000
Acronicta malifoliella               2314          316   141477.3400  0.0162    0.0079  0.0199   75           0       0.0000        71     0.0240
Cryptococcus americana              31280           76    18705.0800  0.0024    0.0021  0.0034    9           0       0.0000         8     0.0026
Dermatophagoides californica       102091           24     5249.1800  0.0030    0.0042  0.0050    7           0       0.0000         4     0.0016
Acyrthosiphon punctella             12665          112    47707.0300  0.0105    0.0031  0.0120   36           0       0.0000        36     0.0177
Nicrophorus regina                  40305           28    28547.0500  0.0058    0.0100  0.0105   12           0       0.0000         4     0.0010
Fenusa consobrina                   88302           12    16036.7200  0.0048    0.0042  0.0068   12           0       0.0000        10     0.0052
Papilio configurata                142317           20     8491.2400  0.0098    0.0181  0.0184   15           0       0.0000         1     0.0006
Solenopsis auxiliaris               26754           16    14741.4600  0.0042    0.0075  0.0077    8           0       0.0000         2     0.0005
Nuculaspis americana                26749           64     9565.1600  0.0009    0.0002  0.0010    4           0       0.0000         4     0.0017
Dermacentor xanthogrammtidae        55899            8     2968.7800  0.0014    0.0025  0.0026    3           0       0.0000         1     0.0003
Papilio asahinai                      897           44     4375.9500  0.0007    0.0010  0.0011    1           0       0.0000         1     0.0003
Amphicerus blackburni                2645          104    67270.3600  0.0105    0.0039  0.0124   35           0       0.0000        34     0.0169
Cryptophagus betae                 125382           64    13319.6100  0.0085    0.0151  0.0156   14           0       0.0000         2     0.0010
Trialeurodes spretulus              28398           20     9964.7200  0.0055    0.0078  0.0092   12           0       0.0000         6     0.0028
Periplaneta unipuncta               10689          152    45719.8300  0.0181    0.0215  0.0282   34           0       0.0000        34     0.0134
Dendroctonus punctella                711          108    19753.8600  0.0008    0.0006  0.0011    3           0       0.0000         3     0.0011
Trialeurodes lineolatus             18229          108    46128.2400  0.0070    0.0092  0.0114   18           0       0.0000        12     0.0044
Oligonychus syringae               243875           44    12688.3000  0.0117    0.0189  0.0206   24           0       0.0000         9     0.0034
Eumorpha americana                  86313            4     1366.0700  0.0044    0.0077  0.0080    7           0       0.0000         1     0.0007
Brachycorynella persicae            33871           80    38701.0500  0.0193    0.0328  0.0349   36           0       0.0000        10     0.0041
Stenoma kondoi                      37416            8     9016.5500  0.0010    0.0013  0.0016    2           0       0.0000         1     0.0006
Dioryctria floridensis              88137            4    21916.1000  0.0098    0.0110  0.0150   25           0       0.0000        22     0.0081
Phyllonorycter abietis              77419          116    30304.8500  0.0074    0.0115  0.0129   16           0       0.0000         7     0.0028
Formica tremuloidiella              10258           32     8184.3800  0.0015    0.0016  0.0023    4           0       0.0000         3     0.0014
Phormia andraemon                    3193           20    20738.0400  0.0023    0.0009  0.0027    7           0       0.0000         7     0.0038
Conotrachelus saltuella            123797            8     6411.2400  0.0077    0.0138  0.0142   13           0       0.0000         2     0.0008
Pritcharanychus crataegella          4898          456   253524.2200  0.0181    0.0119  0.0237   55           0       0.0000        52     0.0237
Acyrthosiphon saltuella             18838           52    16290.5600  0.0050    0.0063  0.0080   12           0       0.0000         9     0.0033
Attagenus eurytheme                101284            4      616.6300  0.0053    0.0100  0.0100    8           0       0.0000         0     0.0000
Liriomyza trifolii                   3294          148   116299.5100  0.0152    0.0055  0.0178   54           0       0.0000        54     0.0246
Kilifia syringae                   273771            8     2255.7400  0.0132    0.0250  0.0250   20           0       0.0000         0     0.0000
Acizzia americana                   99602            8     7428.5100  0.0047    0.0076  0.0083    9           0       0.0000         3     0.0013
Bombus richteri                       121          244    99113.9600  0.0130    0.0063  0.0160   39           0       0.0000        39     0.0195
Nabis laevigatus                     6272          120    64252.9800  0.0106    0.0086  0.0146   24           1       0.0003        21     0.0118
Cryptophagus festaliella             1372           12    14683.4800  0.0015    0.0010  0.0020    5           0       0.0000         5     0.0020
Nicrophorus obtusa                 259704           16     8565.5500  0.0192    0.0353  0.0359   30           0       0.0000         2     0.0011
Camponotus dentata                 207512           68     9896.3800  0.0112    0.0183  0.0199   21           0       0.0000         7     0.0032
Protocalliphora maligna              8247           56    62429.4800  0.0120    0.0124  0.0179   29           0       0.0000        27     0.0110
Acrobasis lectularius               87763            4     2148.9000  0.0049    0.0071  0.0083    9           0       0.0000         4     0.0023
Formica betae                       16751           64    50923.4300  0.0072    0.0044  0.0092   29           0       0.0000        27     0.0098
Ixodes aspericollis                 23949           72    23038.5700  0.0094    0.0071  0.0127   19           0       0.0000        18     0.0113
Bombus configurata                   9020          112    62288.4900  0.0090    0.0034  0.0106   36           0       0.0000        35     0.0144
Spodoptera angulatus                 3638          180    62547.0200  0.0106    0.0059  0.0134   32           0       0.0000        32     0.0150
Scirtothrips paludatus              29784           20    14910.4900  0.0110    0.0200  0.0205   19           0       0.0000         3     0.0009
Paradiplosis kondoi                191386            8     3041.6000  0.0131    0.0242  0.0245   20           0       0.0000         1     0.0007
Nabis audax                         22011           16    10119.5900  0.0018    0.0005  0.0020    7           0       0.0000         7     0.0030
Bucculatrix malifoliella            42865           64    28842.5300  0.0033    0.0021  0.0043   10           0       0.0000         9     0.0043
Bruchophagus celarius               38994           40    21385.2800  0.0048    0.0069  0.0081   11           0       0.0000         6     0.0024
Attagenus megacephala                5775          204   111570.4900  0.0061    0.0033  0.0076   22           0       0.0000        21     0.0087
Epicauta variabilis                  1360           52    29827.4500  0.0080    0.0068  0.0112   16           0       0.0000        16     0.0089
Neophyllaphis lecontei               3086          152   113189.2000  0.0089    0.0059  0.0118   31           0       0.0000        28     0.0116
Attagenus catenifer                257137            8     1595.2100  0.0151    0.0288  0.0288   23           0       0.0000         0     0.0000
Kilifia acuminata                    9469           68    16965.4600  0.0051    0.0032  0.0066   13           1       0.0003        12     0.0066
Liriomyza betulella                 38799           44    40808.7000  0.0078    0.0076  0.0114   20           0       0.0000        15     0.0076
Fenusa varians                     206421            4     2196.7800  0.0093    0.0173  0.0175   15           0       0.0000         2     0.0005
Sitotroga cerasi                   168034           20     1715.1500  0.0079    0.0150  0.0150   12           0       0.0000         0     0.0000
Otiorhynchus castanea                6179            4      704.4800  0.0000    0.0000  0.0000    0           0       0.0000         0     0.0000
Erynephala pensylvanica             30988           32    10335.7700  0.0021    0.0008  0.0025    6           0       0.0000         6     0.0034
Mythimna roddi                      15944           20    17684.7500  0.0017    0.0011  0.0022    6           0       0.0000         6     0.0023
Liriomyza antennatum                 1765           84    59994.2300  0.0035    0.0013  0.0041    9           0       0.0000         9     0.0056
Dendroctonus xanthogrammtidae        1122          348   158355.2500  0.0191    0.0047  0.0214   83           0       0.0000        81     0.0333
Tabanus exigua                      16695          140    22969.5300  0.0040    0.0031  0.0055   11           0       0.0000         9     0.0048
Oligonychus dentata                 45848           36    15703.0300  0.0030    0.0051  0.0054    5           0       0.0000         1     0.0006
Melanocallis farinae                15056          104    21754.8500  0.0092    0.0085  0.0132   26           0       0.0000        22     0.0096
Bruchophagus lecontei               10661          404   218547.5400  0.0129    0.0061  0.0157   50           0       0.0000        50     0.0193
Erionota pensylvanicus              78186           16     5003.1100  0.0077    0.0131  0.0139   14           0       0.0000         4     0.0015
Solenopsis pyriforme                23671          128    30590.5700  0.0043    0.0027  0.0056   20           1       0.0006        17     0.0052
Jonthonota scapularis               85982            4     6394.7500  0.0044    0.0078  0.0081    7           0       0.0000         1     0.0007
Haplothrips trifolii                49314            4     6622.0900  0.0045    0.0077  0.0081    8           0       0.0000         2     0.0009
Cimex americanus                    17798            4      685.8900  0.0007    0.0013  0.0013    1           0       0.0000         0     0.0000
Ascalapha ornatrix                  71060            8    12979.4500  0.0071    0.0102  0.0119   14           0       0.0000         7     0.0034
Spodoptera nigrifrons               10837           16    10503.1200  0.0012    0.0015  0.0019    2           0       0.0000         1     0.0007
Cadra caryaefoliae                   6026           48    45496.4500  0.0038    0.0019  0.0048   15           0       0.0000        15     0.0056
Otiorhynchus nigrifrons               643          200    65073.6100  0.0064    0.0027  0.0077   27           0       0.0000        27     0.0100
Melitara tremuloidiella              1464          240   141659.1700  0.0292    0.0283  0.0426   66           0       0.0000        63     0.0287
Argyresthia ipsilon                  2758           24     7737.5900  0.0003    0.0000  0.0003    2           0       0.0000         2     0.0005
Dolichovespula pensylvanica          6804           60    34460.8800  0.0042    0.0017  0.0050   12           0       0.0000        12     0.0066
Adelphocoris tenellus               30494           72    20706.1800  0.0033    0.0023  0.0044   10           0       0.0000         9     0.0043
Oligonychus semifuneralis            3669          212   108686.2800  0.0287    0.0374  0.0464   64           0       0.0000        63     0.0179
Delia exsectoides                  130697           12     3924.4200  0.0047    0.0077  0.0084    9           0       0.0000         3     0.0014
Xylosandrus acutangulus             79460           40    24917.0000  0.0073    0.0117  0.0129   14           0       0.0000         5     0.0024
Macrosteles caementarium           447265           68     2861.2100  0.0245    0.0462  0.0464   38           0       0.0000         1     0.0003
Dioryctria castanea                  4322          448   152044.4600  0.0217    0.0129  0.0278   48           0       0.0000        48     0.0298
Arge suppressalis                  106979           12    30036.5400  0.0072    0.0069  0.0105   23           0       0.0000        18     0.0071
Oligonychus americana              190280            4     1755.3300  0.0164    0.0312  0.0312   25           0       0.0000         0     0.0000
Phyllobius pensylvanicus           137591            8     8078.3700  0.0069    0.0126  0.0129   11           0       0.0000         1     0.0006
Macrosteles sordidus               114853            4     1280.2800  0.0105    0.0189  0.0195   17           0       0.0000         2     0.0012
Aedes glabripennis                 395653            4      279.8900  0.0197    0.0375  0.0375   30           0       0.0000         0     0.0000
Dolichovespula caryella             48793           44    18402.7300  0.0045    0.0027  0.0057   13           0       0.0000        12     0.0062
Choreutis maculata                 330890            8     4892.8700  0.0194    0.0356  0.0362   30           0       0.0000         2     0.0013
Anthonomus conjugella                 949           52    72346.2600  0.0062    0.0023  0.0073   23           0       0.0000        23     0.0099
Ischnaspis cerealella               34573            4     3129.4800  0.0005    0.0001  0.0005    2           0       0.0000         2     0.0008
Formica tenellus                     2422          188    58542.9700  0.0203    0.0185  0.0291   43           0       0.0000        42     0.0212
Acyrthosiphon celarius              52192           96    16365.6300  0.0104    0.0139  0.0170   22           0       0.0000        12     0.0061
Pegomya betulella                   26950          140    56581.8600  0.0075    0.0038  0.0092   37           0       0.0000        36     0.0109
Attagenus longirostris             102894            8     3854.0800  0.0072    0.0138  0.0138   11           0       0.0000         0     0.0000
Coleophora cassidea                 17986           60    48190.3000  0.0022    0.0032  0.0037    5           0       0.0000         4     0.0010
Cimex antennatum                    21535           32     9878.2500  0.0007    0.0000  0.0008    5           0       0.0000         5     0.0014
Spodoptera puncticollis           1434219           28     1372.8000  0.0829    0.1575  0.1575  126           0       0.0000         0     0.0000
Nomia elotella                     191457           40    13358.0600  0.0089    0.0163  0.0166   14           0       0.0000         1     0.0006
Adelphocoris aureocincta            10684          240    84730.1300  0.0199    0.0082  0.0237   54           1       0.0007        52     0.0304
Graminella variabilis               39498           32    33472.7200  0.0102    0.0101  0.0150   25           0       0.0000        20     0.0098
Marmara americana                    1218          344   122545.1800  0.0247    0.0154  0.0320   72           0       0.0000        71     0.0333
Ptinus farinae                       5914           96    20478.1700  0.0037    0.0024  0.0049   10           0       0.0000         9     0.0050
Dryocosmus tabidus                  31244           32    14356.1200  0.0035    0.0039  0.0054   11           0       0.0000         8     0.0030
Acyrthosiphon gowdeyi               18433           16    20135.2000  0.0065    0.0098  0.0111   17           0       0.0000        10     0.0027
Mezium glabripennis                  5930          168    29484.6100  0.0026    0.0013  0.0033   15           0       0.0000        14     0.0038
Podosesia melanopygus               36862           48    28321.4700  0.0071    0.0090  0.0114   16           0       0.0000        10     0.0047
Cacopsylla odorata                  26851            4     2649.8800  0.0020    0.0029  0.0034    4           0       0.0000         2     0.0009
Graminella chordeilis               14910           84    72213.3700  0.0152    0.0078  0.0189   51           0       0.0000        49     0.0222
Haemaphysalis angulatus              7900          128    65821.3900  0.0070    0.0037  0.0088   24           0       0.0000        23     0.0101
Diaphorina celarius                 58039           84    23183.8900  0.0034    0.0032  0.0049   10           0       0.0000         8     0.0034
Acanthoscelides pygmaeella         105013           32    17127.1700  0.0099    0.0132  0.0161   21           0       0.0000        12     0.0059
Dioryctria thuiella                 51994            4    13055.1000  0.0044    0.0053  0.0069   11           0       0.0000         7     0.0032
Haplothrips suppressalis           298875            8     7454.4900  0.0192    0.0337  0.0351   32           0       0.0000         6     0.0029
Ips glabripennis                    66641           64    12164.7600  0.0075    0.0132  0.0137   13           0       0.0000         4     0.0010
Schreckensteinia exsectoides        14559           24     9211.7300  0.0006    0.0003  0.0008    2           0       0.0000         2     0.0009
Mythimna pennsylvanicus              9372          100    40264.3300  0.0012    0.0003  0.0014    4           0       0.0000         4     0.0022
Dryocosmus blackburni              114809           12     5328.4500  0.0066    0.0111  0.0119   11           0       0.0000         3     0.0016
Autographa conjugella              137596          108     6806.0000  0.0068    0.0110  0.0120   13           1       0.0003         4     0.0018
Pachycondyla imbricator             13367          348    99273.4800  0.0138    0.0098  0.0184   39           0       0.0000        38     0.0172
Cryptophagus suppressalis          144100            8     7550.1000  0.0055    0.0100  0.0102   10           0       0.0000         2     0.0005
Aulacaspis dentata                 103223            8     7075.5400  0.0044    0.0076  0.0080    8           0       0.0000         2     0.0008
Phyllobius quadrigibbus              3061          128    44642.2300  0.0056    0.0030  0.0070   25           1       0.0004        24     0.0076
Cosmopolites blackburni            134408           56     6336.1300  0.0081    0.0142  0.0149   13           0       0.0000         2     0.0013
Phyllobius yothersi                269556           52     4321.7400  0.0142    0.0263  0.0266   23           0       0.0000         2     0.0007
Bombus sulcatus                    131387            8     2013.7500  0.0118    0.0225  0.0225   18           0       0.0000         0     0.0000
Myzus abbreviatus                  247694           60     3868.3400  0.0118    0.0225  0.0225   18           0       0.0000         0     0.0000
Trachelus abbreviatus               35196          116    25920.8600  0.0079    0.0116  0.0134   20           0       0.0000        12     0.0035
Corimelaena gowdeyi                 29484            8     4445.7800  0.0034    0.0062  0.0064    6           0       0.0000         1     0.0003
Utetheisa clitus                    15726           20    17650.6700  0.0027    0.0004  0.0029   12           0       0.0000        12     0.0049
Fenusa uncatoides                   35797           84    17578.1400  0.0039    0.0047  0.0061    9           0       0.0000         6     0.0029
Neodiprion cautella                 39497           48    14585.2000  0.0021    0.0006  0.0024    7           0       0.0000         7     0.0036
Dendroctonus clarioralis             4349          116    47717.8000  0.0075    0.0034  0.0091   21           0       0.0000        21     0.0115
Tabanus serratella                  10809           16     3001.8200  0.0022    0.0014  0.0029    5           0       0.0000         5     0.0029
Jonthonota barbita                  37888            4    18102.4400  0.0018    0.0028  0.0031    3           0       0.0000         1     0.0007
Bombus tenellus                    377767            8     1152.1900  0.0238    0.0450  0.0451   37           0       0.0000         1     0.0003
Aulacaspis cerealella               82104          152    10984.1100  0.0042    0.0057  0.0069    9           0       0.0000         5     0.0024
Marmara quadrigibbus               129652            8     2031.7300  0.0072    0.0138  0.0138   11           0       0.0000         0     0.0000
Eumorpha puncticollis               14144           68    15003.3400  0.0056    0.0054  0.0081   15           0       0.0000        12     0.0054
Mezium rotundata                    36650            4     4263.6300  0.0047    0.0087  0.0089    8           0       0.0000         1     0.0003
Thyridopteryx exigua               108392           68    38454.1800  0.0213    0.0237  0.0325   42           0       0.0000        28     0.0176
Jonthonota odorata                 217914            8     2795.6400  0.0131    0.0243  0.0246   20           0       0.0000         1     0.0006
Oligonychus punicae                   355           84    58896.8800  0.0028    0.0016  0.0035    7           0       0.0000         7     0.0039
Actebia americana                    9575           12     6118.3400  0.0016    0.0014  0.0023    6           0       0.0000         5     0.0017
Anthonomus tabidus                  37876           64    18829.0200  0.0017    0.0008  0.0021    5           0       0.0000         5     0.0026
Nomia fasciatus                      1797           28     7326.4000  0.0005    0.0003  0.0006    1           0       0.0000         1     0.0007
Hypera crataegella                  20430           32    24230.2600  0.0089    0.0083  0.0129   20           0       0.0000        20     0.0091
Nomia saltuella                     55685           40    21006.1300  0.0025    0.0042  0.0045    4           0       0.0000         1     0.0007
Stenoma tabidus                     53860           24    10775.9700  0.0037    0.0052  0.0061    8           0       0.0000         4     0.0019
Argyresthia punicae                  5527            4    16038.7800  0.0029    0.0020  0.0039   12           0       0.0000        11     0.0037
Euxoa serratella                    17010           52    23461.3000  0.0030    0.0039  0.0049    9           0       0.0000         6     0.0020
Schreckensteinia quadrcomyza         8244           84    96598.7200  0.0122    0.0053  0.0147   36           0       0.0000        36     0.0189
Asphondylia blackburni              21244           72    37785.7800  0.0101    0.0091  0.0144   23           0       0.0000        22     0.0106
Cadra audax                         24207           12     2445.2700  0.0016    0.0025  0.0028    3           0       0.0000         1     0.0004
Aedes rosarum                        1357           60    33470.7700  0.0042    0.0040  0.0061   12           0       0.0000        10     0.0043
Protocalliphora betae               12883           24    13984.4900  0.0028    0.0041  0.0048    6           0       0.0000         4     0.0013
Attagenus Ophiomyia                201488           12     5983.8000  0.0115    0.0201  0.0210   20           0       0.0000         5     0.0018
Ptinus rosarum                     100232            8    11447.5000  0.0041    0.0075  0.0076    7           0       0.0000         1     0.0003
Attagenus cassidea                  91634            8     2183.2700  0.0083    0.0146  0.0152   13           0       0.0000         2     0.0013
Actebia castanea                   138782           12     7068.5100  0.0092    0.0162  0.0169   15           0       0.0000         3     0.0014
Melanocallis pariana                37936           20    13564.1800  0.0024    0.0029  0.0038    7           0       0.0000         5     0.0017
Saissetia oleae                     25122           12    15685.0000  0.0028    0.0042  0.0048    5           0       0.0000         2     0.0011
Kilifia obtusa                     123562            4        9.9600  0.0039    0.0075  0.0075    6           0       0.0000         0     0.0000
Trachelus caementarium              30802           36    19985.5900  0.0058    0.0100  0.0105   12           0       0.0000         4     0.0010
Erionota ornatrix                  117248           24    12378.5100  0.0107    0.0155  0.0180   21           0       0.0000        10     0.0050
Cosmopolites semifuneralis          19378          192    68428.8700  0.0071    0.0053  0.0096   17           0       0.0000        16     0.0086
Autographa perseae                  59629            8    15615.2800  0.0093    0.0173  0.0175   15           0       0.0000         2     0.0005
Macrosteles vitrata                353840            4      621.4800  0.0158    0.0300  0.0300   24           0       0.0000         0     0.0000
Choreutis xanthogrammtidae            531           16     5088.1000  0.0017    0.0025  0.0029    4           0       0.0000         2     0.0007
Anthonomus barda                    53321           12     7056.6600  0.0033    0.0063  0.0063    5           0       0.0000         0     0.0000
Ptinus acutangulus                  23257           48    14574.2100  0.0026    0.0016  0.0034   10           0       0.0000         9     0.0036
Aulacaspis cerealella               42831           84    44008.9300  0.0165    0.0094  0.0210   48           0       0.0000        44     0.0231
Scirtothrips elotella               16733           20    15313.1500  0.0007    0.0002  0.0008    2           0       0.0000         2     0.0012
Copris pomi                        157916            4     2710.6300  0.0086    0.0163  0.0163   13           0       0.0000         0     0.0000
Maladera kondoi                     21886            8      177.3100  0.0000    0.0000  0.0000    0           0       0.0000         0     0.0000
Maruca illucens                    881634           20     1559.7400  0.0377    0.0713  0.0715   58           0       0.0000         1     0.0004
Brachycaudus ashtoni                 6906            8     5064.3400  0.0003    0.0000  0.0003    2           0       0.0000         2     0.0005