step 100000
[4 0 0 0 0 0 0 0 0 0]
[150   0   0   0   0   0   0   0   0   0]
[39  0  0  0  0  0  0  0  0  0]
[13  0  0  0  0  0  0  0  0  0]
[3 0 0 0 0 0 0 0 0 0]
[2 0 0 0 0 0 0 0 0 0]
[2 0 0 0 1 0 0 0 0 1]
[1 0 0 0 0 0 0 0 0 0]
[1 0 0 0 0 0 0 0 0 0]
[1 0 0 0 0 0 0 0 0 0]

step 200000
[4 0 0 0 0 0 0 0 0 0]
[147   0   0   0   1   0   0   0   0   0]
[67  0  0  0  0  0  0  0  0  0]
[23  2  1  0  0  0  0  0  0  0]
[12  1  0  0  0  0  0  0  0  0]
[1 0 0 0 0 0 0 0 0 0]
[3 0 0 0 0 0 0 0 0 0]
[0 0 0 0 0 0 0 0 0 0]
[0 0 0 0 0 0 0 0 0 0]
[0 0 0 0 0 0 0 0 0 1]

step 300000
[1 0 0 0 0 0 0 0 0 0]
[185   1   1   0   0   0   0   0   0   1]
[60  0  0  0  0  0  0  0  0  0]
[11  0  0  0  0  0  0  0  0  0]
[3 1 0 0 0 0 0 0 0 0]
[1 0 0 0 0 0 0 0 0 0]
[2 0 0 0 0 0 0 0 0 0]
[0 0 0 0 0 0 0 0 0 0]
[0 0 0 0 0 0 0 0 0 0]
[1 0 0 0 0 0 0 0 0 0]

step 400000
[3 0 0 0 0 0 0 0 0 0]
[225   0   1   1   0   0   0   0   0   0]
[49  0  0  0  0  0  0  0  0  0]
[6 0 0 0 0 0 0 0 0 0]
[0 0 0 0 0 0 0 0 0 0]
[1 0 0 0 0 0 0 0 0 0]
[0 0 0 0 0 0 0 0 0 0]
[0 0 0 0 0 0 0 0 0 0]
[0 0 0 0 0 0 0 0 0 0]
[0 0 0 0 0 0 0 0 0 1]

step 500000
[6 0 0 0 0 0 0 0 0 0]
[135   3   0   0   0   0   0   0   0   0]
[94  3  0  0  0  0  0  0  0  1]
[27  0  1  0  0  0  0  0  0  0]
[12  0  0  0  0  0  0  0  0  0]
[6 0 0 0 0 0 0 0 0 0]
[1 0 0 0 0 0 0 0 0 0]
[1 0 0 0 0 0 0 0 0 0]
[1 0 0 0 0 0 0 0 0 0]
[0 0 1 0 0 0 0 0 0 0]

step 600000
[1 0 0 0 0 0 0 0 0 0]
[176   0   1   1   0   0   0   0   0   0]
[68  0  0  1  0  0  0  0  0  1]
[21  3  0  0  0  0  0  0  0  0]
[13  0  0  0  0  0  0  0  0  0]
[8 0 0 0 0 0 0 0 0 0]
[1 0 0 0 0 0 0 0 0 0]
[0 0 0 0 0 0 0 0 0 0]
[0 0 0 0 0 0 0 0 0 0]
[0 0 0 1 0 0 0 0 0 0]

step 700000
[2 0 0 0 0 0 0 0 0 0]
[182   0   0   2   1   1   0   0   0   1]
[68  0  1  0  0  1  0  0  0  0]
[24  0  0  0  0  0  0  0  0  0]
[8 0 0 0 0 0 0 0 0 0]
[8 0 0 0 0 0 0 0 0 0]
[1 0 0 0 0 0 0 0 0 0]
[0 0 0 0 0 0 0 0 0 0]
[0 0 0 0 0 0 0 0 0 0]
[1 0 1 0 0 0 0 0 0 0]

step 800000
[2 0 0 0 0 0 0 0 0 0]
[220   4   0   0   0   0   0   0   0   1]
[51  5  0  0  0  0  0  0  0  0]
[16  0  0  0  0  0  0  0  0  0]
[6 0 0 0 0 0 0 0 0 0]
[3 0 0 0 0 0 0 0 0 0]
[0 0 0 0 0 0 0 0 0 0]
[0 0 0 0 0 0 0 0 0 0]
[0 0 0 0 0 0 0 0 0 0]
[1 0 0 0 0 0 0 0 0 0]

step 900000
[4 0 0 0 0 0 0 0 0 0]
[222   0   2   0   1   0   0   0   0   0]
[62  0  1  0  1  0  0  0  0  0]
[15  0  2  0  0  0  0  0  0  0]
[10  0  0  0  0  0  0  0  0  0]
[2 0 0 0 0 0 0 0 0 0]
[0 0 0 0 0 0 0 0 0 0]
[0 0 0 0 0 0 0 0 0 0]
[0 0 0 0 0 0 0 0 0 0]
[0 0 0 0 0 0 0 0 0 1]

step 1000000
[7 0 0 0 0 0 0 0 0 0]
[238   7   0   0   0   0   0   0   0   1]
[45  2  0  0  0  0  0  0  0  0]
[15  0  0  0  0  0  0  0  0  0]
[4 0 0 0 0 0 0 0 0 0]
[2 0 0 0 0 0 0 0 0 0]
[0 0 0 0 0 0 0 0 0 0]
[0 1 0 0 0 0 0 0 0 0]
[1 0 0 0 0 0 0 0 0 0]
[0 1 0 0 0 0 0 0 0 0]

step 1100000
[2 0 0 0 0 0 0 0 0 0]
[228   0   0   0   1   0   1   0   0   1]
[53  0  0  0  0  0  0  0  0  0]
[15  0  0  0  1  0  0  0  0  0]
[5 0 0 0 0 0 0 0 0 0]
[2 0 0 0 0 0 0 0 0 0]
[0 0 0 0 0 0 0 0 0 0]
[0 0 0 0 0 0 0 0 0 0]
[1 0 0 0 0 0 0 0 0 0]
[1 0 0 0 0 0 0 0 0 0]

step 1200000
[1 0 0 0 0 0 0 0 0 0]
[234   0   0   0   2   0   3   0   0   2]
[61  0  0  0  0  0  0  0  0  1]
[8 0 0 0 0 0 0 0 0 0]
[3 0 0 0 0 0 0 0 0 0]
[1 0 0 0 0 0 0 0 0 0]
[0 0 0 0 0 0 0 0 0 0]
[0 0 0 0 0 0 0 0 0 0]
[0 0 0 0 0 0 0 0 0 0]
[1 0 0 0 0 0 0 0 0 0]

step 1300000
[1 0 0 0 0 0 0 0 0 0]
[267   0   0   0   0   0   2   0   0   3]
[31  0  0  0  0  0  0  0  0  0]
[10  0  0  0  0  0  0  0  0  0]
[1 0 0 0 0 0 1 0 0 0]
[0 0 0 0 0 0 0 0 0 0]
[0 0 0 0 0 0 0 0 0 0]
[0 0 0 0 0 0 0 0 0 0]
[0 0 0 0 0 0 0 0 0 0]
[1 0 0 0 0 0 0 0 0 0]

step 1400000
[2 0 0 0 0 0 0 0 0 0]
[226   1   3   0   0   0   0   0   0   1]
[60  0  2  0  0  0  0  0  0  0]
[15  0  0  0  0  0  0  0  0  0]
[9 0 0 0 0 0 0 0 0 0]
[7 0 0 0 0 0 0 0 0 0]
[0 0 0 0 0 0 0 0 0 0]
[1 0 0 0 0 0 0 0 0 0]
[0 0 0 0 0 0 0 0 0 0]
[1 0 0 0 0 0 0 0 0 0]

step 1500000
[5 0 0 0 0 0 0 0 0 0]
[243   4   0   0   0   0   0   0   0   0]
[48  0  0  0  1  0  0  0  0  1]
[14  1  0  0  0  0  0  0  0  0]
[5 0 0 0 0 0 0 0 0 0]
[3 0 0 0 0 0 0 0 0 0]
[1 0 0 0 0 0 0 0 0 0]
[0 0 0 0 0 0 0 0 0 0]
[0 0 0 0 0 0 0 0 0 0]
[0 1 0 0 0 0 0 0 0 0]

step 1600000
[4 0 0 0 0 0 0 0 0 0]
[229   7   0   0   0   0   0   0   0   0]
[62  1  0  0  0  0  0  0  0  1]
[15  0  0  0  0  0  0  0  0  0]
[6 0 0 0 0 0 0 0 0 0]
[2 0 0 0 0 0 0 0 0 0]
[3 0 0 0 0 0 0 0 0 0]
[1 0 0 0 0 0 0 0 0 0]
[0 0 0 0 0 0 0 0 0 0]
[1 1 0 0 0 0 0 0 0 0]

step 1700000
[3 0 0 0 0 0 0 0 0 0]
[220   0   0   0   2   0   0   0   3   2]
[60  0  0  0  0  0  1  0  1  1]
[7 0 0 0 0 0 0 0 0 0]
[5 0 0 0 0 0 0 0 0 0]
[6 0 0 0 0 0 0 0 0 0]
[1 0 0 0 0 0 0 0 0 0]
[1 0 0 0 0 0 0 0 0 0]
[0 0 0 0 0 0 0 0 0 0]
[1 0 0 0 0 0 0 0 0 0]

step 1800000
[4 0 0 0 0 0 0 0 0 0]
[253   4   0   0   0   0   0   0   0   1]
[40  2  0  0  0  0  0  0  0  0]
[11  0  0  0  0  0  0  0  0  0]
[1 0 0 0 0 0 0 0 0 0]
[2 0 0 0 0 0 0 0 0 0]
[1 0 0 0 0 0 0 0 0 0]
[0 0 0 0 0 0 0 0 0 0]
[0 0 0 0 0 0 0 0 0 0]
[1 0 0 0 0 0 0 0 0 0]

step 1900000
[3 0 0 0 0 0 0 0 0 0]
[265   5   0   0   0   0   0   0   0   1]
[37  2  0  0  0  0  0  0  0  0]
[8 0 0 0 0 0 0 0 0 0]
[2 0 0 0 0 0 0 0 0 0]
[1 0 0 0 0 0 0 0 0 0]
[0 0 0 0 0 0 0 0 0 0]
[0 0 0 0 0 0 0 0 0 0]
[0 0 0 0 0 0 0 0 0 0]
[1 0 0 0 0 0 0 0 0 0]

step 2000000
[2 0 0 0 0 0 0 0 0 0]
[277  18   0   0   0   0   0   0   0   1]
[21  0  0  0  0  0  0  0  0  0]
[4 0 0 0 0 0 0 0 0 0]
[1 1 0 0 0 0 0 0 0 0]
[0 0 0 0 0 0 0 0 0 0]
[0 0 0 0 0 0 0 0 0 0]
[0 0 0 0 0 0 0 0 0 0]
[0 0 0 0 0 0 0 0 0 0]
[1 0 0 0 0 0 0 0 0 0]

step 2100000
[3 0 0 0 0 0 0 0 0 0]
[265   0   0   0   2   0   1   0   0   3]
[27  0  0  0  1  0  2  0  0  0]
[5 0 0 0 1 0 0 0 0 0]
[1 0 0 0 0 0 0 0 0 0]
[1 0 0 0 0 0 0 0 0 0]
[1 0 0 0 0 0 0 0 0 0]
[0 0 0 0 0 0 0 0 0 0]
[0 0 0 0 0 0 0 0 0 0]
[1 0 0 0 0 0 0 0 0 0]

step 2200000
[3 0 0 0 0 0 0 0 0 0]
[256  10   0   0   0   0   0   0   0   1]
[37  1  0  0  0  0  0  0  0  0]
[4 0 0 0 0 0 0 0 0 0]
[2 0 0 0 0 0 0 0 0 0]
[2 0 0 0 0 0 0 0 0 0]
[0 0 0 0 0 0 0 0 0 0]
[0 0 0 0 0 0 0 0 0 0]
[0 0 0 0 0 0 0 0 0 0]
[1 0 0 0 0 0 0 0 0 0]

step 2300000
[1 0 0 0 0 0 0 0 0 0]
[275   0   0   0   4   0   0   1   1   0]
[17  0  0  0  0  0  0  0  0  1]
[6 0 0 0 0 0 0 0 0 0]
[0 0 0 0 0 0 0 0 0 0]
[1 0 0 0 0 0 0 0 0 0]
[1 0 0 0 0 0 0 0 0 0]
[0 0 0 0 0 0 0 0 0 0]
[0 0 0 0 0 0 0 0 0 0]
[1 0 0 0 0 0 0 0 0 0]

step 2400000
[5 0 0 0 0 0 0 0 0 0]
[263   2   9   0   0   0   0   0   0   1]
[22  1  1  0  0  0  0  0  0  0]
[6 0 0 0 0 0 0 0 0 0]
[0 0 0 0 0 0 0 0 0 0]
[0 0 0 0 0 0 0 0 0 0]
[0 0 0 0 0 0 0 0 0 0]
[0 0 0 0 0 0 0 0 0 0]
[0 0 0 0 0 0 0 0 0 0]
[1 0 0 0 0 0 0 0 0 0]

step 2500000
[2 0 0 0 0 0 0 0 0 0]
[291  11   1   0   0   1   0   0   0   0]
[8 0 0 0 0 0 0 0 0 1]
[1 0 0 0 0 0 0 0 0 0]
[0 0 0 0 0 0 0 0 0 0]
[0 0 0 0 0 0 0 0 0 0]
[0 0 0 0 0 0 0 0 0 0]
[0 0 0 0 0 0 0 0 0 0]
[0 0 0 0 0 0 0 0 0 0]
[1 0 0 0 0 0 0 0 0 0]

step 2600000
[4 0 0 0 0 0 0 0 0 0]
[284   0   2   0   0   0   3   0   0   0]
[20  0  2  0  0  0  0  0  0  1]
[3 0 0 0 0 0 0 0 0 0]
[1 0 0 0 0 0 0 0 0 0]
[0 0 0 0 0 0 0 0 0 0]
[0 0 0 0 0 0 0 0 0 0]
[0 0 0 0 0 0 0 0 0 0]
[0 0 0 0 0 0 0 0 0 0]
[1 0 0 0 0 0 0 0 0 0]

step 2700000
[1 0 0 0 0 0 0 0 0 0]
[290   0   0   0   3   0   1   0   0   1]
[19  0  0  0  1  0  1  0  1  0]
[1 0 0 0 0 0 0 0 0 0]
[1 0 0 0 0 0 0 0 0 0]
[0 0 0 0 0 0 0 0 0 0]
[0 0 0 0 0 0 0 0 0 0]
[0 0 0 0 0 0 0 0 0 0]
[0 0 0 0 0 0 0 0 0 0]
[1 0 0 0 0 0 0 0 0 0]

step 2800000
[3 0 0 0 0 0 0 0 0 0]
[278   0   0   0   3   0   0   0   4   1]
[19  0  0  0  0  0  0  0  0  0]
[0 0 0 0 0 0 0 0 0 0]
[0 0 0 0 0 0 0 0 0 0]
[0 0 0 0 0 0 0 0 0 0]
[0 0 0 0 0 0 0 0 0 0]
[0 0 0 0 0 0 0 0 0 0]
[0 0 0 0 0 0 0 0 0 0]
[1 0 0 0 0 0 0 0 0 0]

step 2900000
[3 0 0 0 0 0 0 0 0 0]
[294   3   0   0   0   0   0   0   0   1]
[14  1  0  0  0  0  0  0  0  0]
[1 0 0 0 0 0 0 0 0 0]
[0 0 0 0 0 0 0 0 0 0]
[0 0 0 0 0 0 0 0 0 0]
[0 0 0 0 0 0 0 0 0 0]
[0 0 0 0 0 0 0 0 0 0]
[0 0 0 0 0 0 0 0 0 0]
[1 0 0 0 0 0 0 0 0 0]

step 3000000
[3 0 0 0 0 0 0 0 0 0]
[290   6   0   0   0   0   0   0   0   0]
[13  1  0  0  0  0  0  0  0  0]
[0 0 0 0 0 0 0 0 0 1]
[0 0 0 0 0 0 0 0 0 0]
[0 0 0 0 0 0 0 0 0 0]
[0 0 0 0 0 0 0 0 0 0]
[0 0 0 0 0 0 0 0 0 0]
[0 0 0 0 0 0 0 0 0 0]
[1 0 0 0 0 0 0 0 0 0]

step 3100000
[2 0 0 0 0 0 0 0 0 0]
[289   0   0   0   1   0   1   0   1   2]
[17  0  0  0  0  0  0  0  0  0]
[3 0 0 0 0 0 0 0 0 0]
[1 0 0 0 0 0 0 0 0 0]
[0 0 0 0 0 0 0 0 0 0]
[0 0 0 0 0 0 0 0 0 0]
[0 0 0 0 0 0 0 0 0 0]
[0 0 0 0 0 0 0 0 0 0]
[1 0 0 0 0 0 0 0 0 0]

step 3200000
[1 0 0 0 0 0 0 0 0 0]
[303   0   0   0   0   2   1   1   0   1]
[8 0 0 0 0 0 0 0 0 0]
[1 0 0 0 0 0 0 0 0 0]
[0 0 0 0 0 0 0 0 0 0]
[0 0 0 0 0 0 0 0 0 0]
[0 0 0 0 0 0 0 0 0 0]
[0 0 0 0 0 0 0 0 0 0]
[0 0 0 0 0 0 0 0 0 0]
[1 0 0 0 0 0 0 0 0 0]

step 3300000
[3 0 0 0 0 0 0 0 0 0]
[278   6   1   0   0   0   0   0   0   1]
[14  0  1  0  0  0  0  0  0  0]
[3 1 0 0 0 0 0 0 0 0]
[0 0 0 0 0 0 0 0 0 0]
[0 0 0 0 0 0 0 0 0 0]
[0 0 0 0 0 0 0 0 0 0]
[0 0 0 0 0 0 0 0 0 0]
[0 0 0 0 0 0 0 0 0 0]
[1 0 0 0 0 0 0 0 0 0]

step 3400000
[3 0 0 0 0 0 0 0 0 0]
[276   0   0   0   3   0   1   0   2   3]
[15  0  0  0  0  0  0  0  0  0]
[2 0 0 0 0 0 0 0 0 0]
[1 0 0 0 0 0 0 0 1 0]
[0 0 0 0 0 0 0 0 0 0]
[0 0 0 0 0 0 0 0 0 0]
[0 0 0 0 0 0 0 0 0 0]
[0 0 0 0 0 0 0 0 0 0]
[1 0 0 0 0 0 0 0 0 0]

step 3500000
[2 0 0 0 0 0 0 0 0 0]
[288   0   2   0   3   0   1   0   0   1]
[8 0 0 0 0 0 0 0 0 0]
[1 0 0 0 0 0 0 0 0 0]
[0 0 0 0 0 0 0 0 0 0]
[0 0 0 0 0 0 0 0 0 0]
[0 0 0 0 0 0 0 0 0 0]
[0 0 0 0 0 0 0 0 0 0]
[0 0 0 0 0 0 0 0 0 0]
[1 0 0 0 0 0 0 0 0 0]

step 3600000
[0 0 0 0 0 0 0 0 0 0]
[292   0   0   0   2   0   1   0   0   1]
[13  0  0  0  1  0  0  0  0  0]
[1 0 0 0 0 0 0 0 0 1]
[0 0 0 0 0 0 0 0 0 0]
[0 0 0 0 0 0 0 0 0 0]
[0 0 0 0 0 0 0 0 0 0]
[0 0 0 0 0 0 0 0 0 0]
[0 0 0 0 0 0 0 0 0 0]
[1 0 0 0 0 0 0 0 0 0]

step 3700000
[4 0 0 0 0 0 0 0 0 0]
[282   7   0   0   0   0   0   0   0   1]
[15  1  0  0  0  0  0  0  0  0]
[3 0 0 0 0 0 0 0 0 0]
[0 0 0 0 0 0 0 0 0 0]
[0 0 0 0 0 0 0 0 0 0]
[0 0 0 0 0 0 0 0 0 0]
[0 0 0 0 0 0 0 0 0 0]
[0 0 0 0 0 0 0 0 0 0]
[1 0 0 0 0 0 0 0 0 0]

step 3800000
[2 0 0 0 0 0 0 0 0 0]
[274  12   0   0   0   0   0   0   0   1]
[12  1  0  0  0  0  0  0  0  0]
[1 0 0 0 0 0 0 0 0 0]
[0 0 0 0 0 0 0 0 0 0]
[0 0 0 0 0 0 0 0 0 0]
[0 0 0 0 0 0 0 0 0 0]
[0 0 0 0 0 0 0 0 0 0]
[0 0 0 0 0 0 0 0 0 0]
[1 0 0 0 0 0 0 0 0 0]

step 3900000
[3 0 0 0 0 0 0 0 0 0]
[296   9   0   0   0   0   1   0   0   1]
[4 0 0 0 0 0 0 0 0 0]
[0 0 0 0 0 0 0 0 0 0]
[0 0 0 0 0 0 0 0 0 0]
[0 0 0 0 0 0 0 0 0 0]
[0 0 0 0 0 0 0 0 0 0]
[0 0 0 0 0 0 0 0 0 0]
[0 0 0 0 0 0 0 0 0 0]
[1 0 0 0 0 0 0 0 0 0]

step 4000000
[3 0 0 0 0 0 0 0 0 0]
[295   6   0   0   0   0   0   0   0   1]
[5 2 0 0 0 0 0 0 0 0]
[0 0 0 0 0 0 0 0 0 0]
[0 0 0 0 0 0 0 0 0 0]
[0 0 0 0 0 0 0 0 0 0]
[0 0 0 0 0 0 0 0 0 0]
[0 0 0 0 0 0 0 0 0 0]
[0 0 0 0 0 0 0 0 0 0]
[1 0 0 0 0 0 0 0 0 0]

step 4100000
[1 0 0 0 0 0 0 0 0 0]
[179   0   0   0   0   0   0   0   0   1]
[3 0 0 0 0 0 0 0 0 0]
[0 0 0 0 0 0 0 0 0 0]
[0 0 0 0 0 0 0 0 0 0]
[0 0 0 0 0 0 0 0 0 0]
[0 0 0 0 0 0 0 0 0 0]
[0 0 0 0 0 0 0 0 0 0]
[0 0 0 0 0 0 0 0 0 0]
[1 0 0 0 0 0 0 0 0 0]

step 4200000
[3 0 0 0 0 0 0 0 0 0]
[232   2   0   0   0   0   0   0   0   0]
[1 1 0 0 0 0 0 0 0 1]
[0 0 0 0 0 0 0 0 0 0]
[0 0 0 0 0 0 0 0 0 0]
[0 0 0 0 0 0 0 0 0 0]
[0 0 0 0 0 0 0 0 0 0]
[0 0 0 0 0 0 0 0 0 0]
[0 0 0 0 0 0 0 0 0 0]
[1 0 0 0 0 0 0 0 0 0]

step 4300000
[2 0 0 0 0 0 0 0 0 0]
[269   0   0   0   0   0   0   0   0   1]
[1 0 0 0 0 0 0 0 0 0]
[0 0 0 0 0 0 0 0 0 0]
[0 0 0 0 0 0 0 0 0 0]
[0 0 0 0 0 0 0 0 0 0]
[0 0 0 0 0 0 0 0 0 0]
[0 0 0 0 0 0 0 0 0 0]
[0 0 0 0 0 0 0 0 0 0]
[1 0 0 0 0 0 0 0 0 0]

step 4400000
[1 0 0 0 0 0 0 0 0 0]
[275   0   0   0   1   0   0   0   0   1]
[2 0 0 0 0 0 0 0 0 0]
[0 0 0 0 0 0 0 0 0 0]
[0 0 0 0 0 0 0 0 0 0]
[0 0 0 0 0 0 0 0 0 0]
[0 0 0 0 0 0 0 0 0 0]
[0 0 0 0 0 0 0 0 0 0]
[0 0 0 0 0 0 0 0 0 0]
[0 0 0 0 0 0 0 0 1 0]

step 4500000
[0 0 0 0 0 0 0 0 0 0]
[295   3   0   3   0   0   0   0   0   1]
[1 0 0 0 0 0 0 0 0 0]
[1 0 0 0 0 0 0 0 0 0]
[0 0 0 0 0 0 0 0 0 0]
[0 0 0 0 0 0 0 0 0 0]
[0 0 0 0 0 0 0 0 0 0]
[0 0 0 0 0 0 0 0 0 0]
[0 0 0 0 0 0 0 0 0 0]
[1 0 0 0 0 0 0 0 0 0]

step 4600000
[2 0 0 0 0 0 0 0 0 0]
[284   0   0   0   4   0   1   0   1   1]
[2 0 0 0 1 0 0 0 0 0]
[0 0 0 0 0 0 0 0 0 0]
[0 0 0 0 0 0 0 0 0 0]
[0 0 0 0 0 0 0 0 0 0]
[0 0 0 0 0 0 0 0 0 0]
[0 0 0 0 0 0 0 0 0 0]
[0 0 0 0 0 0 0 0 0 0]
[1 0 0 0 0 0 0 0 0 0]

step 4700000
[2 0 0 0 0 0 0 0 0 0]
[288   0   0   0   3   0   1   0   0   3]
[0 0 0 0 0 0 0 0 0 0]
[1 0 0 0 0 0 0 0 0 0]
[0 0 0 0 0 0 0 0 0 0]
[0 0 0 0 0 0 0 0 0 0]
[0 0 0 0 0 0 0 0 0 0]
[0 0 0 0 0 0 0 0 0 0]
[0 0 0 0 0 0 0 0 0 0]
[0 0 0 0 0 0 1 0 0 0]

step 4800000
[0 0 0 0 0 0 0 0 0 0]
[291   0   0   0   1   0   2   0   1   1]
[1 0 0 0 0 0 0 0 0 0]
[0 0 0 0 0 0 0 0 0 0]
[0 0 0 0 0 0 0 0 0 0]
[1 0 0 0 0 0 0 0 0 0]
[0 0 0 0 0 0 0 0 0 0]
[0 0 0 0 0 0 0 0 0 0]
[0 0 0 0 0 0 0 0 0 0]
[1 0 0 0 0 0 0 0 0 0]

step 4900000
[3 0 0 0 0 0 0 0 0 0]
[294   0   0   2   0   0   0   0   0   1]
[4 0 0 0 0 0 0 0 0 0]
[0 0 0 0 0 0 0 0 0 0]
[0 0 0 0 0 0 0 0 0 0]
[0 0 0 0 0 0 0 0 0 0]
[0 0 0 0 0 0 0 0 0 0]
[0 0 0 0 0 0 0 0 0 0]
[0 0 0 0 0 0 0 0 0 0]
[1 0 0 0 0 0 0 0 0 0]

step 5000000
[3 0 0 0 0 0 0 0 0 0]
[301   6   0   0   0   0   0   0   0   1]
[3 0 0 0 0 0 0 0 0 0]
[0 0 0 0 0 0 0 0 0 0]
[0 0 0 0 0 0 0 0 0 0]
[0 0 0 0 0 0 0 0 0 0]
[0 0 0 0 0 0 0 0 0 0]
[0 0 0 0 0 0 0 0 0 0]
[0 0 0 0 0 0 0 0 0 0]
[1 0 0 0 0 0 0 0 0 0]

step 5100000
[1 0 0 0 0 0 0 0 0 0]
[299   0   0   0   2   0   1   0   2   1]
[3 0 0 0 0 0 0 0 0 0]
[1 0 0 0 0 0 0 0 0 0]
[0 0 0 0 0 0 0 0 0 0]
[0 0 0 0 0 0 0 0 0 0]
[0 0 0 0 0 0 0 0 0 0]
[0 0 0 0 0 0 0 0 0 0]
[0 0 0 0 0 0 0 0 0 0]
[1 0 0 0 0 0 0 0 0 0]

step 5200000
[3 0 0 0 0 0 0 0 0 0]
[134   2   0   0   0   0   0   0   0   0]
[94  1  0  0  0  0  0  0  0  0]
[36  5  0  0  0  0  0  0  0  0]
[16  2  0  0  0  0  0  0  0  0]
[6 0 0 0 0 0 0 0 0 1]
[4 1 0 0 0 0 0 0 0 0]
[4 0 0 0 0 0 0 0 0 0]
[6 0 0 0 0 0 0 0 0 0]
[4 0 0 0 0 0 0 0 0 0]

step 5300000
[2 0 0 0 0 0 0 0 0 0]
[135   1   2   0   0   0   0   0   0   1]
[96  2  2  0  0  0  0  0  0  0]
[32  2  0  0  0  0  0  0  0  0]
[14  0  0  0  0  0  0  0  0  0]
[7 0 0 0 0 0 0 0 0 0]
[3 0 0 0 0 0 0 0 0 0]
[2 0 0 0 0 0 0 0 0 0]
[4 0 0 0 0 0 0 0 0 0]
[2 0 0 0 0 0 0 0 0 0]

step 5400000
[2 0 0 0 0 0 0 0 0 0]
[152   2   0   0   0   0   0   0   0   0]
[83  2  0  0  0  0  0  0  0  1]
[32  2  0  0  0  0  0  0  0  0]
[15  0  0  0  0  0  0  0  0  0]
[7 0 0 0 0 0 0 0 0 0]
[5 0 0 0 0 0 0 0 0 0]
[2 0 0 0 0 0 0 0 0 0]
[4 0 0 0 0 0 0 0 0 0]
[1 0 0 0 0 0 0 0 0 0]

step 5500000
[4 0 0 0 0 0 0 0 0 0]
[170   6   0   0   0   0   0   0   0   1]
[76  3  0  0  0  0  0  0  0  0]
[22  0  0  0  0  0  0  0  0  0]
[17  0  0  0  0  0  0  0  0  0]
[1 0 0 0 0 0 0 0 0 0]
[5 0 0 0 0 0 0 0 0 0]
[3 0 0 0 0 0 0 0 0 0]
[1 0 0 0 0 0 0 0 0 0]
[2 0 0 0 0 0 0 0 0 0]

step 5600000
[6 0 0 0 0 0 0 0 0 0]
[150   0   0   0   1   0   0   0   0   1]
[93  0  0  0  1  0  1  0  0  0]
[33  0  0  0  0  0  1  0  0  0]
[15  0  0  0  0  0  0  0  0  0]
[13  0  0  0  0  0  0  0  0  0]
[3 0 0 0 0 0 0 0 0 0]
[3 0 0 0 0 0 0 0 0 0]
[2 0 0 0 0 0 0 0 0 0]
[2 0 0 0 0 0 0 0 0 0]

step 5700000
[2 0 0 0 0 0 0 0 0 0]
[163   0   2   0   1   0   0   0   0   1]
[85  0  4  0  0  0  0  0  0  0]
[27  0  1  0  1  0  0  0  0  0]
[11  0  0  0  0  0  0  0  0  0]
[7 0 0 0 0 0 0 0 0 0]
[8 0 0 0 0 0 0 0 0 0]
[4 0 0 0 0 0 0 0 0 0]
[1 0 0 0 0 0 0 0 0 0]
[4 0 0 0 0 0 0 0 0 0]

step 5800000
[3 0 0 0 0 0 0 0 0 0]
[184   5   2   0   0   0   0   0   0   1]
[64  3  0  0  0  0  0  0  0  0]
[23  2  0  0  0  0  0  0  0  0]
[7 1 0 0 0 0 0 0 0 0]
[6 0 0 0 0 0 0 0 0 0]
[1 0 1 0 0 0 0 0 0 0]
[0 0 0 0 0 0 0 0 0 0]
[0 0 0 0 0 0 0 0 0 0]
[1 0 0 0 0 0 0 0 0 0]

step 5900000
[1 0 0 0 0 0 0 0 0 0]
[186   2   1   0   0   0   0   0   0   0]
[82  2  2  1  0  0  0  0  0  1]
[24  0  0  0  0  0  0  0  0  0]
[8 0 0 0 0 0 0 0 0 0]
[3 0 0 0 0 0 0 0 0 0]
[2 0 0 0 0 0 0 0 0 0]
[4 0 0 0 0 0 0 0 0 0]
[0 0 0 0 0 0 0 0 0 0]
[2 0 0 0 0 0 0 0 0 0]

step 6000000
[1 0 0 0 0 0 0 0 0 0]
[160   3   0   0   0   0   0   0   0   0]
[92  1  1  0  0  0  0  0  0  1]
[29  1  0  0  0  0  0  0  0  0]
[12  0  0  0  0  0  0  0  0  0]
[14  0  0  0  0  0  0  0  0  0]
[5 0 0 0 0 0 0 0 0 0]
[2 0 0 0 0 0 0 0 0 0]
[2 0 0 0 0 0 0 0 0 0]
[2 0 0 0 0 0 0 0 0 0]

step 6100000
[2 0 0 0 0 0 0 0 0 0]
[191   0   0   0   0   0   2   0   0   0]
[76  0  0  2  0  0  1  0  0  1]
[18  0  0  0  0  0  0  1  0  0]
[14  0  0  0  0  0  1  0  0  0]
[9 0 0 0 0 0 0 0 0 0]
[1 0 0 0 0 0 0 0 0 0]
[2 0 0 0 0 0 0 0 0 0]
[1 0 0 0 0 0 0 0 0 0]
[1 0 0 0 0 0 0 0 0 0]

step 6200000
[3 0 0 0 0 0 0 0 0 0]
[200   0   0   0   0   0   0   0   0   1]
[67  0  0  0  0  0  0  0  0  1]
[20  0  0  0  0  0  0  0  0  0]
[9 0 0 0 0 0 0 0 0 0]
[6 0 0 0 0 0 0 0 0 0]
[2 0 0 0 0 0 0 0 0 0]
[1 0 0 0 0 0 0 0 0 0]
[1 0 0 0 0 0 0 0 0 0]
[1 0 0 0 0 0 0 0 0 0]

step 6300000
[3 0 0 0 0 0 0 0 0 0]
[226   0   0   0   1   0   1   0   2   1]
[50  0  0  0  0  0  0  0  1  1]
[17  0  0  0  0  0  0  0  0  0]
[8 0 0 0 0 0 0 0 0 0]
[4 0 0 0 0 0 0 0 0 0]
[3 0 0 0 0 0 0 0 0 0]
[0 0 0 0 0 0 0 0 0 0]
[0 0 0 0 1 0 0 0 0 0]
[1 0 0 0 0 0 0 0 0 0]

step 6400000
[1 0 0 0 0 0 0 0 0 0]
[150   4   0   0   1   0   0   0   0   0]
[82  5  0  0  0  0  0  0  0  0]
[28  1  0  0  0  0  0  0  0  0]
[15  0  0  0  0  0  0  0  0  1]
[8 1 0 0 0 0 0 0 0 0]
[5 1 0 0 0 0 0 0 0 0]
[4 0 0 0 0 0 0 0 0 0]
[2 0 0 0 0 0 0 0 0 0]
[3 0 0 0 0 0 0 0 0 0]

step 6500000
[3 0 0 0 0 0 0 0 0 0]
[176   3   0   0   0   0   0   0   0   0]
[71  3  0  0  0  0  0  0  0  0]
[23  2  0  0  0  0  0  1  0  0]
[14  0  0  0  0  0  0  0  0  1]
[2 0 0 0 0 0 0 0 0 0]
[1 0 0 0 0 0 0 0 0 0]
[4 0 0 0 0 0 0 0 0 0]
[2 0 0 0 0 0 0 0 0 0]
[2 0 0 0 0 0 0 0 0 0]

step 6600000
[4 0 0 0 0 0 0 0 0 0]
[154   0   0   0   1   0   0   0   2   0]
[77  0  0  0  0  0  0  0  0  1]
[36  0  0  0  2  0  1  0  0  0]
[11  0  0  0  1  0  0  0  0  0]
[10  0  0  0  0  0  0  0  0  0]
[2 0 0 0 0 0 0 0 0 0]
[3 0 0 0 0 0 0 0 0 0]
[1 0 0 0 0 0 0 0 0 0]
[2 0 0 0 0 0 0 0 0 0]

step 6700000
[2 0 0 0 0 0 0 0 0 0]
[165   0   0   0   1   0   0   0   0   1]
[81  0  0  0  1  0  0  0  0  2]
[23  0  0  0  0  0  0  0  0  0]
[5 0 0 0 0 0 0 1 0 0]
[9 0 0 0 0 0 0 0 0 0]
[4 0 0 0 0 0 0 0 0 0]
[2 0 0 0 0 0 0 0 0 0]
[1 0 0 0 0 0 0 0 0 0]
[2 0 0 0 0 0 0 0 0 0]

step 6800000
[0 0 0 0 0 0 0 0 0 0]
[204   0   0   0   2   0   3   0   0   0]
[61  0  0  0  1  0  0  0  0  0]
[12  0  0  0  1  0  0  0  0  1]
[10  0  0  0  0  0  0  0  0  0]
[4 0 0 0 0 0 0 0 0 0]
[2 0 0 0 0 0 0 0 0 0]
[1 0 0 0 0 0 0 0 0 0]
[3 0 0 0 0 0 0 0 0 0]
[1 0 0 0 0 0 0 0 0 0]

step 6900000
[2 0 0 0 0 0 0 0 0 0]
[206   0   0   0   1   0   2   0   0   0]
[69  0  0  0  1  0  0  0  0  0]
[14  0  0  0  0  0  0  0  0  1]
[4 0 0 0 0 0 0 0 0 0]
[3 0 0 0 0 0 0 0 1 0]
[3 0 0 0 0 0 0 0 0 0]
[2 0 0 0 0 0 0 0 0 0]
[1 0 0 0 0 0 0 0 0 0]
[1 0 0 0 0 0 0 0 0 0]

step 7000000
[2 0 0 0 0 0 0 0 0 0]
[199   0   0   0   4   0   0   0   2   1]
[74  0  0  0  0  0  0  0  0  0]
[12  0  0  0  0  0  0  0  0  0]
[5 0 0 0 0 0 0 0 0 0]
[3 0 0 0 0 0 0 0 0 0]
[3 0 0 0 0 0 0 0 0 0]
[2 0 0 0 0 0 0 0 0 0]
[1 0 0 0 0 0 0 0 0 0]
[1 0 0 0 0 0 0 0 0 0]

step 7100000
[4 0 0 0 0 0 0 0 0 0]
[225   0   0   0   2   0   0   0   0   1]
[52  0  0  0  1  0  1  0  0  0]
[14  0  0  0  0  0  0  0  0  0]
[3 0 0 0 0 0 0 0 0 0]
[3 0 0 0 0 0 0 0 0 0]
[3 0 0 0 0 0 0 0 0 0]
[1 0 0 0 0 0 0 0 0 0]
[0 0 0 0 0 0 0 0 0 0]
[1 0 0 0 0 0 0 0 0 0]

step 7200000
[1 0 0 0 0 0 0 0 0 0]
[241   0   0   0   2   0   2   0   0   5]
[49  0  0  0  3  0  0  0  0  0]
[10  0  0  0  0  0  0  0  0  0]
[2 0 0 0 0 0 0 0 0 0]
[1 0 0 0 0 0 0 0 0 0]
[2 0 0 0 0 0 0 0 0 0]
[0 0 0 0 0 0 0 0 0 0]
[1 0 0 0 0 0 0 0 0 0]
[1 0 0 0 0 0 0 0 0 0]

