step 100000
[2 0 0 0 0 0 0 0 0 0]
[64  0  0  0  1  0  0  0  0  0]
[25  0  0  0  0  0  0  0  0  1]
[6 0 0 0 0 0 0 0 0 0]
[3 0 0 0 0 0 0 0 0 0]
[1 0 0 0 0 0 0 0 0 0]
[0 0 0 0 0 0 0 0 0 0]
[0 0 0 0 0 0 0 0 0 0]
[0 0 0 0 0 0 0 0 0 0]
[1 0 0 0 0 0 0 0 0 0]

step 200000
[2 0 0 0 0 0 0 0 0 0]
[42  0  1  0  0  0  0  0  0  0]
[31  0  1  0  0  0  0  0  0  0]
[15  0  0  0  0  0  0  0  0  0]
[4 0 0 0 0 0 0 0 0 0]
[3 0 0 0 0 0 0 0 0 1]
[0 0 0 0 1 0 0 0 0 0]
[0 0 0 0 0 0 0 0 0 0]
[0 0 0 0 0 0 0 0 0 0]
[3 0 0 0 0 0 0 0 0 0]

step 300000
[1 0 0 0 0 0 0 0 0 0]
[32  0  0  0  0  0  0  0  0  0]
[31  0  0  0  0  0  0  0  0  0]
[16  0  0  0  0  0  0  0  0  0]
[9 0 1 0 0 0 0 0 0 1]
[6 0 0 0 0 0 0 0 0 0]
[1 0 0 0 0 0 0 0 0 0]
[2 0 0 0 0 0 0 0 0 0]
[2 0 0 0 0 0 0 0 0 0]
[1 0 0 0 0 0 0 0 0 0]

step 400000
[0 0 0 0 0 0 0 0 0 0]
[65  0  0  0  0  0  0  1  0  0]
[39  0  0  0  0  0  0  0  0  1]
[14  0  0  0  0  0  0  0  0  1]
[7 0 0 0 0 0 0 0 0 0]
[2 0 0 0 0 0 0 0 0 0]
[4 0 0 0 1 0 0 0 0 0]
[0 0 0 0 0 0 0 0 0 0]
[2 0 0 0 0 0 0 0 0 0]
[1 0 0 0 0 0 0 0 0 0]

step 500000
[4 0 0 0 0 0 0 0 0 0]
[73  3  0  0  0  0  0  0  0  0]
[29  3  0  0  0  0  0  0  0  0]
[7 0 0 0 0 0 0 0 0 1]
[3 0 0 0 0 0 0 0 0 0]
[0 0 0 0 0 0 0 0 0 0]
[2 0 0 0 0 0 0 0 0 0]
[0 0 0 0 0 0 0 0 0 0]
[0 0 0 0 0 0 0 0 0 0]
[0 1 0 0 0 0 0 0 0 0]

step 600000
[0 0 0 0 0 0 0 0 0 0]
[60  2  0  0  0  0  0  0  0  0]
[37  2  0  0  0  0  0  0  0  0]
[12  1  0  0  0  0  0  0  0  0]
[2 0 0 0 0 0 0 0 0 0]
[2 1 0 0 0 0 0 0 0 0]
[1 0 0 0 0 0 0 0 0 0]
[1 0 0 0 0 0 0 0 0 1]
[0 1 0 0 0 0 0 0 0 0]
[2 0 0 0 0 0 0 0 0 0]

step 700000
[0 0 0 0 0 0 0 0 0 0]
[59  0  0  3  1  1  0  0  0  0]
[35  0  0  1  1  0  1  0  0  0]
[18  0  0  0  0  1  1  0  0  0]
[2 0 0 0 0 0 0 0 0 0]
[2 0 0 0 0 0 0 0 0 0]
[5 0 0 0 0 0 0 0 0 0]
[3 0 0 0 0 0 0 0 0 0]
[0 0 0 0 0 0 0 0 0 0]
[0 0 0 0 0 0 0 0 0 1]

step 800000
[2 0 0 0 0 0 0 0 0 0]
[89  4  0  0  0  0  0  0  0  0]
[14  2  0  0  0  0  0  0  0  0]
[7 0 0 0 0 0 0 0 0 0]
[2 0 0 0 0 0 0 0 0 1]
[1 0 0 0 0 0 0 0 0 0]
[0 0 0 0 0 0 0 0 0 0]
[0 0 0 0 0 0 0 0 0 0]
[0 0 0 0 0 0 0 0 0 0]
[0 1 0 0 0 0 0 0 0 0]

step 900000
[1 0 0 0 0 0 0 0 0 0]
[79  0  0  0  1  0  0  0  1  2]
[22  0  0  0  1  0  1  0  0  1]
[3 0 0 0 0 0 0 0 0 0]
[2 0 0 0 0 0 0 0 0 0]
[2 0 0 0 0 0 0 0 0 0]
[0 0 0 0 0 0 0 0 0 0]
[0 0 0 0 0 0 0 0 0 0]
[0 0 0 0 0 0 0 0 0 0]
[0 0 0 0 1 0 0 0 0 0]

step 1000000
[0 0 0 0 0 0 0 0 0 0]
[69  1  0  0  0  0  0  0  0  0]
[33  0  0  0  0  0  0  0  0  0]
[13  1  0  0  0  0  0  0  0  0]
[8 0 0 0 0 0 0 0 0 1]
[6 0 0 0 0 0 0 0 0 0]
[1 0 0 0 0 0 0 0 0 0]
[0 0 0 0 0 0 0 0 0 0]
[1 0 0 0 0 0 0 0 0 0]
[0 1 0 0 0 0 0 0 0 0]

step 1100000
[0 0 0 0 0 0 0 0 0 0]
[75  5  0  1  0  0  0  0  0  0]
[27  4  0  0  0  0  0  0  0  1]
[10  0  0  0  0  0  0  0  0  0]
[2 0 0 0 0 0 0 0 0 0]
[1 0 0 0 0 0 0 0 0 0]
[0 0 0 0 0 0 0 0 0 0]
[0 0 0 0 0 0 0 0 0 0]
[0 0 0 0 0 0 0 0 0 0]
[1 0 0 0 0 0 0 0 0 0]

step 1200000
[1 0 0 0 0 0 0 0 0 0]
[90  0  0  0  1  0  1  1  0  2]
[24  0  0  0  1  0  0  0  0  1]
[6 0 0 0 0 0 0 0 0 0]
[0 0 0 0 0 0 0 0 0 0]
[1 0 0 0 0 0 0 0 0 0]
[0 0 0 0 0 0 0 0 0 0]
[0 0 0 0 0 0 0 0 0 0]
[0 0 0 0 0 0 0 0 0 0]
[0 0 0 0 1 0 0 0 0 0]

step 1300000
[5 0 0 0 0 0 0 0 0 0]
[83  0  0  0  2  0  0  2  0  1]
[23  0  0  0  3  0  0  1  0  1]
[4 0 0 0 0 0 0 1 0 0]
[3 0 0 0 0 0 0 0 0 0]
[0 0 0 0 0 0 0 0 0 0]
[0 0 0 0 0 0 0 0 0 0]
[0 0 0 0 0 0 0 0 0 0]
[0 0 0 0 0 0 0 0 0 0]
[1 0 0 0 0 0 0 0 0 0]

step 1400000
[2 0 0 0 0 0 0 0 0 0]
[101   0   0   0   0   0   1   0   1   1]
[9 0 0 0 0 0 1 0 0 0]
[2 0 0 0 0 0 0 0 0 0]
[1 0 0 0 0 0 0 0 0 0]
[0 0 0 0 0 0 0 0 0 0]
[0 0 0 0 0 0 0 0 0 0]
[1 0 0 0 0 0 0 0 0 0]
[0 0 0 0 0 0 0 0 0 0]
[0 0 0 0 0 0 1 0 0 0]

step 1500000
[2 0 0 0 0 0 0 0 0 0]
[95  0  0  0  1  0  0  0  0  2]
[27  0  0  0  0  0  0  0  1  0]
[2 0 0 0 0 0 0 0 0 0]
[1 0 0 0 0 0 0 0 0 0]
[0 0 0 0 0 0 0 0 0 0]
[1 0 0 0 0 0 0 0 0 0]
[0 0 0 0 0 0 0 0 0 0]
[0 0 0 0 0 0 0 0 0 0]
[1 0 0 0 0 0 0 0 0 0]

step 1600000
[1 0 0 0 0 0 0 0 0 0]
[75  8  0  0  0  0  0  0  0  0]
[26  2  1  0  0  0  0  0  0  0]
[2 0 0 0 0 0 0 0 0 0]
[0 0 0 0 0 0 0 0 0 1]
[0 0 0 0 0 0 0 0 0 0]
[0 0 0 0 0 0 0 0 0 0]
[1 0 0 0 0 0 0 0 0 0]
[0 0 0 0 0 0 0 0 0 0]
[1 0 0 0 0 0 0 0 0 0]

step 1700000
[1 0 0 0 0 0 0 0 0 0]
[117   0   6   3   0   0   0   0   0   1]
[4 0 0 0 0 0 0 0 0 0]
[1 0 0 0 0 0 0 0 0 0]
[0 0 0 0 0 0 0 0 0 0]
[0 0 0 0 0 0 0 0 0 0]
[0 0 0 0 0 0 0 0 0 0]
[0 0 0 0 0 0 0 0 0 0]
[0 0 0 0 0 0 0 0 0 0]
[0 0 1 0 0 0 0 0 0 0]

step 1800000
[0 0 0 0 0 0 0 0 0 0]
[107   0   0   0   3   0   0   0   2   2]
[17  0  0  0  1  0  1  0  0  0]
[5 0 0 0 0 0 0 0 0 0]
[1 0 0 0 0 0 0 0 0 0]
[0 0 0 0 0 0 0 0 0 0]
[0 0 0 0 0 0 0 0 0 0]
[0 0 0 0 0 0 0 0 0 0]
[0 0 0 0 0 0 0 0 0 0]
[0 0 0 0 1 0 0 0 0 0]

step 1900000
[0 0 0 0 0 0 0 0 0 0]
[101   0   0   0   0   0   0   0   0   0]
[15  0  0  0  1  0  1  0  1  1]
[6 0 0 0 0 0 0 0 0 0]
[2 0 0 0 0 0 0 0 0 0]
[0 0 0 0 0 0 0 0 0 0]
[0 0 0 0 0 0 0 0 0 0]
[0 0 0 0 0 0 0 0 0 0]
[0 0 0 0 0 0 0 0 0 0]
[1 0 0 0 0 0 0 0 0 0]

step 2000000
[2 0 0 0 0 0 0 0 0 0]
[107   0   3   2   1   1   0   0   0   1]
[14  0  0  0  0  0  0  0  0  0]
[4 0 0 0 0 0 0 0 0 0]
[0 0 0 0 0 0 0 0 0 0]
[0 0 0 0 0 0 0 0 0 0]
[0 0 0 0 0 0 0 0 0 0]
[0 0 0 0 0 0 0 0 0 0]
[0 0 0 0 0 0 0 0 0 0]
[1 0 0 0 0 0 0 0 0 0]

step 2100000
[1 0 0 0 0 0 0 0 0 0]
[103  10   0   0   0   0   0   0   0   0]
[13  1  0  0  0  0  0  0  0  1]
[0 1 0 0 0 0 0 0 0 0]
[0 0 0 0 0 0 0 0 0 0]
[0 0 0 0 0 0 0 0 0 0]
[0 0 0 0 0 0 0 0 0 0]
[0 0 0 0 0 0 0 0 0 0]
[0 0 0 0 0 0 0 0 0 0]
[1 0 0 0 0 0 0 0 0 0]

step 2200000
[1 0 0 0 0 0 0 0 0 0]
[83  0  0  0  0  0  0  0  0  1]
[4 0 0 0 0 0 0 0 0 0]
[0 0 0 0 0 0 0 0 0 0]
[1 0 0 0 0 0 0 0 0 0]
[0 0 0 0 0 0 0 0 0 0]
[0 0 0 0 0 0 0 0 0 0]
[0 0 0 0 0 0 0 0 0 0]
[0 0 0 0 0 0 0 0 0 0]
[1 0 0 0 0 0 0 0 0 0]

step 2300000
[1 0 0 0 0 0 0 0 0 0]
[47  0  0  0  0  0  0  0  0  0]
[27  0  0  0  0  0  1  0  0  1]
[16  0  0  0  0  0  0  0  0  0]
[5 0 0 0 0 0 0 0 0 0]
[1 0 0 0 0 0 0 0 0 0]
[1 0 0 0 0 0 0 0 0 0]
[1 0 0 0 0 0 0 0 0 0]
[0 0 0 0 0 0 0 0 0 0]
[2 0 0 0 0 0 0 0 0 0]

step 2400000
[1 0 0 0 0 0 0 0 0 0]
[53  1  1  0  0  0  0  0  0  0]
[26  2  0  0  0  0  0  0  0  1]
[13  0  0  0  0  0  0  0  0  0]
[6 0 0 0 0 0 0 0 0 0]
[3 0 0 0 0 0 0 0 0 0]
[0 0 0 0 0 0 0 0 0 0]
[2 0 0 0 0 0 0 0 0 0]
[1 0 0 0 0 0 0 0 0 0]
[1 0 0 0 0 0 0 0 0 0]

step 2500000
[1 0 0 0 0 0 0 0 0 0]
[46  0  0  0  0  0  0  0  0  1]
[33  1  0  0  0  0  0  0  0  0]
[18  1  0  0  0  0  0  0  0  0]
[8 0 0 0 0 0 0 0 0 0]
[3 0 0 0 0 0 0 0 0 0]
[4 0 0 0 0 0 0 0 0 0]
[2 0 0 0 0 0 0 0 0 0]
[2 0 0 0 0 0 0 0 0 0]
[2 0 0 0 0 0 0 0 0 0]

step 2600000
[2 0 0 0 0 0 0 0 0 0]
[60  0  3  0  0  0  0  0  0  1]
[27  0  0  0  0  0  0  0  0  0]
[10  0  0  0  0  0  0  0  0  0]
[10  1  1  0  0  0  0  0  0  0]
[2 0 0 0 0 0 0 0 0 0]
[0 0 1 0 0 0 0 0 0 0]
[1 0 0 0 0 0 0 0 0 0]
[0 0 0 0 0 0 0 0 0 0]
[1 0 0 0 0 0 0 0 0 0]

step 2700000
[0 0 0 0 0 0 0 0 0 0]
[86  2  0  0  0  0  0  0  0  0]
[25  0  0  0  0  0  1  0  0  0]
[8 1 0 0 0 0 0 0 0 0]
[4 0 0 0 0 0 0 0 0 1]
[1 0 0 0 0 0 0 0 0 0]
[0 0 0 0 0 0 0 0 0 0]
[0 0 0 0 0 0 0 0 0 0]
[0 0 0 0 0 0 0 0 0 0]
[1 0 0 0 0 0 0 0 0 0]

step 2800000
[1 0 0 0 0 0 0 0 0 0]
[66  0  0  0  1  0  0  0  0  1]
[27  0  0  0  2  0  0  0  0  0]
[7 0 0 0 1 0 0 0 0 0]
[9 0 0 0 0 0 0 0 0 0]
[0 0 0 0 0 0 0 0 0 0]
[1 0 0 0 0 0 0 0 0 0]
[0 0 0 0 0 0 0 0 0 0]
[0 0 0 0 0 0 0 0 0 0]
[1 0 0 0 0 0 0 0 0 0]

step 2900000
[0 0 0 0 0 0 0 0 0 0]
[50  0  0  0  1  0  0  0  0  0]
[30  0  0  0  0  0  0  0  0  0]
[8 0 0 0 0 0 0 1 0 1]
[6 0 0 0 0 0 0 0 0 0]
[5 0 0 0 0 0 0 0 0 0]
[1 0 0 0 0 0 0 0 0 0]
[2 0 0 0 0 0 0 0 0 0]
[0 0 0 0 0 0 0 0 0 0]
[1 0 0 0 0 0 0 0 0 0]

step 3000000
[1 0 0 0 0 0 0 0 0 0]
[36  0  0  0  2  0  0  0  0  0]
[28  0  0  0  0  0  0  0  0  1]
[13  0  0  0  0  0  1  0  0  0]
[12  0  0  0  2  0  0  0  0  0]
[2 0 0 0 1 0 0 0 0 0]
[3 0 0 0 0 0 0 0 0 0]
[1 0 0 0 0 0 1 0 0 0]
[2 0 0 0 0 0 0 0 0 0]
[1 0 0 0 0 0 0 0 0 0]

step 3100000
[1 0 0 0 0 0 0 0 0 0]
[80  3  0  0  0  0  0  0  0  1]
[26  1  2  0  0  0  0  0  0  0]
[8 0 2 0 0 0 0 0 0 0]
[5 0 0 0 0 0 0 0 0 0]
[0 0 0 0 0 0 0 0 0 0]
[0 0 0 0 0 0 0 0 0 0]
[0 0 0 0 0 0 0 0 0 0]
[0 0 0 0 0 0 0 0 0 0]
[1 0 0 0 0 0 0 0 0 0]

step 3200000
[3 0 0 0 0 0 0 0 0 0]
[52  0  0  0  0  0  0  0  0  0]
[33  0  0  0  0  0  1  0  0  0]
[10  0  0  0  2  0  0  0  0  0]
[9 0 0 0 0 0 0 0 0 0]
[5 0 0 0 0 0 1 0 1 0]
[3 0 0 0 0 0 0 0 0 0]
[2 0 0 0 0 0 0 0 0 0]
[0 0 0 0 0 0 0 0 0 1]
[1 0 0 0 0 0 0 0 0 0]

step 3300000
[1 0 0 0 0 0 0 0 0 0]
[75  0  0  0  0  0  0  0  0  1]
[33  0  0  0  0  0  0  2  0  0]
[10  0  0  0  0  0  0  0  0  0]
[3 0 0 0 0 0 0 0 0 0]
[1 0 0 0 0 0 0 0 0 0]
[2 0 0 0 0 0 0 0 0 0]
[1 0 0 0 0 0 0 0 0 0]
[1 0 0 0 0 0 0 0 0 0]
[1 0 0 0 0 0 0 0 0 0]

step 3400000
[0 0 0 0 0 0 0 0 0 0]
[41  0  0  0  1  0  0  0  1  0]
[33  0  0  0  0  0  0  0  0  1]
[17  0  0  0  0  0  0  0  0  0]
[7 0 0 0 0 0 0 0 1 0]
[5 0 0 0 0 0 0 0 1 0]
[3 0 0 0 0 0 0 0 0 0]
[1 0 0 0 0 0 0 0 0 0]
[1 0 0 0 0 0 0 0 0 0]
[2 0 0 0 0 0 0 0 0 0]

step 3500000
[0 0 0 0 0 0 0 0 0 0]
[93  3  0  0  0  0  0  0  0  0]
[17  0  0  0  0  0  0  0  0  1]
[8 0 0 0 0 0 0 0 0 0]
[2 0 0 0 0 0 0 0 0 0]
[2 0 0 0 0 0 0 0 0 0]
[0 0 0 0 0 0 0 0 0 0]
[0 0 0 0 0 0 0 0 0 0]
[0 0 0 0 0 0 0 0 0 0]
[1 0 0 0 0 0 0 0 0 0]

step 3600000
[4 0 0 0 0 0 0 0 0 0]
[43  0  0  0  0  0  0  0  0  0]
[29  0  0  0  1  0  0  0  0  0]
[19  0  0  0  0  0  1  0  1  0]
[16  0  0  0  0  0  0  0  1  0]
[5 0 0 0 0 0 0 0 0 1]
[3 0 0 0 0 0 0 0 0 0]
[0 0 0 0 0 0 0 0 0 0]
[1 0 0 0 0 0 0 0 0 0]
[2 0 0 0 0 0 0 0 0 0]

step 3700000
[3 0 0 0 0 0 0 0 0 0]
[96 10  0  0  0  0  0  0  0  0]
[17  0  0  0  0  0  0  0  0  0]
[3 1 0 0 0 0 0 0 0 0]
[3 0 0 0 0 0 0 0 0 0]
[1 0 0 0 0 0 0 0 0 0]
[1 0 0 0 0 0 0 0 0 0]
[1 0 0 0 0 0 0 0 0 0]
[0 0 0 0 0 0 0 0 0 0]
[0 0 0 0 0 0 0 0 0 1]

step 3800000
[4 0 0 0 0 0 0 0 0 0]
[72  0  0  0  1  0  0  0  1  1]
[24  0  0  0  0  0  0  0  0  3]
[4 0 0 0 0 0 0 0 1 0]
[6 0 0 0 0 0 0 0 1 0]
[3 0 0 0 0 0 0 0 0 1]
[1 0 0 0 0 0 0 0 0 0]
[1 0 0 0 0 0 0 0 0 0]
[0 0 0 0 1 0 0 0 0 0]
[1 0 0 0 0 0 0 0 0 0]

step 3900000
[2 0 0 0 0 0 0 0 0 0]
[56  0  0  0  0  0  0  0  0  0]
[30  2  0  0  0  0  0  0  0  1]
[19  0  0  0  0  0  0  0  0  0]
[4 2 0 0 0 0 0 0 0 0]
[5 0 0 0 0 0 0 0 0 0]
[0 1 0 0 0 0 0 0 0 0]
[3 0 0 0 0 0 0 0 0 0]
[1 0 0 0 0 0 0 0 0 0]
[1 0 0 0 0 0 0 0 0 0]

step 4000000
[1 0 0 0 0 0 0 0 0 0]
[38  0  0  0  0  0  0  0  0  1]
[38  0  0  0  0  0  1  0  0  1]
[18  0  0  0  0  0  0  0  0  0]
[10  0  0  0  0  0  0  0  0  0]
[7 0 0 0 0 0 0 0 0 0]
[1 0 0 0 0 0 0 0 0 0]
[2 0 0 0 0 0 0 0 0 0]
[0 0 0 0 0 0 0 0 0 0]
[1 0 0 0 0 0 0 0 0 0]

step 4100000
[1 0 0 0 0 0 0 0 0 0]
[70  4  0  0  0  0  0  0  0  0]
[27  2  0  0  0  0  0  0  0  0]
[13  2  0  0  0  0  0  0  0  1]
[4 1 0 0 0 0 0 0 0 0]
[2 0 0 0 0 0 0 0 0 0]
[3 0 0 0 0 0 0 0 0 0]
[0 0 0 0 0 0 0 0 0 0]
[0 0 0 0 0 0 0 0 0 0]
[1 0 0 0 0 0 0 0 0 0]

step 4200000
[3 0 0 0 0 0 0 0 0 0]
[62  0  0  0  3  0  0  0  1  0]
[29  0  0  0  2  0  0  0  0  1]
[15  0  0  0  0  0  0  0  0  0]
[8 0 0 0 0 0 0 0 0 0]
[1 0 0 0 0 0 0 0 0 0]
[2 0 0 0 0 0 0 0 0 0]
[0 0 0 0 0 0 0 0 0 0]
[0 0 0 0 0 0 0 0 0 0]
[2 0 0 0 0 0 0 0 0 0]

step 4300000
[1 0 0 0 0 0 0 0 0 0]
[67  3  0  0  0  0  0  0  0  0]
[26  2  0  0  0  0  0  0  0  0]
[5 1 0 0 0 0 0 0 0 0]
[6 0 0 0 0 0 0 0 0 1]
[0 0 0 0 0 0 0 0 0 0]
[0 0 0 0 0 0 0 0 0 0]
[0 0 0 0 0 0 0 0 0 0]
[0 0 0 0 0 0 0 0 0 0]
[1 0 0 0 0 0 0 0 0 0]

step 4400000
[2 0 0 0 0 0 0 0 0 0]
[42  2  0  0  0  0  0  0  0  1]
[29  1  0  0  0  0  0  0  0  0]
[17  0  0  0  0  0  0  0  0  0]
[12  0  0  0  0  0  0  0  0  0]
[4 1 0 0 0 0 0 0 0 0]
[1 0 0 0 0 0 0 0 0 0]
[1 0 0 0 0 0 0 0 0 0]
[0 0 0 0 0 0 0 0 0 0]
[2 0 0 0 0 0 0 0 0 0]

